12:34:24 INFO  [io.qu.sc.ru.SimpleScheduler] (Quarkus Main Thread) No scheduled business methods found - Simple scheduler will not be started
12:34:24 INFO  [io.sm.re.me.kafka] (Quarkus Main Thread) SRMSG18229: Configured topics for channel 'client-done-tasks': [client-done-tasks]
12:34:24 INFO  [io.sm.re.me.kafka] (Quarkus Main Thread) SRMSG18214: Key deserializer omitted, using String as default
12:34:24 INFO  [or.ap.ka.co.se.au.AbstractLogin] (smallrye-kafka-consumer-thread-0) Successfully logged in.
12:34:25 INFO  [io.sm.re.me.kafka] (Quarkus Main Thread) SRMSG18229: Configured topics for channel 'incoming-server-todo-tasks': [server-todo-tasks]
12:34:25 INFO  [io.sm.re.me.kafka] (Quarkus Main Thread) SRMSG18214: Key deserializer omitted, using String as default
12:34:25 WARN  [or.ap.ka.cl.co.ConsumerConfig] (smallrye-kafka-consumer-thread-1) These configurations '[max.request.size]' were supplied but are not used yet.
12:34:25 INFO  [io.sm.re.me.kafka] (smallrye-kafka-producer-thread-0) SRMSG18258: Kafka producer kafka-producer-client-todo-tasks, connected to Kafka brokers 'pkc-41mxj.uksouth.azure.confluent.cloud:9092', is configured to write records to 'client-todo-tasks'
12:34:25 INFO  [io.sm.re.me.kafka] (smallrye-kafka-producer-thread-1) SRMSG18258: Kafka producer kafka-producer-outgoing-server-todo-tasks, connected to Kafka brokers 'pkc-41mxj.uksouth.azure.confluent.cloud:9092', is configured to write records to 'server-todo-tasks'
12:34:25 INFO  [io.sm.re.me.kafka] (smallrye-kafka-consumer-thread-1) SRMSG18257: Kafka consumer kafka-consumer-incoming-server-todo-tasks, connected to Kafka brokers 'pkc-41mxj.uksouth.azure.confluent.cloud:9092', belongs to the 'fleet-server' consumer group and is configured to poll records from [server-todo-tasks]
12:34:25 INFO  [io.sm.re.me.kafka] (smallrye-kafka-consumer-thread-0) SRMSG18257: Kafka consumer kafka-consumer-client-done-tasks, connected to Kafka brokers 'pkc-41mxj.uksouth.azure.confluent.cloud:9092', belongs to the 'fleet-server' consumer group and is configured to poll records from [client-done-tasks]
12:34:25 INFO  [io.quarkus] (Quarkus Main Thread) fleet-server 1.0.0-SNAPSHOT on JVM (powered by Quarkus 3.0.3.Final) started in 9.843s. Listening on: http://0.0.0.0:8080 and https://0.0.0.0:8443
12:34:25 INFO  [io.quarkus] (Quarkus Main Thread) Profile dev activated. Live Coding activated.
12:34:25 INFO  [io.quarkus] (Quarkus Main Thread) Installed features: [agroal, cdi, hibernate-orm, hibernate-orm-panache, jdbc-h2, jdbc-mysql, kafka-client, micrometer, narayana-jta, rest-client-reactive, resteasy-reactive, resteasy-reactive-jackson, scheduler, security, security-jpa, smallrye-context-propagation, smallrye-reactive-messaging, smallrye-reactive-messaging-kafka, spring-data-jpa, spring-di, vertx]
12:41:29 INFO  [io.sm.re.me.kafka] (vert.x-eventloop-thread-1) SRMSG18256: Initialize record store for topic-partition 'client-done-tasks-0' at position 1630.
12:43:11 INFO  [io.sm.re.me.kafka] (vert.x-eventloop-thread-0) SRMSG18256: Initialize record store for topic-partition 'server-todo-tasks-0' at position 339.
12:43:11 INFO  [uk.ac.ic.do.fl.se.im.TaskService] (vert.x-worker-thread-2) outlier_fractions=[0.0, 0.0]
12:43:11 INFO  [uk.ac.ic.do.fl.se.im.TaskService] (vert.x-worker-thread-2) Number of participants: 2
load weights of p-1: ./results/mnist//proj17/mnist_lenet_c1.weights

tee--- net 0: -0.094604, 0.271305, 0.026968, -0.000002, 0.049318, 
tee--- net 1: -0.014952, 0.004650, -0.015923, -0.007503, -0.012171, 
tee--- net a: -0.054778, 0.137978, 0.005523, -0.003753, 0.018573, 
tee--- net 0: -0.101950, -0.101713, 0.020627, 0.083306, -0.052575, 
tee--- net 1: -0.103280, -0.096711, 0.063375, 0.077924, -0.041706, 
tee--- net a: -0.102615, -0.099212, 0.042001, 0.080615, -0.047141, 
tee--- net 0: -0.746760, -0.129189, -0.166609, -0.327662, 0.279081, 
tee--- net 1: -0.028772, 0.078670, -0.008991, -0.031415, 0.007613, 
tee--- net a: -0.387766, -0.025259, -0.087800, -0.179538, 0.143347, 
tee--- net 0: 0.025250, -0.188607, 0.167860, 0.155997, 0.150524, 
tee--- net 1: -0.055274, -0.115623, 0.083060, 0.098864, 0.017264, 
load weights of p-2: ./results/mnist//proj17/mnist_lenet_c0.weights
Aggregating layer 0 ... in OS: biases finished...
net 0: -0.105340, 0.225168, -0.032592, 0.015142, -0.071877, 
net 0: -0.105340, 0.225168, -0.032592, 0.015142, -0.071877, 
net 1: -0.068054, 0.237894, -0.035675, -0.005608, -0.071269, 
net a: -0.086697, 0.231531, -0.034133, 0.004767, -0.071573,  weights finished
Aggregating layer 2 ... in OS: biases finished...
net 0: -0.084087, -0.154971, 0.001441, -0.048832, -0.015128, 
net 0: -0.084087, -0.154971, 0.001441, -0.048832, -0.015128, 
net 1: -0.081481, -0.150967, 0.009849, -0.044949, -0.019056, 
net a: -0.082784, -0.152969, 0.005645, -0.046891, -0.017092,  weights finished
Aggregating layer 4 ... in OS: biases finished...
net 0: -0.062669, 0.030504, 0.077622, -0.028904, -0.042979, 
net 0: -0.062669, 0.030504, 0.077622, -0.028904, -0.042979, 
net 1: -0.058088, 0.034380, 0.078666, -0.036307, -0.035033, 
net a: -0.060379, 0.032442, 0.078144, -0.032605, -0.039006,  weights finished
Aggregating layer 6 ... inside SGX: biases finished...
net 0: -6262742372564856666855494146588672.000000, -0.000000, 373053338449575574232891392.000000, -1250.692261, -0.000000, 
net 1: -0.000000, 0.000000, -13130623.000000, -0.000000, 0.000000, 
net a: -0.000000, -0.000000, 0.000000, -0.000119, -287084650675830784.000000,  weights finished
Aggregating layer 8 ... inside SGX: biases finished...
net 0: 48013.781250, -259176033659678820925440.000000, 0.000000, -2117348365247310725120.000000, -514169700446208228589568.000000, 
net 1: -4282873344.000000, -265346703379038977760151745478000640.000000, -0.000000, 1668053.750000, -1218494.375000, 
net a: 1159.370117, -328103648.000000, 14495884739405118701568.000000, 73913071791295835841781259304960.000000, -0.000000,  weights finished

12:50:06 INFO  [uk.ac.ic.do.fl.se.im.TaskService] (vert.x-worker-thread-2) outlier_fractions=[0.0, 0.0]
12:50:06 INFO  [uk.ac.ic.do.fl.se.im.TaskService] (vert.x-worker-thread-2) Number of participants: 2
load weights of p-1: ./results/mnist//proj17/mnist_lenet_c1.weights

tee--- net 0: -0.054825, 0.138123, 0.005677, -0.003435, 0.018827, 
tee--- net 1: -0.015562, 0.001044, -0.005473, -0.003598, -0.009668, 
tee--- net a: -0.035193, 0.069583, 0.000102, -0.003517, 0.004580, 
tee--- net 0: -0.102613, -0.099212, 0.041958, 0.080664, -0.047164, 
tee--- net 1: -0.098559, -0.098906, 0.074344, 0.076874, -0.040317, 
tee--- net a: -0.100586, -0.099059, 0.058151, 0.078769, -0.043740, 
tee--- net 0: -0.386847, -0.024326, -0.088166, -0.179481, 0.143232, 
tee--- net 1: -0.008751, 0.051139, 0.006612, -0.033543, 0.004338, 
tee--- net a: -0.197799, 0.013407, -0.040777, -0.106512, 0.073785, 
tee--- net 0: -0.014775, -0.152080, 0.126017, 0.128010, 0.084701, 
tee--- net 1: -0.062282, -0.118155, 0.084366, 0.106329, 0.035792, 
load weights of p-2: ./results/mnist//proj17/mnist_lenet_c0.weights
Aggregating layer 0 ... in OS: biases finished...
net 0: -0.086879, 0.231483, -0.034045, 0.004841, -0.071604, 
net 0: -0.086879, 0.231483, -0.034045, 0.004841, -0.071604, 
net 1: -0.073917, 0.235634, -0.034862, -0.003778, -0.076161, 
net a: -0.080398, 0.233559, -0.034453, 0.000531, -0.073882,  weights finished
Aggregating layer 2 ... in OS: biases finished...
net 0: -0.082788, -0.152975, 0.005648, -0.046870, -0.017084, 
net 0: -0.082788, -0.152975, 0.005648, -0.046870, -0.017084, 
net 1: -0.084701, -0.150538, 0.004614, -0.058739, -0.012646, 
net a: -0.083745, -0.151756, 0.005131, -0.052805, -0.014865,  weights finished
Aggregating layer 4 ... in OS: biases finished...
net 0: -0.060378, 0.032446, 0.078158, -0.032531, -0.038876, 
net 0: -0.060378, 0.032446, 0.078158, -0.032531, -0.038876, 
net 1: -0.058274, 0.034255, 0.079424, -0.034894, -0.032142, 
net a: -0.059326, 0.033351, 0.078791, -0.033713, -0.035509,  weights finished
Aggregating layer 6 ... inside SGX: biases finished...
net 0: 20052.972656, -0.000000, -0.000000, 2537.132324, -0.000000, 
net 1: 154330590034006880992951242063872.000000, -5046867227986894295730538924862341120.000000, 73955131524302174490890931973035917312.000000, 40961.187500, -0.000000, 
net a: -0.000009, -1057882325480522501961092694016.000000, 0.000000, -0.000000, 0.000499,  weights finished
Aggregating layer 8 ... inside SGX: biases finished...
net 0: -1075451279321384384139086788558848.000000, 0.000000, 0.000000, -103026707411890405925453824.000000, 256334769918712478482458583498752.000000, 
net 1: -0.214807, 0.000000, 4391922326113641318969337970688.000000, 0.000042, 3819143853039420700622848.000000, 
net a: 56544351107757115781824586405409456128.000000, 1674054739660896935671737876480.000000, -55.083290, -34569984686597841598021632.000000, -73930061396451867083678375657603072.000000,  weights finished

12:53:28 INFO  [uk.ac.ic.do.fl.se.im.TaskService] (vert.x-worker-thread-2) outlier_fractions=[0.0, 0.0]
12:53:28 INFO  [uk.ac.ic.do.fl.se.im.TaskService] (vert.x-worker-thread-2) Number of participants: 2
load weights of p-1: ./results/mnist//proj17/mnist_lenet_c1.weights

tee--- net 0: -0.054817, 0.138202, 0.005566, -0.003421, 0.018858, 
tee--- net 1: -0.061711, 0.239691, 0.009996, -0.000001, 0.060429, 
tee--- net a: -0.058264, 0.188946, 0.007781, -0.001711, 0.039644, 
tee--- net 0: -0.102610, -0.099212, 0.041912, 0.080655, -0.047129, 
tee--- net 1: -0.097134, -0.102499, 0.006157, 0.108626, -0.051377, 
tee--- net a: -0.099872, -0.100855, 0.024035, 0.094641, -0.049253, 
tee--- net 0: -0.387021, -0.024040, -0.088186, -0.179641, 0.142977, 
tee--- net 1: -0.519882, -0.165514, -0.223933, -0.277644, 0.121901, 
tee--- net a: -0.453452, -0.094777, -0.156059, -0.228642, 0.132439, 
tee--- net 0: -0.014873, -0.152145, 0.125968, 0.127738, 0.084633, 
tee--- net 1: 0.044207, -0.156589, 0.153256, 0.172349, 0.153730, 
load weights of p-2: ./results/mnist//proj17/mnist_lenet_c0.weights
Aggregating layer 0 ... in OS: biases finished...
net 0: -0.086845, 0.231502, -0.034069, 0.004824, -0.071639, 
net 0: -0.086845, 0.231502, -0.034069, 0.004824, -0.071639, 
net 1: -0.104979, 0.225092, -0.026669, 0.017451, -0.071301, 
net a: -0.095912, 0.228297, -0.030369, 0.011137, -0.071470,  weights finished
Aggregating layer 2 ... in OS: biases finished...
net 0: -0.082795, -0.152986, 0.005616, -0.046902, -0.017090, 
net 0: -0.082795, -0.152986, 0.005616, -0.046902, -0.017090, 
net 1: -0.081407, -0.152572, 0.005719, -0.042199, -0.015610, 
net a: -0.082101, -0.152779, 0.005668, -0.044551, -0.016350,  weights finished
Aggregating layer 4 ... in OS: biases finished...
net 0: -0.060376, 0.032452, 0.078185, -0.032495, -0.038921, 
net 0: -0.060376, 0.032452, 0.078185, -0.032495, -0.038921, 
net 1: -0.063380, 0.026862, 0.075879, -0.023913, -0.039405, 
net a: -0.061878, 0.029657, 0.077032, -0.028204, -0.039163,  weights finished
Aggregating layer 6 ... inside SGX: biases finished...
net 0: -0.000000, 0.000000, -3800777245366656390262106882048.000000, 12645566793935486976.000000, 6068353657521307648.000000, 
net 1: -0.023453, 0.000005, 0.000000, 2249084.750000, -0.000000, 
net a: -55462584320.000000, -7659087986688.000000, 0.000050, 5086736547840.000000, 157250822886835194642204492562432.000000,  weights finished
Aggregating layer 8 ... inside SGX: biases finished...
net 0: -326263577934980918169042944000.000000, -1204479361659330755559424.000000, 0.000000, -27068345614336.000000, -5394325541903925248.000000, 
net 1: 0.000002, -0.009970, -1492.100464, -231629007126563005995628808372224.000000, -24859665208666565255000774160645357568.000000, 
net a: 0.000000, -1114905124714681551526526508335104.000000, 0.000000, 0.926029, -0.000000,  weights finished

12:59:44 INFO  [uk.ac.ic.do.fl.se.im.TaskService] (vert.x-worker-thread-2) outlier_fractions=[0.0, 0.0]
12:59:44 INFO  [uk.ac.ic.do.fl.se.im.TaskService] (vert.x-worker-thread-2) Number of participants: 2
load weights of p-1: ./results/mnist//proj17/mnist_lenet_c1.weights

tee--- net 0: -0.052360, 0.148815, -0.010384, -0.000136, 0.031024, 
tee--- net 1: -0.035231, 0.069658, 0.000144, -0.003479, 0.004681, 
tee--- net a: -0.043796, 0.109237, -0.005120, -0.001808, 0.017853, 
tee--- net 0: -0.103578, -0.101313, 0.032352, 0.082559, -0.046046, 
tee--- net 1: -0.100581, -0.099060, 0.058146, 0.078785, -0.043746, 
tee--- net a: -0.102080, -0.100187, 0.045249, 0.080672, -0.044896, 
tee--- net 0: -0.365505, -0.061534, -0.167243, -0.205257, 0.085892, 
tee--- net 1: -0.197356, 0.013819, -0.040860, -0.106526, 0.073867, 
tee--- net a: -0.281430, -0.023858, -0.104052, -0.155891, 0.079880, 
tee--- net 0: 0.012389, -0.146938, 0.154845, 0.131850, 0.128942, 
tee--- net 1: -0.038481, -0.135077, 0.105295, 0.117197, 0.060466, 
load weights of p-2: ./results/mnist//proj17/mnist_lenet_c0.weights
Aggregating layer 0 ... in OS: biases finished...
net 0: -0.102283, 0.229633, -0.014848, 0.026463, -0.069551, 
net 0: -0.102283, 0.229633, -0.014848, 0.026463, -0.069551, 
net 1: -0.080401, 0.233607, -0.034341, 0.000663, -0.073848, 
net a: -0.091342, 0.231620, -0.024594, 0.013563, -0.071699,  weights finished
Aggregating layer 2 ... in OS: biases finished...
net 0: -0.081174, -0.147984, 0.006833, -0.050636, -0.008900, 
net 0: -0.081174, -0.147984, 0.006833, -0.050636, -0.008900, 
net 1: -0.083752, -0.151752, 0.005116, -0.052815, -0.014871, 
net a: -0.082463, -0.149868, 0.005974, -0.051725, -0.011885,  weights finished
Aggregating layer 4 ... in OS: biases finished...
net 0: -0.060126, 0.030795, 0.079005, -0.025764, -0.040966, 
net 0: -0.060126, 0.030795, 0.079005, -0.025764, -0.040966, 
net 1: -0.059323, 0.033355, 0.078803, -0.033671, -0.035468, 
net a: -0.059724, 0.032075, 0.078904, -0.029717, -0.038217,  weights finished
Aggregating layer 6 ... inside SGX: biases finished...
net 0: -0.000000, -0.000000, 0.000000, 0.000000, 0.000000, 
net 1: -0.000000, 0.000000, -228319.828125, 0.000000, 2895948.750000, 
net a: -15118090240.000000, -108369336440866497957462016.000000, -1273.254395, 0.000000, -0.000891,  weights finished
Aggregating layer 8 ... inside SGX: biases finished...
net 0: 0.000000, 0.031062, -0.000000, -37819837517940612640276480.000000, 0.000000, 
net 1: 0.000000, -0.000002, -676935360.000000, 0.000000, -0.000000, 
net a: 0.000000, -0.000000, 1141281458788698685440.000000, -0.000004, -0.000000,  weights finished

13:03:54 INFO  [uk.ac.ic.do.fl.se.im.TaskService] (vert.x-worker-thread-2) outlier_fractions=[0.0, 0.0]
13:03:54 INFO  [uk.ac.ic.do.fl.se.im.TaskService] (vert.x-worker-thread-2) Number of participants: 2
load weights of p-1: ./results/mnist//proj17/mnist_lenet_c1.weights

tee--- net 0: -0.058277, 0.189042, 0.007789, -0.001645, 0.039814, 
tee--- net 1: -0.035199, 0.069668, 0.000140, -0.003453, 0.004634, 
tee--- net a: -0.046738, 0.129355, 0.003965, -0.002549, 0.022224, 
tee--- net 0: -0.099846, -0.100856, 0.023907, 0.094738, -0.049259, 
tee--- net 1: -0.100591, -0.099060, 0.058139, 0.078817, -0.043741, 
tee--- net a: -0.100218, -0.099958, 0.041023, 0.086778, -0.046500, 
tee--- net 0: -0.453537, -0.094602, -0.156198, -0.228664, 0.132279, 
tee--- net 1: -0.197273, 0.013723, -0.040662, -0.106290, 0.073419, 
tee--- net a: -0.325405, -0.040440, -0.098430, -0.167477, 0.102849, 
tee--- net 0: 0.015109, -0.154375, 0.139747, 0.150268, 0.119932, 
tee--- net 1: -0.038466, -0.135158, 0.105289, 0.117211, 0.060383, 
load weights of p-2: ./results/mnist//proj17/mnist_lenet_c0.weights
Aggregating layer 0 ... in OS: biases finished...
net 0: -0.095905, 0.228396, -0.030166, 0.011303, -0.071394, 
net 0: -0.095905, 0.228396, -0.030166, 0.011303, -0.071394, 
net 1: -0.080550, 0.233450, -0.034500, 0.000493, -0.073972, 
net a: -0.088227, 0.230923, -0.032333, 0.005898, -0.072683,  weights finished
Aggregating layer 2 ... in OS: biases finished...
net 0: -0.082116, -0.152793, 0.005650, -0.044545, -0.016333, 
net 0: -0.082116, -0.152793, 0.005650, -0.044545, -0.016333, 
net 1: -0.083755, -0.151759, 0.005105, -0.052825, -0.014877, 
net a: -0.082935, -0.152276, 0.005378, -0.048685, -0.015605,  weights finished
Aggregating layer 4 ... in OS: biases finished...
net 0: -0.061884, 0.029660, 0.077040, -0.028188, -0.039109, 
net 0: -0.061884, 0.029660, 0.077040, -0.028188, -0.039109, 
net 1: -0.059324, 0.033350, 0.078794, -0.033680, -0.035497, 
net a: -0.060604, 0.031505, 0.077917, -0.030934, -0.037303,  weights finished
Aggregating layer 6 ... inside SGX: biases finished...
net 0: -0.000000, 1186472024794064488497152.000000, -1342252384256.000000, -19569577732290323468674562676228096.000000, -0.000000, 
net 1: -0.000000, 0.002467, -9322078339596288.000000, -2331405147381124102266293248243793920.000000, -0.000001, 
net a: 513616937995431998841159680.000000, 0.000000, 0.000005, -15039.391602, -0.000000,  weights finished
Aggregating layer 8 ... inside SGX: biases finished...
net 0: 111703168585763389440.000000, 1751951127708513721122816.000000, -125056742382690372502478325880455168.000000, -15464514191360.000000, -185639601393317186304408540788318797824.000000, 
net 1: -4384.127441, -1532.438477, -0.000000, -684631389935647928701583097856.000000, 0.000000, 
net a: -0.000000, 141699767188062208.000000, 984147431815905280.000000, -0.000000, -0.000000,  weights finished

13:10:48 INFO  [uk.ac.ic.do.fl.se.im.TaskService] (vert.x-worker-thread-2) outlier_fractions=[0.0, 0.0]
13:10:49 INFO  [uk.ac.ic.do.fl.se.im.TaskService] (vert.x-worker-thread-2) Number of participants: 2
load weights of p-1: ./results/mnist//proj17/mnist_lenet_c1.weights

tee--- net 0: -0.043809, 0.109295, -0.005108, -0.001752, 0.017885, 
tee--- net 1: -0.060133, 0.254636, 0.006202, -0.000001, 0.071443, 
tee--- net a: -0.051971, 0.181965, 0.000547, -0.000877, 0.044664, 
tee--- net 0: -0.102081, -0.100191, 0.045228, 0.080692, -0.044902, 
tee--- net 1: -0.091527, -0.100978, -0.003423, 0.123073, -0.050875, 
tee--- net a: -0.096804, -0.100585, 0.020902, 0.101883, -0.047888, 
tee--- net 0: -0.281362, -0.023686, -0.104158, -0.155981, 0.079801, 
tee--- net 1: -0.534564, -0.229798, -0.275212, -0.302201, 0.072131, 
tee--- net a: -0.407963, -0.126742, -0.189685, -0.229091, 0.075966, 
tee--- net 0: -0.013023, -0.141016, 0.130193, 0.124645, 0.094873, 
tee--- net 1: 0.069417, -0.158905, 0.183370, 0.155639, 0.142891, 
load weights of p-2: ./results/mnist//proj17/mnist_lenet_c0.weights
Aggregating layer 0 ... in OS: biases finished...
net 0: -0.091328, 0.231685, -0.024495, 0.013660, -0.071659, 
net 0: -0.091328, 0.231685, -0.024495, 0.013660, -0.071659, 
net 1: -0.109342, 0.220514, -0.031011, 0.010291, -0.075021, 
net a: -0.100335, 0.226099, -0.027753, 0.011976, -0.073340,  weights finished
Aggregating layer 2 ... in OS: biases finished...
net 0: -0.082463, -0.149870, 0.005970, -0.051716, -0.011878, 
net 0: -0.082463, -0.149870, 0.005970, -0.051716, -0.011878, 
net 1: -0.080063, -0.151764, 0.005316, -0.044598, -0.015358, 
net a: -0.081263, -0.150817, 0.005643, -0.048157, -0.013618,  weights finished
Aggregating layer 4 ... in OS: biases finished...
net 0: -0.059726, 0.032075, 0.078906, -0.029703, -0.038192, 
net 0: -0.059726, 0.032075, 0.078906, -0.029703, -0.038192, 
net 1: -0.065078, 0.026562, 0.079134, -0.023673, -0.041608, 
net a: -0.062402, 0.029318, 0.079020, -0.026688, -0.039900,  weights finished
Aggregating layer 6 ... inside SGX: biases finished...
net 0: -1204009836105961874038718464.000000, 193288976.000000, 281814210407563264.000000, 62663469769424896.000000, -61183868241920917504.000000, 
net 1: -219904786499500990757127927627776.000000, 21.576168, -0.000000, -25853.089844, -0.000000, 
net a: 0.000000, -12061778944.000000, -0.000000, 251973607367842443807666081117008560128.000000, 388733732043781857913930530991112192.000000,  weights finished
Aggregating layer 8 ... inside SGX: biases finished...
net 0: -0.000000, 0.000000, -0.000000, 169417220977258093906789138432.000000, 0.000000, 
net 1: -5790342649478443370297688064.000000, -0.000000, 27458036993001893092275519488.000000, -9238769.000000, -0.000000, 
net a: -203920687104.000000, -8300143760392912588105337274368.000000, 0.000000, -0.000000, 2973658911574542956371040534528.000000,  weights finished

13:17:43 INFO  [uk.ac.ic.do.fl.se.im.TaskService] (vert.x-worker-thread-2) outlier_fractions=[0.0, 0.0]
13:17:43 INFO  [uk.ac.ic.do.fl.se.im.TaskService] (vert.x-worker-thread-2) Number of participants: 2
load weights of p-1: ./results/mnist//proj17/mnist_lenet_c1.weights

tee--- net 0: -0.046816, 0.129584, 0.004082, -0.002337, 0.022366, 
tee--- net 1: -0.046733, 0.129519, 0.003970, -0.002300, 0.022428, 
tee--- net a: -0.046774, 0.129551, 0.004026, -0.002319, 0.022397, 
tee--- net 0: -0.100216, -0.099957, 0.040965, 0.086868, -0.046514, 
tee--- net 1: -0.100210, -0.099958, 0.040996, 0.086879, -0.046512, 
tee--- net a: -0.100213, -0.099958, 0.040981, 0.086873, -0.046513, 
tee--- net 0: -0.324939, -0.039647, -0.098707, -0.167491, 0.102674, 
tee--- net 1: -0.325243, -0.040047, -0.098638, -0.167517, 0.102900, 
tee--- net a: -0.325091, -0.039847, -0.098673, -0.167504, 0.102787, 
tee--- net 0: -0.011387, -0.144786, 0.122749, 0.133935, 0.090824, 
tee--- net 1: -0.011532, -0.144765, 0.122698, 0.134231, 0.090588, 
load weights of p-2: ./results/mnist//proj17/mnist_lenet_c0.weights
Aggregating layer 0 ... in OS: biases finished...
net 0: -0.088281, 0.230989, -0.032139, 0.006075, -0.072650, 
net 0: -0.088281, 0.230989, -0.032139, 0.006075, -0.072650, 
net 1: -0.088239, 0.231005, -0.032170, 0.006057, -0.072624, 
net a: -0.088260, 0.230997, -0.032154, 0.006066, -0.072637,  weights finished
Aggregating layer 2 ... in OS: biases finished...
net 0: -0.082936, -0.152270, 0.005398, -0.048656, -0.015598, 
net 0: -0.082936, -0.152270, 0.005398, -0.048656, -0.015598, 
net 1: -0.082939, -0.152281, 0.005359, -0.048684, -0.015606, 
net a: -0.082938, -0.152276, 0.005378, -0.048670, -0.015602,  weights finished
Aggregating layer 4 ... in OS: biases finished...
net 0: -0.060597, 0.031515, 0.077951, -0.030836, -0.037149, 
net 0: -0.060597, 0.031515, 0.077951, -0.030836, -0.037149, 
net 1: -0.060605, 0.031504, 0.077940, -0.030817, -0.037143, 
net a: -0.060601, 0.031510, 0.077945, -0.030826, -0.037146,  weights finished
Aggregating layer 6 ... inside SGX: biases finished...
net 0: 4903674528203439416857971392512.000000, -0.000050, -508597207040.000000, -215263787071151963063692820480.000000, -0.000000, 
net 1: 112834854912.000000, 0.023308, 0.001283, -2284676824287693155012660166656.000000, -0.000003, 
net a: -1019047361346143256576.000000, -0.000000, -0.000000, 453683445760.000000, -0.000000,  weights finished
Aggregating layer 8 ... inside SGX: biases finished...
net 0: 0.000000, 7.159833, 53844.902344, -0.000001, -245209894193930381746503680.000000, 
net 1: -655356577447936.000000, -54262673952686225752064.000000, 0.000000, 0.038992, 0.057367, 
net a: 0.192998, -0.000000, 0.000000, 0.000000, -17606576332341248.000000,  weights finished

13:22:54 INFO  [uk.ac.ic.do.fl.se.im.TaskService] (vert.x-worker-thread-2) outlier_fractions=[0.0, 0.0]
13:22:54 INFO  [uk.ac.ic.do.fl.se.im.TaskService] (vert.x-worker-thread-2) Number of participants: 2
load weights of p-1: ./results/mnist//proj17/mnist_lenet_c1.weights

tee--- net 0: -0.051987, 0.182031, 0.000558, -0.000830, 0.044727, 
tee--- net 1: -0.051190, 0.216027, 0.001268, -0.000000, 0.062909, 
tee--- net a: -0.051589, 0.199029, 0.000913, -0.000415, 0.053818, 
tee--- net 0: -0.096801, -0.100586, 0.020860, 0.101891, -0.047891, 
tee--- net 1: -0.094202, -0.100858, 0.010018, 0.113120, -0.048300, 
tee--- net a: -0.095501, -0.100722, 0.015439, 0.107505, -0.048095, 
tee--- net 0: -0.408020, -0.126753, -0.189758, -0.229137, 0.075956, 
tee--- net 1: -0.441311, -0.184253, -0.245568, -0.264368, 0.041307, 
tee--- net a: -0.424665, -0.155503, -0.217663, -0.246752, 0.058631, 
tee--- net 0: 0.028298, -0.149955, 0.156831, 0.140218, 0.119008, 
tee--- net 1: 0.051735, -0.153509, 0.176587, 0.141696, 0.130923, 
load weights of p-2: ./results/mnist//proj17/mnist_lenet_c0.weights
Aggregating layer 0 ... in OS: biases finished...
net 0: -0.100303, 0.226150, -0.027696, 0.012027, -0.073309, 
net 0: -0.100303, 0.226150, -0.027696, 0.012027, -0.073309, 
net 1: -0.101858, 0.227692, -0.024335, 0.015397, -0.073809, 
net a: -0.101081, 0.226921, -0.026016, 0.013712, -0.073559,  weights finished
Aggregating layer 2 ... in OS: biases finished...
net 0: -0.081266, -0.150822, 0.005637, -0.048159, -0.013611, 
net 0: -0.081266, -0.150822, 0.005637, -0.048159, -0.013611, 
net 1: -0.081911, -0.151346, 0.003773, -0.049191, -0.012749, 
net a: -0.081588, -0.151084, 0.004705, -0.048675, -0.013180,  weights finished
Aggregating layer 4 ... in OS: biases finished...
net 0: -0.062400, 0.029321, 0.079030, -0.026657, -0.039874, 
net 0: -0.062400, 0.029321, 0.079030, -0.026657, -0.039874, 
net 1: -0.062982, 0.028918, 0.079454, -0.023747, -0.042253, 
net a: -0.062691, 0.029119, 0.079242, -0.025202, -0.041063,  weights finished
Aggregating layer 6 ... inside SGX: biases finished...
net 0: 0.000000, -0.000000, -0.000000, 0.000000, -15900676104345741199662336966656.000000, 
net 1: -120813592576.000000, 0.000000, 0.000000, 0.000000, 0.000000, 
net a: -0.000026, -0.000000, -0.000000, 326285790435759062461841701601280.000000, 0.000580,  weights finished
Aggregating layer 8 ... inside SGX: biases finished...
net 0: 6972933823466468494278656.000000, 0.000000, -33776824483840.000000, -0.287775, 852378850023857717248.000000, 
net 1: 5987251196222288140479443041779712.000000, nan, 248533232.000000, 0.000000, -0.000000, 
net a: 1551595392.000000, 0.000000, -0.000000, -32343696544610309003697665574174720.000000, -0.000000,  weights finished

13:27:13 INFO  [uk.ac.ic.do.fl.se.im.TaskService] (vert.x-worker-thread-2) outlier_fractions=[0.0, 0.0]
13:27:13 INFO  [uk.ac.ic.do.fl.se.im.TaskService] (vert.x-worker-thread-2) Number of participants: 2
load weights of p-1: ./results/mnist//proj17/mnist_lenet_c1.weights

tee--- net 0: -0.060615, 0.203150, 0.017334, -0.000041, 0.050744, 
tee--- net 1: -0.051962, 0.182018, 0.000559, -0.000840, 0.044710, 
tee--- net a: -0.056288, 0.192584, 0.008946, -0.000440, 0.047727, 
tee--- net 0: -0.091447, -0.101698, 0.011796, 0.111732, -0.050399, 
tee--- net 1: -0.096795, -0.100586, 0.020896, 0.101907, -0.047889, 
tee--- net a: -0.094121, -0.101142, 0.016346, 0.106820, -0.049144, 
tee--- net 0: -0.424034, -0.146474, -0.214985, -0.246747, 0.082409, 
tee--- net 1: -0.407978, -0.126690, -0.189752, -0.229161, 0.075874, 
tee--- net a: -0.416006, -0.136582, -0.202368, -0.237954, 0.079142, 
tee--- net 0: 0.052167, -0.148670, 0.156341, 0.175561, 0.129408, 
tee--- net 1: 0.028264, -0.149942, 0.156923, 0.140212, 0.119022, 
load weights of p-2: ./results/mnist//proj17/mnist_lenet_c0.weights
Aggregating layer 0 ... in OS: biases finished...
net 0: -0.099268, 0.228633, -0.018304, 0.023921, -0.072835, 
net 0: -0.099268, 0.228633, -0.018304, 0.023921, -0.072835, 
net 1: -0.100315, 0.226148, -0.027694, 0.012022, -0.073320, 
net a: -0.099792, 0.227390, -0.022999, 0.017972, -0.073078,  weights finished
Aggregating layer 2 ... in OS: biases finished...
net 0: -0.082044, -0.152765, 0.002784, -0.048632, -0.014949, 
net 0: -0.082044, -0.152765, 0.002784, -0.048632, -0.014949, 
net 1: -0.081264, -0.150820, 0.005644, -0.048153, -0.013615, 
net a: -0.081654, -0.151792, 0.004214, -0.048392, -0.014282,  weights finished
Aggregating layer 4 ... in OS: biases finished...
net 0: -0.062916, 0.030351, 0.078391, -0.026222, -0.035445, 
net 0: -0.062916, 0.030351, 0.078391, -0.026222, -0.035445, 
net 1: -0.062402, 0.029318, 0.079020, -0.026673, -0.039878, 
net a: -0.062659, 0.029834, 0.078705, -0.026448, -0.037661,  weights finished
Aggregating layer 6 ... inside SGX: biases finished...
net 0: 972542253548560225207309041060020224.000000, -0.000000, 1175964586431453836869632.000000, -615786676830831902720.000000, -0.000000, 
net 1: -3323138380144836608.000000, 41170957533899699257344.000000, -0.000000, 0.000000, -2651604480.000000, 
net a: 0.000000, -0.000000, -5044262.500000, 102139264603646853120.000000, -1897853353984.000000,  weights finished
Aggregating layer 8 ... inside SGX: biases finished...
net 0: -1037292710074016333824.000000, 91117467172106961682432.000000, 0.000000, -0.000000, -0.000000, 
net 1: 839.000671, 0.000000, 0.000000, -724478.187500, 0.000000, 
net a: -5088853997914089052384002048.000000, -0.000000, 0.004319, 0.000000, -109606111074519221493505310028753534976.000000,  weights finished

13:34:08 INFO  [uk.ac.ic.do.fl.se.im.TaskService] (vert.x-worker-thread-2) outlier_fractions=[0.0, 0.0]
13:34:08 INFO  [uk.ac.ic.do.fl.se.im.TaskService] (vert.x-worker-thread-2) Number of participants: 2
load weights of p-1: ./results/mnist//proj17/mnist_lenet_c1.weights

tee--- net 0: -0.056293, 0.192626, 0.008938, -0.000421, 0.047755, 
tee--- net 1: -0.046835, 0.129711, 0.004116, -0.002145, 0.022577, 
tee--- net a: -0.051564, 0.161169, 0.006527, -0.001283, 0.035166, 
tee--- net 0: -0.094117, -0.101143, 0.016326, 0.106821, -0.049148, 
tee--- net 1: -0.100219, -0.099961, 0.040917, 0.086884, -0.046511, 
tee--- net a: -0.097168, -0.100552, 0.028622, 0.096852, -0.047830, 
tee--- net 0: -0.416070, -0.136618, -0.202384, -0.238059, 0.079060, 
tee--- net 1: -0.324879, -0.039215, -0.098853, -0.167848, 0.102793, 
tee--- net a: -0.370474, -0.087916, -0.150618, -0.202953, 0.090926, 
tee--- net 0: 0.040210, -0.149313, 0.156616, 0.157883, 0.124218, 
tee--- net 1: -0.011248, -0.144777, 0.122931, 0.134359, 0.091589, 
load weights of p-2: ./results/mnist//proj17/mnist_lenet_c0.weights
Aggregating layer 0 ... in OS: biases finished...
net 0: -0.099786, 0.227406, -0.022976, 0.017985, -0.073084, 
net 0: -0.099786, 0.227406, -0.022976, 0.017985, -0.073084, 
net 1: -0.088271, 0.231072, -0.031978, 0.006221, -0.072593, 
net a: -0.094029, 0.229239, -0.027477, 0.012103, -0.072839,  weights finished
Aggregating layer 2 ... in OS: biases finished...
net 0: -0.081656, -0.151794, 0.004215, -0.048386, -0.014279, 
net 0: -0.081656, -0.151794, 0.004215, -0.048386, -0.014279, 
net 1: -0.082941, -0.152276, 0.005374, -0.048660, -0.015593, 
net a: -0.082298, -0.152035, 0.004794, -0.048523, -0.014936,  weights finished
Aggregating layer 4 ... in OS: biases finished...
net 0: -0.062659, 0.029832, 0.078709, -0.026432, -0.037642, 
net 0: -0.062659, 0.029832, 0.078709, -0.026432, -0.037642, 
net 1: -0.060598, 0.031506, 0.077964, -0.030731, -0.037072, 
net a: -0.061628, 0.030669, 0.078336, -0.028582, -0.037357,  weights finished
Aggregating layer 6 ... inside SGX: biases finished...
net 0: 14958902068894893080576.000000, 0.000000, 0.000000, -22664217790183899136.000000, -0.000000, 
net 1: -304931331566756468789423320682463232.000000, 0.000000, -0.000000, -2708231168.000000, -318583007750446138322002640896.000000, 
net a: -58533860548981478303011162841677824.000000, 0.000003, -138975568642973300744438411165696.000000, 0.000000, 513764.906250,  weights finished
Aggregating layer 8 ... inside SGX: biases finished...
net 0: -0.000000, 7922308077040307110751548943106048.000000, 0.000000, -1293048320.000000, 2142551724622759414288772809883648.000000, 
net 1: 11578424376164352.000000, -0.000000, -0.000000, -0.000000, -0.000000, 
net a: 0.000000, 0.000000, -1480901400988132131774047954403328.000000, -3157.122314, -0.000000,  weights finished

