00:24:29 INFO  [io.qu.sc.ru.SimpleScheduler] (Quarkus Main Thread) No scheduled business methods found - Simple scheduler will not be started
00:24:29 INFO  [io.sm.re.me.kafka] (Quarkus Main Thread) SRMSG18229: Configured topics for channel 'client-done-tasks': [client-done-tasks]
00:24:29 INFO  [io.sm.re.me.kafka] (Quarkus Main Thread) SRMSG18214: Key deserializer omitted, using String as default
00:24:29 INFO  [or.ap.ka.co.se.au.AbstractLogin] (smallrye-kafka-consumer-thread-2) Successfully logged in.
00:24:29 INFO  [io.sm.re.me.kafka] (Quarkus Main Thread) SRMSG18229: Configured topics for channel 'incoming-server-todo-tasks': [server-todo-tasks]
00:24:29 INFO  [io.sm.re.me.kafka] (Quarkus Main Thread) SRMSG18214: Key deserializer omitted, using String as default
00:24:29 WARN  [or.ap.ka.cl.co.ConsumerConfig] (smallrye-kafka-consumer-thread-3) These configurations '[max.request.size]' were supplied but are not used yet.
00:24:29 INFO  [io.sm.re.me.kafka] (smallrye-kafka-producer-thread-2) SRMSG18258: Kafka producer kafka-producer-client-todo-tasks, connected to Kafka brokers 'pkc-41mxj.uksouth.azure.confluent.cloud:9092', is configured to write records to 'client-todo-tasks'
00:24:29 INFO  [io.sm.re.me.kafka] (smallrye-kafka-producer-thread-3) SRMSG18258: Kafka producer kafka-producer-outgoing-server-todo-tasks, connected to Kafka brokers 'pkc-41mxj.uksouth.azure.confluent.cloud:9092', is configured to write records to 'server-todo-tasks'
00:24:29 INFO  [io.sm.re.me.kafka] (smallrye-kafka-consumer-thread-2) SRMSG18257: Kafka consumer kafka-consumer-client-done-tasks, connected to Kafka brokers 'pkc-41mxj.uksouth.azure.confluent.cloud:9092', belongs to the 'fleet-server' consumer group and is configured to poll records from [client-done-tasks]
00:24:29 INFO  [io.sm.re.me.kafka] (smallrye-kafka-consumer-thread-3) SRMSG18257: Kafka consumer kafka-consumer-incoming-server-todo-tasks, connected to Kafka brokers 'pkc-41mxj.uksouth.azure.confluent.cloud:9092', belongs to the 'fleet-server' consumer group and is configured to poll records from [server-todo-tasks]
00:24:29 INFO  [io.quarkus] (Quarkus Main Thread) fleet-server 1.0.0-SNAPSHOT on JVM (powered by Quarkus 3.0.3.Final) started in 3.580s. Listening on: http://0.0.0.0:8080 and https://0.0.0.0:8443
00:24:29 INFO  [io.quarkus] (Quarkus Main Thread) Profile dev activated. Live Coding activated.
00:24:29 INFO  [io.quarkus] (Quarkus Main Thread) Installed features: [agroal, cdi, hibernate-orm, hibernate-orm-panache, jdbc-h2, jdbc-mysql, kafka-client, micrometer, narayana-jta, rest-client-reactive, resteasy-reactive, resteasy-reactive-jackson, scheduler, security, security-jpa, smallrye-context-propagation, smallrye-reactive-messaging, smallrye-reactive-messaging-kafka, spring-data-jpa, spring-di, vertx]
00:24:29 INFO  [io.qu.de.de.RuntimeUpdatesProcessor] (vert.x-worker-thread-2) Live reload total time: 3.636s 
00:36:35 INFO  [io.sm.re.me.kafka] (vert.x-eventloop-thread-1) SRMSG18256: Initialize record store for topic-partition 'client-done-tasks-0' at position 1341.
00:38:09 INFO  [io.sm.re.me.kafka] (vert.x-eventloop-thread-0) SRMSG18256: Initialize record store for topic-partition 'server-todo-tasks-0' at position 229.
00:38:09 INFO  [uk.ac.ic.do.fl.se.im.TaskService] (vert.x-worker-thread-1) Number of participants: 2
load weights of p-1: ./results/mnist//proj3/mnist_lenet_c1.weights

tee--- net 0: -0.039224, 0.213343, -0.057872, 0.020109, -0.028020, 
tee--- net 1: -0.010041, -0.001479, 0.009057, -0.002519, 0.000222, 
tee--- net a: -0.024632, 0.105932, -0.024408, 0.008795, -0.013899, 
tee--- net 0: -0.096868, -0.091072, 0.075026, 0.047632, -0.045373, 
tee--- net 1: -0.099659, -0.099828, 0.079382, 0.078470, -0.041083, 
tee--- net a: -0.098264, -0.095450, 0.077204, 0.063051, -0.043228, 
tee--- net 0: -0.344041, 1.121012, -0.479352, -0.312015, -0.258897, 
tee--- net 1: -0.016853, 0.038877, -0.047671, -0.039314, 0.044560, 
tee--- net a: -0.180447, 0.579944, -0.263512, -0.175664, -0.107169, 
tee--- net 0: -0.114466, -0.168084, 0.141613, 0.038223, 0.008167, 
tee--- net 1: -0.056959, -0.116402, 0.078116, 0.108036, 0.028877, 
load weights of p-2: ./results/mnist//proj3/mnist_lenet_c0.weights
Aggregating layer 0 ... in OS: biases finished...
net 0: -0.094323, 0.196622, -0.080196, -0.028071, -0.095516, 
net 1: -0.082483, 0.224733, -0.043860, -0.007511, -0.070495, 
net a: -0.088403, 0.210677, -0.062028, -0.017791, -0.083005,  weights finished
Aggregating layer 2 ... in OS: biases finished...
net 0: -0.083531, -0.151509, 0.017215, -0.043129, -0.008069, 
net 1: -0.087954, -0.153271, 0.001725, -0.057217, -0.019341, 
net a: -0.085742, -0.152390, 0.009470, -0.050173, -0.013705,  weights finished
Aggregating layer 4 ... in OS: biases finished...
net 0: -0.059275, 0.038427, 0.087600, -0.032315, -0.040555, 
net 1: -0.057687, 0.033279, 0.079102, -0.036824, -0.032856, 
net a: -0.058481, 0.035853, 0.083351, -0.034570, -0.036706,  weights finished
Aggregating layer 6 ... inside SGX: biases finished...
net 0: 0.000000, -0.000000, 283941765407309824.000000, -0.911377, -17521801194110976.000000, 
net 1: -199526502486769664.000000, 11487.178711, -47.185028, -20024562.000000, -0.000000, 
net a: -0.000000, 0.000000, -31983938553511936.000000, -10733125376048205333396700727835885568.000000, -0.000000,  weights finished
Aggregating layer 8 ... inside SGX: biases finished...
net 0: 6854536.500000, 4.344901, -0.000000, 0.000272, 189768127108923309605146066944.000000, 
net 1: -3379881149983762175367303040860160.000000, 27907896.000000, 6256838577406854823936.000000, -0.000000, -87900.140625, 
net a: 973959047881467040366592.000000, -0.000000, -746012409856.000000, -0.000000, -0.000000,  weights finished

00:43:08 INFO  [uk.ac.ic.do.fl.se.im.TaskService] (vert.x-worker-thread-1) Number of participants: 2
load weights of p-1: ./results/mnist//proj3/mnist_lenet_c1.weights

tee--- net 0: -0.025599, -0.001591, -0.012695, -0.003616, 0.000442, 
tee--- net 1: -0.006802, 0.004378, 0.002580, -0.006831, -0.007037, 
tee--- net a: -0.016200, 0.001393, -0.005057, -0.005223, -0.003298, 
tee--- net 0: -0.100793, -0.098060, 0.072647, 0.085083, -0.041332, 
tee--- net 1: -0.099250, -0.095683, 0.078681, 0.074913, -0.039262, 
tee--- net a: -0.100021, -0.096871, 0.075664, 0.079998, -0.040297, 
tee--- net 0: -0.028557, 0.051672, -0.021592, -0.031220, 0.009206, 
tee--- net 1: -0.003926, 0.047616, -0.014274, -0.027277, 0.021250, 
tee--- net a: -0.016241, 0.049644, -0.017933, -0.029249, 0.015228, 
tee--- net 0: -0.063908, -0.114842, 0.077680, 0.104423, 0.025859, 
tee--- net 1: -0.052330, -0.115116, 0.076717, 0.103175, 0.007411, 
load weights of p-2: ./results/mnist//proj3/mnist_lenet_c0.weights
Aggregating layer 0 ... in OS: biases finished...
net 0: -0.088572, 0.216375, -0.054121, -0.011475, -0.064477, 
net 1: -0.083879, 0.213641, -0.056358, -0.021179, -0.086270, 
net a: -0.086226, 0.215008, -0.055240, -0.016327, -0.075373,  weights finished
Aggregating layer 2 ... in OS: biases finished...
net 0: -0.083365, -0.150828, 0.010150, -0.053494, -0.017729, 
net 1: -0.084560, -0.150539, 0.008523, -0.047724, -0.018442, 
net a: -0.083962, -0.150684, 0.009337, -0.050609, -0.018085,  weights finished
Aggregating layer 4 ... in OS: biases finished...
net 0: -0.058355, 0.033877, 0.079937, -0.035946, -0.034622, 
net 1: -0.057920, 0.033629, 0.078659, -0.037743, -0.034807, 
net a: -0.058137, 0.033753, 0.079298, -0.036844, -0.034714,  weights finished
Aggregating layer 6 ... inside SGX: biases finished...
net 0: 43748476747513856.000000, 200175083123532157585195008.000000, -427732509114853507465216.000000, 0.000000, -0.000000, 
net 1: 0.000000, -8448415759028987343379890176.000000, 0.000000, 0.000000, -0.000010, 
net a: 0.000000, -39104552902474785095680.000000, 22750186405336449024.000000, 95600905289728.000000, -3569558.500000,  weights finished
Aggregating layer 8 ... inside SGX: biases finished...
net 0: -0.000000, 0.000000, -312001993377782726666519314432000.000000, 64781650537542200590336.000000, -66630127566295400448.000000, 
net 1: 11669.705078, -20209626250894901248.000000, 15.077904, -0.000000, -2300971264.000000, 
net a: 23.607342, -0.000000, 0.000000, -123306098832007636189184.000000, 120474960.000000,  weights finished

00:50:02 INFO  [uk.ac.ic.do.fl.se.im.TaskService] (vert.x-worker-thread-1) Number of participants: 2
load weights of p-1: ./results/mnist//proj3/mnist_lenet_c1.weights

tee--- net 0: -0.024434, 0.106000, -0.024165, 0.008930, -0.013624, 
tee--- net 1: -0.069245, 0.166524, -0.103959, -0.027866, -0.002540, 
tee--- net a: -0.046840, 0.136262, -0.064062, -0.009468, -0.008082, 
tee--- net 0: -0.098273, -0.095453, 0.077237, 0.063025, -0.043210, 
tee--- net 1: -0.084888, -0.090843, 0.124618, 0.012937, -0.061802, 
tee--- net a: -0.091580, -0.093148, 0.100928, 0.037981, -0.052506, 
tee--- net 0: -0.180001, 0.578875, -0.263152, -0.175351, -0.107418, 
tee--- net 1: -0.387300, 0.832821, -0.178920, -0.351804, -0.121590, 
tee--- net a: -0.283651, 0.705848, -0.221036, -0.263577, -0.114504, 
tee--- net 0: -0.085762, -0.142228, 0.110057, 0.072978, 0.018362, 
tee--- net 1: -0.130118, -0.206146, 0.064925, 0.022258, 0.052613, 
load weights of p-2: ./results/mnist//proj3/mnist_lenet_c0.weights
Aggregating layer 0 ... in OS: biases finished...
net 0: -0.088333, 0.210719, -0.062026, -0.017809, -0.083013, 
net 1: -0.090284, 0.257337, 0.058925, 0.120678, 0.006876, 
net a: -0.089309, 0.234028, -0.001551, 0.051435, -0.038069,  weights finished
Aggregating layer 2 ... in OS: biases finished...
net 0: -0.085727, -0.152393, 0.009465, -0.050171, -0.013703, 
net 1: -0.079613, -0.146660, -0.012497, -0.048006, -0.023854, 
net a: -0.082670, -0.149526, -0.001516, -0.049088, -0.018779,  weights finished
Aggregating layer 4 ... in OS: biases finished...
net 0: -0.058471, 0.035856, 0.083372, -0.034535, -0.036685, 
net 1: -0.056967, 0.032402, 0.078447, -0.038987, -0.038521, 
net a: -0.057719, 0.034129, 0.080909, -0.036761, -0.037603,  weights finished
Aggregating layer 6 ... inside SGX: biases finished...
net 0: 0.000000, 0.000000, -0.177421, -37448110260582263824580608.000000, 2.574849, 
net 1: -1542936897494296197437258505125888.000000, 248293733678484358692864.000000, 0.000000, 0.000000, 0.000000, 
net a: -86102417342464.000000, -22170314967963664384.000000, -65912359125778432.000000, -0.801279, -60896143611889621138365480960.000000,  weights finished
Aggregating layer 8 ... inside SGX: biases finished...
net 0: 0.000000, -0.000000, -4341105664.000000, -0.000000, -57841519951872.000000, 
net 1: -5509297501504370381166739456.000000, -0.000000, 0.000000, -0.000072, -253722106003456.000000, 
net a: -378423324664095764183489970176.000000, 1001191.812500, -0.000000, 0.000000, -11666863423488.000000,  weights finished

00:53:58 INFO  [uk.ac.ic.do.fl.se.im.TaskService] (vert.x-worker-thread-1) Number of participants: 2
load weights of p-1: ./results/mnist//proj3/mnist_lenet_c1.weights

tee--- net 0: 0.027358, 0.115377, -0.086488, -0.043971, -0.010716, 
tee--- net 1: -0.015190, 0.003295, -0.006041, -0.007189, -0.003805, 
tee--- net a: 0.006084, 0.059336, -0.046265, -0.025580, -0.007261, 
tee--- net 0: -0.100965, -0.111957, 0.036576, 0.022531, -0.070078, 
tee--- net 1: -0.100046, -0.096877, 0.075603, 0.079628, -0.040182, 
tee--- net a: -0.100505, -0.104417, 0.056089, 0.051079, -0.055130, 
tee--- net 0: -0.265001, 0.533062, -0.278153, -0.341358, 0.144191, 
tee--- net 1: -0.019459, 0.061150, -0.020080, -0.033067, 0.017607, 
tee--- net a: -0.142230, 0.297106, -0.149117, -0.187213, 0.080899, 
tee--- net 0: -0.078365, -0.161635, 0.069665, 0.101284, 0.091366, 
tee--- net 1: -0.058678, -0.115274, 0.076628, 0.103163, 0.016754, 
load weights of p-2: ./results/mnist//proj3/mnist_lenet_c0.weights
Aggregating layer 0 ... in OS: biases finished...
net 0: 0.070278, 0.374616, 0.070188, 0.085113, 0.019035, 
net 1: -0.085032, 0.216486, -0.053272, -0.014669, -0.074221, 
net a: -0.007377, 0.295551, 0.008458, 0.035222, -0.027593,  weights finished
Aggregating layer 2 ... in OS: biases finished...
net 0: -0.145409, -0.215954, -0.040581, -0.066441, -0.037637, 
net 1: -0.084158, -0.150778, 0.009287, -0.050436, -0.018185, 
net a: -0.114784, -0.183366, -0.015647, -0.058439, -0.027911,  weights finished
Aggregating layer 4 ... in OS: biases finished...
net 0: -0.058471, 0.033172, 0.078025, -0.035258, -0.032226, 
net 1: -0.058160, 0.033784, 0.079409, -0.036792, -0.034702, 
net a: -0.058316, 0.033478, 0.078717, -0.036025, -0.033464,  weights finished
Aggregating layer 6 ... inside SGX: biases finished...
net 0: -0.000000, 188.583328, 0.000000, -0.000675, 45335.089844, 
net 1: 19078783242593583496578465792.000000, 261604768.000000, 0.000000, -0.000000, 0.000000, 
net a: -0.000000, -0.000000, 6325050368.000000, 0.000358, -0.000000,  weights finished
Aggregating layer 8 ... inside SGX: biases finished...
net 0: 0.000000, -7414173600641325631275008.000000, 93440876544.000000, -0.000000, 3205207949312.000000, 
net 1: -18057969664.000000, 4947171755073470464.000000, -13961821945856.000000, -0.000000, -17957744205000020571533082624.000000, 
net a: -0.000000, 0.000000, 4087719424.000000, 41651.867188, -1987984014063465136128.000000,  weights finished

01:02:28 INFO  [uk.ac.ic.do.fl.se.im.TaskService] (vert.x-worker-thread-1) Number of participants: 2
load weights of p-1: ./results/mnist//proj3/mnist_lenet_c1.weights

tee--- net 0: 0.034520, 0.084595, -0.067130, 0.000223, 0.009059, 
tee--- net 1: -0.046481, 0.136326, -0.063981, -0.009071, -0.007785, 
tee--- net a: -0.005980, 0.110461, -0.065556, -0.004424, 0.000637, 
tee--- net 0: -0.097819, -0.112107, 0.006696, 0.005390, -0.060625, 
tee--- net 1: -0.091577, -0.093142, 0.100945, 0.037916, -0.052511, 
tee--- net a: -0.094698, -0.102625, 0.053820, 0.021653, -0.056568, 
tee--- net 0: -0.138119, 0.291045, -0.223254, -0.252117, -0.018885, 
tee--- net 1: -0.283380, 0.704654, -0.220656, -0.262716, -0.114707, 
tee--- net a: -0.210749, 0.497849, -0.221955, -0.257416, -0.066796, 
tee--- net 0: -0.097550, -0.156207, 0.083434, 0.073121, 0.106121, 
tee--- net 1: -0.108031, -0.174258, 0.087705, 0.047572, 0.035668, 
load weights of p-2: ./results/mnist//proj3/mnist_lenet_c0.weights
Aggregating layer 0 ... in OS: biases finished...
net 0: 0.093789, 0.382528, 0.084902, 0.080673, 0.029013, 
net 1: -0.088467, 0.235230, -0.000067, 0.052969, -0.036754, 
net a: 0.002661, 0.308879, 0.042417, 0.066821, -0.003870,  weights finished
Aggregating layer 2 ... in OS: biases finished...
net 0: -0.167751, -0.225860, -0.043096, -0.061802, -0.027542, 
net 1: -0.082752, -0.149551, -0.001534, -0.049062, -0.018743, 
net a: -0.125252, -0.187706, -0.022315, -0.055432, -0.023142,  weights finished
Aggregating layer 4 ... in OS: biases finished...
net 0: -0.058172, 0.033988, 0.081242, -0.029277, -0.030150, 
net 1: -0.057716, 0.034135, 0.080942, -0.036743, -0.037570, 
net a: -0.057944, 0.034061, 0.081092, -0.033010, -0.033860,  weights finished
Aggregating layer 6 ... inside SGX: biases finished...
net 0: -93458.335938, -1961257598976.000000, -0.000000, -9545540241362731643579314443649024.000000, 1416852295876153186694121652224.000000, 
net 1: -318813728.000000, -950.765442, 0.000000, -37657383960412480260276224.000000, 274468503552.000000, 
net a: -197494.062500, 6860386874519752643895394606845526016.000000, -0.000000, 0.000000, -462834785554452531940163584.000000,  weights finished
Aggregating layer 8 ... inside SGX: biases finished...
net 0: 87.795860, 875288350579917141835776.000000, -148543088526677245952.000000, 93021630057414656.000000, 88213325315259236352.000000, 
net 1: -7276929266745344.000000, 34373.535156, -0.023293, 0.000000, 0.000000, 
net a: 33285461905376740618587724125831168.000000, 61621647348187028887091734904832.000000, -0.000000, -9189782501983986384896.000000, 0.000000,  weights finished

01:09:22 INFO  [uk.ac.ic.do.fl.se.im.TaskService] (vert.x-worker-thread-1) Number of participants: 2
load weights of p-1: ./results/mnist//proj3/mnist_lenet_c1.weights

tee--- net 0: -0.005884, 0.110493, -0.065532, -0.004290, 0.000706, 
tee--- net 1: 0.006266, 0.059500, -0.046214, -0.025391, -0.007032, 
tee--- net a: 0.000191, 0.084996, -0.055873, -0.014841, -0.003163, 
tee--- net 0: -0.094697, -0.102621, 0.053809, 0.021634, -0.056569, 
tee--- net 1: -0.100510, -0.104438, 0.056010, 0.051012, -0.055143, 
tee--- net a: -0.097603, -0.103529, 0.054910, 0.036323, -0.055856, 
tee--- net 0: -0.210749, 0.497861, -0.221931, -0.257309, -0.066732, 
tee--- net 1: -0.141888, 0.296803, -0.148781, -0.187020, 0.080799, 
tee--- net a: -0.176318, 0.397332, -0.185356, -0.222165, 0.007033, 
tee--- net 0: -0.102806, -0.165272, 0.085556, 0.060385, 0.070944, 
tee--- net 1: -0.068595, -0.138461, 0.073129, 0.102280, 0.054409, 
load weights of p-2: ./results/mnist//proj3/mnist_lenet_c0.weights
Aggregating layer 0 ... in OS: biases finished...
net 0: 0.003141, 0.309403, 0.042955, 0.067303, -0.003421, 
net 1: -0.005230, 0.297852, 0.010715, 0.037106, -0.025941, 
net a: -0.001045, 0.303628, 0.026835, 0.052205, -0.014681,  weights finished
Aggregating layer 2 ... in OS: biases finished...
net 0: -0.125360, -0.187752, -0.022357, -0.055458, -0.023149, 
net 1: -0.114949, -0.183527, -0.015823, -0.058565, -0.028012, 
net a: -0.120155, -0.185639, -0.019090, -0.057011, -0.025580,  weights finished
Aggregating layer 4 ... in OS: biases finished...
net 0: -0.057944, 0.034063, 0.081099, -0.032997, -0.033844, 
net 1: -0.058315, 0.033480, 0.078725, -0.035995, -0.033429, 
net a: -0.058129, 0.033771, 0.079912, -0.034496, -0.033636,  weights finished
Aggregating layer 6 ... inside SGX: biases finished...
net 0: -91633114340898373632.000000, 0.000000, 85327161786892288.000000, -1503046.750000, 0.000000, 
net 1: -0.000000, 0.000000, 149005475774431653527552.000000, 19752856171309928960848412502189408256.000000, -128311590912.000000, 
net a: 709532352.000000, 6309204978120523776.000000, 643736.187500, -0.000000, -3748601344.000000,  weights finished
Aggregating layer 8 ... inside SGX: biases finished...
net 0: -0.000039, -0.000000, 63173428416348160.000000, -184683792.000000, -29039215156544929225064316928.000000, 
net 1: -1908235179130880.000000, -739634540683613700096.000000, 238670644772864.000000, -0.000000, 0.000000, 
net a: -17982109696.000000, -0.001581, 0.000666, 0.000000, -0.000000,  weights finished

01:16:17 INFO  [uk.ac.ic.do.fl.se.im.TaskService] (vert.x-worker-thread-1) Number of participants: 2
load weights of p-1: ./results/mnist//proj3/mnist_lenet_c1.weights

tee--- net 0: -0.005899, 0.110511, -0.065533, -0.004315, 0.000701, 
tee--- net 1: 0.026730, 0.093582, -0.083228, 0.002836, -0.004754, 
tee--- net a: 0.010416, 0.102047, -0.074380, -0.000740, -0.002027, 
tee--- net 0: -0.094695, -0.102629, 0.053795, 0.021641, -0.056573, 
tee--- net 1: -0.102464, -0.119347, 0.002510, 0.012779, -0.060813, 
tee--- net a: -0.098579, -0.110988, 0.028152, 0.017210, -0.058693, 
tee--- net 0: -0.210643, 0.497824, -0.221919, -0.257271, -0.066764, 
tee--- net 1: -0.137991, 0.308245, -0.237696, -0.253073, -0.022950, 
tee--- net a: -0.174317, 0.403034, -0.229808, -0.255172, -0.044857, 
tee--- net 0: -0.102825, -0.165272, 0.085642, 0.060301, 0.070973, 
tee--- net 1: -0.095109, -0.163200, 0.072693, 0.065067, 0.090281, 
load weights of p-2: ./results/mnist//proj3/mnist_lenet_c0.weights
Aggregating layer 0 ... in OS: biases finished...
net 0: 0.003141, 0.309411, 0.042955, 0.067296, -0.003420, 
net 1: 0.105033, 0.392449, 0.086170, 0.082663, 0.019816, 
net a: 0.054087, 0.350930, 0.064562, 0.074980, 0.008198,  weights finished
Aggregating layer 2 ... in OS: biases finished...
net 0: -0.125379, -0.187792, -0.022381, -0.055443, -0.023111, 
net 1: -0.161391, -0.213492, -0.035444, -0.068919, -0.030793, 
net a: -0.143385, -0.200642, -0.028912, -0.062181, -0.026952,  weights finished
Aggregating layer 4 ... in OS: biases finished...
net 0: -0.057944, 0.034061, 0.081097, -0.032993, -0.033834, 
net 1: -0.058032, 0.033686, 0.080451, -0.031804, -0.032372, 
net a: -0.057988, 0.033874, 0.080774, -0.032399, -0.033103,  weights finished
Aggregating layer 6 ... inside SGX: biases finished...
net 0: -42392360.000000, -0.000000, 0.000000, 1636362752.000000, -70631012060626944.000000, 
net 1: -0.000000, 0.000000, -0.000000, -23622502664110080.000000, 0.000000, 
net a: -12.660856, -0.000000, 1051330476443257293234449154048.000000, 1230999141598864513706566378061824.000000, -0.000000,  weights finished
Aggregating layer 8 ... inside SGX: biases finished...
net 0: -0.000000, 0.000000, 0.000000, 517629561868013010944.000000, -0.000000, 
net 1: 70025546499257087082108907693503676416.000000, -0.000000, -2346204042525112681906569216.000000, -0.000000, 83.707863, 
net a: 0.000000, 0.000000, -489297920.000000, 10795776737280.000000, 23305841200145567278070119792640.000000,  weights finished

01:19:15 INFO  [uk.ac.ic.do.fl.se.im.TaskService] (vert.x-worker-thread-1) Number of participants: 2
load weights of p-1: ./results/mnist//proj3/mnist_lenet_c1.weights

tee--- net 0: 0.008243, 0.105763, -0.069097, -0.007205, 0.005538, 
tee--- net 1: 0.000269, 0.085062, -0.055865, -0.014760, -0.003086, 
tee--- net a: 0.004256, 0.095413, -0.062481, -0.010983, 0.001226, 
tee--- net 0: -0.099561, -0.104722, 0.030995, 0.021678, -0.060407, 
tee--- net 1: -0.097602, -0.103529, 0.054866, 0.036311, -0.055857, 
tee--- net a: -0.098582, -0.104126, 0.042931, 0.028995, -0.058132, 
tee--- net 0: -0.170999, 0.420085, -0.229218, -0.255220, -0.033536, 
tee--- net 1: -0.176220, 0.397283, -0.185350, -0.222108, 0.007029, 
tee--- net a: -0.173609, 0.408684, -0.207284, -0.238664, -0.013253, 
tee--- net 0: -0.090191, -0.166523, 0.080584, 0.073879, 0.098051, 
tee--- net 1: -0.085709, -0.151903, 0.079316, 0.081334, 0.062762, 
load weights of p-2: ./results/mnist//proj3/mnist_lenet_c0.weights
Aggregating layer 0 ... in OS: biases finished...
net 0: 0.066879, 0.367668, 0.091889, 0.105109, 0.033295, 
net 1: -0.000557, 0.304150, 0.027352, 0.052647, -0.014284, 
net a: 0.033161, 0.335909, 0.059620, 0.078878, 0.009505,  weights finished
Aggregating layer 2 ... in OS: biases finished...
net 0: -0.140270, -0.196969, -0.029247, -0.057779, -0.021492, 
net 1: -0.120237, -0.185709, -0.019145, -0.057031, -0.025589, 
net a: -0.130254, -0.191339, -0.024196, -0.057405, -0.023541,  weights finished
Aggregating layer 4 ... in OS: biases finished...
net 0: -0.057859, 0.034077, 0.082684, -0.032344, -0.032822, 
net 1: -0.058129, 0.033772, 0.079918, -0.034486, -0.033625, 
net a: -0.057994, 0.033924, 0.081301, -0.033415, -0.033224,  weights finished
Aggregating layer 6 ... inside SGX: biases finished...
net 0: 0.000354, -7016188739191403406715748411005468672.000000, 1822686186479433703495753529949159424.000000, -5768.009766, -0.000000, 
net 1: 0.000000, -0.000000, -37.861362, 85185.757812, 60418560083981833217431628702118051840.000000, 
net a: 18040673538850947072.000000, 485333331672563712.000000, -192129211593392128.000000, -102295727507853554378342400.000000, -6630895142372900864.000000,  weights finished
Aggregating layer 8 ... inside SGX: biases finished...
net 0: 0.000000, -219482656.000000, -0.000000, -0.000000, -10403844236247040.000000, 
net 1: -0.000000, 55080165411491479161929728.000000, -nan, 0.000000, 0.000000, 
net a: -86740058898876596224.000000, 17016972885622784.000000, -0.000000, -0.000000, -0.000000,  weights finished

01:27:40 INFO  [uk.ac.ic.do.fl.se.im.TaskService] (vert.x-worker-thread-1) Number of participants: 2
load weights of p-1: ./results/mnist//proj3/mnist_lenet_c1.weights

tee--- net 0: 0.009324, 0.103070, -0.068440, -0.006223, 0.006841, 
tee--- net 1: 0.000269, 0.085074, -0.055872, -0.014768, -0.003097, 
tee--- net a: 0.004797, 0.094072, -0.062156, -0.010495, 0.001872, 
tee--- net 0: -0.098565, -0.104392, 0.028765, 0.021700, -0.059733, 
tee--- net 1: -0.097597, -0.103529, 0.054871, 0.036307, -0.055859, 
tee--- net a: -0.098081, -0.103960, 0.041818, 0.029004, -0.057796, 
tee--- net 0: -0.166267, 0.408927, -0.229102, -0.253771, -0.040569, 
tee--- net 1: -0.176267, 0.397253, -0.185328, -0.222161, 0.007049, 
tee--- net a: -0.171267, 0.403090, -0.207215, -0.237966, -0.016760, 
tee--- net 0: -0.091815, -0.164898, 0.076181, 0.059569, 0.090716, 
tee--- net 1: -0.085746, -0.151903, 0.079363, 0.081321, 0.062831, 
load weights of p-2: ./results/mnist//proj3/mnist_lenet_c0.weights
Aggregating layer 0 ... in OS: biases finished...
net 0: 0.066241, 0.366227, 0.089199, 0.101676, 0.030769, 
net 1: -0.000517, 0.304207, 0.027399, 0.052664, -0.014265, 
net a: 0.032862, 0.335217, 0.058299, 0.077170, 0.008252,  weights finished
Aggregating layer 2 ... in OS: biases finished...
net 0: -0.142251, -0.197245, -0.027628, -0.057395, -0.023552, 
net 1: -0.120217, -0.185682, -0.019135, -0.057017, -0.025567, 
net a: -0.131234, -0.191463, -0.023381, -0.057206, -0.024560,  weights finished
Aggregating layer 4 ... in OS: biases finished...
net 0: -0.057957, 0.033802, 0.082625, -0.031369, -0.033059, 
net 1: -0.058129, 0.033772, 0.079915, -0.034488, -0.033622, 
net a: -0.058043, 0.033787, 0.081270, -0.032929, -0.033341,  weights finished
Aggregating layer 6 ... inside SGX: biases finished...
net 0: 46641560327188119552.000000, -25632602070748994994176.000000, -127669609489369145540608.000000, 127927444917208217381666737508801576960.000000, -4550386176.000000, 
net 1: 0.000014, -0.000000, -321106804614365184.000000, -7350264147553666923696851255296.000000, -0.000000, 
net a: -0.000000, -1763553024.000000, 0.000000, -8332756891907803318321152.000000, -0.000000,  weights finished
Aggregating layer 8 ... inside SGX: biases finished...
net 0: 393115.937500, 0.000000, -979295494810227441664.000000, 0.000000, 61525569536.000000, 
net 1: 0.002315, 0.000000, 683149664197157621024925917953130496.000000, 2822327073479610859520.000000, 14954560331133237769055909489638637568.000000, 
net a: 42356466614785335118875850702848.000000, -130158353839571114683006976.000000, 11846503473716034979522410446848.000000, 57.022358, 11827565.000000,  weights finished

01:34:35 INFO  [uk.ac.ic.do.fl.se.im.TaskService] (vert.x-worker-thread-1) Number of participants: 2
load weights of p-1: ./results/mnist//proj3/mnist_lenet_c1.weights

tee--- net 0: 0.004807, 0.094083, -0.062157, -0.010485, 0.001892, 
tee--- net 1: 0.004263, 0.095430, -0.062479, -0.010966, 0.001242, 
tee--- net a: 0.004535, 0.094756, -0.062318, -0.010725, 0.001567, 
tee--- net 0: -0.098081, -0.103962, 0.041800, 0.029000, -0.057797, 
tee--- net 1: -0.098584, -0.104128, 0.042910, 0.028979, -0.058135, 
tee--- net a: -0.098332, -0.104045, 0.042355, 0.028990, -0.057966, 
tee--- net 0: -0.171272, 0.403084, -0.207204, -0.237964, -0.016781, 
tee--- net 1: -0.173601, 0.408716, -0.207302, -0.238688, -0.013263, 
tee--- net a: -0.172437, 0.405900, -0.207253, -0.238326, -0.015022, 
tee--- net 0: -0.088789, -0.158407, 0.077778, 0.070411, 0.076820, 
tee--- net 1: -0.087950, -0.159225, 0.079964, 0.077571, 0.080409, 
load weights of p-2: ./results/mnist//proj3/mnist_lenet_c0.weights
Aggregating layer 0 ... in OS: biases finished...
net 0: 0.032939, 0.335293, 0.058378, 0.077240, 0.008320, 
net 1: 0.033293, 0.336030, 0.059744, 0.078982, 0.009598, 
net a: 0.033116, 0.335662, 0.059061, 0.078111, 0.008959,  weights finished
Aggregating layer 2 ... in OS: biases finished...
net 0: -0.131254, -0.191482, -0.023396, -0.057211, -0.024557, 
net 1: -0.130279, -0.191349, -0.024204, -0.057408, -0.023544, 
net a: -0.130766, -0.191415, -0.023800, -0.057310, -0.024051,  weights finished
Aggregating layer 4 ... in OS: biases finished...
net 0: -0.058043, 0.033787, 0.081271, -0.032927, -0.033339, 
net 1: -0.057994, 0.033926, 0.081310, -0.033405, -0.033214, 
net a: -0.058018, 0.033856, 0.081291, -0.033166, -0.033276,  weights finished
Aggregating layer 6 ... inside SGX: biases finished...
net 0: -0.000000, 416.111603, 30.631647, -0.000000, -0.000000, 
net 1: 6937536656048128.000000, -0.000000, -1681416192919824276948132370071945216.000000, -4786966980615776063455232.000000, -0.000000, 
net a: 0.000000, -0.000000, -0.000000, 0.000000, 117571394084599234560.000000,  weights finished
Aggregating layer 8 ... inside SGX: biases finished...
net 0: -59601421082435578990273641840640.000000, -0.000000, 0.000000, -0.000155, -61519523840.000000, 
net 1: 0.000000, -0.000000, 1235011239936.000000, -29779348735019911237821798478736523264.000000, -106964174157795746572664832.000000, 
net a: 0.000000, 0.000000, 0.000000, 0.000000, -120249.289062,  weights finished

