10:28:20 INFO  [io.qu.sc.ru.SimpleScheduler] (Quarkus Main Thread) No scheduled business methods found - Simple scheduler will not be started
10:28:20 INFO  [io.sm.re.me.kafka] (Quarkus Main Thread) SRMSG18229: Configured topics for channel 'client-done-tasks': [client-done-tasks]
10:28:20 INFO  [io.sm.re.me.kafka] (Quarkus Main Thread) SRMSG18214: Key deserializer omitted, using String as default
10:28:20 INFO  [or.ap.ka.co.se.au.AbstractLogin] (smallrye-kafka-consumer-thread-0) Successfully logged in.
10:28:20 INFO  [io.sm.re.me.kafka] (Quarkus Main Thread) SRMSG18229: Configured topics for channel 'incoming-server-todo-tasks': [server-todo-tasks]
10:28:20 INFO  [io.sm.re.me.kafka] (Quarkus Main Thread) SRMSG18214: Key deserializer omitted, using String as default
10:28:20 WARN  [or.ap.ka.cl.co.ConsumerConfig] (smallrye-kafka-consumer-thread-1) These configurations '[max.request.size]' were supplied but are not used yet.
10:28:20 INFO  [io.sm.re.me.kafka] (smallrye-kafka-producer-thread-0) SRMSG18258: Kafka producer kafka-producer-client-todo-tasks, connected to Kafka brokers 'pkc-41mxj.uksouth.azure.confluent.cloud:9092', is configured to write records to 'client-todo-tasks'
10:28:20 INFO  [io.sm.re.me.kafka] (smallrye-kafka-producer-thread-1) SRMSG18258: Kafka producer kafka-producer-outgoing-server-todo-tasks, connected to Kafka brokers 'pkc-41mxj.uksouth.azure.confluent.cloud:9092', is configured to write records to 'server-todo-tasks'
10:28:20 INFO  [io.sm.re.me.kafka] (smallrye-kafka-consumer-thread-0) SRMSG18257: Kafka consumer kafka-consumer-client-done-tasks, connected to Kafka brokers 'pkc-41mxj.uksouth.azure.confluent.cloud:9092', belongs to the 'fleet-server' consumer group and is configured to poll records from [client-done-tasks]
10:28:20 INFO  [io.sm.re.me.kafka] (smallrye-kafka-consumer-thread-1) SRMSG18257: Kafka consumer kafka-consumer-incoming-server-todo-tasks, connected to Kafka brokers 'pkc-41mxj.uksouth.azure.confluent.cloud:9092', belongs to the 'fleet-server' consumer group and is configured to poll records from [server-todo-tasks]
10:28:21 INFO  [io.quarkus] (Quarkus Main Thread) fleet-server 1.0.0-SNAPSHOT on JVM (powered by Quarkus 3.0.3.Final) started in 7.732s. Listening on: http://0.0.0.0:8080 and https://0.0.0.0:8443
10:28:21 INFO  [io.quarkus] (Quarkus Main Thread) Profile dev activated. Live Coding activated.
10:28:21 INFO  [io.quarkus] (Quarkus Main Thread) Installed features: [agroal, cdi, hibernate-orm, hibernate-orm-panache, jdbc-h2, jdbc-mysql, kafka-client, micrometer, narayana-jta, rest-client-reactive, resteasy-reactive, resteasy-reactive-jackson, scheduler, security, security-jpa, smallrye-context-propagation, smallrye-reactive-messaging, smallrye-reactive-messaging-kafka, spring-data-jpa, spring-di, vertx]
10:28:23 INFO  [io.sm.re.me.kafka] (smallrye-kafka-consumer-thread-1) SRMSG18224: Executing consumer revoked re-balance listener for group 'fleet-server'
13:17:38 INFO  [io.sm.re.me.kafka] (vert.x-eventloop-thread-1) SRMSG18256: Initialize record store for topic-partition 'client-done-tasks-0' at position 1369.
13:20:04 INFO  [io.sm.re.me.kafka] (vert.x-eventloop-thread-0) SRMSG18256: Initialize record store for topic-partition 'server-todo-tasks-0' at position 239.
13:20:04 INFO  [uk.ac.ic.do.fl.se.im.TaskService] (vert.x-worker-thread-1) outlier_fractions=[0.0, 0.0, 0.0]
13:20:04 INFO  [uk.ac.ic.do.fl.se.im.TaskService] (vert.x-worker-thread-1) Number of participants: 3
load weights of p-1: ./results/mnist//proj4/mnist_lenet_c1.weights
load weights of p-2: ./results/mnist//proj4/mnist_lenet_c2.weights

tee--- net 0: -0.018797, 0.125166, -0.079069, -0.033370, -0.006915, 
tee--- net 1: -0.017326, 0.002175, -0.000616, -0.007794, -0.008716, 
tee--- net 1: 0.002207, 0.004894, -0.009512, -0.009178, -0.010254, 
tee--- net a: -0.011306, 0.044078, -0.029732, -0.016780, -0.008628, 
tee--- net 0: -0.106014, -0.115387, 0.042227, 0.015462, -0.052195, 
tee--- net 1: -0.103393, -0.096750, 0.074602, 0.072236, -0.040535, 
tee--- net 1: -0.099314, -0.097626, 0.086056, 0.086801, -0.039834, 
tee--- net a: -0.102907, -0.103254, 0.067628, 0.058166, -0.044188, 
tee--- net 0: -0.313821, 1.042892, -0.467836, -0.198241, -0.173598, 
tee--- net 1: -0.011528, 0.044776, -0.026982, -0.021727, -0.014322, 
tee--- net 1: -0.030417, 0.061432, -0.027517, -0.027492, 0.014781, 
tee--- net a: -0.118589, 0.383033, -0.174112, -0.082487, -0.057713, 
tee--- net 0: -0.073752, -0.171530, 0.062571, 0.061838, -0.006435, 
tee--- net 1: -0.065174, -0.117386, 0.081437, 0.103602, 0.027982, 
tee--- net 1: -0.061074, -0.116613, 0.074126, 0.096515, 0.017159, 
load weights of p-3: ./results/mnist//proj4/mnist_lenet_c0.weights
Aggregating layer 0 ... in OS: biases finished...
net 0: -0.106073, 0.199845, -0.061397, -0.019967, -0.089626, 
net 0: -0.106073, 0.199845, -0.061397, -0.019967, -0.089626, 
net 1: -0.084174, 0.222514, -0.045681, -0.001851, -0.063489, 
net 2: -0.072706, 0.233941, -0.036971, -0.000876, -0.069966, 
net a: -0.087651, 0.218766, -0.048016, -0.007565, -0.074361,  weights finished
Aggregating layer 2 ... in OS: biases finished...
net 0: -0.083125, -0.143632, 0.013187, -0.047042, -0.010891, 
net 0: -0.083125, -0.143632, 0.013187, -0.047042, -0.010891, 
net 1: -0.084691, -0.152176, 0.005195, -0.055650, -0.013223, 
net 2: -0.089104, -0.154266, 0.006733, -0.045514, -0.021531, 
net a: -0.085640, -0.150025, 0.008372, -0.049402, -0.015215,  weights finished
Aggregating layer 4 ... in OS: biases finished...
net 0: -0.053794, 0.049482, 0.078978, -0.036317, -0.029391, 
net 0: -0.053794, 0.049482, 0.078978, -0.036317, -0.029391, 
net 1: -0.058145, 0.033057, 0.078727, -0.036706, -0.036562, 
net 2: -0.057869, 0.034036, 0.082077, -0.036924, -0.034831, 
net a: -0.056603, 0.038858, 0.079927, -0.036649, -0.033595,  weights finished
Aggregating layer 6 ... inside SGX: biases finished...
net 0: 8733758324736.000000, -12400117.000000, 0.000000, -60331564520701952.000000, -0.000000, 
net 1: 110725940243182125056.000000, 179635582740085239447552.000000, -0.000000, 0.000000, 2380.761475, 
net 2: -26784019689739649024.000000, -230265002744663244800.000000, 142723161312526195849760375570432.000000, -1767.426514, -0.000000, 
net a: -40234434287912498069997401145344.000000, -72930859941888.000000, 447898181435392.000000, 1.281251, 11522279473152.000000,  weights finished
Aggregating layer 8 ... inside SGX: biases finished...
net 0: -0.000000, -710256.437500, 0.000000, -0.000000, 1227915537566937951056425888595836928.000000, 
net 1: -54017470092888062168572996091904.000000, -0.000000, -15060261208008400306176.000000, -0.000005, 16996764462859918758308120804047454208.000000, 
net 2: 0.000000, 0.000000, -564498955746579387956122659848192.000000, 0.000000, 0.000000, 
net a: 0.000000, -44376752.000000, 0.000000, -0.000000, -1514663308813795890036736.000000,  weights finished

13:29:30 INFO  [uk.ac.ic.do.fl.se.im.TaskService] (vert.x-worker-thread-1) outlier_fractions=[0.0, 0.0, 0.0]
13:29:30 INFO  [uk.ac.ic.do.fl.se.im.TaskService] (vert.x-worker-thread-1) Number of participants: 3
load weights of p-1: ./results/mnist//proj4/mnist_lenet_c1.weights
load weights of p-2: ./results/mnist//proj4/mnist_lenet_c2.weights

tee--- net 0: 0.007175, 0.082658, -0.069120, 0.000682, -0.007647, 
tee--- net 1: -0.011205, 0.044173, -0.029574, -0.016657, -0.008343, 
tee--- net 1: -0.011025, 0.044186, -0.029584, -0.016715, -0.008324, 
tee--- net a: -0.005018, 0.057005, -0.042759, -0.010897, -0.008104, 
tee--- net 0: -0.108853, -0.112143, 0.060195, 0.041677, -0.047237, 
tee--- net 1: -0.102911, -0.103263, 0.067615, 0.058138, -0.044181, 
tee--- net 1: -0.102878, -0.103259, 0.067668, 0.058149, -0.044178, 
tee--- net a: -0.104881, -0.106221, 0.065159, 0.052655, -0.045199, 
tee--- net 0: -0.185051, 0.770422, -0.349167, -0.123547, -0.238603, 
tee--- net 1: -0.118205, 0.381933, -0.173535, -0.082436, -0.057271, 
tee--- net 1: -0.118343, 0.381808, -0.173474, -0.082769, -0.057070, 
tee--- net a: -0.140533, 0.511388, -0.232059, -0.096251, -0.117648, 
tee--- net 0: -0.055202, -0.145033, 0.101656, 0.068341, -0.004633, 
tee--- net 1: -0.066717, -0.135218, 0.072745, 0.087339, 0.012897, 
tee--- net 1: -0.066679, -0.135241, 0.072701, 0.087313, 0.012844, 
load weights of p-3: ./results/mnist//proj4/mnist_lenet_c0.weights
Aggregating layer 0 ... in OS: biases finished...
net 0: -0.072361, 0.226942, -0.043676, -0.001883, -0.055037, 
net 0: -0.072361, 0.226942, -0.043676, -0.001883, -0.055037, 
net 1: -0.087596, 0.218818, -0.047927, -0.007474, -0.074271, 
net 2: -0.087546, 0.218873, -0.047916, -0.007479, -0.074304, 
net a: -0.082501, 0.221544, -0.046506, -0.005612, -0.067871,  weights finished
Aggregating layer 2 ... in OS: biases finished...
net 0: -0.084715, -0.147953, 0.008368, -0.047523, -0.011980, 
net 0: -0.084715, -0.147953, 0.008368, -0.047523, -0.011980, 
net 1: -0.085649, -0.150008, 0.008348, -0.049423, -0.015208, 
net 2: -0.085645, -0.150029, 0.008375, -0.049393, -0.015215, 
net a: -0.085336, -0.149330, 0.008364, -0.048780, -0.014134,  weights finished
Aggregating layer 4 ... in OS: biases finished...
net 0: -0.051639, 0.047140, 0.081353, -0.035933, -0.031200, 
net 0: -0.051639, 0.047140, 0.081353, -0.035933, -0.031200, 
net 1: -0.056584, 0.038890, 0.079957, -0.036620, -0.033584, 
net 2: -0.056592, 0.038894, 0.079969, -0.036605, -0.033578, 
net a: -0.054938, 0.041641, 0.080426, -0.036386, -0.032787,  weights finished
Aggregating layer 6 ... inside SGX: biases finished...
net 0: -99372415057920.000000, 0.000000, 0.000000, 0.050482, 0.000001, 
net 1: -0.000000, 30306677428797821785109897936896.000000, 0.000000, 35415843146646501200876273664.000000, 0.000000, 
net 2: 0.000000, 0.000000, 1803831607296.000000, -0.000000, -0.000000, 
net a: -0.000000, -0.000000, -95079942556487778304.000000, -0.008865, -28.240919,  weights finished
Aggregating layer 8 ... inside SGX: biases finished...
net 0: 0.000000, -896640744166925486472107487395840.000000, 0.000004, -0.000000, -39207872510335096477037302382592.000000, 
net 1: -0.000000, 0.000000, 2001813504.000000, -985500286976.000000, -nan, 
net 2: 0.000000, -2638830.750000, 0.000000, 180.265457, -225903755264.000000, 
net a: -245266256.000000, -0.000000, -0.000000, -0.000000, -426477711188295680.000000,  weights finished

13:38:56 INFO  [uk.ac.ic.do.fl.se.im.TaskService] (vert.x-worker-thread-1) outlier_fractions=[0.0, 0.0, 0.0]
13:38:56 INFO  [uk.ac.ic.do.fl.se.im.TaskService] (vert.x-worker-thread-1) Number of participants: 3
load weights of p-1: ./results/mnist//proj4/mnist_lenet_c1.weights
load weights of p-2: ./results/mnist//proj4/mnist_lenet_c2.weights

tee--- net 0: 0.008639, 0.075306, -0.054235, 0.003513, -0.005598, 
tee--- net 1: -0.004962, 0.057068, -0.042729, -0.010867, -0.008036, 
tee--- net 1: -0.004971, 0.057059, -0.042750, -0.010842, -0.008027, 
tee--- net a: -0.000431, 0.063144, -0.046571, -0.006065, -0.007220, 
tee--- net 0: -0.107324, -0.108665, 0.059993, 0.041881, -0.045973, 
tee--- net 1: -0.104870, -0.106226, 0.065162, 0.052634, -0.045204, 
tee--- net 1: -0.104881, -0.106233, 0.065172, 0.052630, -0.045201, 
tee--- net a: -0.105691, -0.107041, 0.063442, 0.049048, -0.045459, 
tee--- net 0: -0.158955, 0.670286, -0.302112, -0.113812, -0.192992, 
tee--- net 1: -0.140591, 0.511338, -0.232001, -0.096330, -0.117491, 
tee--- net 1: -0.140521, 0.511358, -0.232089, -0.096345, -0.117556, 
tee--- net a: -0.146689, 0.564327, -0.255401, -0.102162, -0.142680, 
tee--- net 0: -0.071649, -0.151201, 0.090805, 0.072295, 0.016762, 
tee--- net 1: -0.062880, -0.138535, 0.082402, 0.080971, 0.007006, 
tee--- net 1: -0.062863, -0.138531, 0.082379, 0.080983, 0.007022, 
load weights of p-3: ./results/mnist//proj4/mnist_lenet_c0.weights
Aggregating layer 0 ... in OS: biases finished...
net 0: -0.077887, 0.222022, -0.047179, -0.005994, -0.063431, 
net 0: -0.077887, 0.222022, -0.047179, -0.005994, -0.063431, 
net 1: -0.082416, 0.221619, -0.046451, -0.005562, -0.067818, 
net 2: -0.082417, 0.221609, -0.046446, -0.005559, -0.067804, 
net a: -0.080907, 0.221750, -0.046692, -0.005705, -0.066351,  weights finished
Aggregating layer 2 ... in OS: biases finished...
net 0: -0.084920, -0.147601, 0.009144, -0.046827, -0.012447, 
net 0: -0.084920, -0.147601, 0.009144, -0.046827, -0.012447, 
net 1: -0.085333, -0.149331, 0.008362, -0.048780, -0.014132, 
net 2: -0.085335, -0.149331, 0.008357, -0.048785, -0.014131, 
net a: -0.085196, -0.148754, 0.008621, -0.048131, -0.013570,  weights finished
Aggregating layer 4 ... in OS: biases finished...
net 0: -0.053690, 0.045995, 0.079750, -0.037746, -0.029738, 
net 0: -0.053690, 0.045995, 0.079750, -0.037746, -0.029738, 
net 1: -0.054931, 0.041659, 0.080441, -0.036373, -0.032778, 
net 2: -0.054927, 0.041662, 0.080447, -0.036363, -0.032778, 
net a: -0.054516, 0.043105, 0.080213, -0.036827, -0.031765,  weights finished
Aggregating layer 6 ... inside SGX: biases finished...
net 0: -0.000000, -0.000000, 0.000000, 0.000000, -127802.406250, 
net 1: 878553.437500, -45782841745895063552.000000, 7366205724981405459415040.000000, -0.000000, 0.000000, 
net 2: -27057.861328, -226612569708871485828862466194407424.000000, -62136625659904.000000, 1169607622951847686399913361408.000000, -0.003655, 
net a: 0.000000, -18606744141824.000000, 0.000000, -2810098305296223675875328.000000, 0.000000,  weights finished
Aggregating layer 8 ... inside SGX: biases finished...
net 0: 0.000000, -0.000000, 0.000000, -0.000000, 1055242604521322649177763216359424.000000, 
net 1: -119817.437500, 7.642470, -11211323043315996005383536640.000000, -0.000000, 9075709824267714560.000000, 
net 2: 36078783739480869404572682460061499392.000000, -9724.466797, -1748819393722509633627164698732396544.000000, -8148419754359158468006379520.000000, -13042.471680, 
net a: -0.000000, 0.000000, -10373535105024.000000, 9356644436489181981322702558871945216.000000, 437965.906250,  weights finished

13:48:26 INFO  [uk.ac.ic.do.fl.se.im.TaskService] (vert.x-worker-thread-1) outlier_fractions=[0.0, 0.0, 0.0]
13:48:26 INFO  [uk.ac.ic.do.fl.se.im.TaskService] (vert.x-worker-thread-1) Number of participants: 3
load weights of p-1: ./results/mnist//proj4/mnist_lenet_c1.weights
load weights of p-2: ./results/mnist//proj4/mnist_lenet_c2.weights

tee--- net 0: 0.006722, 0.073837, -0.054010, 0.001001, -0.007301, 
tee--- net 1: -0.000416, 0.063165, -0.046565, -0.006057, -0.007196, 
tee--- net 1: -0.000415, 0.063157, -0.046553, -0.006054, -0.007204, 
tee--- net a: 0.001964, 0.066720, -0.049043, -0.003703, -0.007233, 
tee--- net 0: -0.107475, -0.108943, 0.062697, 0.043436, -0.045649, 
tee--- net 1: -0.105692, -0.107043, 0.063450, 0.049048, -0.045462, 
tee--- net 1: -0.105693, -0.107044, 0.063448, 0.049040, -0.045460, 
tee--- net a: -0.106287, -0.107677, 0.063199, 0.047175, -0.045524, 
tee--- net 0: -0.155349, 0.645854, -0.294138, -0.115594, -0.189293, 
tee--- net 1: -0.146695, 0.564360, -0.255455, -0.102178, -0.142658, 
tee--- net 1: -0.146685, 0.564347, -0.255431, -0.102190, -0.142685, 
tee--- net a: -0.149576, 0.591520, -0.268342, -0.106654, -0.158212, 
tee--- net 0: -0.073042, -0.151292, 0.095668, 0.075590, 0.007611, 
tee--- net 1: -0.065824, -0.142765, 0.085210, 0.078074, 0.010246, 
tee--- net 1: -0.065788, -0.142769, 0.085220, 0.078069, 0.010288, 
load weights of p-3: ./results/mnist//proj4/mnist_lenet_c0.weights
Aggregating layer 0 ... in OS: biases finished...
net 0: -0.078127, 0.223531, -0.044715, -0.003325, -0.062381, 
net 0: -0.078127, 0.223531, -0.044715, -0.003325, -0.062381, 
net 1: -0.080888, 0.221752, -0.046701, -0.005706, -0.066347, 
net 2: -0.080891, 0.221760, -0.046687, -0.005701, -0.066339, 
net a: -0.079969, 0.222347, -0.046034, -0.004911, -0.065023,  weights finished
Aggregating layer 2 ... in OS: biases finished...
net 0: -0.084571, -0.147795, 0.008662, -0.047821, -0.012771, 
net 0: -0.084571, -0.147795, 0.008662, -0.047821, -0.012771, 
net 1: -0.085196, -0.148754, 0.008620, -0.048130, -0.013569, 
net 2: -0.085196, -0.148754, 0.008620, -0.048131, -0.013569, 
net a: -0.084988, -0.148434, 0.008634, -0.048028, -0.013303,  weights finished
Aggregating layer 4 ... in OS: biases finished...
net 0: -0.052733, 0.045633, 0.079173, -0.037888, -0.030744, 
net 0: -0.052733, 0.045633, 0.079173, -0.037888, -0.030744, 
net 1: -0.054508, 0.043116, 0.080222, -0.036820, -0.031757, 
net 2: -0.054509, 0.043114, 0.080216, -0.036826, -0.031761, 
net a: -0.053917, 0.043954, 0.079870, -0.037178, -0.031421,  weights finished
Aggregating layer 6 ... inside SGX: biases finished...
net 0: 0.000000, -0.000000, -0.000000, 13754965.000000, -18.506767, 
net 1: 0.000000, -315678228480.000000, 0.000000, -0.000000, -0.000000, 
net 2: -1679305987578015566801141760.000000, 0.000000, 0.000000, -0.000000, 183607171844407296.000000, 
net a: -0.000000, -29946787137025641432395782058672128.000000, -59.044788, 0.000000, 52558661517312046841987072.000000,  weights finished
Aggregating layer 8 ... inside SGX: biases finished...
net 0: 0.000000, -19412826112.000000, 0.000000, -385189812614725632.000000, -478928.718750, 
net 1: -0.000000, -22351934652416.000000, -75583158823725397641789440.000000, -0.000012, 0.000000, 
net 2: 0.000000, -15307809503786892073271033856.000000, -0.000000, 623289037113633829552128.000000, -79567248908620587132609106469812436992.000000, 
net a: 0.000000, 56194781675520.000000, -443091765428022941843456.000000, 34290550375032698005299422679793664.000000, -0.000000,  weights finished

13:57:55 INFO  [uk.ac.ic.do.fl.se.im.TaskService] (vert.x-worker-thread-1) outlier_fractions=[0.0, 0.0, 0.0]
13:57:55 INFO  [uk.ac.ic.do.fl.se.im.TaskService] (vert.x-worker-thread-1) Number of participants: 3
load weights of p-1: ./results/mnist//proj4/mnist_lenet_c1.weights
load weights of p-2: ./results/mnist//proj4/mnist_lenet_c2.weights

tee--- net 0: 0.006104, 0.072121, -0.052909, 0.001255, -0.007417, 
tee--- net 1: 0.001969, 0.066736, -0.049034, -0.003698, -0.007227, 
tee--- net 1: 0.001972, 0.066728, -0.049042, -0.003696, -0.007223, 
tee--- net a: 0.003348, 0.068528, -0.050328, -0.002046, -0.007289, 
tee--- net 0: -0.106583, -0.108954, 0.063494, 0.041460, -0.046248, 
tee--- net 1: -0.106290, -0.107679, 0.063203, 0.047158, -0.045523, 
tee--- net 1: -0.106288, -0.107679, 0.063202, 0.047165, -0.045524, 
tee--- net a: -0.106387, -0.108104, 0.063299, 0.045261, -0.045765, 
tee--- net 0: -0.155033, 0.642117, -0.291817, -0.113000, -0.185071, 
tee--- net 1: -0.149574, 0.591569, -0.268376, -0.106688, -0.158229, 
tee--- net 1: -0.149588, 0.591550, -0.268388, -0.106674, -0.158211, 
tee--- net a: -0.151398, 0.608412, -0.276193, -0.108787, -0.167170, 
tee--- net 0: -0.076023, -0.149075, 0.098425, 0.072198, 0.008185, 
tee--- net 1: -0.068206, -0.145617, 0.088696, 0.077234, 0.009382, 
tee--- net 1: -0.068227, -0.145614, 0.088688, 0.077239, 0.009379, 
load weights of p-3: ./results/mnist//proj4/mnist_lenet_c0.weights
Aggregating layer 0 ... in OS: biases finished...
net 0: -0.077349, 0.223842, -0.045618, -0.004645, -0.064161, 
net 0: -0.077349, 0.223842, -0.045618, -0.004645, -0.064161, 
net 1: -0.079965, 0.222349, -0.046035, -0.004911, -0.065020, 
net 2: -0.079962, 0.222352, -0.046031, -0.004905, -0.065014, 
net a: -0.079092, 0.222848, -0.045894, -0.004820, -0.064732,  weights finished
Aggregating layer 2 ... in OS: biases finished...
net 0: -0.084536, -0.147627, 0.009185, -0.047622, -0.012684, 
net 0: -0.084536, -0.147627, 0.009185, -0.047622, -0.012684, 
net 1: -0.084988, -0.148434, 0.008633, -0.048029, -0.013304, 
net 2: -0.084989, -0.148434, 0.008634, -0.048028, -0.013303, 
net a: -0.084838, -0.148165, 0.008817, -0.047893, -0.013097,  weights finished
Aggregating layer 4 ... in OS: biases finished...
net 0: -0.053837, 0.044544, 0.078808, -0.037827, -0.030439, 
net 0: -0.053837, 0.044544, 0.078808, -0.037827, -0.030439, 
net 1: -0.053914, 0.043958, 0.079873, -0.037175, -0.031417, 
net 2: -0.053915, 0.043957, 0.079870, -0.037173, -0.031417, 
net a: -0.053889, 0.044153, 0.079517, -0.037392, -0.031091,  weights finished
Aggregating layer 6 ... inside SGX: biases finished...
net 0: 0.000000, 0.000001, -442505846328131806706500013312180224.000000, -0.000000, 22630582272.000000, 
net 1: 0.000000, -0.000007, -0.000000, 0.000000, 0.000000, 
net 2: -26892160186568651321039993842958336.000000, -0.002915, 1251817627722973184.000000, -8616418476032.000000, 0.000000, 
net a: 0.000000, -60213184954368.000000, -0.000000, 0.000000, -0.000000,  weights finished
Aggregating layer 8 ... inside SGX: biases finished...
net 0: -10109239427072.000000, 1601476.125000, 3133065216.000000, 0.000000, 0.000000, 
net 1: -0.000000, 1080940612130777524315619328.000000, 8122081120092160.000000, 0.000000, 65749924457426857230336.000000, 
net 2: 0.000000, 0.000000, 0.000000, -3868.048828, -1514230120448.000000, 
net a: 0.000000, 0.000000, 17094234562832690325749760.000000, 0.008542, 4134.935547,  weights finished

14:07:22 INFO  [uk.ac.ic.do.fl.se.im.TaskService] (vert.x-worker-thread-2) outlier_fractions=[0.0, 0.0, 0.0]
14:07:22 INFO  [uk.ac.ic.do.fl.se.im.TaskService] (vert.x-worker-thread-2) Number of participants: 3
load weights of p-1: ./results/mnist//proj4/mnist_lenet_c1.weights
load weights of p-2: ./results/mnist//proj4/mnist_lenet_c2.weights

tee--- net 0: 0.006151, 0.072057, -0.052571, 0.001683, -0.007001, 
tee--- net 1: 0.003352, 0.068530, -0.050331, -0.002045, -0.007284, 
tee--- net 1: 0.003354, 0.068531, -0.050327, -0.002043, -0.007283, 
tee--- net a: 0.004286, 0.069706, -0.051076, -0.000802, -0.007189, 
tee--- net 0: -0.106973, -0.108492, 0.061735, 0.041986, -0.045969, 
tee--- net 1: -0.106387, -0.108105, 0.063300, 0.045262, -0.045764, 
tee--- net 1: -0.106387, -0.108104, 0.063295, 0.045254, -0.045766, 
tee--- net a: -0.106582, -0.108234, 0.062777, 0.044167, -0.045833, 
tee--- net 0: -0.157819, 0.643924, -0.290484, -0.113584, -0.186483, 
tee--- net 1: -0.151407, 0.608444, -0.276212, -0.108801, -0.167180, 
tee--- net 1: -0.151406, 0.608447, -0.276221, -0.108784, -0.167180, 
tee--- net a: -0.153544, 0.620271, -0.280972, -0.110390, -0.173615, 
tee--- net 0: -0.072759, -0.148812, 0.098873, 0.070601, 0.007276, 
tee--- net 1: -0.070828, -0.146772, 0.091941, 0.075552, 0.008986, 
tee--- net 1: -0.070817, -0.146773, 0.091941, 0.075541, 0.008974, 
load weights of p-3: ./results/mnist//proj4/mnist_lenet_c0.weights
Aggregating layer 0 ... in OS: biases finished...
net 0: -0.077279, 0.223974, -0.046103, -0.004725, -0.064059, 
net 0: -0.077279, 0.223974, -0.046103, -0.004725, -0.064059, 
net 1: -0.079094, 0.222846, -0.045897, -0.004824, -0.064735, 
net 2: -0.079088, 0.222850, -0.045893, -0.004818, -0.064729, 
net a: -0.078487, 0.223223, -0.045964, -0.004789, -0.064508,  weights finished
Aggregating layer 2 ... in OS: biases finished...
net 0: -0.084656, -0.147835, 0.009205, -0.047422, -0.012642, 
net 0: -0.084656, -0.147835, 0.009205, -0.047422, -0.012642, 
net 1: -0.084838, -0.148166, 0.008817, -0.047893, -0.013097, 
net 2: -0.084838, -0.148165, 0.008818, -0.047892, -0.013097, 
net a: -0.084777, -0.148055, 0.008947, -0.047736, -0.012945,  weights finished
Aggregating layer 4 ... in OS: biases finished...
net 0: -0.053773, 0.044404, 0.078451, -0.038216, -0.030990, 
net 0: -0.053773, 0.044404, 0.078451, -0.038216, -0.030990, 
net 1: -0.053887, 0.044155, 0.079517, -0.037393, -0.031090, 
net 2: -0.053888, 0.044155, 0.079519, -0.037390, -0.031088, 
net a: -0.053849, 0.044238, 0.079162, -0.037666, -0.031056,  weights finished
Aggregating layer 6 ... inside SGX: biases finished...
net 0: -0.000000, 70793288806978653042434308571136.000000, 2293627085296444029009920.000000, 0.000000, -0.000958, 
net 1: -1.435890, 0.000000, -0.000000, -512297856.000000, 7316330204259994090077436248064.000000, 
net 2: 1828327106618505356509006094401536.000000, 0.000000, 0.000000, -0.000000, -0.428027, 
net a: 0.000345, -10435799868854655726751920032841728.000000, 0.000000, 309134108289569391973579249843961856.000000, -4005765120.000000,  weights finished
Aggregating layer 8 ... inside SGX: biases finished...
net 0: 0.000000, -0.000000, -522326709626732544.000000, -41308400238055037324413108224.000000, -0.000000, 
net 1: -114394692321280.000000, -0.000000, -260412650716219394740007405654900736.000000, 0.030598, 37605002124772172774768640.000000, 
net 2: -755934404741206900736.000000, -282227264.000000, -1073.815918, 39413050521784777621635072.000000, -2568268456441622288758996992.000000, 
net a: -17598444679053446017893319006853529600.000000, 0.000000, -0.000000, -0.000000, 24253191684096.000000,  weights finished

14:16:47 INFO  [uk.ac.ic.do.fl.se.im.TaskService] (vert.x-worker-thread-2) outlier_fractions=[0.0, 0.0, 0.0]
14:16:47 INFO  [uk.ac.ic.do.fl.se.im.TaskService] (vert.x-worker-thread-2) Number of participants: 3
load weights of p-1: ./results/mnist//proj4/mnist_lenet_c1.weights
load weights of p-2: ./results/mnist//proj4/mnist_lenet_c2.weights

tee--- net 0: 0.006374, 0.071595, -0.052795, 0.002284, -0.007427, 
tee--- net 1: 0.004289, 0.069706, -0.051073, -0.000799, -0.007185, 
tee--- net 1: 0.004287, 0.069710, -0.051078, -0.000801, -0.007187, 
tee--- net a: 0.004983, 0.070337, -0.051649, 0.000228, -0.007266, 
tee--- net 0: -0.106871, -0.108356, 0.061384, 0.042132, -0.046293, 
tee--- net 1: -0.106583, -0.108234, 0.062774, 0.044165, -0.045834, 
tee--- net 1: -0.106582, -0.108234, 0.062781, 0.044164, -0.045834, 
tee--- net a: -0.106678, -0.108275, 0.062313, 0.043487, -0.045987, 
tee--- net 0: -0.156163, 0.642887, -0.293571, -0.112226, -0.188074, 
tee--- net 1: -0.153542, 0.620297, -0.280991, -0.110398, -0.173630, 
tee--- net 1: -0.153547, 0.620296, -0.280980, -0.110394, -0.173625, 
tee--- net a: -0.154417, 0.627827, -0.285181, -0.111006, -0.178443, 
tee--- net 0: -0.073971, -0.148711, 0.098060, 0.069351, 0.010835, 
tee--- net 1: -0.071465, -0.147453, 0.094251, 0.073894, 0.008415, 
tee--- net 1: -0.071462, -0.147456, 0.094252, 0.073892, 0.008420, 
load weights of p-3: ./results/mnist//proj4/mnist_lenet_c0.weights
Aggregating layer 0 ... in OS: biases finished...
net 0: -0.077564, 0.223367, -0.046819, -0.005562, -0.064835, 
net 0: -0.077564, 0.223367, -0.046819, -0.005562, -0.064835, 
net 1: -0.078484, 0.223225, -0.045963, -0.004788, -0.064506, 
net 2: -0.078485, 0.223224, -0.045965, -0.004789, -0.064506, 
net a: -0.078178, 0.223272, -0.046249, -0.005046, -0.064615,  weights finished
Aggregating layer 2 ... in OS: biases finished...
net 0: -0.084598, -0.147620, 0.009286, -0.047539, -0.012746, 
net 0: -0.084598, -0.147620, 0.009286, -0.047539, -0.012746, 
net 1: -0.084778, -0.148055, 0.008947, -0.047735, -0.012944, 
net 2: -0.084777, -0.148054, 0.008947, -0.047735, -0.012945, 
net a: -0.084718, -0.147910, 0.009060, -0.047670, -0.012878,  weights finished
Aggregating layer 4 ... in OS: biases finished...
net 0: -0.053619, 0.044806, 0.078665, -0.037733, -0.030281, 
net 0: -0.053619, 0.044806, 0.078665, -0.037733, -0.030281, 
net 1: -0.053849, 0.044238, 0.079162, -0.037665, -0.031055, 
net 2: -0.053849, 0.044238, 0.079162, -0.037667, -0.031056, 
net a: -0.053772, 0.044427, 0.078996, -0.037688, -0.030797,  weights finished
Aggregating layer 6 ... inside SGX: biases finished...
net 0: -0.000000, 28.379259, -139575920291280322560.000000, 0.000000, 37177210590482231550345984767739035648.000000, 
net 1: -63293297118824461832806203392.000000, 0.000000, 7510309605572079028934090424320.000000, -2318846208.000000, -336501399517124362240.000000, 
net 2: 35232226604116301072809688494505984.000000, -0.000018, -865209294613861971787776.000000, -0.000000, 0.000000, 
net a: 0.000000, 0.000000, 593563.562500, 438931664351431248314368.000000, 0.000000,  weights finished
Aggregating layer 8 ... inside SGX: biases finished...
net 0: 98291460440326144.000000, 0.000000, -0.000000, -29165557384991803474534700773506285568.000000, -0.000000, 
net 1: -0.000000, -38773.109375, -0.000000, -0.000000, 0.000123, 
net 2: -1933086665211904.000000, 2069592335724931331734783662227456.000000, 6515363151872.000000, 314907449914001931629382680292859314176.000000, -0.000000, 
net a: -125044407664640.000000, -0.000000, 2381745.500000, 279140192223232.000000, 19362417357321404416.000000,  weights finished

14:26:15 INFO  [uk.ac.ic.do.fl.se.im.TaskService] (vert.x-worker-thread-2) outlier_fractions=[0.0, 0.0, 0.0]
14:26:15 INFO  [uk.ac.ic.do.fl.se.im.TaskService] (vert.x-worker-thread-2) Number of participants: 3
load weights of p-1: ./results/mnist//proj4/mnist_lenet_c1.weights
load weights of p-2: ./results/mnist//proj4/mnist_lenet_c2.weights

tee--- net 0: 0.006512, 0.072919, -0.052762, 0.002542, -0.007576, 
tee--- net 1: 0.004986, 0.070337, -0.051649, 0.000229, -0.007265, 
tee--- net 1: 0.004986, 0.070339, -0.051650, 0.000231, -0.007265, 
tee--- net a: 0.005495, 0.071198, -0.052020, 0.001001, -0.007369, 
tee--- net 0: -0.106967, -0.108794, 0.061529, 0.040941, -0.045758, 
tee--- net 1: -0.106678, -0.108275, 0.062314, 0.043483, -0.045987, 
tee--- net 1: -0.106679, -0.108275, 0.062312, 0.043486, -0.045987, 
tee--- net a: -0.106775, -0.108448, 0.062052, 0.042637, -0.045911, 
tee--- net 0: -0.157241, 0.647200, -0.292802, -0.114468, -0.189719, 
tee--- net 1: -0.154411, 0.627844, -0.285194, -0.111008, -0.178450, 
tee--- net 1: -0.154417, 0.627840, -0.285190, -0.111009, -0.178460, 
tee--- net a: -0.155356, 0.634295, -0.287729, -0.112162, -0.182210, 
tee--- net 0: -0.071977, -0.149563, 0.097651, 0.070782, 0.010056, 
tee--- net 1: -0.072301, -0.147875, 0.095531, 0.072379, 0.009227, 
tee--- net 1: -0.072303, -0.147873, 0.095521, 0.072376, 0.009227, 
load weights of p-3: ./results/mnist//proj4/mnist_lenet_c0.weights
Aggregating layer 0 ... in OS: biases finished...
net 0: -0.077347, 0.223754, -0.046099, -0.005108, -0.064453, 
net 0: -0.077347, 0.223754, -0.046099, -0.005108, -0.064453, 
net 1: -0.078180, 0.223270, -0.046252, -0.005049, -0.064617, 
net 2: -0.078178, 0.223271, -0.046251, -0.005048, -0.064617, 
net a: -0.077902, 0.223431, -0.046201, -0.005068, -0.064562,  weights finished
Aggregating layer 2 ... in OS: biases finished...
net 0: -0.084710, -0.147639, 0.009361, -0.047472, -0.012780, 
net 0: -0.084710, -0.147639, 0.009361, -0.047472, -0.012780, 
net 1: -0.084717, -0.147910, 0.009060, -0.047670, -0.012878, 
net 2: -0.084718, -0.147910, 0.009060, -0.047670, -0.012878, 
net a: -0.084715, -0.147819, 0.009160, -0.047604, -0.012846,  weights finished
Aggregating layer 4 ... in OS: biases finished...
net 0: -0.053410, 0.044948, 0.078718, -0.037514, -0.029922, 
net 0: -0.053410, 0.044948, 0.078718, -0.037514, -0.029922, 
net 1: -0.053772, 0.044427, 0.078994, -0.037690, -0.030796, 
net 2: -0.053773, 0.044427, 0.078995, -0.037687, -0.030795, 
net a: -0.053652, 0.044601, 0.078902, -0.037630, -0.030505,  weights finished
Aggregating layer 6 ... inside SGX: biases finished...
net 0: -0.000000, 0.000000, 234230170907903524699717500928.000000, -7555204096.000000, -0.000000, 
net 1: -0.000047, -0.000000, -11614313834494180606934786697592832.000000, 9364703232.000000, 0.000000, 
net 2: -17496487200456722461374682234880.000000, -0.000000, -853387611831565792628520779776.000000, 3779812130816.000000, 81290202728475299654685163520.000000, 
net a: -12769750450749170363212119408640.000000, 2168122067917575729184768.000000, 3782.877930, -111874097911034833652416512.000000, 0.000000,  weights finished
Aggregating layer 8 ... inside SGX: biases finished...
net 0: -0.000000, -0.000000, -0.000000, 0.000000, -34549173226349527040.000000, 
net 1: 18197130040573952.000000, -937103533661830811461544312832.000000, 0.000000, -16207751.000000, 0.000000, 
net 2: 0.000000, 0.000015, -164887410618425735890101823268016095232.000000, 65475366683026548259974121699409920.000000, -0.028561, 
net a: -1090049661237916406037848938088759296.000000, 0.000000, -162324240.000000, 1072402.250000, 103382720.000000,  weights finished

14:35:41 INFO  [uk.ac.ic.do.fl.se.im.TaskService] (vert.x-worker-thread-2) outlier_fractions=[0.0, 0.0, 0.0]
14:35:41 INFO  [uk.ac.ic.do.fl.se.im.TaskService] (vert.x-worker-thread-2) Number of participants: 3
load weights of p-1: ./results/mnist//proj4/mnist_lenet_c1.weights
load weights of p-2: ./results/mnist//proj4/mnist_lenet_c2.weights

tee--- net 0: 0.006731, 0.072399, -0.053147, 0.002795, -0.007289, 
tee--- net 1: 0.005496, 0.071199, -0.052021, 0.001003, -0.007368, 
tee--- net 1: 0.005497, 0.071199, -0.052021, 0.001002, -0.007368, 
tee--- net a: 0.005908, 0.071599, -0.052396, 0.001600, -0.007342, 
tee--- net 0: -0.106900, -0.108548, 0.062044, 0.041594, -0.045751, 
tee--- net 1: -0.106775, -0.108448, 0.062052, 0.042636, -0.045911, 
tee--- net 1: -0.106774, -0.108448, 0.062050, 0.042639, -0.045910, 
tee--- net a: -0.106816, -0.108481, 0.062049, 0.042290, -0.045857, 
tee--- net 0: -0.157022, 0.649121, -0.293812, -0.113219, -0.191663, 
tee--- net 1: -0.155355, 0.634306, -0.287739, -0.112165, -0.182217, 
tee--- net 1: -0.155358, 0.634311, -0.287739, -0.112166, -0.182221, 
tee--- net a: -0.155912, 0.639246, -0.289763, -0.112517, -0.185367, 
tee--- net 0: -0.074542, -0.149935, 0.097397, 0.070294, 0.009839, 
tee--- net 1: -0.072194, -0.148437, 0.096236, 0.071846, 0.009510, 
tee--- net 1: -0.072196, -0.148438, 0.096234, 0.071845, 0.009501, 
load weights of p-3: ./results/mnist//proj4/mnist_lenet_c0.weights
Aggregating layer 0 ... in OS: biases finished...
net 0: -0.077106, 0.224109, -0.045982, -0.005175, -0.064441, 
net 0: -0.077106, 0.224109, -0.045982, -0.005175, -0.064441, 
net 1: -0.077901, 0.223432, -0.046201, -0.005068, -0.064561, 
net 2: -0.077901, 0.223433, -0.046200, -0.005067, -0.064561, 
net a: -0.077636, 0.223658, -0.046128, -0.005104, -0.064521,  weights finished
Aggregating layer 2 ... in OS: biases finished...
net 0: -0.084582, -0.147591, 0.009385, -0.047541, -0.012731, 
net 0: -0.084582, -0.147591, 0.009385, -0.047541, -0.012731, 
net 1: -0.084715, -0.147819, 0.009161, -0.047603, -0.012845, 
net 2: -0.084715, -0.147819, 0.009160, -0.047604, -0.012846, 
net a: -0.084671, -0.147743, 0.009235, -0.047583, -0.012807,  weights finished
Aggregating layer 4 ... in OS: biases finished...
net 0: -0.053317, 0.045186, 0.078662, -0.037846, -0.029982, 
net 0: -0.053317, 0.045186, 0.078662, -0.037846, -0.029982, 
net 1: -0.053652, 0.044601, 0.078902, -0.037630, -0.030505, 
net 2: -0.053652, 0.044601, 0.078903, -0.037629, -0.030504, 
net a: -0.053540, 0.044796, 0.078822, -0.037702, -0.030330,  weights finished
Aggregating layer 6 ... inside SGX: biases finished...
net 0: -0.001643, -375084853010140105801728.000000, 0.000000, 75825394174091762396981777924096.000000, -76431786137389674488853494906694402048.000000, 
net 1: 0.000000, -0.000000, 13741.549805, 771.802490, -0.000000, 
net 2: 20.869928, 0.000000, 0.000000, -27848.701172, -0.000000, 
net a: -6493614584685891337985196032.000000, -480498538527064064.000000, 445922240.000000, 251035821929398272.000000, 67520498888328871936.000000,  weights finished
Aggregating layer 8 ... inside SGX: biases finished...
net 0: -22.288780, 180486663286779019264.000000, -40511907471249814552676030180239605760.000000, -0.000000, -6330372017359528105294411023052177408.000000, 
net 1: 0.000000, -0.000000, -395513728.000000, 12466026612523008.000000, 0.000000, 
net 2: 36251298309665929143822368799281119232.000000, -130361730393055144948821965930496.000000, -3331115450368.000000, 0.000000, 0.000000, 
net a: -3966301614476732923904.000000, -0.000000, -0.000000, -0.000000, -0.000000,  weights finished

14:45:04 INFO  [uk.ac.ic.do.fl.se.im.TaskService] (vert.x-worker-thread-2) outlier_fractions=[0.0, 0.0, 0.0]
14:45:04 INFO  [uk.ac.ic.do.fl.se.im.TaskService] (vert.x-worker-thread-2) Number of participants: 3
load weights of p-1: ./results/mnist//proj4/mnist_lenet_c1.weights
load weights of p-2: ./results/mnist//proj4/mnist_lenet_c2.weights

tee--- net 0: 0.006488, 0.072583, -0.053479, 0.002960, -0.007372, 
tee--- net 1: 0.005908, 0.071600, -0.052396, 0.001602, -0.007340, 
tee--- net 1: 0.005908, 0.071600, -0.052398, 0.001602, -0.007341, 
tee--- net a: 0.006101, 0.071928, -0.052757, 0.002055, -0.007351, 
tee--- net 0: -0.106971, -0.108791, 0.061921, 0.040595, -0.045801, 
tee--- net 1: -0.106816, -0.108481, 0.062048, 0.042290, -0.045857, 
tee--- net 1: -0.106816, -0.108481, 0.062048, 0.042289, -0.045857, 
tee--- net a: -0.106868, -0.108584, 0.062006, 0.041725, -0.045839, 
tee--- net 0: -0.157548, 0.650107, -0.295619, -0.113804, -0.191877, 
tee--- net 1: -0.155911, 0.639256, -0.289769, -0.112518, -0.185375, 
tee--- net 1: -0.155912, 0.639254, -0.289766, -0.112518, -0.185375, 
tee--- net a: -0.156457, 0.642872, -0.291718, -0.112947, -0.187542, 
tee--- net 0: -0.073430, -0.149748, 0.098599, 0.070071, 0.008889, 
tee--- net 1: -0.072976, -0.148938, 0.096629, 0.071331, 0.009616, 
tee--- net 1: -0.072977, -0.148938, 0.096630, 0.071327, 0.009620, 
load weights of p-3: ./results/mnist//proj4/mnist_lenet_c0.weights
Aggregating layer 0 ... in OS: biases finished...
net 0: -0.076976, 0.224146, -0.046056, -0.005246, -0.064631, 
net 0: -0.076976, 0.224146, -0.046056, -0.005246, -0.064631, 
net 1: -0.077635, 0.223659, -0.046127, -0.005103, -0.064520, 
net 2: -0.077636, 0.223657, -0.046129, -0.005104, -0.064521, 
net a: -0.077416, 0.223821, -0.046104, -0.005151, -0.064557,  weights finished
Aggregating layer 2 ... in OS: biases finished...
net 0: -0.084586, -0.147541, 0.009419, -0.047473, -0.012717, 
net 0: -0.084586, -0.147541, 0.009419, -0.047473, -0.012717, 
net 1: -0.084671, -0.147743, 0.009236, -0.047583, -0.012807, 
net 2: -0.084671, -0.147743, 0.009236, -0.047583, -0.012807, 
net a: -0.084642, -0.147676, 0.009297, -0.047546, -0.012777,  weights finished
Aggregating layer 4 ... in OS: biases finished...
net 0: -0.053483, 0.045093, 0.078471, -0.038252, -0.030270, 
net 0: -0.053483, 0.045093, 0.078471, -0.038252, -0.030270, 
net 1: -0.053541, 0.044795, 0.078822, -0.037702, -0.030330, 
net 2: -0.053540, 0.044796, 0.078823, -0.037700, -0.030329, 
net a: -0.053521, 0.044895, 0.078705, -0.037885, -0.030310,  weights finished
Aggregating layer 6 ... inside SGX: biases finished...
net 0: 0.000000, 27049189354898769924147924838066946048.000000, 1.958537, 0.000000, 0.000000, 
net 1: -27158644552683673878528.000000, -0.000000, 0.000000, -nan, 0.003387, 
net 2: 2223633839870610322973786112.000000, -615816638191994224876191727222784.000000, 1559613136988625131305999269888.000000, 0.000000, -0.000000, 
net a: 202098656.000000, -0.000000, 3956517416309965897350923681792.000000, 0.000000, -0.000000,  weights finished
Aggregating layer 8 ... inside SGX: biases finished...
net 0: -67796497099845784156805265358848.000000, -0.000000, 0.000000, 0.235220, 0.000000, 
net 1: -0.000000, -0.000000, -682226966593536.000000, 66100700119040.000000, -0.000000, 
net 2: 0.000000, -7886191770303167155142656.000000, 0.000000, -83449960.000000, 987405147330052096.000000, 
net a: -5618373026295840768.000000, -5278607276013843626676738169241600.000000, -0.000000, 1231469713556297868883562407657472.000000, -0.000000,  weights finished

