20:55:16 INFO  [or.hi.to.sc.in.ex.GenerationTargetToDatabase] (JPA Startup Thread) HHH000476: Executing script 'file:/home/hh2119/workspace/java/fleet/target/classes/import.sql'
20:55:16 INFO  [io.qu.sc.ru.SimpleScheduler] (Quarkus Main Thread) No scheduled business methods found - Simple scheduler will not be started
20:55:16 INFO  [io.sm.re.me.kafka] (Quarkus Main Thread) SRMSG18229: Configured topics for channel 'client-done-tasks': [client-done-tasks]
20:55:16 INFO  [io.sm.re.me.kafka] (Quarkus Main Thread) SRMSG18214: Key deserializer omitted, using String as default
20:55:16 INFO  [or.ap.ka.co.se.au.AbstractLogin] (smallrye-kafka-consumer-thread-0) Successfully logged in.
20:55:17 INFO  [io.sm.re.me.kafka] (Quarkus Main Thread) SRMSG18229: Configured topics for channel 'incoming-server-todo-tasks': [server-todo-tasks]
20:55:17 INFO  [io.sm.re.me.kafka] (Quarkus Main Thread) SRMSG18214: Key deserializer omitted, using String as default
20:55:17 WARN  [or.ap.ka.cl.co.ConsumerConfig] (smallrye-kafka-consumer-thread-1) These configurations '[max.request.size]' were supplied but are not used yet.
20:55:17 INFO  [io.sm.re.me.kafka] (smallrye-kafka-producer-thread-0) SRMSG18258: Kafka producer kafka-producer-client-todo-tasks, connected to Kafka brokers 'pkc-41mxj.uksouth.azure.confluent.cloud:9092', is configured to write records to 'client-todo-tasks'
20:55:17 INFO  [io.sm.re.me.kafka] (smallrye-kafka-producer-thread-1) SRMSG18258: Kafka producer kafka-producer-outgoing-server-todo-tasks, connected to Kafka brokers 'pkc-41mxj.uksouth.azure.confluent.cloud:9092', is configured to write records to 'server-todo-tasks'
20:55:17 INFO  [io.sm.re.me.kafka] (smallrye-kafka-consumer-thread-0) SRMSG18257: Kafka consumer kafka-consumer-client-done-tasks, connected to Kafka brokers 'pkc-41mxj.uksouth.azure.confluent.cloud:9092', belongs to the 'fleet-server' consumer group and is configured to poll records from [client-done-tasks]
20:55:17 INFO  [io.sm.re.me.kafka] (smallrye-kafka-consumer-thread-1) SRMSG18257: Kafka consumer kafka-consumer-incoming-server-todo-tasks, connected to Kafka brokers 'pkc-41mxj.uksouth.azure.confluent.cloud:9092', belongs to the 'fleet-server' consumer group and is configured to poll records from [server-todo-tasks]
20:55:18 INFO  [io.quarkus] (Quarkus Main Thread) fleet-server 1.0.0-SNAPSHOT on JVM (powered by Quarkus 3.0.3.Final) started in 27.606s. Listening on: http://0.0.0.0:8080 and https://0.0.0.0:8443
20:55:18 INFO  [io.quarkus] (Quarkus Main Thread) Profile dev activated. Live Coding activated.
20:55:18 INFO  [io.quarkus] (Quarkus Main Thread) Installed features: [agroal, cdi, hibernate-orm, hibernate-orm-panache, jdbc-h2, jdbc-mysql, kafka-client, micrometer, narayana-jta, rest-client-reactive, resteasy-reactive, resteasy-reactive-jackson, scheduler, security, security-jpa, smallrye-context-propagation, smallrye-reactive-messaging, smallrye-reactive-messaging-kafka, spring-data-jpa, spring-di, vertx]
21:06:36 INFO  [io.sm.re.me.kafka] (vert.x-eventloop-thread-0) SRMSG18256: Initialize record store for topic-partition 'client-done-tasks-0' at position 1285.
21:09:41 INFO  [io.sm.re.me.kafka] (vert.x-eventloop-thread-1) SRMSG18256: Initialize record store for topic-partition 'server-todo-tasks-0' at position 209.
21:09:42 INFO  [uk.ac.ic.do.fl.se.im.TaskService] (vert.x-worker-thread-2) Number of participants: 3
load weights of p-1: ./results/mnist//proj1/mnist_lenet_c1.weights
load weights of p-2: ./results/mnist//proj1/mnist_lenet_c2.weights

tee--- net 0: -0.096203, 0.291638, -0.024131, -0.027714, 0.002043, 
tee--- net 1: 0.008280, 0.003675, -0.011055, -0.006770, -0.005244, 
tee--- net 1: -0.012053, 0.006598, -0.021591, -0.001281, -0.009241, 
tee--- net a: -0.033325, 0.100637, -0.018926, -0.011922, -0.004147, 
tee--- net 0: -0.111546, -0.100236, 0.076810, 0.062435, -0.060369, 
tee--- net 1: -0.098273, -0.098633, 0.089496, 0.082793, -0.040055, 
tee--- net 1: -0.103519, -0.096805, 0.082460, 0.076720, -0.036806, 
tee--- net a: -0.104446, -0.098558, 0.082922, 0.073982, -0.045743, 
tee--- net 0: -0.448636, 0.873681, -0.251408, -0.319871, 0.030482, 
tee--- net 1: -0.026311, 0.064114, -0.017986, -0.015555, -0.011821, 
tee--- net 1: -0.026988, 0.061753, -0.008614, -0.031424, 0.000495, 
tee--- net a: -0.167312, 0.333183, -0.092670, -0.122283, 0.006385, 
tee--- net 0: -0.080387, -0.213917, 0.104045, 0.058802, 0.053219, 
tee--- net 1: -0.052018, -0.116418, 0.080583, 0.098974, 0.031682, 
tee--- net 1: -0.052070, -0.115111, 0.075957, 0.102768, 0.017588, 
load weights of p-3: ./results/mnist//proj1/mnist_lenet_c0.weights
Aggregating layer 0 ... in OS: biases finished...
net 0: -0.111626, 0.204113, -0.047862, -0.009630, -0.065402, 
net 1: -0.092694, 0.214718, -0.058705, -0.020772, -0.087874, 
net 2: -0.085139, 0.225369, -0.031301, 0.006302, -0.062111, 
net a: -0.096486, 0.214733, -0.045956, -0.008034, -0.071796,  weights finished
Aggregating layer 2 ... in OS: biases finished...
net 0: -0.082047, -0.150098, -0.000696, -0.061939, -0.021634, 
net 1: -0.085048, -0.151883, 0.006057, -0.045234, -0.014453, 
net 2: -0.084331, -0.155228, -0.004536, -0.064113, -0.029134, 
net a: -0.083809, -0.152403, 0.000275, -0.057095, -0.021740,  weights finished
Aggregating layer 4 ... in OS: biases finished...
net 0: -0.046119, 0.053941, 0.067526, -0.036898, -0.027051, 
net 1: -0.057994, 0.033808, 0.079675, -0.037131, -0.036794, 
net 2: -0.057928, 0.033929, 0.079301, -0.039560, -0.036448, 
net a: -0.054014, 0.040559, 0.075501, -0.037863, -0.033431,  weights finished
Aggregating layer 6 ... inside SGX: biases finished...
net 0: -0.000000, -0.000000, -0.000000, -236376707687722710374285312.000000, 1002007058581617682049671364608.000000, 
net 1: 6936335258500974923554705215848448.000000, -0.000000, 335241438860757783992028102656.000000, -439419647557632.000000, 0.000000, 
net 2: 0.006846, 0.000000, -513004809528279040.000000, 83978277094286741670922678685401088.000000, 33708447951379310699347968.000000, 
net a: 100941108547375834095471116156928.000000, -0.000000, 0.000000, -0.001990, -0.000000,  weights finished
Aggregating layer 8 ... inside SGX: biases finished...
net 0: -2.944905, -0.000000, 0.000000, 8389131871179316618330112.000000, 3640326594037284864.000000, 
net 1: 0.000000, 5784314149103701327872.000000, 882679532464493728371596466902269952.000000, -0.000000, -668528724691972245837467090944.000000, 
net 2: 0.000000, 761507676160.000000, 2072799870976.000000, -877221108208073486833089256443871232.000000, 0.000000, 
net a: -22268120925300850688.000000, 0.000000, 2138810047469263175811072.000000, 2185058.500000, -37042839904968883402964992.000000,  weights finished

21:19:42 INFO  [uk.ac.ic.do.fl.se.im.TaskService] (vert.x-worker-thread-2) Number of participants: 3
load weights of p-1: ./results/mnist//proj1/mnist_lenet_c1.weights
load weights of p-2: ./results/mnist//proj1/mnist_lenet_c2.weights

tee--- net 0: -0.052629, 0.183158, -0.024536, -0.013055, 0.005350, 
tee--- net 1: -0.033268, 0.100679, -0.018724, -0.011828, -0.003894, 
tee--- net 1: -0.033195, 0.100906, -0.018561, -0.011782, -0.003857, 
tee--- net a: -0.039697, 0.128248, -0.020607, -0.012222, -0.000800, 
tee--- net 0: -0.109086, -0.098565, 0.082291, 0.057363, -0.049195, 
tee--- net 1: -0.104431, -0.098557, 0.082930, 0.074008, -0.045765, 
tee--- net 1: -0.104442, -0.098559, 0.082920, 0.073999, -0.045767, 
tee--- net a: -0.105986, -0.098560, 0.082714, 0.068456, -0.046909, 
tee--- net 0: -0.253009, 0.549629, -0.209886, -0.214279, -0.094197, 
tee--- net 1: -0.166896, 0.332214, -0.092296, -0.122245, 0.006457, 
tee--- net 1: -0.167172, 0.332237, -0.092594, -0.122089, 0.006593, 
tee--- net a: -0.195692, 0.404693, -0.131592, -0.152871, -0.027049, 
tee--- net 0: -0.091365, -0.171774, 0.133186, 0.024757, 0.028288, 
tee--- net 1: -0.061466, -0.148489, 0.086902, 0.086825, 0.034281, 
tee--- net 1: -0.061467, -0.148479, 0.086990, 0.086795, 0.034311, 
load weights of p-3: ./results/mnist//proj1/mnist_lenet_c0.weights
Aggregating layer 0 ... in OS: biases finished...
net 0: -0.087874, 0.230012, -0.020468, 0.013395, -0.059088, 
net 1: -0.096415, 0.214846, -0.045821, -0.007915, -0.071670, 
net 2: -0.096443, 0.214847, -0.045772, -0.007839, -0.071626, 
net a: -0.093577, 0.219902, -0.037354, -0.000787, -0.067461,  weights finished
Aggregating layer 2 ... in OS: biases finished...
net 0: -0.084804, -0.155848, -0.007346, -0.059257, -0.022266, 
net 1: -0.083820, -0.152420, 0.000251, -0.057097, -0.021740, 
net 2: -0.083811, -0.152397, 0.000264, -0.057105, -0.021748, 
net a: -0.084145, -0.153555, -0.002277, -0.057820, -0.021918,  weights finished
Aggregating layer 4 ... in OS: biases finished...
net 0: -0.051495, 0.045931, 0.068750, -0.043312, -0.028031, 
net 1: -0.054005, 0.040575, 0.075528, -0.037823, -0.033391, 
net 2: -0.054012, 0.040573, 0.075526, -0.037832, -0.033394, 
net a: -0.053171, 0.042360, 0.073268, -0.039656, -0.031605,  weights finished
Aggregating layer 6 ... inside SGX: biases finished...
net 0: -2087705378816.000000, -238566491456232488960.000000, 0.000000, -1222218764755073162115284992.000000, 0.000000, 
net 1: 0.000000, 1285316895905660063493311635421921280.000000, -0.000000, 0.000000, -0.000000, 
net 2: 13512127908200318554326689896202240.000000, -0.000000, -2375953558599644654008391140638720.000000, 0.000000, 0.000000, 
net a: -0.000000, -0.000000, 0.000000, -14279847565023500700227855875833856.000000, 992515391488.000000,  weights finished
Aggregating layer 8 ... inside SGX: biases finished...
net 0: -244.693146, 17191223332585529376727116572455337984.000000, 0.000000, 0.000003, -0.000000, 
net 1: -0.000000, 0.000000, -0.000000, 0.000000, -11205850875362803712.000000, 
net 2: 4096424068970752763756544.000000, -0.000000, -0.000000, 1948133.125000, 0.000000, 
net a: 0.000000, 989150662202107235401728.000000, 95.775719, -0.000000, 0.000000,  weights finished

21:29:22 INFO  [uk.ac.ic.do.fl.se.im.TaskService] (vert.x-worker-thread-2) Number of participants: 3
load weights of p-1: ./results/mnist//proj1/mnist_lenet_c1.weights
load weights of p-2: ./results/mnist//proj1/mnist_lenet_c2.weights

tee--- net 0: -0.041167, 0.165532, -0.024476, -0.009095, 0.006846, 
tee--- net 1: -0.039696, 0.128315, -0.020537, -0.012176, -0.000724, 
tee--- net 1: -0.039697, 0.128336, -0.020501, -0.012195, -0.000739, 
tee--- net a: -0.040186, 0.140728, -0.021838, -0.011155, 0.001794, 
tee--- net 0: -0.105056, -0.099867, 0.082935, 0.059553, -0.047328, 
tee--- net 1: -0.105981, -0.098561, 0.082714, 0.068450, -0.046914, 
tee--- net 1: -0.105986, -0.098562, 0.082712, 0.068417, -0.046910, 
tee--- net a: -0.105674, -0.098997, 0.082787, 0.065473, -0.047051, 
tee--- net 0: -0.217854, 0.485514, -0.187480, -0.203425, -0.075188, 
tee--- net 1: -0.195604, 0.404702, -0.131644, -0.152878, -0.027129, 
tee--- net 1: -0.195639, 0.404635, -0.131675, -0.152871, -0.027085, 
tee--- net a: -0.203032, 0.431617, -0.150266, -0.169725, -0.043134, 
tee--- net 0: -0.083786, -0.157408, 0.115039, 0.040307, 0.046591, 
tee--- net 1: -0.071456, -0.156255, 0.102402, 0.066037, 0.032342, 
tee--- net 1: -0.071424, -0.156244, 0.102391, 0.066042, 0.032342, 
load weights of p-3: ./results/mnist//proj1/mnist_lenet_c0.weights
Aggregating layer 0 ... in OS: biases finished...
net 0: -0.088084, 0.228089, -0.026647, 0.012794, -0.055953, 
net 1: -0.093545, 0.219964, -0.037280, -0.000722, -0.067406, 
net 2: -0.093527, 0.219980, -0.037264, -0.000706, -0.067401, 
net a: -0.091719, 0.222678, -0.033730, 0.003789, -0.063587,  weights finished
Aggregating layer 2 ... in OS: biases finished...
net 0: -0.083729, -0.155106, -0.005883, -0.059442, -0.023073, 
net 1: -0.084150, -0.153561, -0.002287, -0.057818, -0.021918, 
net 2: -0.084155, -0.153565, -0.002282, -0.057815, -0.021918, 
net a: -0.084011, -0.154077, -0.003484, -0.058358, -0.022303,  weights finished
Aggregating layer 4 ... in OS: biases finished...
net 0: -0.052334, 0.045091, 0.071928, -0.041466, -0.028700, 
net 1: -0.053167, 0.042370, 0.073278, -0.039645, -0.031591, 
net 2: -0.053165, 0.042368, 0.073268, -0.039651, -0.031596, 
net a: -0.052889, 0.043276, 0.072824, -0.040254, -0.030629,  weights finished
Aggregating layer 6 ... inside SGX: biases finished...
net 0: -0.000000, 0.000000, -621.656616, -0.000000, 8675998405754682720340934656.000000, 
net 1: -1740419478107279263360467599360.000000, 0.000000, -0.000000, 0.000027, -417090640215993521171555017203646464.000000, 
net 2: -0.000000, 2476626825432977637376.000000, -3.142292, -4963478016.000000, 54250478204895306448896.000000, 
net a: -5.336872, -32564558544520018204815261696.000000, 0.000000, 0.000000, 0.000000,  weights finished
Aggregating layer 8 ... inside SGX: biases finished...
net 0: -0.000000, -0.000000, 0.000000, -275685569611375575183598573122977005568.000000, 0.000000, 
net 1: 35378576648035203242985554497320779776.000000, -0.000000, -282505786041565184.000000, 0.000000, 523661669758912766144413696.000000, 
net 2: 0.000000, -0.000000, 0.000000, 160910236986227294208.000000, -0.000000, 
net a: 32973775708137564667904.000000, -80245304.000000, 24.495661, -6837247860683575394304.000000, -0.000143,  weights finished

21:38:53 INFO  [uk.ac.ic.do.fl.se.im.TaskService] (vert.x-worker-thread-2) Number of participants: 3
load weights of p-1: ./results/mnist//proj1/mnist_lenet_c1.weights
load weights of p-2: ./results/mnist//proj1/mnist_lenet_c2.weights

tee--- net 0: -0.042936, 0.158058, -0.020001, -0.010512, 0.003454, 
tee--- net 1: -0.040189, 0.140770, -0.021808, -0.011148, 0.001819, 
tee--- net 1: -0.040184, 0.140770, -0.021815, -0.011134, 0.001818, 
tee--- net a: -0.041103, 0.146533, -0.021208, -0.010931, 0.002363, 
tee--- net 0: -0.108025, -0.099457, 0.082892, 0.058395, -0.047789, 
tee--- net 1: -0.105676, -0.098997, 0.082787, 0.065463, -0.047054, 
tee--- net 1: -0.105676, -0.098997, 0.082786, 0.065466, -0.047051, 
tee--- net a: -0.106459, -0.099150, 0.082822, 0.063108, -0.047298, 
tee--- net 0: -0.216601, 0.478575, -0.185027, -0.195764, -0.072190, 
tee--- net 1: -0.203030, 0.431621, -0.150278, -0.169773, -0.043154, 
tee--- net 1: -0.203040, 0.431632, -0.150296, -0.169724, -0.043180, 
tee--- net a: -0.207557, 0.447276, -0.161867, -0.178420, -0.052841, 
tee--- net 0: -0.083666, -0.157656, 0.126833, 0.035363, 0.041194, 
tee--- net 1: -0.075539, -0.156638, 0.106680, 0.057428, 0.037119, 
tee--- net 1: -0.075579, -0.156643, 0.106632, 0.057402, 0.037160, 
load weights of p-3: ./results/mnist//proj1/mnist_lenet_c0.weights
Aggregating layer 0 ... in OS: biases finished...
net 0: -0.087906, 0.227924, -0.027336, 0.009344, -0.059521, 
net 1: -0.091702, 0.222703, -0.033700, 0.003815, -0.063566, 
net 2: -0.091693, 0.222715, -0.033686, 0.003830, -0.063545, 
net a: -0.090434, 0.224447, -0.031574, 0.005663, -0.062211,  weights finished
Aggregating layer 2 ... in OS: biases finished...
net 0: -0.084881, -0.155983, -0.006205, -0.059000, -0.022518, 
net 1: -0.084014, -0.154082, -0.003493, -0.058361, -0.022302, 
net 2: -0.084015, -0.154083, -0.003488, -0.058358, -0.022302, 
net a: -0.084303, -0.154716, -0.004396, -0.058573, -0.022374,  weights finished
Aggregating layer 4 ... in OS: biases finished...
net 0: -0.051792, 0.045332, 0.070693, -0.042929, -0.030456, 
net 1: -0.052887, 0.043281, 0.072828, -0.040258, -0.030625, 
net 2: -0.052887, 0.043280, 0.072824, -0.040259, -0.030625, 
net a: -0.052522, 0.043964, 0.072115, -0.041149, -0.030568,  weights finished
Aggregating layer 6 ... inside SGX: biases finished...
net 0: -922382856200087960589695782486016.000000, -210685.765625, 5090304000.000000, 0.000000, 0.000000, 
net 1: 776565589487653196664259215360.000000, 57.773087, -834707970087654075849871720448.000000, -1234459.250000, 1652822590612101248981947171307782144.000000, 
net 2: 8744472719756292575939526656.000000, -35692499435520.000000, -0.000000, 0.000000, 3614222580450465018715569806901248.000000, 
net a: -0.000000, -152424276611796303872.000000, -4212104801195917312.000000, 107121936189491257540608.000000, 84826947584.000000,  weights finished
Aggregating layer 8 ... inside SGX: biases finished...
net 0: -7499.918945, -0.000000, -0.000086, 25576314104730963494680917933293568.000000, -5.344988, 
net 1: 0.000000, 0.000000, 0.000000, -nan, -0.000000, 
net 2: -1759420199469056.000000, 6853718870323101696.000000, 0.018090, 0.002608, -78702293949831422511482404864.000000, 
net a: 0.000000, 32854.828125, -0.000000, -0.000000, -0.000000,  weights finished

21:48:24 INFO  [uk.ac.ic.do.fl.se.im.TaskService] (vert.x-worker-thread-2) Number of participants: 3
load weights of p-1: ./results/mnist//proj1/mnist_lenet_c1.weights
load weights of p-2: ./results/mnist//proj1/mnist_lenet_c2.weights

tee--- net 0: -0.042555, 0.157210, -0.019481, -0.010323, 0.004250, 
tee--- net 1: -0.041105, 0.146558, -0.021199, -0.010929, 0.002377, 
tee--- net 1: -0.041104, 0.146546, -0.021187, -0.010928, 0.002365, 
tee--- net a: -0.041588, 0.150105, -0.020622, -0.010727, 0.002997, 
tee--- net 0: -0.106616, -0.099266, 0.082765, 0.058564, -0.048005, 
tee--- net 1: -0.106459, -0.099151, 0.082822, 0.063102, -0.047297, 
tee--- net 1: -0.106461, -0.099150, 0.082822, 0.063101, -0.047299, 
tee--- net a: -0.106512, -0.099189, 0.082803, 0.061589, -0.047534, 
tee--- net 0: -0.215408, 0.474647, -0.186390, -0.192502, -0.072266, 
tee--- net 1: -0.207559, 0.447308, -0.161883, -0.178450, -0.052869, 
tee--- net 1: -0.207568, 0.447317, -0.161888, -0.178433, -0.052877, 
tee--- net a: -0.210178, 0.456424, -0.170054, -0.183128, -0.059337, 
tee--- net 0: -0.084227, -0.158435, 0.118842, 0.038968, 0.041304, 
tee--- net 1: -0.078277, -0.156983, 0.113386, 0.050045, 0.038497, 
tee--- net 1: -0.078260, -0.156983, 0.113394, 0.050055, 0.038509, 
load weights of p-3: ./results/mnist//proj1/mnist_lenet_c0.weights
Aggregating layer 0 ... in OS: biases finished...
net 0: -0.088059, 0.227925, -0.027112, 0.010519, -0.058285, 
net 1: -0.090421, 0.224463, -0.031556, 0.005681, -0.062199, 
net 2: -0.090424, 0.224465, -0.031554, 0.005679, -0.062197, 
net a: -0.089635, 0.225618, -0.030074, 0.007293, -0.060894,  weights finished
Aggregating layer 2 ... in OS: biases finished...
net 0: -0.084610, -0.155714, -0.006400, -0.059661, -0.022394, 
net 1: -0.084305, -0.154720, -0.004399, -0.058574, -0.022374, 
net 2: -0.084306, -0.154718, -0.004396, -0.058573, -0.022375, 
net a: -0.084407, -0.155051, -0.005065, -0.058936, -0.022381,  weights finished
Aggregating layer 4 ... in OS: biases finished...
net 0: -0.051849, 0.044866, 0.070682, -0.042904, -0.029705, 
net 1: -0.052521, 0.043966, 0.072114, -0.041151, -0.030567, 
net 2: -0.052520, 0.043966, 0.072116, -0.041152, -0.030569, 
net a: -0.052297, 0.044266, 0.071637, -0.041736, -0.030280,  weights finished
Aggregating layer 6 ... inside SGX: biases finished...
net 0: 0.000000, -0.000000, -144758827978845763790397815914496.000000, 0.000000, 0.000000, 
net 1: -0.000000, -75155624725195727568896.000000, 0.000000, -2357021038428911019368362691178528768.000000, -64957.738281, 
net 2: -0.000000, 0.000000, 44690300.000000, 335670003063811170034461442048.000000, 0.000000, 
net a: 0.000000, -19.252771, 0.000000, 0.000000, -0.000000,  weights finished
Aggregating layer 8 ... inside SGX: biases finished...
net 0: 0.000000, -0.000000, -0.000000, -0.000060, 636.915527, 
net 1: 210595423482544128.000000, -0.000000, 26671769600.000000, 0.000000, 155702558720.000000, 
net 2: -15753666263332683776.000000, 113.853798, 0.000000, 0.000000, -0.000000, 
net a: -0.000000, -0.000000, 0.000000, -852261701943296.000000, -0.000000,  weights finished

21:57:54 INFO  [uk.ac.ic.do.fl.se.im.TaskService] (vert.x-worker-thread-2) Number of participants: 3
load weights of p-1: ./results/mnist//proj1/mnist_lenet_c1.weights
load weights of p-2: ./results/mnist//proj1/mnist_lenet_c2.weights

tee--- net 0: -0.042158, 0.157348, -0.020929, -0.009845, 0.002467, 
tee--- net 1: -0.041585, 0.150117, -0.020618, -0.010727, 0.003000, 
tee--- net 1: -0.041588, 0.150115, -0.020619, -0.010727, 0.003002, 
tee--- net a: -0.041777, 0.152527, -0.020722, -0.010433, 0.002823, 
tee--- net 0: -0.106494, -0.099615, 0.082739, 0.060180, -0.047958, 
tee--- net 1: -0.106513, -0.099189, 0.082803, 0.061584, -0.047534, 
tee--- net 1: -0.106512, -0.099190, 0.082803, 0.061589, -0.047535, 
tee--- net a: -0.106507, -0.099331, 0.082782, 0.061118, -0.047675, 
tee--- net 0: -0.215042, 0.475026, -0.185513, -0.195339, -0.070603, 
tee--- net 1: -0.210186, 0.456439, -0.170070, -0.183143, -0.059372, 
tee--- net 1: -0.210190, 0.456435, -0.170064, -0.183147, -0.059354, 
tee--- net a: -0.211806, 0.462634, -0.175215, -0.187209, -0.063110, 
tee--- net 0: -0.084142, -0.158587, 0.116849, 0.038282, 0.042995, 
tee--- net 1: -0.080257, -0.157467, 0.115217, 0.046359, 0.039437, 
tee--- net 1: -0.080263, -0.157466, 0.115202, 0.046338, 0.039443, 
load weights of p-3: ./results/mnist//proj1/mnist_lenet_c0.weights
Aggregating layer 0 ... in OS: biases finished...
net 0: -0.089058, 0.227198, -0.028135, 0.009245, -0.059803, 
net 1: -0.089625, 0.225630, -0.030062, 0.007302, -0.060886, 
net 2: -0.089630, 0.225624, -0.030065, 0.007302, -0.060888, 
net a: -0.089437, 0.226151, -0.029421, 0.007950, -0.060526,  weights finished
Aggregating layer 2 ... in OS: biases finished...
net 0: -0.084662, -0.155565, -0.006323, -0.059445, -0.022391, 
net 1: -0.084407, -0.155051, -0.005067, -0.058936, -0.022381, 
net 2: -0.084409, -0.155051, -0.005067, -0.058937, -0.022381, 
net a: -0.084492, -0.155223, -0.005486, -0.059106, -0.022384,  weights finished
Aggregating layer 4 ... in OS: biases finished...
net 0: -0.051857, 0.045029, 0.070637, -0.042806, -0.029636, 
net 1: -0.052295, 0.044268, 0.071637, -0.041736, -0.030280, 
net 2: -0.052296, 0.044268, 0.071638, -0.041734, -0.030277, 
net a: -0.052150, 0.044522, 0.071304, -0.042092, -0.030064,  weights finished
Aggregating layer 6 ... inside SGX: biases finished...
net 0: -253233912253732150575104.000000, -9030771684528881664.000000, 61.916645, -249.352783, -0.003325, 
net 1: -8748410035253308030976.000000, 59216462161641472.000000, 0.000000, -0.000000, -0.000000, 
net 2: 0.000000, 346191210774760783872.000000, -0.000000, -62905298043858926042758512640.000000, 0.000000, 
net a: -0.000000, -0.000000, -0.927699, 0.000003, -0.000000,  weights finished
Aggregating layer 8 ... inside SGX: biases finished...
net 0: 0.000002, 2879493563864575164352120750080.000000, -0.000000, -0.000000, 581872283629162870070324150403072.000000, 
net 1: -0.000000, -376574744708527748373469596745728.000000, 0.000000, 0.000000, 8924587191683907959143381598208.000000, 
net 2: -4725.146973, 0.000000, 0.000000, -0.000000, 0.000000, 
net a: -10.025920, 0.000000, 2693368631202414592.000000, 27893559877173248.000000, 0.001425,  weights finished

22:07:22 INFO  [uk.ac.ic.do.fl.se.im.TaskService] (vert.x-worker-thread-2) Number of participants: 3
load weights of p-1: ./results/mnist//proj1/mnist_lenet_c1.weights
load weights of p-2: ./results/mnist//proj1/mnist_lenet_c2.weights

tee--- net 0: -0.042479, 0.158051, -0.020422, -0.009674, 0.003842, 
tee--- net 1: -0.041777, 0.152530, -0.020718, -0.010431, 0.002827, 
tee--- net 1: -0.041778, 0.152533, -0.020720, -0.010431, 0.002825, 
tee--- net a: -0.042011, 0.154371, -0.020620, -0.010179, 0.003165, 
tee--- net 0: -0.106307, -0.099561, 0.082706, 0.058304, -0.048124, 
tee--- net 1: -0.106508, -0.099332, 0.082782, 0.061113, -0.047676, 
tee--- net 1: -0.106507, -0.099331, 0.082782, 0.061115, -0.047676, 
tee--- net a: -0.106440, -0.099408, 0.082756, 0.060177, -0.047825, 
tee--- net 0: -0.214266, 0.474290, -0.186589, -0.195564, -0.070329, 
tee--- net 1: -0.211803, 0.462644, -0.175221, -0.187224, -0.063120, 
tee--- net 1: -0.211813, 0.462647, -0.175228, -0.187218, -0.063117, 
tee--- net a: -0.212628, 0.466527, -0.179012, -0.190002, -0.065522, 
tee--- net 0: -0.084653, -0.158870, 0.117152, 0.040489, 0.043881, 
tee--- net 1: -0.081551, -0.157838, 0.115767, 0.043654, 0.040627, 
tee--- net 1: -0.081557, -0.157843, 0.115749, 0.043651, 0.040631, 
load weights of p-3: ./results/mnist//proj1/mnist_lenet_c0.weights
Aggregating layer 0 ... in OS: biases finished...
net 0: -0.088242, 0.227512, -0.027802, 0.009647, -0.059113, 
net 1: -0.089436, 0.226153, -0.029417, 0.007954, -0.060522, 
net 2: -0.089432, 0.226158, -0.029414, 0.007956, -0.060519, 
net a: -0.089037, 0.226607, -0.028878, 0.008519, -0.060051,  weights finished
Aggregating layer 2 ... in OS: biases finished...
net 0: -0.084527, -0.155531, -0.006109, -0.059487, -0.022471, 
net 1: -0.084493, -0.155224, -0.005487, -0.059106, -0.022384, 
net 2: -0.084493, -0.155223, -0.005486, -0.059107, -0.022385, 
net a: -0.084504, -0.155326, -0.005694, -0.059233, -0.022413,  weights finished
Aggregating layer 4 ... in OS: biases finished...
net 0: -0.051748, 0.045051, 0.070496, -0.042953, -0.029645, 
net 1: -0.052150, 0.044523, 0.071303, -0.042093, -0.030064, 
net 2: -0.052150, 0.044523, 0.071304, -0.042094, -0.030065, 
net a: -0.052016, 0.044699, 0.071034, -0.042380, -0.029925,  weights finished
Aggregating layer 6 ... inside SGX: biases finished...
net 0: -30161694720.000000, 8469403726566291122826510336.000000, 0.000000, 15830109139238912.000000, 0.096290, 
net 1: -0.000000, 0.000000, -0.000000, -0.000000, 0.000000, 
net 2: -0.000045, -0.172218, 44229439488.000000, 0.000007, -0.000000, 
net a: -2390145457952517164152369063133184.000000, 65056.328125, 431035166752768.000000, -240.285492, -0.000000,  weights finished
Aggregating layer 8 ... inside SGX: biases finished...
net 0: 3804599644495869911404380160.000000, -0.000000, -0.000000, -0.000003, 0.000000, 
net 1: 11.248390, 4003145204813081275664126095661203456.000000, 6781321216.000000, -3096163783092659912966144.000000, 136196192321634995519004007718715392.000000, 
net 2: 0.000000, -1676569330849851641831509725366190080.000000, 0.000000, 4300524178374656.000000, -0.000000, 
net a: -88722671877803212800.000000, 33.358624, 0.000000, -0.000000, 52295296383323904398304723490308096.000000,  weights finished

22:16:53 INFO  [uk.ac.ic.do.fl.se.im.TaskService] (vert.x-worker-thread-2) Number of participants: 3
load weights of p-1: ./results/mnist//proj1/mnist_lenet_c1.weights
load weights of p-2: ./results/mnist//proj1/mnist_lenet_c2.weights

tee--- net 0: -0.042453, 0.158465, -0.019861, -0.010254, 0.003291, 
tee--- net 1: -0.042010, 0.154376, -0.020618, -0.010179, 0.003167, 
tee--- net 1: -0.042011, 0.154374, -0.020618, -0.010180, 0.003166, 
tee--- net a: -0.042158, 0.155738, -0.020366, -0.010204, 0.003208, 
tee--- net 0: -0.106530, -0.099855, 0.082755, 0.058896, -0.048406, 
tee--- net 1: -0.106440, -0.099408, 0.082756, 0.060176, -0.047825, 
tee--- net 1: -0.106440, -0.099409, 0.082756, 0.060175, -0.047825, 
tee--- net a: -0.106470, -0.099557, 0.082756, 0.059749, -0.048019, 
tee--- net 0: -0.215468, 0.475406, -0.188470, -0.195562, -0.071775, 
tee--- net 1: -0.212630, 0.466536, -0.179019, -0.190013, -0.065526, 
tee--- net 1: -0.212630, 0.466535, -0.179018, -0.190008, -0.065529, 
tee--- net a: -0.213576, 0.469492, -0.182169, -0.191861, -0.067610, 
tee--- net 0: -0.085547, -0.158495, 0.118166, 0.039364, 0.043616, 
tee--- net 1: -0.082590, -0.158185, 0.116225, 0.042590, 0.041714, 
tee--- net 1: -0.082582, -0.158185, 0.116232, 0.042591, 0.041713, 
load weights of p-3: ./results/mnist//proj1/mnist_lenet_c0.weights
Aggregating layer 0 ... in OS: biases finished...
net 0: -0.088122, 0.227689, -0.028010, 0.009299, -0.059585, 
net 1: -0.089037, 0.226608, -0.028875, 0.008522, -0.060049, 
net 2: -0.089035, 0.226611, -0.028874, 0.008523, -0.060049, 
net a: -0.088731, 0.226969, -0.028587, 0.008781, -0.059894,  weights finished
Aggregating layer 2 ... in OS: biases finished...
net 0: -0.084729, -0.155584, -0.005940, -0.059232, -0.022418, 
net 1: -0.084505, -0.155326, -0.005695, -0.059234, -0.022413, 
net 2: -0.084504, -0.155327, -0.005696, -0.059233, -0.022413, 
net a: -0.084579, -0.155412, -0.005777, -0.059233, -0.022415,  weights finished
Aggregating layer 4 ... in OS: biases finished...
net 0: -0.051617, 0.045481, 0.070689, -0.043030, -0.029726, 
net 1: -0.052015, 0.044699, 0.071034, -0.042380, -0.029924, 
net 2: -0.052016, 0.044698, 0.071033, -0.042381, -0.029925, 
net a: -0.051883, 0.044960, 0.070919, -0.042597, -0.029858,  weights finished
Aggregating layer 6 ... inside SGX: biases finished...
net 0: -202.304550, 21986847752192.000000, -0.000000, 0.000000, 17221774870669426688.000000, 
net 1: 0.000000, 216730492207104.000000, 13580023.000000, 0.000000, 1069938573312.000000, 
net 2: -116327612416.000000, 886422328311808.000000, 0.000000, 0.000000, -0.000000, 
net a: -1150.508911, -0.000000, 0.000001, nan, -0.000000,  weights finished
Aggregating layer 8 ... inside SGX: biases finished...
net 0: 1774.485107, 1552737467570847744.000000, 7565932494848.000000, 4389730.000000, 220495006754413822133745766841188352.000000, 
net 1: -0.000000, -0.000000, -3374438940672.000000, 34232078336.000000, 4341460233779091937138471485573169152.000000, 
net 2: 483.313293, 19408.687500, 219175032973164544.000000, -6084113408.000000, 0.000000, 
net a: 321867906394554300930461626147440427008.000000, -0.333216, -17155612491923917956380271186009915392.000000, 0.007940, 0.467292,  weights finished

22:26:19 INFO  [uk.ac.ic.do.fl.se.im.TaskService] (vert.x-worker-thread-2) Number of participants: 3
load weights of p-1: ./results/mnist//proj1/mnist_lenet_c1.weights
load weights of p-2: ./results/mnist//proj1/mnist_lenet_c2.weights

tee--- net 0: -0.042547, 0.158703, -0.020293, -0.009598, 0.002938, 
tee--- net 1: -0.042157, 0.155741, -0.020365, -0.010202, 0.003209, 
tee--- net 1: -0.042158, 0.155742, -0.020366, -0.010205, 0.003209, 
tee--- net a: -0.042287, 0.156729, -0.020341, -0.010001, 0.003119, 
tee--- net 0: -0.106685, -0.099752, 0.082754, 0.058343, -0.048154, 
tee--- net 1: -0.106470, -0.099558, 0.082756, 0.059748, -0.048019, 
tee--- net 1: -0.106470, -0.099557, 0.082756, 0.059747, -0.048019, 
tee--- net a: -0.106542, -0.099622, 0.082755, 0.059279, -0.048064, 
tee--- net 0: -0.215137, 0.477373, -0.189077, -0.196765, -0.073362, 
tee--- net 1: -0.213581, 0.469497, -0.182179, -0.191866, -0.067619, 
tee--- net 1: -0.213577, 0.469497, -0.182175, -0.191866, -0.067617, 
tee--- net a: -0.214098, 0.472123, -0.184477, -0.193499, -0.069532, 
tee--- net 0: -0.084947, -0.158648, 0.119447, 0.039963, 0.043083, 
tee--- net 1: -0.083577, -0.158289, 0.116876, 0.041512, 0.042347, 
tee--- net 1: -0.083575, -0.158288, 0.116875, 0.041511, 0.042345, 
load weights of p-3: ./results/mnist//proj1/mnist_lenet_c0.weights
Aggregating layer 0 ... in OS: biases finished...
net 0: -0.088328, 0.227602, -0.027650, 0.009927, -0.059087, 
net 1: -0.088731, 0.226970, -0.028587, 0.008782, -0.059894, 
net 2: -0.088731, 0.226970, -0.028585, 0.008784, -0.059893, 
net a: -0.088597, 0.227181, -0.028274, 0.009164, -0.059625,  weights finished
Aggregating layer 2 ... in OS: biases finished...
net 0: -0.084602, -0.155435, -0.006073, -0.059411, -0.022440, 
net 1: -0.084579, -0.155412, -0.005777, -0.059233, -0.022415, 
net 2: -0.084579, -0.155413, -0.005778, -0.059233, -0.022415, 
net a: -0.084587, -0.155420, -0.005876, -0.059292, -0.022423,  weights finished
Aggregating layer 4 ... in OS: biases finished...
net 0: -0.051676, 0.045468, 0.070578, -0.043204, -0.029542, 
net 1: -0.051883, 0.044961, 0.070919, -0.042598, -0.029858, 
net 2: -0.051883, 0.044960, 0.070917, -0.042598, -0.029859, 
net a: -0.051814, 0.045129, 0.070805, -0.042800, -0.029753,  weights finished
Aggregating layer 6 ... inside SGX: biases finished...
net 0: -0.000000, -33097083403917852672.000000, 0.000000, 2392210014208.000000, 409.230194, 
net 1: 264662896.000000, -327216594944.000000, 0.000000, -0.000000, -62.128937, 
net 2: -0.000000, -0.000000, 0.000000, -0.000000, -0.000000, 
net a: -2676354304.000000, -395.537445, 0.000000, -0.000000, 0.000000,  weights finished
Aggregating layer 8 ... inside SGX: biases finished...
net 0: 31020836294510030212701011226656768.000000, 16912117846697222625534385586176000.000000, -0.000000, 93219635200.000000, -0.000000, 
net 1: -76086671048704.000000, -454281.281250, 142735239410345836544.000000, -36324.511719, -0.000000, 
net 2: -2957641473618608128.000000, 0.000000, 0.934856, 14298594757895364966088704.000000, -455238055674158809415541587968.000000, 
net a: -557418125704017477632.000000, 31346570.000000, -0.000000, 0.000000, 0.000000,  weights finished

22:35:53 INFO  [uk.ac.ic.do.fl.se.im.TaskService] (vert.x-worker-thread-2) Number of participants: 3
load weights of p-1: ./results/mnist//proj1/mnist_lenet_c1.weights
load weights of p-2: ./results/mnist//proj1/mnist_lenet_c2.weights

tee--- net 0: -0.042886, 0.158759, -0.020271, -0.009593, 0.003458, 
tee--- net 1: -0.042288, 0.156732, -0.020341, -0.010002, 0.003119, 
tee--- net 1: -0.042288, 0.156729, -0.020341, -0.009999, 0.003119, 
tee--- net a: -0.042487, 0.157406, -0.020318, -0.009865, 0.003232, 
tee--- net 0: -0.106587, -0.099813, 0.082763, 0.057882, -0.048079, 
tee--- net 1: -0.106542, -0.099622, 0.082755, 0.059279, -0.048064, 
tee--- net 1: -0.106543, -0.099623, 0.082755, 0.059278, -0.048063, 
tee--- net a: -0.106557, -0.099686, 0.082758, 0.058813, -0.048069, 
tee--- net 0: -0.215507, 0.476779, -0.189234, -0.196688, -0.074017, 
tee--- net 1: -0.214100, 0.472126, -0.184481, -0.193500, -0.069539, 
tee--- net 1: -0.214100, 0.472127, -0.184483, -0.193499, -0.069538, 
tee--- net a: -0.214569, 0.473677, -0.186066, -0.194562, -0.071031, 
tee--- net 0: -0.085420, -0.158549, 0.117280, 0.038995, 0.043697, 
tee--- net 1: -0.084035, -0.158410, 0.117734, 0.040994, 0.042602, 
tee--- net 1: -0.084034, -0.158408, 0.117730, 0.040990, 0.042596, 
load weights of p-3: ./results/mnist//proj1/mnist_lenet_c0.weights
Aggregating layer 0 ... in OS: biases finished...
net 0: -0.088596, 0.227622, -0.027550, 0.010132, -0.058928, 
net 1: -0.088595, 0.227182, -0.028272, 0.009167, -0.059622, 
net 2: -0.088595, 0.227183, -0.028272, 0.009166, -0.059622, 
net a: -0.088596, 0.227329, -0.028031, 0.009488, -0.059391,  weights finished
Aggregating layer 2 ... in OS: biases finished...
net 0: -0.084599, -0.155465, -0.005960, -0.059369, -0.022478, 
net 1: -0.084587, -0.155420, -0.005876, -0.059293, -0.022423, 
net 2: -0.084587, -0.155420, -0.005876, -0.059292, -0.022424, 
net a: -0.084591, -0.155435, -0.005904, -0.059318, -0.022442,  weights finished
Aggregating layer 4 ... in OS: biases finished...
net 0: -0.051584, 0.045644, 0.070612, -0.043230, -0.029481, 
net 1: -0.051813, 0.045130, 0.070805, -0.042800, -0.029753, 
net 2: -0.051814, 0.045130, 0.070805, -0.042800, -0.029752, 
net a: -0.051737, 0.045301, 0.070740, -0.042943, -0.029662,  weights finished
Aggregating layer 6 ... inside SGX: biases finished...
net 0: -0.000000, 138.316284, 0.000000, -5215477.500000, 201.576172, 
net 1: 327694597251661824.000000, -106327040511054970880.000000, 217215753107948421200748982736781312.000000, 2997967363313927720208861474324480.000000, 3310008576.000000, 
net 2: -612005904943654371328.000000, -0.000000, 0.000000, 0.000000, -0.000000, 
net a: -798874675914430397052623856731160576.000000, -0.000000, 9154275977386262528.000000, -0.000000, -0.000000,  weights finished
Aggregating layer 8 ... inside SGX: biases finished...
net 0: -11632697730400256.000000, -44990793644245042331648.000000, -0.000000, -21445572745290607425874099699712.000000, -44629688.000000, 
net 1: -58396861352206401536.000000, 0.000000, 4.353389, 0.000000, 279159985764699209728.000000, 
net 2: -0.001104, -0.000000, 1877900839521787838464.000000, 0.000000, -0.000000, 
net a: 16177702228850915672064.000000, 37899.726562, -0.000000, -1578748800.000000, 1474846538072064.000000,  weights finished

23:08:04 INFO  [uk.ac.ic.do.fl.se.im.TaskService] (vert.x-worker-thread-2) Number of participants: 2
load weights of p-1: ./results/mnist//proj2/mnist_lenet_c1.weights

tee--- net 0: -0.008051, 0.125948, -0.043994, 0.000905, 0.076265, 
tee--- net 1: -0.008074, 0.003226, 0.000801, -0.016028, 0.001325, 
tee--- net a: -0.008063, 0.064587, -0.021597, -0.007561, 0.038795, 
tee--- net 0: -0.085032, -0.102522, 0.083499, 0.079561, -0.052010, 
tee--- net 1: -0.098974, -0.099991, 0.084164, 0.076359, -0.039035, 
tee--- net a: -0.092003, -0.101256, 0.083832, 0.077960, -0.045523, 
tee--- net 0: -0.393326, 0.368558, -0.239483, -0.347742, 0.034846, 
tee--- net 1: 0.003618, 0.039276, -0.004977, -0.034080, 0.021642, 
tee--- net a: -0.194854, 0.203917, -0.122230, -0.190911, 0.028244, 
tee--- net 0: -0.082589, -0.166722, 0.152118, 0.053483, 0.130820, 
tee--- net 1: -0.049040, -0.116259, 0.082754, 0.098160, 0.029981, 
load weights of p-2: ./results/mnist//proj2/mnist_lenet_c0.weights
Aggregating layer 0 ... in OS: biases finished...
net 0: -0.084443, 0.239802, 0.013416, 0.071864, -0.024434, 
net 1: -0.084124, 0.224026, -0.044675, -0.014051, -0.076271, 
net a: -0.084283, 0.231914, -0.015629, 0.028907, -0.050352,  weights finished
Aggregating layer 2 ... in OS: biases finished...
net 0: -0.073594, -0.144026, -0.006092, -0.044851, -0.016142, 
net 1: -0.085017, -0.149893, 0.005543, -0.050670, -0.017554, 
net a: -0.079305, -0.146959, -0.000274, -0.047761, -0.016848,  weights finished
Aggregating layer 4 ... in OS: biases finished...
net 0: -0.061971, 0.034429, 0.077104, -0.044807, -0.043898, 
net 1: -0.058383, 0.033596, 0.079929, -0.035290, -0.034496, 
net a: -0.060177, 0.034012, 0.078517, -0.040049, -0.039197,  weights finished
Aggregating layer 6 ... inside SGX: biases finished...
net 0: 3542799629883895003755264834797568.000000, 40123.347656, -0.000000, -0.000000, -1488.815430, 
net 1: -32490003628032.000000, 936230915893660226940376711168.000000, -0.000000, 0.000000, 0.000000, 
net a: 54942963140757245944397824.000000, 0.000000, 0.086635, -0.000000, -5.648668,  weights finished
Aggregating layer 8 ... inside SGX: biases finished...
net 0: -0.000000, 4677278978015232.000000, 797412.875000, 1407161103308468256768.000000, -4.351162, 
net 1: 71890468864.000000, -0.006974, -0.000000, 105993296722663965873404493919806291968.000000, -0.000000, 
net a: -0.000000, -0.000000, 244931436268682093789184.000000, 22222197272329818474939884190564352.000000, 1767427.750000,  weights finished

23:14:59 INFO  [uk.ac.ic.do.fl.se.im.TaskService] (vert.x-worker-thread-2) Number of participants: 2
load weights of p-1: ./results/mnist//proj2/mnist_lenet_c1.weights

tee--- net 0: -0.008005, 0.064701, -0.021518, -0.007324, 0.039093, 
tee--- net 1: 0.005666, 0.003337, -0.011029, -0.015780, -0.007345, 
tee--- net a: -0.001169, 0.034019, -0.016274, -0.011552, 0.015874, 
tee--- net 0: -0.091992, -0.101265, 0.083829, 0.077951, -0.045520, 
tee--- net 1: -0.099890, -0.097479, 0.090494, 0.068170, -0.042076, 
tee--- net a: -0.095941, -0.099372, 0.087161, 0.073061, -0.043798, 
tee--- net 0: -0.194483, 0.203804, -0.121806, -0.190835, 0.027752, 
tee--- net 1: -0.009133, 0.067460, -0.021220, -0.027577, 0.006587, 
tee--- net a: -0.101808, 0.135632, -0.071513, -0.109206, 0.017170, 
tee--- net 0: -0.065760, -0.141470, 0.117970, 0.075674, 0.080981, 
tee--- net 1: -0.062961, -0.115464, 0.073852, 0.101465, 0.021129, 
load weights of p-2: ./results/mnist//proj2/mnist_lenet_c0.weights
Aggregating layer 0 ... in OS: biases finished...
net 0: -0.083946, 0.232495, -0.014814, 0.029680, -0.049681, 
net 1: -0.089372, 0.220915, -0.043564, -0.000676, -0.061662, 
net a: -0.086659, 0.226705, -0.029189, 0.014502, -0.055672,  weights finished
Aggregating layer 2 ... in OS: biases finished...
net 0: -0.079380, -0.147038, -0.000329, -0.047734, -0.016794, 
net 1: -0.090540, -0.152766, 0.006452, -0.050645, -0.019643, 
net a: -0.084960, -0.149902, 0.003062, -0.049190, -0.018219,  weights finished
Aggregating layer 4 ... in OS: biases finished...
net 0: -0.060175, 0.034017, 0.078546, -0.039982, -0.039152, 
net 1: -0.057816, 0.033616, 0.078988, -0.038325, -0.036773, 
net a: -0.058996, 0.033816, 0.078767, -0.039154, -0.037963,  weights finished
Aggregating layer 6 ... inside SGX: biases finished...
net 0: -0.000001, 0.000988, 0.000000, -0.004021, 423057440.000000, 
net 1: -0.000000, 0.000922, 0.000000, 981734278450941578444800.000000, -0.000000, 
net a: -398278928928980059295842304.000000, 14833649161734198738966473080832.000000, 463393611219421489096818688.000000, -0.000000, -38573380298736804993513291776.000000,  weights finished
Aggregating layer 8 ... inside SGX: biases finished...
net 0: 0.000000, 0.000000, -0.013826, 0.000000, 612.141785, 
net 1: 1580552362974511104.000000, 0.000403, -54762323178054516275683524608.000000, -0.000002, -21996486262784.000000, 
net a: 14867098777970491081499644451983720448.000000, -7117078987501444144300032.000000, -0.000000, -4343838113953480704.000000, 0.000000,  weights finished

23:19:02 INFO  [uk.ac.ic.do.fl.se.im.TaskService] (vert.x-worker-thread-2) Number of participants: 2
load weights of p-1: ./results/mnist//proj2/mnist_lenet_c1.weights

tee--- net 0: -0.007784, 0.064792, -0.021398, -0.007163, 0.039169, 
tee--- net 1: -0.005288, 0.089373, -0.024296, 0.003941, 0.086833, 
tee--- net a: -0.006536, 0.077083, -0.022847, -0.001611, 0.063001, 
tee--- net 0: -0.091989, -0.101274, 0.083838, 0.077984, -0.045419, 
tee--- net 1: -0.095122, -0.103940, 0.083903, 0.078773, -0.052425, 
tee--- net a: -0.093556, -0.102607, 0.083871, 0.078378, -0.048922, 
tee--- net 0: -0.194739, 0.203873, -0.121986, -0.190623, 0.027929, 
tee--- net 1: -0.203362, 0.193553, -0.206095, -0.305177, -0.083327, 
tee--- net a: -0.199051, 0.198713, -0.164040, -0.247900, -0.027699, 
tee--- net 0: -0.065881, -0.141495, 0.118060, 0.075657, 0.080631, 
tee--- net 1: -0.086280, -0.128172, 0.156583, 0.032463, 0.103156, 
load weights of p-2: ./results/mnist//proj2/mnist_lenet_c0.weights
Aggregating layer 0 ... in OS: biases finished...
net 0: -0.083900, 0.232591, -0.014775, 0.029698, -0.049662, 
net 1: -0.036057, 0.276105, 0.037637, 0.065415, -0.024302, 
net a: -0.059978, 0.254348, 0.011431, 0.047557, -0.036982,  weights finished
Aggregating layer 2 ... in OS: biases finished...
net 0: -0.079369, -0.147052, -0.000314, -0.047721, -0.016804, 
net 1: -0.086664, -0.154947, -0.019157, -0.055521, -0.018177, 
net a: -0.083017, -0.150999, -0.009736, -0.051621, -0.017490,  weights finished
Aggregating layer 4 ... in OS: biases finished...
net 0: -0.060173, 0.034020, 0.078566, -0.039971, -0.039154, 
net 1: -0.060495, 0.035305, 0.073306, -0.047464, -0.045940, 
net a: -0.060334, 0.034662, 0.075936, -0.043717, -0.042547,  weights finished
Aggregating layer 6 ... inside SGX: biases finished...
net 0: 0.000000, 0.112925, -0.000000, -399676896981862063955509248.000000, -3396784676143104.000000, 
net 1: 0.000000, 0.000000, 0.000000, -0.000000, 6.657236, 
net a: 0.000000, 0.000000, -0.000000, 167.965240, -1193422245418881348824675274194944.000000,  weights finished
Aggregating layer 8 ... inside SGX: biases finished...
net 0: 195905672183808.000000, -762452967424.000000, 1201766638239622497724006400.000000, 0.000000, 53259746443435603952654090240.000000, 
net 1: 0.000269, 433858290460106139919008674992881664.000000, -0.000005, 0.003886, -0.000000, 
net a: 50884263437473415168.000000, -671.069641, -0.000000, -435834589500407808.000000, -731419186613452800.000000,  weights finished

23:24:49 INFO  [uk.ac.ic.do.fl.se.im.TaskService] (vert.x-worker-thread-2) Number of participants: 2
load weights of p-1: ./results/mnist//proj2/mnist_lenet_c1.weights

tee--- net 0: -0.000346, 0.079158, -0.026428, 0.006139, 0.057339, 
tee--- net 1: -0.001247, 0.034118, -0.016328, -0.011512, 0.015951, 
tee--- net a: -0.000796, 0.056638, -0.021378, -0.002687, 0.036645, 
tee--- net 0: -0.099231, -0.107864, 0.087820, 0.072357, -0.049393, 
tee--- net 1: -0.095934, -0.099372, 0.087149, 0.073039, -0.043797, 
tee--- net a: -0.097582, -0.103618, 0.087485, 0.072698, -0.046595, 
tee--- net 0: -0.196497, 0.197914, -0.158473, -0.214987, -0.067058, 
tee--- net 1: -0.101527, 0.135532, -0.070852, -0.109377, 0.017316, 
tee--- net a: -0.149012, 0.166723, -0.114662, -0.162182, -0.024871, 
tee--- net 0: -0.066338, -0.127358, 0.162492, 0.044113, 0.091130, 
tee--- net 1: -0.064321, -0.128446, 0.095968, 0.088548, 0.051182, 
load weights of p-2: ./results/mnist//proj2/mnist_lenet_c0.weights
Aggregating layer 0 ... in OS: biases finished...
net 0: -0.040437, 0.285752, 0.036824, 0.071816, -0.009310, 
net 1: -0.086615, 0.226876, -0.028942, 0.014725, -0.055566, 
net a: -0.063526, 0.256314, 0.003941, 0.043270, -0.032438,  weights finished
Aggregating layer 2 ... in OS: biases finished...
net 0: -0.088077, -0.158751, -0.009400, -0.058455, -0.025410, 
net 1: -0.084967, -0.149918, 0.003046, -0.049197, -0.018219, 
net a: -0.086522, -0.154334, -0.003177, -0.053826, -0.021815,  weights finished
Aggregating layer 4 ... in OS: biases finished...
net 0: -0.058905, 0.034811, 0.077992, -0.044005, -0.045462, 
net 1: -0.058995, 0.033819, 0.078795, -0.039129, -0.037958, 
net a: -0.058950, 0.034315, 0.078393, -0.041567, -0.041710,  weights finished
Aggregating layer 6 ... inside SGX: biases finished...
net 0: -0.000332, -2117909754428259366554233930252288.000000, 533335585073023824041082880.000000, 220362.031250, 0.000000, 
net 1: 1951756696921571328.000000, 389471761596416.000000, -0.000000, 525257392999383433216.000000, 1.053314, 
net a: -0.000002, 0.000000, 0.000576, -0.000000, -63.574196,  weights finished
Aggregating layer 8 ... inside SGX: biases finished...
net 0: 1504236415986156639283362083635200.000000, -0.000088, -0.092359, 0.000000, -0.000000, 
net 1: 0.000000, 0.135076, -26757392384.000000, -143107142071615488.000000, -0.000000, 
net a: -0.000000, 188.063889, -0.000000, -0.000000, -386.720215,  weights finished

23:28:47 INFO  [uk.ac.ic.do.fl.se.im.TaskService] (vert.x-worker-thread-2) Number of participants: 2
load weights of p-1: ./results/mnist//proj2/mnist_lenet_c1.weights

tee--- net 0: -0.006397, 0.077211, -0.022772, -0.001368, 0.063221, 
tee--- net 1: -0.001122, 0.034031, -0.016249, -0.011414, 0.016035, 
tee--- net a: -0.003760, 0.055621, -0.019510, -0.006391, 0.039628, 
tee--- net 0: -0.093553, -0.102604, 0.083872, 0.078374, -0.048942, 
tee--- net 1: -0.095937, -0.099378, 0.087167, 0.073054, -0.043794, 
tee--- net a: -0.094745, -0.100991, 0.085520, 0.075714, -0.046368, 
tee--- net 0: -0.199053, 0.198537, -0.164131, -0.247690, -0.027938, 
tee--- net 1: -0.101722, 0.135642, -0.071230, -0.108910, 0.017250, 
tee--- net a: -0.150387, 0.167090, -0.117681, -0.178300, -0.005344, 
tee--- net 0: -0.076145, -0.134730, 0.137439, 0.053871, 0.092366, 
tee--- net 1: -0.064368, -0.128457, 0.095949, 0.088553, 0.051181, 
load weights of p-2: ./results/mnist//proj2/mnist_lenet_c0.weights
Aggregating layer 0 ... in OS: biases finished...
net 0: -0.059371, 0.255150, 0.012335, 0.048376, -0.036344, 
net 1: -0.086606, 0.226870, -0.028956, 0.014739, -0.055498, 
net a: -0.072989, 0.241010, -0.008311, 0.031557, -0.045921,  weights finished
Aggregating layer 2 ... in OS: biases finished...
net 0: -0.083114, -0.151173, -0.009919, -0.051699, -0.017461, 
net 1: -0.084987, -0.149935, 0.003024, -0.049213, -0.018205, 
net a: -0.084051, -0.150554, -0.003448, -0.050456, -0.017833,  weights finished
Aggregating layer 4 ... in OS: biases finished...
net 0: -0.060331, 0.034665, 0.075944, -0.043716, -0.042553, 
net 1: -0.058997, 0.033815, 0.078780, -0.039130, -0.037961, 
net a: -0.059664, 0.034240, 0.077362, -0.041423, -0.040257,  weights finished
Aggregating layer 6 ... inside SGX: biases finished...
net 0: -0.001097, -0.000000, -14925020424570929152.000000, 41132365468116821097840640.000000, 13716226.000000, 
net 1: -0.000000, 0.000000, 51643691789451264.000000, 32444487654326574605611827200.000000, 1289.604248, 
net a: 34802023235867685945344.000000, -0.000000, 963228873970885303412885291008.000000, -0.000000, 1646617044189184.000000,  weights finished
Aggregating layer 8 ... inside SGX: biases finished...
net 0: 261157530837712896.000000, -125169474154427856371831739728789504.000000, 10766806679552.000000, -0.000000, -530767232.000000, 
net 1: 0.000060, 0.000000, 6797051881405849732423115572946927616.000000, 1335358128128.000000, 0.000000, 
net a: -0.000000, 0.000000, -0.000935, 146133686152633392266477568.000000, 0.000000,  weights finished

23:35:41 INFO  [uk.ac.ic.do.fl.se.im.TaskService] (vert.x-worker-thread-2) Number of participants: 2
load weights of p-1: ./results/mnist//proj2/mnist_lenet_c1.weights

tee--- net 0: -0.000764, 0.056706, -0.021339, -0.002622, 0.036722, 
tee--- net 1: 0.000239, 0.101011, -0.021558, 0.009656, 0.088869, 
tee--- net a: -0.000262, 0.078859, -0.021448, 0.003517, 0.062796, 
tee--- net 0: -0.097586, -0.103623, 0.087488, 0.072698, -0.046586, 
tee--- net 1: -0.095500, -0.106576, 0.083350, 0.078720, -0.056546, 
tee--- net a: -0.096543, -0.105099, 0.085419, 0.075709, -0.051566, 
tee--- net 0: -0.149019, 0.166703, -0.114643, -0.162164, -0.024963, 
tee--- net 1: -0.204642, 0.185897, -0.230584, -0.300612, -0.151961, 
tee--- net a: -0.176830, 0.176300, -0.172614, -0.231388, -0.088462, 
tee--- net 0: -0.065342, -0.127877, 0.129385, 0.066266, 0.071280, 
tee--- net 1: -0.101552, -0.128741, 0.172407, 0.025135, 0.107025, 
load weights of p-2: ./results/mnist//proj2/mnist_lenet_c0.weights
Aggregating layer 0 ... in OS: biases finished...
net 0: -0.063285, 0.256612, 0.004255, 0.043559, -0.032177, 
net 1: -0.025066, 0.284628, 0.050586, 0.081998, -0.010587, 
net a: -0.044175, 0.270620, 0.027421, 0.062779, -0.021382,  weights finished
Aggregating layer 2 ... in OS: biases finished...
net 0: -0.086555, -0.154360, -0.003201, -0.053818, -0.021775, 
net 1: -0.091681, -0.154597, -0.018811, -0.058640, -0.030543, 
net a: -0.089118, -0.154479, -0.011006, -0.056229, -0.026159,  weights finished
Aggregating layer 4 ... in OS: biases finished...
net 0: -0.058949, 0.034318, 0.078397, -0.041555, -0.041698, 
net 1: -0.060990, 0.034217, 0.072271, -0.049458, -0.048654, 
net a: -0.059970, 0.034268, 0.075334, -0.045506, -0.045176,  weights finished
Aggregating layer 6 ... inside SGX: biases finished...
net 0: -0.000000, -545275119286859333632.000000, 188365847694491748102448669293281280.000000, 0.000000, -3296569.250000, 
net 1: 250247034486655025152.000000, -0.000522, 0.000000, 0.000000, -2.216322, 
net a: 0.000000, 0.000000, 0.000000, -3014742769664.000000, 0.000000,  weights finished
Aggregating layer 8 ... inside SGX: biases finished...
net 0: -0.000000, 0.000000, 0.000000, 120.043671, 12173982173215456051840679936.000000, 
net 1: -0.000000, -0.008901, 7915559936.000000, 1375.223877, -0.000003, 
net a: -0.000000, -185920678526976.000000, 378374077473095680.000000, -0.000000, -0.036186,  weights finished

23:42:35 INFO  [uk.ac.ic.do.fl.se.im.TaskService] (vert.x-worker-thread-2) Number of participants: 2
load weights of p-1: ./results/mnist//proj2/mnist_lenet_c1.weights

tee--- net 0: -0.003608, 0.055741, -0.019386, -0.006212, 0.039899, 
tee--- net 1: -0.003710, 0.055790, -0.019459, -0.006209, 0.039808, 
tee--- net a: -0.003659, 0.055766, -0.019423, -0.006210, 0.039853, 
tee--- net 0: -0.094720, -0.100999, 0.085520, 0.075709, -0.046348, 
tee--- net 1: -0.094714, -0.100989, 0.085523, 0.075711, -0.046350, 
tee--- net a: -0.094717, -0.100994, 0.085521, 0.075710, -0.046349, 
tee--- net 0: -0.150081, 0.167281, -0.117652, -0.178206, -0.005523, 
tee--- net 1: -0.150523, 0.167021, -0.117472, -0.178414, -0.005639, 
tee--- net a: -0.150302, 0.167151, -0.117562, -0.178310, -0.005581, 
tee--- net 0: -0.070273, -0.131564, 0.117003, 0.071083, 0.072079, 
tee--- net 1: -0.070283, -0.131597, 0.117126, 0.071089, 0.072152, 
load weights of p-2: ./results/mnist//proj2/mnist_lenet_c0.weights
Aggregating layer 0 ... in OS: biases finished...
net 0: -0.072732, 0.241447, -0.007736, 0.032069, -0.045459, 
net 1: -0.072624, 0.241547, -0.007659, 0.032118, -0.045432, 
net a: -0.072678, 0.241497, -0.007698, 0.032094, -0.045446,  weights finished
Aggregating layer 2 ... in OS: biases finished...
net 0: -0.084113, -0.150655, -0.003526, -0.050436, -0.017756, 
net 1: -0.084095, -0.150618, -0.003496, -0.050421, -0.017781, 
net a: -0.084104, -0.150637, -0.003511, -0.050428, -0.017769,  weights finished
Aggregating layer 4 ... in OS: biases finished...
net 0: -0.059662, 0.034243, 0.077371, -0.041402, -0.040239, 
net 1: -0.059660, 0.034246, 0.077393, -0.041377, -0.040245, 
net a: -0.059661, 0.034245, 0.077382, -0.041390, -0.040242,  weights finished
Aggregating layer 6 ... inside SGX: biases finished...
net 0: -4083821357903105753088.000000, -90743741375422922752.000000, -0.000000, -0.000000, -0.000000, 
net 1: 0.000000, -21912825856.000000, 26883122668147656823406592.000000, -30736748.000000, 4441303319067440076868561141760.000000, 
net a: -332.825867, 1224068431872.000000, -59326825671768312119530881024000.000000, 16487277415436549881856.000000, -75073311750302944670363668185088.000000,  weights finished
Aggregating layer 8 ... inside SGX: biases finished...
net 0: -69789372383232.000000, -0.000000, -1648869902536024758320926363222016.000000, -70142795776.000000, -0.000000, 
net 1: 0.000000, -0.000000, 56.381680, 3269921899706762825812060143616.000000, -0.000000, 
net a: 0.000000, -210139813351784448.000000, -0.000000, -14979495904090951516160.000000, 0.000000,  weights finished

23:48:20 INFO  [uk.ac.ic.do.fl.se.im.TaskService] (vert.x-worker-thread-2) Number of participants: 2
load weights of p-1: ./results/mnist//proj2/mnist_lenet_c1.weights

tee--- net 0: -0.000224, 0.078895, -0.021430, 0.003568, 0.062840, 
tee--- net 1: 0.002222, 0.087381, -0.021538, 0.007876, 0.075530, 
tee--- net a: 0.000999, 0.083138, -0.021484, 0.005722, 0.069185, 
tee--- net 0: -0.096548, -0.105097, 0.085419, 0.075709, -0.051571, 
tee--- net 1: -0.098271, -0.107978, 0.085309, 0.075757, -0.054054, 
tee--- net a: -0.097410, -0.106538, 0.085364, 0.075733, -0.052812, 
tee--- net 0: -0.176899, 0.176249, -0.172601, -0.231336, -0.088605, 
tee--- net 1: -0.184543, 0.168238, -0.199626, -0.254777, -0.141740, 
tee--- net a: -0.180721, 0.172243, -0.186114, -0.243057, -0.115173, 
tee--- net 0: -0.083461, -0.128295, 0.150867, 0.045667, 0.089215, 
tee--- net 1: -0.097594, -0.124360, 0.158066, 0.040859, 0.101910, 
load weights of p-2: ./results/mnist//proj2/mnist_lenet_c0.weights
Aggregating layer 0 ... in OS: biases finished...
net 0: -0.043974, 0.270863, 0.027685, 0.063016, -0.021175, 
net 1: -0.019375, 0.292257, 0.052466, 0.081625, -0.009544, 
net a: -0.031675, 0.281560, 0.040076, 0.072320, -0.015360,  weights finished
Aggregating layer 2 ... in OS: biases finished...
net 0: -0.089151, -0.154527, -0.011073, -0.056277, -0.026172, 
net 1: -0.091033, -0.156348, -0.014859, -0.060101, -0.029306, 
net a: -0.090092, -0.155437, -0.012966, -0.058189, -0.027739,  weights finished
Aggregating layer 4 ... in OS: biases finished...
net 0: -0.059971, 0.034266, 0.075328, -0.045513, -0.045186, 
net 1: -0.060167, 0.034895, 0.073706, -0.048067, -0.044742, 
net a: -0.060069, 0.034581, 0.074517, -0.046790, -0.044964,  weights finished
Aggregating layer 6 ... inside SGX: biases finished...
net 0: 0.000022, 0.000000, 1293151488.000000, 1732481278961468098985974439469907968.000000, -0.000000, 
net 1: 1392707371008.000000, 0.000000, -0.000000, -3361932.750000, 0.000000, 
net a: -0.001527, 0.000029, 1025454477084498318550391324672.000000, -870695145739805477971832648761344.000000, -5.380424,  weights finished
Aggregating layer 8 ... inside SGX: biases finished...
net 0: -0.000000, 979976577559574402301952.000000, 0.000000, 17063.437500, -0.000000, 
net 1: -0.000000, -0.000022, 15783268797493787916600196886167552.000000, -0.000000, -56240867789642104974220460032.000000, 
net a: 0.029684, -137844943408258242052096.000000, 0.000000, 0.000000, -774114294639288065846149120.000000,  weights finished

23:52:29 INFO  [uk.ac.ic.do.fl.se.im.TaskService] (vert.x-worker-thread-2) Number of participants: 2
load weights of p-1: ./results/mnist//proj2/mnist_lenet_c1.weights

tee--- net 0: 0.002320, 0.074976, -0.022307, 0.001937, 0.061719, 
tee--- net 1: -0.000225, 0.078883, -0.021421, 0.003558, 0.062848, 
tee--- net a: 0.001048, 0.076930, -0.021864, 0.002747, 0.062283, 
tee--- net 0: -0.095522, -0.106708, 0.084973, 0.075322, -0.053478, 
tee--- net 1: -0.096545, -0.105096, 0.085419, 0.075709, -0.051566, 
tee--- net a: -0.096033, -0.105902, 0.085196, 0.075515, -0.052522, 
tee--- net 0: -0.176350, 0.181081, -0.191344, -0.260417, -0.101142, 
tee--- net 1: -0.176828, 0.176227, -0.172637, -0.231359, -0.088624, 
tee--- net a: -0.176589, 0.178654, -0.181990, -0.245888, -0.094883, 
tee--- net 0: -0.078162, -0.125643, 0.159829, 0.037702, 0.092290, 
tee--- net 1: -0.083479, -0.128292, 0.150941, 0.045661, 0.089279, 
load weights of p-2: ./results/mnist//proj2/mnist_lenet_c0.weights
Aggregating layer 0 ... in OS: biases finished...
net 0: -0.041741, 0.274692, 0.036047, 0.071025, -0.013132, 
net 1: -0.043986, 0.270849, 0.027677, 0.063005, -0.021185, 
net a: -0.042864, 0.272770, 0.031862, 0.067015, -0.017159,  weights finished
Aggregating layer 2 ... in OS: biases finished...
net 0: -0.083957, -0.158104, -0.017429, -0.057641, -0.022374, 
net 1: -0.089139, -0.154509, -0.011049, -0.056255, -0.026172, 
net a: -0.086548, -0.156306, -0.014239, -0.056948, -0.024273,  weights finished
Aggregating layer 4 ... in OS: biases finished...
net 0: -0.059921, 0.034942, 0.072462, -0.049555, -0.042876, 
net 1: -0.059969, 0.034267, 0.075335, -0.045507, -0.045177, 
net a: -0.059945, 0.034604, 0.073898, -0.047531, -0.044027,  weights finished
Aggregating layer 6 ... inside SGX: biases finished...
net 0: 166289.875000, 739749734317832536064.000000, -0.000000, 520329644116759480754658869248.000000, 0.001074, 
net 1: -0.000000, 56440.125000, 4165365399552.000000, 16175852340119601152.000000, -0.000000, 
net a: 31166264019729252352.000000, 4590172214921047987716096.000000, -207.287537, 530346917385177697326465024.000000, -0.000000,  weights finished
Aggregating layer 8 ... inside SGX: biases finished...
net 0: 0.000000, -534333803032243482157293502464.000000, 976588907850235904.000000, -61441138328969139485195777270205120512.000000, -0.238191, 
net 1: -19615163794817366408885698560.000000, -0.011715, 0.000000, 821884640044579585121636623319040.000000, 0.000000, 
net a: 65629275125835752269376298942464.000000, -150001184656689213626484683029086208.000000, 1777376214340599808.000000, -0.000000, 359044834855485440.000000,  weights finished

23:59:24 INFO  [uk.ac.ic.do.fl.se.im.TaskService] (vert.x-worker-thread-2) Number of participants: 2
load weights of p-1: ./results/mnist//proj2/mnist_lenet_c1.weights

tee--- net 0: 0.001066, 0.076947, -0.021855, 0.002754, 0.062316, 
tee--- net 1: -0.003560, 0.055833, -0.019323, -0.006049, 0.040027, 
tee--- net a: -0.001247, 0.066390, -0.020589, -0.001648, 0.051172, 
tee--- net 0: -0.096031, -0.105903, 0.085196, 0.075515, -0.052525, 
tee--- net 1: -0.094718, -0.100997, 0.085525, 0.075708, -0.046359, 
tee--- net a: -0.095375, -0.103450, 0.085360, 0.075612, -0.049442, 
tee--- net 0: -0.176583, 0.178649, -0.181996, -0.245946, -0.094990, 
tee--- net 1: -0.150153, 0.167250, -0.117436, -0.178362, -0.005748, 
tee--- net a: -0.163368, 0.172950, -0.149716, -0.212154, -0.050369, 
tee--- net 0: -0.080867, -0.126957, 0.155398, 0.041654, 0.090755, 
tee--- net 1: -0.070267, -0.131531, 0.117474, 0.071047, 0.072286, 
load weights of p-2: ./results/mnist//proj2/mnist_lenet_c0.weights
Aggregating layer 0 ... in OS: biases finished...
net 0: -0.042753, 0.272887, 0.031987, 0.067144, -0.017053, 
net 1: -0.072302, 0.242012, -0.007112, 0.032625, -0.044962, 
net a: -0.057527, 0.257449, 0.012437, 0.049885, -0.031008,  weights finished
Aggregating layer 2 ... in OS: biases finished...
net 0: -0.086563, -0.156322, -0.014269, -0.056972, -0.024290, 
net 1: -0.084172, -0.150698, -0.003541, -0.050379, -0.017728, 
net a: -0.085367, -0.153510, -0.008905, -0.053676, -0.021009,  weights finished
Aggregating layer 4 ... in OS: biases finished...
net 0: -0.059945, 0.034607, 0.073902, -0.047526, -0.044025, 
net 1: -0.059660, 0.034243, 0.077411, -0.041351, -0.040227, 
net a: -0.059803, 0.034425, 0.075657, -0.044439, -0.042126,  weights finished
Aggregating layer 6 ... inside SGX: biases finished...
net 0: -673.098755, -37335773156024277532672.000000, 489.302460, 3098062552615396249061173787361280.000000, -0.000814, 
net 1: -3930515.500000, 0.000000, -0.000000, -0.000000, -4164642112390966542336.000000, 
net a: -0.000000, -0.934150, 45.787800, -0.000000, 2260443435368448.000000,  weights finished
Aggregating layer 8 ... inside SGX: biases finished...
net 0: -599022016.000000, -0.000090, -0.000000, -229.091171, -0.000000, 
net 1: -266.259277, -0.000000, 58423471243264.000000, 127958075811920084992.000000, -0.000000, 
net a: 0.000000, -0.000000, 13216969792751140864.000000, -671030771712.000000, 25107538649192937291776.000000,  weights finished

