18:15:29 INFO  [io.qu.sc.ru.SimpleScheduler] (Quarkus Main Thread) No scheduled business methods found - Simple scheduler will not be started
18:15:29 INFO  [io.sm.re.me.kafka] (Quarkus Main Thread) SRMSG18229: Configured topics for channel 'client-done-tasks': [client-done-tasks]
18:15:29 INFO  [io.sm.re.me.kafka] (Quarkus Main Thread) SRMSG18214: Key deserializer omitted, using String as default
18:15:29 INFO  [or.ap.ka.co.se.au.AbstractLogin] (smallrye-kafka-consumer-thread-0) Successfully logged in.
18:15:29 INFO  [io.sm.re.me.kafka] (Quarkus Main Thread) SRMSG18229: Configured topics for channel 'incoming-server-todo-tasks': [server-todo-tasks]
18:15:29 INFO  [io.sm.re.me.kafka] (Quarkus Main Thread) SRMSG18214: Key deserializer omitted, using String as default
18:15:29 WARN  [or.ap.ka.cl.co.ConsumerConfig] (smallrye-kafka-consumer-thread-1) These configurations '[max.request.size]' were supplied but are not used yet.
18:15:30 INFO  [io.sm.re.me.kafka] (smallrye-kafka-producer-thread-0) SRMSG18258: Kafka producer kafka-producer-client-todo-tasks, connected to Kafka brokers 'pkc-41mxj.uksouth.azure.confluent.cloud:9092', is configured to write records to 'client-todo-tasks'
18:15:30 INFO  [io.sm.re.me.kafka] (smallrye-kafka-producer-thread-1) SRMSG18258: Kafka producer kafka-producer-outgoing-server-todo-tasks, connected to Kafka brokers 'pkc-41mxj.uksouth.azure.confluent.cloud:9092', is configured to write records to 'server-todo-tasks'
18:15:30 INFO  [io.sm.re.me.kafka] (smallrye-kafka-consumer-thread-0) SRMSG18257: Kafka consumer kafka-consumer-client-done-tasks, connected to Kafka brokers 'pkc-41mxj.uksouth.azure.confluent.cloud:9092', belongs to the 'fleet-server' consumer group and is configured to poll records from [client-done-tasks]
18:15:30 INFO  [io.sm.re.me.kafka] (smallrye-kafka-consumer-thread-1) SRMSG18257: Kafka consumer kafka-consumer-incoming-server-todo-tasks, connected to Kafka brokers 'pkc-41mxj.uksouth.azure.confluent.cloud:9092', belongs to the 'fleet-server' consumer group and is configured to poll records from [server-todo-tasks]
18:15:30 INFO  [io.quarkus] (Quarkus Main Thread) fleet-server 1.0.0-SNAPSHOT on JVM (powered by Quarkus 3.0.3.Final) started in 8.123s. Listening on: http://0.0.0.0:8080 and https://0.0.0.0:8443
18:15:30 INFO  [io.quarkus] (Quarkus Main Thread) Profile dev activated. Live Coding activated.
18:15:30 INFO  [io.quarkus] (Quarkus Main Thread) Installed features: [agroal, cdi, hibernate-orm, hibernate-orm-panache, jdbc-h2, jdbc-mysql, kafka-client, micrometer, narayana-jta, rest-client-reactive, resteasy-reactive, resteasy-reactive-jackson, scheduler, security, security-jpa, smallrye-context-propagation, smallrye-reactive-messaging, smallrye-reactive-messaging-kafka, spring-data-jpa, spring-di, vertx]
18:15:33 INFO  [io.sm.re.me.kafka] (smallrye-kafka-consumer-thread-1) SRMSG18224: Executing consumer revoked re-balance listener for group 'fleet-server'
18:21:18 INFO  [io.sm.re.me.kafka] (vert.x-eventloop-thread-1) SRMSG18256: Initialize record store for topic-partition 'client-done-tasks-0' at position 1435.
18:33:09 INFO  [io.sm.re.me.kafka] (vert.x-eventloop-thread-0) SRMSG18256: Initialize record store for topic-partition 'server-todo-tasks-0' at position 264.
18:33:09 INFO  [uk.ac.ic.do.fl.se.im.TaskService] (vert.x-worker-thread-1) outlier_fractions=[0.0, 0.0]
18:33:09 INFO  [uk.ac.ic.do.fl.se.im.TaskService] (vert.x-worker-thread-1) Number of participants: 2
load weights of p-1: ./results/mnist//proj7/mnist_lenet_c1.weights

tee--- net 0: -0.027068, 0.019311, -0.040164, 0.005064, -0.050508, 
tee--- net 1: -0.020208, 0.004260, -0.018524, -0.009078, -0.005876, 
tee--- net a: -0.023638, 0.011785, -0.029344, -0.002007, -0.028192, 
tee--- net 0: -0.102228, -0.094957, 0.030699, 0.106092, -0.058931, 
tee--- net 1: -0.102600, -0.095987, 0.079127, 0.076689, -0.041327, 
tee--- net a: -0.102414, -0.095472, 0.054913, 0.091390, -0.050129, 
tee--- net 0: -0.277812, 1.572027, -0.544792, -0.339832, -0.276980, 
tee--- net 1: -0.028421, 0.058468, -0.029047, -0.025668, 0.019209, 
tee--- net a: -0.153116, 0.815248, -0.286920, -0.182750, -0.128886, 
tee--- net 0: -0.179886, -0.178273, 0.117985, 0.093745, 0.014413, 
tee--- net 1: -0.051895, -0.116800, 0.077267, 0.099729, 0.016315, 
load weights of p-2: ./results/mnist//proj7/mnist_lenet_c0.weights
Aggregating layer 0 ... in OS: biases finished...
net 0: 0.075676, 0.318215, 0.052101, 0.088994, 0.090461, 
net 0: 0.075676, 0.318215, 0.052101, 0.088994, 0.090461, 
net 1: -0.080533, 0.228324, -0.042050, -0.004313, -0.069185, 
net a: -0.002429, 0.273270, 0.005026, 0.042341, 0.010638,  weights finished
Aggregating layer 2 ... in OS: biases finished...
net 0: -0.159377, -0.187193, 0.026200, -0.038428, 0.002465, 
net 0: -0.159377, -0.187193, 0.026200, -0.038428, 0.002465, 
net 1: -0.083605, -0.153187, 0.000226, -0.050872, -0.016837, 
net a: -0.121491, -0.170190, 0.013213, -0.044650, -0.007186,  weights finished
Aggregating layer 4 ... in OS: biases finished...
net 0: -0.057718, 0.034360, 0.082365, -0.043961, -0.041979, 
net 0: -0.057718, 0.034360, 0.082365, -0.043961, -0.041979, 
net 1: -0.058308, 0.033979, 0.080395, -0.038271, -0.035642, 
net a: -0.058013, 0.034170, 0.081380, -0.041116, -0.038810,  weights finished
Aggregating layer 6 ... inside SGX: biases finished...
net 0: 6290647397960408066322132755283968.000000, 6354862442648238954631837576593408.000000, -0.000000, 0.000000, 0.000000, 
net 1: -0.000000, -9847122862265561102522777600.000000, 0.000000, -0.000000, -0.000000, 
net a: 12765465600.000000, 509822680923829423811478945792.000000, 20347850255669133312.000000, 0.000000, 0.000000,  weights finished
Aggregating layer 8 ... inside SGX: biases finished...
net 0: 0.012729, 0.000000, -0.060913, 0.000000, -0.000000, 
net 1: -0.000004, -30656580814446195449125666816.000000, -0.000000, 0.000000, -2324946747801966260136710242304.000000, 
net a: -0.000000, -12003914408476250801348542464.000000, -914646.937500, 1163586033562044756129194031710208.000000, 0.000000,  weights finished

18:41:28 INFO  [uk.ac.ic.do.fl.se.im.TaskService] (vert.x-worker-thread-1) outlier_fractions=[0.0, 0.0]
18:41:28 INFO  [uk.ac.ic.do.fl.se.im.TaskService] (vert.x-worker-thread-1) Number of participants: 2
load weights of p-1: ./results/mnist//proj7/mnist_lenet_c1.weights

tee--- net 0: -0.024543, 0.007497, -0.027920, 0.000002, -0.028029, 
tee--- net 1: -0.023175, 0.012091, -0.028851, -0.001768, -0.027805, 
tee--- net a: -0.023859, 0.009794, -0.028385, -0.000883, -0.027917, 
tee--- net 0: -0.113076, -0.096658, 0.023444, 0.098646, -0.062775, 
tee--- net 1: -0.102412, -0.095482, 0.054851, 0.091447, -0.050119, 
tee--- net a: -0.107744, -0.096070, 0.039147, 0.095047, -0.056447, 
tee--- net 0: -0.216117, 1.470220, -0.440769, -0.287781, -0.317607, 
tee--- net 1: -0.152837, 0.813363, -0.286319, -0.182843, -0.128244, 
tee--- net a: -0.184477, 1.141792, -0.363544, -0.235312, -0.222926, 
tee--- net 0: -0.167593, -0.152117, 0.165940, 0.085417, 0.010115, 
tee--- net 1: -0.116137, -0.147604, 0.097778, 0.096569, 0.015409, 
load weights of p-2: ./results/mnist//proj7/mnist_lenet_c0.weights
Aggregating layer 0 ... in OS: biases finished...
net 0: 0.106154, 0.350878, 0.087239, 0.118724, 0.099677, 
net 0: 0.106154, 0.350878, 0.087239, 0.118724, 0.099677, 
net 1: 0.000514, 0.276293, 0.008134, 0.045128, 0.013022, 
net a: 0.053334, 0.313585, 0.047686, 0.081926, 0.056350,  weights finished
Aggregating layer 2 ... in OS: biases finished...
net 0: -0.148100, -0.175244, 0.013266, -0.042028, -0.005039, 
net 0: -0.148100, -0.175244, 0.013266, -0.042028, -0.005039, 
net 1: -0.121541, -0.170167, 0.013381, -0.044297, -0.006870, 
net a: -0.134820, -0.172705, 0.013324, -0.043163, -0.005954,  weights finished
Aggregating layer 4 ... in OS: biases finished...
net 0: -0.057857, 0.036556, 0.084185, -0.041158, -0.040940, 
net 0: -0.057857, 0.036556, 0.084185, -0.041158, -0.040940, 
net 1: -0.058013, 0.034173, 0.081412, -0.041037, -0.038722, 
net a: -0.057935, 0.035365, 0.082799, -0.041097, -0.039831,  weights finished
Aggregating layer 6 ... inside SGX: biases finished...
net 0: -0.000000, -78789207555422136140038144.000000, -16820128628033917064052736.000000, 18334824544600064.000000, 120946976.000000, 
net 1: 15343056944474619904.000000, -0.000000, 154363327745202045151002285309952.000000, -0.000000, -62302337805823855835480064.000000, 
net a: 0.000000, -4010941856933182701568000.000000, -0.000000, 9988147539507705470680775524352.000000, -260671913283109185912832.000000,  weights finished
Aggregating layer 8 ... inside SGX: biases finished...
net 0: 39898352099262464.000000, 453553646731264.000000, 899031051640280645110403333881856.000000, 0.000000, 5998643373283734801668819124224.000000, 
net 1: 0.000000, -85265563365933056.000000, -8445.824219, 20.288685, -6661190794501089132203005658559152128.000000, 
net a: 46847909124924956224742488062226857984.000000, 0.000000, 770188901287378968100470784.000000, -0.000000, 46511912866591250537636492923109376.000000,  weights finished

18:49:55 INFO  [uk.ac.ic.do.fl.se.im.TaskService] (vert.x-worker-thread-1) outlier_fractions=[0.0, 0.0]
18:49:55 INFO  [uk.ac.ic.do.fl.se.im.TaskService] (vert.x-worker-thread-1) Number of participants: 2
load weights of p-1: ./results/mnist//proj7/mnist_lenet_c1.weights

tee--- net 0: -0.021386, 0.008977, -0.024278, 0.000003, -0.024943, 
tee--- net 1: -0.023795, 0.009850, -0.028339, -0.000848, -0.027883, 
tee--- net a: -0.022590, 0.009414, -0.026309, -0.000423, -0.026413, 
tee--- net 0: -0.110385, -0.096537, 0.025074, 0.098067, -0.054815, 
tee--- net 1: -0.107748, -0.096073, 0.039104, 0.095048, -0.056456, 
tee--- net a: -0.109067, -0.096305, 0.032089, 0.096557, -0.055635, 
tee--- net 0: -0.210688, 1.422955, -0.424699, -0.280595, -0.298288, 
tee--- net 1: -0.184525, 1.141955, -0.363524, -0.235333, -0.222911, 
tee--- net a: -0.197607, 1.282455, -0.394112, -0.257964, -0.260600, 
tee--- net 0: -0.159711, -0.153988, 0.143117, 0.079150, 0.014567, 
tee--- net 1: -0.141929, -0.149868, 0.131887, 0.090891, 0.012706, 
load weights of p-2: ./results/mnist//proj7/mnist_lenet_c0.weights
Aggregating layer 0 ... in OS: biases finished...
net 0: 0.100886, 0.349362, 0.090872, 0.126360, 0.105888, 
net 0: 0.100886, 0.349362, 0.090872, 0.126360, 0.105888, 
net 1: 0.053758, 0.314004, 0.048116, 0.082322, 0.056730, 
net a: 0.077322, 0.331683, 0.069494, 0.104341, 0.081309,  weights finished
Aggregating layer 2 ... in OS: biases finished...
net 0: -0.148574, -0.174442, 0.016590, -0.041803, -0.010349, 
net 0: -0.148574, -0.174442, 0.016590, -0.041803, -0.010349, 
net 1: -0.134849, -0.172694, 0.013365, -0.043083, -0.005860, 
net a: -0.141712, -0.173568, 0.014978, -0.042443, -0.008105,  weights finished
Aggregating layer 4 ... in OS: biases finished...
net 0: -0.057796, 0.035737, 0.083759, -0.043899, -0.043644, 
net 0: -0.057796, 0.035737, 0.083759, -0.043899, -0.043644, 
net 1: -0.057935, 0.035366, 0.082810, -0.041096, -0.039831, 
net a: -0.057866, 0.035551, 0.083285, -0.042498, -0.041737,  weights finished
Aggregating layer 6 ... inside SGX: biases finished...
net 0: -1864248.500000, -1183319324622848.000000, 3960.911865, 14833534976.000000, -171329356013150320436707328.000000, 
net 1: 0.000000, -0.000000, 3069517563428864.000000, -0.000000, 12969787109849896712838506313949380608.000000, 
net a: -72493209485312.000000, 0.000000, 0.000000, -1.689598, -2299882635844357455872.000000,  weights finished
Aggregating layer 8 ... inside SGX: biases finished...
net 0: 0.000000, 0.000000, -228954188000225998718359268006201131008.000000, 0.000000, -0.000000, 
net 1: -0.000000, -6455420084572441647496822784.000000, 0.000000, 0.000000, 51981914338258888952474559991250944000.000000, 
net a: 0.000000, 0.000000, 530916693696755793920.000000, 0.000000, 7558193659182252556288.000000,  weights finished

18:58:19 INFO  [uk.ac.ic.do.fl.se.im.TaskService] (vert.x-worker-thread-1) outlier_fractions=[0.0, 0.0]
18:58:19 INFO  [uk.ac.ic.do.fl.se.im.TaskService] (vert.x-worker-thread-1) Number of participants: 2
load weights of p-1: ./results/mnist//proj7/mnist_lenet_c1.weights

tee--- net 0: -0.019187, 0.006033, -0.024933, -0.000001, -0.022658, 
tee--- net 1: -0.023802, 0.009839, -0.028308, -0.000889, -0.027884, 
tee--- net a: -0.021494, 0.007936, -0.026620, -0.000445, -0.025271, 
tee--- net 0: -0.110640, -0.094216, 0.024321, 0.100378, -0.054841, 
tee--- net 1: -0.107739, -0.096069, 0.039118, 0.095039, -0.056460, 
tee--- net a: -0.109189, -0.095142, 0.031720, 0.097709, -0.055651, 
tee--- net 0: -0.209131, 1.444436, -0.428000, -0.288640, -0.306890, 
tee--- net 1: -0.184498, 1.141891, -0.363636, -0.235433, -0.222933, 
tee--- net a: -0.196814, 1.293163, -0.395818, -0.262037, -0.264912, 
tee--- net 0: -0.159315, -0.154628, 0.152883, 0.076329, 0.014607, 
tee--- net 1: -0.141919, -0.149894, 0.131891, 0.090880, 0.012722, 
load weights of p-2: ./results/mnist//proj7/mnist_lenet_c0.weights
Aggregating layer 0 ... in OS: biases finished...
net 0: 0.105582, 0.353077, 0.089027, 0.124311, 0.105702, 
net 0: 0.105582, 0.353077, 0.089027, 0.124311, 0.105702, 
net 1: 0.053811, 0.314027, 0.048119, 0.082326, 0.056737, 
net a: 0.079696, 0.333552, 0.068573, 0.103318, 0.081219,  weights finished
Aggregating layer 2 ... in OS: biases finished...
net 0: -0.144432, -0.170945, 0.016253, -0.043744, -0.008507, 
net 0: -0.144432, -0.170945, 0.016253, -0.043744, -0.008507, 
net 1: -0.134821, -0.172677, 0.013339, -0.043152, -0.005933, 
net a: -0.139626, -0.171811, 0.014796, -0.043448, -0.007220,  weights finished
Aggregating layer 4 ... in OS: biases finished...
net 0: -0.057793, 0.036072, 0.083882, -0.043990, -0.043734, 
net 0: -0.057793, 0.036072, 0.083882, -0.043990, -0.043734, 
net 1: -0.057935, 0.035368, 0.082811, -0.041085, -0.039826, 
net a: -0.057864, 0.035720, 0.083346, -0.042537, -0.041780,  weights finished
Aggregating layer 6 ... inside SGX: biases finished...
net 0: 0.000000, -9053819371520.000000, 0.000005, -160586378092991499185684480.000000, 0.000000, 
net 1: 0.000000, 2623217511619609877282816.000000, -0.000000, 1302856786831319180493849624576.000000, -171742828461048918903272025985384448.000000, 
net a: 0.000000, 0.000000, 9384558533649345263173632.000000, -0.000000, -177752084482727428837477449728.000000,  weights finished
Aggregating layer 8 ... inside SGX: biases finished...
net 0: 616053684983300096.000000, -29.891113, 0.000000, -4715072058848188563456.000000, -2733939801877338522689378189312.000000, 
net 1: -0.000000, -1500627072.000000, 9044541886634690647412505997840744448.000000, -0.000000, 116330209280.000000, 
net a: -0.000000, 557317204475904.000000, 226282705631838208.000000, 138144030696474148864.000000, 0.000000,  weights finished

19:06:48 INFO  [uk.ac.ic.do.fl.se.im.TaskService] (vert.x-worker-thread-1) outlier_fractions=[0.0, 0.0]
19:06:48 INFO  [uk.ac.ic.do.fl.se.im.TaskService] (vert.x-worker-thread-1) Number of participants: 2
load weights of p-1: ./results/mnist//proj7/mnist_lenet_c1.weights

tee--- net 0: -0.019834, 0.005857, -0.025116, -0.000000, -0.022835, 
tee--- net 1: -0.022577, 0.009413, -0.026296, -0.000415, -0.026396, 
tee--- net a: -0.021206, 0.007635, -0.025706, -0.000207, -0.024616, 
tee--- net 0: -0.109296, -0.093562, 0.024935, 0.101014, -0.055912, 
tee--- net 1: -0.109066, -0.096308, 0.032069, 0.096569, -0.055632, 
tee--- net a: -0.109181, -0.094935, 0.028502, 0.098792, -0.055772, 
tee--- net 0: -0.202514, 1.397642, -0.416298, -0.281159, -0.294086, 
tee--- net 1: -0.197598, 1.282578, -0.394173, -0.258011, -0.260637, 
tee--- net a: -0.200056, 1.340110, -0.405236, -0.269585, -0.277361, 
tee--- net 0: -0.156384, -0.154371, 0.151135, 0.078518, 0.009963, 
tee--- net 1: -0.150851, -0.151932, 0.137530, 0.085015, 0.013629, 
load weights of p-2: ./results/mnist//proj7/mnist_lenet_c0.weights
Aggregating layer 0 ... in OS: biases finished...
net 0: 0.100438, 0.350220, 0.087168, 0.120814, 0.101245, 
net 0: 0.100438, 0.350220, 0.087168, 0.120814, 0.101245, 
net 1: 0.077436, 0.331780, 0.069581, 0.104422, 0.081400, 
net a: 0.088937, 0.341000, 0.078374, 0.112618, 0.091323,  weights finished
Aggregating layer 2 ... in OS: biases finished...
net 0: -0.141463, -0.168263, 0.016961, -0.044396, -0.010204, 
net 0: -0.141463, -0.168263, 0.016961, -0.044396, -0.010204, 
net 1: -0.141718, -0.173578, 0.014958, -0.042467, -0.008115, 
net a: -0.141590, -0.170920, 0.015959, -0.043431, -0.009159,  weights finished
Aggregating layer 4 ... in OS: biases finished...
net 0: -0.057833, 0.036091, 0.083621, -0.042634, -0.042209, 
net 0: -0.057833, 0.036091, 0.083621, -0.042634, -0.042209, 
net 1: -0.057866, 0.035551, 0.083286, -0.042498, -0.041739, 
net a: -0.057849, 0.035821, 0.083454, -0.042566, -0.041974,  weights finished
Aggregating layer 6 ... inside SGX: biases finished...
net 0: -0.000000, 0.000000, -0.000000, -0.000000, 124587.031250, 
net 1: 0.000100, -0.000000, -10980567762542580170524028638855168.000000, -89954290735664374771091505152.000000, 6684909662638094417920.000000, 
net a: -9858114.000000, 0.000000, 8113874239855035154432.000000, -112943749960564736.000000, 0.000000,  weights finished
Aggregating layer 8 ... inside SGX: biases finished...
net 0: -1718793728.000000, -1045419840.000000, -0.000000, 212550166178168832.000000, 0.006753, 
net 1: 595188.062500, 0.000000, 0.000000, -0.000000, -0.000000, 
net a: -0.750323, -17791910554790719913984.000000, -915474264033786851325259022336.000000, 127822201427891766335775965184.000000, -4456106073075130302464.000000,  weights finished

19:15:04 INFO  [uk.ac.ic.do.fl.se.im.TaskService] (vert.x-worker-thread-1) outlier_fractions=[0.0, 0.0]
19:15:04 INFO  [uk.ac.ic.do.fl.se.im.TaskService] (vert.x-worker-thread-1) Number of participants: 2
load weights of p-1: ./results/mnist//proj7/mnist_lenet_c1.weights

tee--- net 0: -0.019364, 0.007153, -0.025250, 0.000000, -0.022136, 
tee--- net 1: -0.021489, 0.007937, -0.026605, -0.000435, -0.025259, 
tee--- net a: -0.020426, 0.007545, -0.025928, -0.000217, -0.023697, 
tee--- net 0: -0.109428, -0.094734, 0.026572, 0.100694, -0.055795, 
tee--- net 1: -0.109191, -0.095143, 0.031700, 0.097712, -0.055651, 
tee--- net a: -0.109310, -0.094938, 0.029136, 0.099203, -0.055723, 
tee--- net 0: -0.203684, 1.411021, -0.418151, -0.283111, -0.297953, 
tee--- net 1: -0.196811, 1.293247, -0.395850, -0.262050, -0.264940, 
tee--- net a: -0.200248, 1.352134, -0.407000, -0.272580, -0.281446, 
tee--- net 0: -0.157585, -0.154185, 0.151191, 0.085796, 0.008838, 
tee--- net 1: -0.150623, -0.152264, 0.142391, 0.083600, 0.013658, 
load weights of p-2: ./results/mnist//proj7/mnist_lenet_c0.weights
Aggregating layer 0 ... in OS: biases finished...
net 0: 0.100520, 0.349660, 0.087567, 0.122367, 0.102177, 
net 0: 0.100520, 0.349660, 0.087567, 0.122367, 0.102177, 
net 1: 0.079760, 0.333604, 0.068623, 0.103361, 0.081259, 
net a: 0.090140, 0.341632, 0.078095, 0.112864, 0.091718,  weights finished
Aggregating layer 2 ... in OS: biases finished...
net 0: -0.141950, -0.168022, 0.019680, -0.041416, -0.008413, 
net 0: -0.141950, -0.168022, 0.019680, -0.041416, -0.008413, 
net 1: -0.139627, -0.171807, 0.014793, -0.043453, -0.007216, 
net a: -0.140788, -0.169914, 0.017237, -0.042435, -0.007814,  weights finished
Aggregating layer 4 ... in OS: biases finished...
net 0: -0.057845, 0.035989, 0.083634, -0.043071, -0.043145, 
net 0: -0.057845, 0.035989, 0.083634, -0.043071, -0.043145, 
net 1: -0.057864, 0.035722, 0.083351, -0.042535, -0.041780, 
net a: -0.057855, 0.035855, 0.083492, -0.042803, -0.042463,  weights finished
Aggregating layer 6 ... inside SGX: biases finished...
net 0: -0.000000, 0.000000, 0.000003, -0.000000, 367330014739778301329408.000000, 
net 1: 995357588784418592017170300928.000000, -0.000000, -9878887860412583771052703744.000000, 393986564789207760280593731944448.000000, -38076563055922552094449441810637914112.000000, 
net a: 1597302117517048046917194082156544.000000, 3887286510723486322979241984.000000, 0.000000, 1811754912841728.000000, -0.000000,  weights finished
Aggregating layer 8 ... inside SGX: biases finished...
net 0: -0.000000, 14.947783, 0.000000, -51.323437, 0.000000, 
net 1: -0.000000, -0.000000, -0.000000, 1291991858456559616.000000, 0.000000, 
net a: 0.000000, -0.000000, 22140342034699886002176.000000, 0.000000, 0.000000,  weights finished

19:16:18 INFO  [uk.ac.ic.do.fl.se.im.TaskService] (vert.x-worker-thread-1) outlier_fractions=[0.0, 0.0]
19:16:18 INFO  [uk.ac.ic.do.fl.se.im.TaskService] (vert.x-worker-thread-1) Number of participants: 2
load weights of p-1: ./results/mnist//proj7/mnist_lenet_c1.weights

tee--- net 0: -0.021198, 0.007637, -0.025702, -0.000203, -0.024613, 
tee--- net 1: -0.021199, 0.007635, -0.025699, -0.000207, -0.024616, 
tee--- net a: -0.021198, 0.007636, -0.025700, -0.000205, -0.024614, 
tee--- net 0: -0.109180, -0.094934, 0.028495, 0.098792, -0.055771, 
tee--- net 1: -0.109180, -0.094935, 0.028501, 0.098796, -0.055772, 
tee--- net a: -0.109180, -0.094934, 0.028498, 0.098794, -0.055771, 
tee--- net 0: -0.200061, 1.340173, -0.405252, -0.269599, -0.277375, 
tee--- net 1: -0.200057, 1.340189, -0.405244, -0.269595, -0.277384, 
tee--- net a: -0.200059, 1.340181, -0.405248, -0.269597, -0.277380, 
tee--- net 0: -0.153626, -0.153155, 0.144321, 0.081770, 0.011795, 
tee--- net 1: -0.153626, -0.153153, 0.144349, 0.081762, 0.011799, 
load weights of p-2: ./results/mnist//proj7/mnist_lenet_c0.weights
Aggregating layer 0 ... in OS: biases finished...
net 0: 0.088967, 0.341027, 0.078399, 0.112638, 0.091340, 
net 0: 0.088967, 0.341027, 0.078399, 0.112638, 0.091340, 
net 1: 0.088973, 0.341030, 0.078401, 0.112638, 0.091344, 
net a: 0.088970, 0.341029, 0.078400, 0.112638, 0.091342,  weights finished
Aggregating layer 2 ... in OS: biases finished...
net 0: -0.141597, -0.170924, 0.015956, -0.043429, -0.009157, 
net 0: -0.141597, -0.170924, 0.015956, -0.043429, -0.009157, 
net 1: -0.141586, -0.170907, 0.015970, -0.043428, -0.009158, 
net a: -0.141592, -0.170915, 0.015963, -0.043428, -0.009158,  weights finished
Aggregating layer 4 ... in OS: biases finished...
net 0: -0.057849, 0.035822, 0.083455, -0.042566, -0.041974, 
net 0: -0.057849, 0.035822, 0.083455, -0.042566, -0.041974, 
net 1: -0.057849, 0.035821, 0.083455, -0.042565, -0.041976, 
net a: -0.057849, 0.035821, 0.083455, -0.042566, -0.041975,  weights finished
Aggregating layer 6 ... inside SGX: biases finished...
net 0: -25668540380166196153801805508963729408.000000, -15604171331049598404386376122368.000000, -42483.687500, 11768923879820649605607763019300864.000000, 0.000000, 
net 1: 129237512093696.000000, -1502289330176.000000, 21640701952.000000, 155642601682073393561600.000000, 982968125138299812184256270116585472.000000, 
net a: 102641602948058885326679618617344.000000, -0.000000, 1149342836256547322986496000.000000, 190238096.000000, -0.000000,  weights finished
Aggregating layer 8 ... inside SGX: biases finished...
net 0: -2892521486846521455478308864.000000, -0.000000, 0.000000, 0.000000, 0.000000, 
net 1: 5.320024, 0.006775, -175380688.000000, 0.000000, -11484811268980736000.000000, 
net a: 0.000000, -795.268250, 1234751581113156220897009641262678016.000000, 1.611696, -0.000000,  weights finished

19:23:46 INFO  [uk.ac.ic.do.fl.se.im.TaskService] (vert.x-worker-thread-1) outlier_fractions=[0.0, 0.0]
19:23:46 INFO  [uk.ac.ic.do.fl.se.im.TaskService] (vert.x-worker-thread-1) Number of participants: 2
load weights of p-1: ./results/mnist//proj7/mnist_lenet_c1.weights

tee--- net 0: -0.018820, 0.007006, -0.025046, 0.000001, -0.022390, 
tee--- net 1: -0.020425, 0.007545, -0.025926, -0.000212, -0.023696, 
tee--- net a: -0.019622, 0.007275, -0.025486, -0.000106, -0.023043, 
tee--- net 0: -0.109161, -0.094465, 0.027259, 0.099810, -0.055751, 
tee--- net 1: -0.109310, -0.094937, 0.029133, 0.099203, -0.055723, 
tee--- net a: -0.109236, -0.094701, 0.028196, 0.099507, -0.055737, 
tee--- net 0: -0.203341, 1.406049, -0.417671, -0.281590, -0.295527, 
tee--- net 1: -0.200251, 1.352177, -0.407018, -0.272589, -0.281460, 
tee--- net a: -0.201796, 1.379113, -0.412344, -0.277090, -0.288493, 
tee--- net 0: -0.157364, -0.153638, 0.153584, 0.085282, 0.011859, 
tee--- net 1: -0.154107, -0.153226, 0.146789, 0.084702, 0.011240, 
load weights of p-2: ./results/mnist//proj7/mnist_lenet_c0.weights
Aggregating layer 0 ... in OS: biases finished...
net 0: 0.099072, 0.348356, 0.085309, 0.120584, 0.100688, 
net 0: 0.099072, 0.348356, 0.085309, 0.120584, 0.100688, 
net 1: 0.090159, 0.341648, 0.078114, 0.112884, 0.091738, 
net a: 0.094615, 0.345002, 0.081712, 0.116734, 0.096213,  weights finished
Aggregating layer 2 ... in OS: biases finished...
net 0: -0.143584, -0.170237, 0.016976, -0.044323, -0.009448, 
net 0: -0.143584, -0.170237, 0.016976, -0.044323, -0.009448, 
net 1: -0.140797, -0.169919, 0.017235, -0.042436, -0.007816, 
net a: -0.142191, -0.170078, 0.017106, -0.043380, -0.008632,  weights finished
Aggregating layer 4 ... in OS: biases finished...
net 0: -0.057844, 0.035889, 0.083561, -0.042904, -0.042834, 
net 0: -0.057844, 0.035889, 0.083561, -0.042904, -0.042834, 
net 1: -0.057855, 0.035856, 0.083493, -0.042804, -0.042464, 
net a: -0.057850, 0.035872, 0.083527, -0.042854, -0.042649,  weights finished
Aggregating layer 6 ... inside SGX: biases finished...
net 0: -939769218373517312.000000, 41802469376.000000, 0.000000, 4425434703751388379360526336.000000, -217481517610186047488.000000, 
net 1: 0.000000, -24524743584013617201152.000000, -0.000000, 32685772.000000, -32.228302, 
net a: 29507149351926890496.000000, -0.000000, -4288174788041506816.000000, -0.000000, 0.000000,  weights finished
Aggregating layer 8 ... inside SGX: biases finished...
net 0: -0.000080, -0.000000, 16908334040665368498798592.000000, -0.000000, -180557379511815432568832.000000, 
net 1: 0.000000, -0.000000, 22.693937, 0.000000, 0.000000, 
net a: -356357284839817216.000000, -0.000000, 0.000000, -1603.800781, 428792556290048.000000,  weights finished

19:29:46 INFO  [uk.ac.ic.do.fl.se.im.TaskService] (vert.x-worker-thread-1) outlier_fractions=[0.0, 0.0]
19:29:47 INFO  [uk.ac.ic.do.fl.se.im.TaskService] (vert.x-worker-thread-1) Number of participants: 2
load weights of p-1: ./results/mnist//proj7/mnist_lenet_c1.weights

tee--- net 0: -0.021194, 0.007636, -0.025694, -0.000204, -0.024612, 
tee--- net 1: -0.020422, 0.007544, -0.025923, -0.000214, -0.023694, 
tee--- net a: -0.020808, 0.007590, -0.025809, -0.000209, -0.024153, 
tee--- net 0: -0.109180, -0.094935, 0.028496, 0.098792, -0.055772, 
tee--- net 1: -0.109310, -0.094938, 0.029136, 0.099205, -0.055723, 
tee--- net a: -0.109245, -0.094937, 0.028816, 0.098999, -0.055748, 
tee--- net 0: -0.200061, 1.340244, -0.405262, -0.269614, -0.277394, 
tee--- net 1: -0.200253, 1.352186, -0.407009, -0.272593, -0.281455, 
tee--- net a: -0.200157, 1.346215, -0.406136, -0.271103, -0.279425, 
tee--- net 0: -0.153630, -0.153157, 0.144341, 0.081764, 0.011791, 
tee--- net 1: -0.154108, -0.153226, 0.146796, 0.084700, 0.011247, 
load weights of p-2: ./results/mnist//proj7/mnist_lenet_c0.weights
Aggregating layer 0 ... in OS: biases finished...
net 0: 0.088999, 0.341060, 0.078429, 0.112661, 0.091365, 
net 0: 0.088999, 0.341060, 0.078429, 0.112661, 0.091365, 
net 1: 0.090163, 0.341651, 0.078113, 0.112881, 0.091735, 
net a: 0.089581, 0.341355, 0.078271, 0.112771, 0.091550,  weights finished
Aggregating layer 2 ... in OS: biases finished...
net 0: -0.141599, -0.170915, 0.015970, -0.043424, -0.009160, 
net 0: -0.141599, -0.170915, 0.015970, -0.043424, -0.009160, 
net 1: -0.140801, -0.169924, 0.017235, -0.042437, -0.007820, 
net a: -0.141200, -0.170419, 0.016603, -0.042931, -0.008490,  weights finished
Aggregating layer 4 ... in OS: biases finished...
net 0: -0.057849, 0.035822, 0.083455, -0.042565, -0.041975, 
net 0: -0.057849, 0.035822, 0.083455, -0.042565, -0.041975, 
net 1: -0.057855, 0.035855, 0.083492, -0.042802, -0.042462, 
net a: -0.057852, 0.035839, 0.083474, -0.042683, -0.042219,  weights finished
Aggregating layer 6 ... inside SGX: biases finished...
net 0: 248589313929227939086336.000000, -0.000000, 3483144191956957314154496.000000, 0.000000, 0.000000, 
net 1: 4988.471680, -0.000000, -9706.472656, -876002267889664.000000, 0.000000, 
net a: -3596473205325672703066112.000000, 13.605725, 102.904778, 20316999503424723498303488.000000, 119699652648293429069151136120832.000000,  weights finished
Aggregating layer 8 ... inside SGX: biases finished...
net 0: -8347617376418315485860553748050345984.000000, -292543707702025091284992.000000, 601629019602944.000000, 101782488.000000, -0.000000, 
net 1: -344446795776.000000, -0.000000, -987.034302, 5250054377108553072640.000000, -8749992487572375339008.000000, 
net a: -0.000000, -0.000000, 28969438640540935099058757828608.000000, -0.000003, 675630088155715847847936.000000,  weights finished

19:36:41 INFO  [uk.ac.ic.do.fl.se.im.TaskService] (vert.x-worker-thread-1) outlier_fractions=[0.0, 0.0]
19:36:41 INFO  [uk.ac.ic.do.fl.se.im.TaskService] (vert.x-worker-thread-1) Number of participants: 2
load weights of p-1: ./results/mnist//proj7/mnist_lenet_c1.weights

tee--- net 0: -0.019622, 0.007276, -0.025486, -0.000105, -0.023042, 
tee--- net 1: -0.018710, 0.006096, -0.024328, 0.000000, -0.022147, 
tee--- net a: -0.019166, 0.006686, -0.024907, -0.000052, -0.022594, 
tee--- net 0: -0.109236, -0.094701, 0.028195, 0.099508, -0.055737, 
tee--- net 1: -0.109138, -0.094748, 0.024990, 0.099914, -0.056421, 
tee--- net a: -0.109187, -0.094725, 0.026593, 0.099711, -0.056079, 
tee--- net 0: -0.201796, 1.379156, -0.412355, -0.277099, -0.288502, 
tee--- net 1: -0.205009, 1.408309, -0.419028, -0.281879, -0.295835, 
tee--- net a: -0.203403, 1.393733, -0.415692, -0.279489, -0.292168, 
tee--- net 0: -0.155738, -0.153434, 0.150194, 0.084995, 0.011543, 
tee--- net 1: -0.158217, -0.153991, 0.151866, 0.080010, 0.009224, 
load weights of p-2: ./results/mnist//proj7/mnist_lenet_c0.weights
Aggregating layer 0 ... in OS: biases finished...
net 0: 0.094627, 0.345013, 0.081722, 0.116746, 0.096224, 
net 0: 0.094627, 0.345013, 0.081722, 0.116746, 0.096224, 
net 1: 0.100545, 0.350140, 0.088386, 0.122112, 0.100342, 
net a: 0.097586, 0.347576, 0.085054, 0.119429, 0.098283,  weights finished
Aggregating layer 2 ... in OS: biases finished...
net 0: -0.142192, -0.170075, 0.017109, -0.043379, -0.008635, 
net 0: -0.142192, -0.170075, 0.017109, -0.043379, -0.008635, 
net 1: -0.142852, -0.168507, 0.018018, -0.043886, -0.010970, 
net a: -0.142522, -0.169291, 0.017564, -0.043633, -0.009803,  weights finished
Aggregating layer 4 ... in OS: biases finished...
net 0: -0.057850, 0.035872, 0.083527, -0.042854, -0.042650, 
net 0: -0.057850, 0.035872, 0.083527, -0.042854, -0.042650, 
net 1: -0.057830, 0.036203, 0.083896, -0.043536, -0.043333, 
net a: -0.057840, 0.036038, 0.083712, -0.043195, -0.042991,  weights finished
Aggregating layer 6 ... inside SGX: biases finished...
net 0: -0.000000, 440828061286400.000000, -0.000000, 52355412.000000, 0.000000, 
net 1: -280895821580796310310617088.000000, -834069761222518038503735884251136.000000, 0.000000, -0.000000, -1003080358035844295013840191488.000000, 
net a: -353780401602292719219113984.000000, 259087941632.000000, 0.000002, 1974083186988463125507866624.000000, 0.000000,  weights finished
Aggregating layer 8 ... inside SGX: biases finished...
net 0: -18100368616944802412094736564224.000000, 109605581311993538674688.000000, 0.000000, -6843411765332096423979952254222336000.000000, 0.000000, 
net 1: 30381920047071232.000000, -4039366325981331587072.000000, 0.000000, 0.000000, 3840726528.000000, 
net a: 115742378482026414080.000000, -124369235389816378973392732160.000000, 0.000000, -0.000000, -24151281857724416.000000,  weights finished

