12:15:10 INFO  [io.qu.sc.ru.SimpleScheduler] (Quarkus Main Thread) No scheduled business methods found - Simple scheduler will not be started
12:15:10 INFO  [io.sm.re.me.kafka] (Quarkus Main Thread) SRMSG18229: Configured topics for channel 'client-done-tasks': [client-done-tasks]
12:15:10 INFO  [io.sm.re.me.kafka] (Quarkus Main Thread) SRMSG18214: Key deserializer omitted, using String as default
12:15:10 INFO  [or.ap.ka.co.se.au.AbstractLogin] (smallrye-kafka-consumer-thread-0) Successfully logged in.
12:15:10 INFO  [io.sm.re.me.kafka] (Quarkus Main Thread) SRMSG18229: Configured topics for channel 'incoming-server-todo-tasks': [server-todo-tasks]
12:15:10 INFO  [io.sm.re.me.kafka] (Quarkus Main Thread) SRMSG18214: Key deserializer omitted, using String as default
12:15:10 WARN  [or.ap.ka.cl.co.ConsumerConfig] (smallrye-kafka-consumer-thread-1) These configurations '[max.request.size]' were supplied but are not used yet.
12:15:10 INFO  [io.sm.re.me.kafka] (smallrye-kafka-producer-thread-0) SRMSG18258: Kafka producer kafka-producer-client-todo-tasks, connected to Kafka brokers 'pkc-41mxj.uksouth.azure.confluent.cloud:9092', is configured to write records to 'client-todo-tasks'
12:15:10 INFO  [io.sm.re.me.kafka] (smallrye-kafka-producer-thread-1) SRMSG18258: Kafka producer kafka-producer-outgoing-server-todo-tasks, connected to Kafka brokers 'pkc-41mxj.uksouth.azure.confluent.cloud:9092', is configured to write records to 'server-todo-tasks'
12:15:10 INFO  [io.sm.re.me.kafka] (smallrye-kafka-consumer-thread-0) SRMSG18257: Kafka consumer kafka-consumer-client-done-tasks, connected to Kafka brokers 'pkc-41mxj.uksouth.azure.confluent.cloud:9092', belongs to the 'fleet-server' consumer group and is configured to poll records from [client-done-tasks]
12:15:10 INFO  [io.sm.re.me.kafka] (smallrye-kafka-consumer-thread-1) SRMSG18257: Kafka consumer kafka-consumer-incoming-server-todo-tasks, connected to Kafka brokers 'pkc-41mxj.uksouth.azure.confluent.cloud:9092', belongs to the 'fleet-server' consumer group and is configured to poll records from [server-todo-tasks]
12:15:11 INFO  [io.quarkus] (Quarkus Main Thread) fleet-server 1.0.0-SNAPSHOT on JVM (powered by Quarkus 3.0.3.Final) started in 8.328s. Listening on: http://0.0.0.0:8080 and https://0.0.0.0:8443
12:15:11 INFO  [io.quarkus] (Quarkus Main Thread) Profile dev activated. Live Coding activated.
12:15:11 INFO  [io.quarkus] (Quarkus Main Thread) Installed features: [agroal, cdi, hibernate-orm, hibernate-orm-panache, jdbc-h2, jdbc-mysql, kafka-client, micrometer, narayana-jta, rest-client-reactive, resteasy-reactive, resteasy-reactive-jackson, scheduler, security, security-jpa, smallrye-context-propagation, smallrye-reactive-messaging, smallrye-reactive-messaging-kafka, spring-data-jpa, spring-di, vertx]
12:23:59 INFO  [io.sm.re.me.kafka] (vert.x-eventloop-thread-1) SRMSG18256: Initialize record store for topic-partition 'client-done-tasks-0' at position 1555.
12:25:36 INFO  [io.sm.re.me.kafka] (vert.x-eventloop-thread-0) SRMSG18256: Initialize record store for topic-partition 'server-todo-tasks-0' at position 309.
12:25:36 INFO  [uk.ac.ic.do.fl.se.im.TaskService] (vert.x-worker-thread-2) outlier_fractions=[0.0, 0.0]
12:25:36 INFO  [uk.ac.ic.do.fl.se.im.TaskService] (vert.x-worker-thread-2) Number of participants: 2
load weights of p-1: ./results/mnist//proj12/mnist_lenet_c1.weights

tee--- net 0: -0.024444, 0.241813, -0.081007, -0.044745, -0.027984, 
tee--- net 1: -0.004703, -0.004463, -0.001448, -0.011931, -0.006566, 
tee--- net a: -0.014573, 0.118675, -0.041228, -0.028338, -0.017275, 
tee--- net 0: -0.108114, -0.109218, 0.098428, 0.128625, -0.039652, 
tee--- net 1: -0.096330, -0.096272, 0.081452, 0.081144, -0.043421, 
tee--- net a: -0.102222, -0.102745, 0.089940, 0.104884, -0.041536, 
tee--- net 0: -0.513598, 1.120801, -0.549374, -0.427480, -0.096714, 
tee--- net 1: -0.030328, 0.064204, -0.041886, -0.025661, 0.021530, 
tee--- net a: -0.271963, 0.592503, -0.295630, -0.226570, -0.037592, 
tee--- net 0: -0.008898, -0.230658, 0.125347, 0.090484, 0.128944, 
tee--- net 1: -0.065833, -0.116812, 0.081990, 0.104576, 0.032076, 
load weights of p-2: ./results/mnist//proj12/mnist_lenet_c0.weights
Aggregating layer 0 ... in OS: biases finished...
net 0: -0.096735, 0.201949, -0.065047, -0.029055, -0.083789, 
net 0: -0.096735, 0.201949, -0.065047, -0.029055, -0.083789, 
net 1: -0.061138, 0.244038, -0.033352, 0.002024, -0.060158, 
net a: -0.078937, 0.222994, -0.049200, -0.013516, -0.071974,  weights finished
Aggregating layer 2 ... in OS: biases finished...
net 0: -0.080368, -0.148333, 0.013326, -0.045340, -0.021462, 
net 0: -0.080368, -0.148333, 0.013326, -0.045340, -0.021462, 
net 1: -0.088667, -0.153746, 0.001690, -0.054203, -0.022261, 
net a: -0.084517, -0.151040, 0.007508, -0.049771, -0.021861,  weights finished
Aggregating layer 4 ... in OS: biases finished...
net 0: -0.052916, 0.039590, 0.074575, -0.040783, -0.038128, 
net 0: -0.052916, 0.039590, 0.074575, -0.040783, -0.038128, 
net 1: -0.057964, 0.033530, 0.079203, -0.036856, -0.034193, 
net a: -0.055440, 0.036560, 0.076889, -0.038819, -0.036160,  weights finished
Aggregating layer 6 ... inside SGX: biases finished...
net 0: -0.000000, -1399685041232740406525952.000000, 1359845262180298505846784.000000, 39701780.000000, -0.000000, 
net 1: 0.000000, 0.000000, -173677312.000000, -61842714624.000000, 16054839410688.000000, 
net a: 0.000000, -0.000001, 0.376722, 1575267972652466176.000000, 0.000000,  weights finished
Aggregating layer 8 ... inside SGX: biases finished...
net 0: 715.965942, -2997101.250000, -4837049521480728051712.000000, 38263969826748025539268563697664.000000, -67538072280941682565903374352384.000000, 
net 1: -524900121033569248215040.000000, 249956.281250, 0.000000, -5767023704234319151104.000000, 0.000456, 
net a: 0.000000, 8411518148034267766063104.000000, -0.000000, 408989433856.000000, 2254.419189,  weights finished

12:32:31 INFO  [uk.ac.ic.do.fl.se.im.TaskService] (vert.x-worker-thread-1) outlier_fractions=[0.0, 0.0]
12:32:31 INFO  [uk.ac.ic.do.fl.se.im.TaskService] (vert.x-worker-thread-1) Number of participants: 2
load weights of p-1: ./results/mnist//proj12/mnist_lenet_c1.weights

tee--- net 0: -0.014378, 0.118801, -0.040881, -0.028070, -0.016992, 
tee--- net 1: -0.015824, 0.007570, -0.005425, 0.002535, -0.001761, 
tee--- net a: -0.015101, 0.063186, -0.023153, -0.012767, -0.009377, 
tee--- net 0: -0.102218, -0.102726, 0.089955, 0.104913, -0.041529, 
tee--- net 1: -0.097563, -0.099924, 0.085913, 0.079880, -0.040695, 
tee--- net a: -0.099891, -0.101325, 0.087934, 0.092396, -0.041112, 
tee--- net 0: -0.271555, 0.591426, -0.294917, -0.226109, -0.038022, 
tee--- net 1: 0.005741, 0.057105, -0.025092, -0.022026, -0.013262, 
tee--- net a: -0.132907, 0.324266, -0.160005, -0.124068, -0.025642, 
tee--- net 0: -0.037178, -0.173769, 0.103942, 0.097665, 0.081363, 
tee--- net 1: -0.045999, -0.117277, 0.079777, 0.103272, 0.023329, 
load weights of p-2: ./results/mnist//proj12/mnist_lenet_c0.weights
Aggregating layer 0 ... in OS: biases finished...
net 0: -0.078884, 0.223152, -0.048939, -0.013177, -0.071677, 
net 0: -0.078884, 0.223152, -0.048939, -0.013177, -0.071677, 
net 1: -0.084208, 0.229024, -0.037734, 0.000612, -0.065696, 
net a: -0.081546, 0.226088, -0.043337, -0.006283, -0.068686,  weights finished
Aggregating layer 2 ... in OS: biases finished...
net 0: -0.084489, -0.151024, 0.007550, -0.049735, -0.021837, 
net 0: -0.084489, -0.151024, 0.007550, -0.049735, -0.021837, 
net 1: -0.084872, -0.152280, 0.006122, -0.055919, -0.020811, 
net a: -0.084680, -0.151652, 0.006836, -0.052827, -0.021324,  weights finished
Aggregating layer 4 ... in OS: biases finished...
net 0: -0.055428, 0.036584, 0.076904, -0.038808, -0.036152, 
net 0: -0.055428, 0.036584, 0.076904, -0.038808, -0.036152, 
net 1: -0.058020, 0.034676, 0.082278, -0.035717, -0.033725, 
net a: -0.056724, 0.035630, 0.079591, -0.037263, -0.034939,  weights finished
Aggregating layer 6 ... inside SGX: biases finished...
net 0: 9327872265571588114481152.000000, -0.000000, 0.000000, -1131316263256064.000000, 0.000000, 
net 1: -6756944576512.000000, 0.000000, -136191877997711887406465024.000000, -0.046352, 391870057051726096105472.000000, 
net a: 0.000001, 5026772814921728.000000, 0.000000, 65792.335938, -54202681889078116352.000000,  weights finished
Aggregating layer 8 ... inside SGX: biases finished...
net 0: -0.000000, -0.000000, 228088712252655327510528.000000, -101968576641528628030740627456.000000, -264936242076093202793163992657297408.000000, 
net 1: -0.000000, 83663855616.000000, 3375567041716964236036407296.000000, 12.812017, 0.000000, 
net a: 0.000000, -56595541124338029677995098112.000000, -0.000000, 65458572986717437207964024832.000000, -1564918912.000000,  weights finished

12:36:02 INFO  [uk.ac.ic.do.fl.se.im.TaskService] (vert.x-worker-thread-1) outlier_fractions=[0.0, 0.0]
12:36:02 INFO  [uk.ac.ic.do.fl.se.im.TaskService] (vert.x-worker-thread-1) Number of participants: 2
load weights of p-1: ./results/mnist//proj12/mnist_lenet_c1.weights

tee--- net 0: -0.014404, 0.118795, -0.041027, -0.028070, -0.017023, 
tee--- net 1: -0.007858, 0.162182, -0.044308, -0.009812, -0.012267, 
tee--- net a: -0.011131, 0.140488, -0.042667, -0.018941, -0.014645, 
tee--- net 0: -0.102217, -0.102702, 0.089945, 0.104919, -0.041535, 
tee--- net 1: -0.098297, -0.094469, 0.091265, 0.099985, -0.051108, 
tee--- net a: -0.100257, -0.098585, 0.090605, 0.102452, -0.046322, 
tee--- net 0: -0.271159, 0.591786, -0.295248, -0.226073, -0.037694, 
tee--- net 1: -0.322731, 0.915294, -0.439793, -0.303700, -0.154603, 
tee--- net a: -0.296945, 0.753540, -0.367521, -0.264886, -0.096148, 
tee--- net 0: -0.037192, -0.173758, 0.103997, 0.097486, 0.081911, 
tee--- net 1: -0.026850, -0.182633, 0.092617, 0.058388, 0.096076, 
load weights of p-2: ./results/mnist//proj12/mnist_lenet_c0.weights
Aggregating layer 0 ... in OS: biases finished...
net 0: -0.078836, 0.223212, -0.048913, -0.013204, -0.071701, 
net 0: -0.078836, 0.223212, -0.048913, -0.013204, -0.071701, 
net 1: -0.080585, 0.218626, -0.050633, -0.010518, -0.064849, 
net a: -0.079711, 0.220919, -0.049773, -0.011861, -0.068275,  weights finished
Aggregating layer 2 ... in OS: biases finished...
net 0: -0.084500, -0.151014, 0.007556, -0.049729, -0.021843, 
net 0: -0.084500, -0.151014, 0.007556, -0.049729, -0.021843, 
net 1: -0.085270, -0.148524, 0.010931, -0.049897, -0.023139, 
net a: -0.084885, -0.149769, 0.009244, -0.049813, -0.022491,  weights finished
Aggregating layer 4 ... in OS: biases finished...
net 0: -0.055431, 0.036582, 0.076917, -0.038801, -0.036145, 
net 0: -0.055431, 0.036582, 0.076917, -0.038801, -0.036145, 
net 1: -0.053345, 0.039291, 0.077098, -0.043772, -0.039633, 
net a: -0.054388, 0.037937, 0.077008, -0.041287, -0.037889,  weights finished
Aggregating layer 6 ... inside SGX: biases finished...
net 0: 0.000000, 126886163298191774056448.000000, -832170176.000000, 156.711304, -0.000000, 
net 1: 1055844480.000000, 0.000000, 0.000000, -0.000000, 425.624573, 
net a: 0.000000, 32458956189908013619572423434174464.000000, 24841141652291584.000000, 0.000000, 9421210267992306365876928512.000000,  weights finished
Aggregating layer 8 ... inside SGX: biases finished...
net 0: 510604.875000, 0.000000, 17611366294618112.000000, 0.000000, 3538949632.000000, 
net 1: 0.000000, 0.000000, -2217347363037258353242514915328.000000, -0.000000, 0.000000, 
net a: -0.007267, 0.000000, -0.000000, -0.000000, -0.000000,  weights finished

12:42:11 INFO  [uk.ac.ic.do.fl.se.im.TaskService] (vert.x-worker-thread-1) outlier_fractions=[0.0, 0.0]
12:42:11 INFO  [uk.ac.ic.do.fl.se.im.TaskService] (vert.x-worker-thread-1) Number of participants: 2
load weights of p-1: ./results/mnist//proj12/mnist_lenet_c1.weights

tee--- net 0: -0.025057, 0.125445, -0.037153, -0.006533, -0.008612, 
tee--- net 1: -0.015002, 0.063168, -0.022980, -0.012691, -0.009274, 
tee--- net a: -0.020029, 0.094306, -0.030067, -0.009612, -0.008943, 
tee--- net 0: -0.103336, -0.096715, 0.094461, 0.114850, -0.050073, 
tee--- net 1: -0.099895, -0.101316, 0.087941, 0.092417, -0.041117, 
tee--- net a: -0.101616, -0.099016, 0.091201, 0.103633, -0.045595, 
tee--- net 0: -0.239786, 0.644692, -0.299377, -0.207087, -0.140674, 
tee--- net 1: -0.132500, 0.323550, -0.159487, -0.123623, -0.025477, 
tee--- net a: -0.186143, 0.484121, -0.229432, -0.165355, -0.083075, 
tee--- net 0: -0.044236, -0.163925, 0.084374, 0.056070, 0.090128, 
tee--- net 1: -0.041558, -0.145485, 0.091938, 0.100482, 0.052498, 
load weights of p-2: ./results/mnist//proj12/mnist_lenet_c0.weights
Aggregating layer 0 ... in OS: biases finished...
net 0: -0.075475, 0.236234, -0.032310, 0.013484, -0.042858, 
net 0: -0.075475, 0.236234, -0.032310, 0.013484, -0.042858, 
net 1: -0.081565, 0.226149, -0.043199, -0.006093, -0.068489, 
net a: -0.078520, 0.231191, -0.037755, 0.003695, -0.055674,  weights finished
Aggregating layer 2 ... in OS: biases finished...
net 0: -0.090049, -0.151028, 0.007238, -0.052790, -0.020206, 
net 0: -0.090049, -0.151028, 0.007238, -0.052790, -0.020206, 
net 1: -0.084681, -0.151644, 0.006851, -0.052810, -0.021311, 
net a: -0.087365, -0.151336, 0.007045, -0.052800, -0.020758,  weights finished
Aggregating layer 4 ... in OS: biases finished...
net 0: -0.056090, 0.036663, 0.079401, -0.039911, -0.036787, 
net 0: -0.056090, 0.036663, 0.079401, -0.039911, -0.036787, 
net 1: -0.056722, 0.035632, 0.079600, -0.037256, -0.034932, 
net a: -0.056406, 0.036148, 0.079500, -0.038583, -0.035860,  weights finished
Aggregating layer 6 ... inside SGX: biases finished...
net 0: -0.000000, -371.738190, -263834848.000000, -nan, -0.000000, 
net 1: -0.000000, -4740044366650362551200645120.000000, -0.000000, 0.000000, 76176146646745248834830063751485456384.000000, 
net a: 19799327024181297193893091140960256.000000, -0.000000, -10280341.000000, -0.353433, -2090318692352.000000,  weights finished
Aggregating layer 8 ... inside SGX: biases finished...
net 0: -0.000000, 0.000000, 0.000000, 0.000000, -0.000000, 
net 1: 359732444138729111552.000000, -217605.625000, 6344907532967045097726672970356621312.000000, 267414626081512064153087547468303826944.000000, 0.000000, 
net a: -8908363837562271418426810911686656.000000, 221996238292188038501888950272.000000, -0.000000, -307086555464591372998896098377465856.000000, -0.000000,  weights finished

12:46:20 INFO  [uk.ac.ic.do.fl.se.im.TaskService] (vert.x-worker-thread-1) outlier_fractions=[0.0, 0.0]
12:46:20 INFO  [uk.ac.ic.do.fl.se.im.TaskService] (vert.x-worker-thread-1) Number of participants: 2
load weights of p-1: ./results/mnist//proj12/mnist_lenet_c1.weights

tee--- net 0: -0.011048, 0.140654, -0.042553, -0.018690, -0.014690, 
tee--- net 1: -0.015030, 0.063365, -0.023063, -0.012681, -0.009309, 
tee--- net a: -0.013039, 0.102010, -0.032808, -0.015686, -0.012000, 
tee--- net 0: -0.100239, -0.098551, 0.090576, 0.102555, -0.046301, 
tee--- net 1: -0.099901, -0.101308, 0.087939, 0.092416, -0.041107, 
tee--- net a: -0.100070, -0.099930, 0.089257, 0.097485, -0.043704, 
tee--- net 0: -0.297029, 0.753990, -0.367648, -0.264974, -0.096684, 
tee--- net 1: -0.132484, 0.323559, -0.159566, -0.123851, -0.025467, 
tee--- net a: -0.214756, 0.538774, -0.263607, -0.194412, -0.061075, 
tee--- net 0: -0.031927, -0.178263, 0.098495, 0.077619, 0.089616, 
tee--- net 1: -0.041521, -0.145529, 0.091934, 0.100489, 0.052574, 
load weights of p-2: ./results/mnist//proj12/mnist_lenet_c0.weights
Aggregating layer 0 ... in OS: biases finished...
net 0: -0.079665, 0.220994, -0.049663, -0.011717, -0.068159, 
net 0: -0.079665, 0.220994, -0.049663, -0.011717, -0.068159, 
net 1: -0.081549, 0.226171, -0.043154, -0.006038, -0.068442, 
net a: -0.080607, 0.223583, -0.046408, -0.008878, -0.068301,  weights finished
Aggregating layer 2 ... in OS: biases finished...
net 0: -0.084889, -0.149758, 0.009255, -0.049807, -0.022488, 
net 0: -0.084889, -0.149758, 0.009255, -0.049807, -0.022488, 
net 1: -0.084676, -0.151644, 0.006842, -0.052816, -0.021313, 
net a: -0.084783, -0.150701, 0.008049, -0.051311, -0.021900,  weights finished
Aggregating layer 4 ... in OS: biases finished...
net 0: -0.054380, 0.037959, 0.077026, -0.041278, -0.037874, 
net 0: -0.054380, 0.037959, 0.077026, -0.041278, -0.037874, 
net 1: -0.056721, 0.035634, 0.079593, -0.037256, -0.034936, 
net a: -0.055551, 0.036796, 0.078309, -0.039267, -0.036405,  weights finished
Aggregating layer 6 ... inside SGX: biases finished...
net 0: 0.000000, -0.000000, -0.000000, 0.000000, 276398399583818874880.000000, 
net 1: 17177166.000000, -2154071784234680320.000000, -157478946608712081752449544114667520.000000, -0.000000, -9054570596532224.000000, 
net a: 115470471438155073277094280451588096.000000, 3028397252214414219153506304.000000, 0.405015, 0.000000, 0.000000,  weights finished
Aggregating layer 8 ... inside SGX: biases finished...
net 0: 0.000000, -460806202810223820800.000000, -873803799957490198302311841792.000000, 0.000000, -5173715457277952.000000, 
net 1: -898254940606901167014308764188672.000000, 404892236350750720.000000, 10018063.000000, -0.000000, 0.000000, 
net a: 56.284908, -524113312.000000, -145014692029430581166080.000000, -101.906998, -0.000000,  weights finished

12:55:51 INFO  [uk.ac.ic.do.fl.se.im.TaskService] (vert.x-worker-thread-1) outlier_fractions=[0.0, 0.0]
12:55:52 INFO  [uk.ac.ic.do.fl.se.im.TaskService] (vert.x-worker-thread-1) Number of participants: 2
load weights of p-1: ./results/mnist//proj12/mnist_lenet_c1.weights

tee--- net 0: -0.012904, 0.102216, -0.032670, -0.015496, -0.011848, 
tee--- net 1: -0.000139, 0.171657, -0.033157, -0.002507, -0.000038, 
tee--- net a: -0.006521, 0.136936, -0.032914, -0.009001, -0.005943, 
tee--- net 0: -0.100089, -0.099915, 0.089267, 0.097545, -0.043708, 
tee--- net 1: -0.097759, -0.094311, 0.095429, 0.111506, -0.051814, 
tee--- net a: -0.098924, -0.097113, 0.092348, 0.104525, -0.047761, 
tee--- net 0: -0.214603, 0.538530, -0.263301, -0.194266, -0.061303, 
tee--- net 1: -0.309637, 0.976080, -0.463119, -0.342541, -0.197278, 
tee--- net a: -0.262120, 0.757305, -0.363210, -0.268404, -0.129290, 
tee--- net 0: -0.036662, -0.161866, 0.095485, 0.089024, 0.071621, 
tee--- net 1: -0.029122, -0.192196, 0.104310, 0.063810, 0.112358, 
load weights of p-2: ./results/mnist//proj12/mnist_lenet_c0.weights
Aggregating layer 0 ... in OS: biases finished...
net 0: -0.080585, 0.223665, -0.046236, -0.008647, -0.068065, 
net 0: -0.080585, 0.223665, -0.046236, -0.008647, -0.068065, 
net 1: -0.083664, 0.215737, -0.056077, -0.017805, -0.071034, 
net a: -0.082125, 0.219701, -0.051157, -0.013226, -0.069550,  weights finished
Aggregating layer 2 ... in OS: biases finished...
net 0: -0.084776, -0.150689, 0.008060, -0.051291, -0.021897, 
net 0: -0.084776, -0.150689, 0.008060, -0.051291, -0.021897, 
net 1: -0.084657, -0.147887, 0.010993, -0.049575, -0.022772, 
net a: -0.084717, -0.149288, 0.009527, -0.050433, -0.022334,  weights finished
Aggregating layer 4 ... in OS: biases finished...
net 0: -0.055541, 0.036812, 0.078338, -0.039247, -0.036399, 
net 0: -0.055541, 0.036812, 0.078338, -0.039247, -0.036399, 
net 1: -0.054798, 0.035483, 0.070631, -0.055383, -0.048099, 
net a: -0.055169, 0.036147, 0.074484, -0.047315, -0.042249,  weights finished
Aggregating layer 6 ... inside SGX: biases finished...
net 0: -781059715720429348847616.000000, 5.147105, -368.652344, 435073815244828465053191634944.000000, 2171199359299377131247816530722816.000000, 
net 1: -0.000000, 1621495810112393497829965824.000000, 0.000000, -0.000000, 57112948430312833024.000000, 
net a: -0.000088, 0.000000, -161919092654080.000000, -3660.314209, -1934238023680.000000,  weights finished
Aggregating layer 8 ... inside SGX: biases finished...
net 0: -1150135758021340681994240.000000, -88483670691676160.000000, -0.000000, -0.000000, -269881901056.000000, 
net 1: 2185890768478132452632559616.000000, 27.467148, -0.000037, 1846382128427956414180757602304.000000, 1495516058857259255052894208.000000, 
net a: 436110506914079872527663890432.000000, 0.000000, -65500212.000000, -0.000000, 8958681922111589538443032526848.000000,  weights finished

13:04:00 INFO  [uk.ac.ic.do.fl.se.im.TaskService] (vert.x-worker-thread-1) outlier_fractions=[0.0, 0.0]
13:04:00 INFO  [uk.ac.ic.do.fl.se.im.TaskService] (vert.x-worker-thread-1) Number of participants: 2
load weights of p-1: ./results/mnist//proj12/mnist_lenet_c1.weights

tee--- net 0: 0.000001, 0.170025, -0.028019, -0.001760, -0.008981, 
tee--- net 1: -0.006474, 0.137068, -0.032794, -0.008950, -0.005893, 
tee--- net a: -0.003236, 0.153547, -0.030407, -0.005355, -0.007437, 
tee--- net 0: -0.097114, -0.093678, 0.091190, 0.103270, -0.049880, 
tee--- net 1: -0.098895, -0.097138, 0.092351, 0.104577, -0.047769, 
tee--- net a: -0.098005, -0.095408, 0.091771, 0.103923, -0.048825, 
tee--- net 0: -0.282752, 0.945742, -0.432832, -0.330338, -0.224354, 
tee--- net 1: -0.262151, 0.757498, -0.363355, -0.268406, -0.129600, 
tee--- net a: -0.272451, 0.851620, -0.398093, -0.299372, -0.176977, 
tee--- net 0: -0.046301, -0.187002, 0.117599, 0.064805, 0.095108, 
tee--- net 1: -0.032868, -0.177036, 0.099875, 0.076260, 0.092154, 
load weights of p-2: ./results/mnist//proj12/mnist_lenet_c0.weights
Aggregating layer 0 ... in OS: biases finished...
net 0: -0.086573, 0.214272, -0.055254, -0.014902, -0.069973, 
net 0: -0.086573, 0.214272, -0.055254, -0.014902, -0.069973, 
net 1: -0.082092, 0.219749, -0.051091, -0.013161, -0.069490, 
net a: -0.084332, 0.217010, -0.053172, -0.014032, -0.069731,  weights finished
Aggregating layer 2 ... in OS: biases finished...
net 0: -0.085228, -0.148217, 0.010566, -0.050100, -0.022070, 
net 0: -0.085228, -0.148217, 0.010566, -0.050100, -0.022070, 
net 1: -0.084714, -0.149287, 0.009534, -0.050430, -0.022334, 
net a: -0.084971, -0.148752, 0.010050, -0.050265, -0.022202,  weights finished
Aggregating layer 4 ... in OS: biases finished...
net 0: -0.054996, 0.034233, 0.068850, -0.051901, -0.044640, 
net 0: -0.054996, 0.034233, 0.068850, -0.051901, -0.044640, 
net 1: -0.055160, 0.036163, 0.074502, -0.047305, -0.042244, 
net a: -0.055078, 0.035198, 0.071676, -0.049603, -0.043442,  weights finished
Aggregating layer 6 ... inside SGX: biases finished...
net 0: 20578025543753732081057792.000000, -128410414895587131392.000000, -0.000000, -6143453138438408110080.000000, 406639869952.000000, 
net 1: 120656620434644061741121536.000000, -0.000000, -3869.239502, -2.032569, -0.000000, 
net a: -20657170487545243669045968896.000000, 967182785267120299826456166995591168.000000, 2616591842365017009525096448.000000, -89849108346320191488.000000, -9213015342978892501614592.000000,  weights finished
Aggregating layer 8 ... inside SGX: biases finished...
net 0: 0.000000, -0.000000, 0.000000, -0.000000, 0.000000, 
net 1: 16321852091125465088.000000, 0.000000, -0.000023, -0.000009, -1259165450240.000000, 
net a: 0.000000, 0.000107, 333617758749467869184.000000, 0.000000, 388163476171784192.000000,  weights finished

13:10:55 INFO  [uk.ac.ic.do.fl.se.im.TaskService] (vert.x-worker-thread-1) outlier_fractions=[0.0, 0.0]
13:10:55 INFO  [uk.ac.ic.do.fl.se.im.TaskService] (vert.x-worker-thread-1) Number of participants: 2
load weights of p-1: ./results/mnist//proj12/mnist_lenet_c1.weights

tee--- net 0: -0.003206, 0.153589, -0.030385, -0.005357, -0.007423, 
tee--- net 1: -0.006418, 0.137072, -0.032834, -0.008877, -0.005836, 
tee--- net a: -0.004812, 0.145331, -0.031609, -0.007117, -0.006629, 
tee--- net 0: -0.098006, -0.095384, 0.091763, 0.103934, -0.048828, 
tee--- net 1: -0.098921, -0.097112, 0.092361, 0.104623, -0.047755, 
tee--- net a: -0.098464, -0.096248, 0.092062, 0.104278, -0.048292, 
tee--- net 0: -0.272461, 0.851727, -0.398131, -0.299498, -0.177098, 
tee--- net 1: -0.262061, 0.757563, -0.363366, -0.268390, -0.129529, 
tee--- net a: -0.267261, 0.804645, -0.380749, -0.283944, -0.153313, 
tee--- net 0: -0.039633, -0.182015, 0.108832, 0.070477, 0.093602, 
tee--- net 1: -0.032995, -0.177058, 0.100035, 0.076192, 0.092322, 
load weights of p-2: ./results/mnist//proj12/mnist_lenet_c0.weights
Aggregating layer 0 ... in OS: biases finished...
net 0: -0.084332, 0.217010, -0.053167, -0.014020, -0.069717, 
net 0: -0.084332, 0.217010, -0.053167, -0.014020, -0.069717, 
net 1: -0.082132, 0.219709, -0.051124, -0.013174, -0.069489, 
net a: -0.083232, 0.218359, -0.052146, -0.013597, -0.069603,  weights finished
Aggregating layer 2 ... in OS: biases finished...
net 0: -0.084972, -0.148750, 0.010050, -0.050266, -0.022202, 
net 0: -0.084972, -0.148750, 0.010050, -0.050266, -0.022202, 
net 1: -0.084732, -0.149283, 0.009537, -0.050430, -0.022339, 
net a: -0.084852, -0.149016, 0.009794, -0.050348, -0.022271,  weights finished
Aggregating layer 4 ... in OS: biases finished...
net 0: -0.055078, 0.035201, 0.071680, -0.049600, -0.043439, 
net 0: -0.055078, 0.035201, 0.071680, -0.049600, -0.043439, 
net 1: -0.055169, 0.036124, 0.074453, -0.047341, -0.042245, 
net a: -0.055123, 0.035662, 0.073066, -0.048470, -0.042842,  weights finished
Aggregating layer 6 ... inside SGX: biases finished...
net 0: -9837818093970481083318272.000000, -0.000000, 0.015386, 7912.852539, 0.000081, 
net 1: -0.000000, -0.000000, 23401769262383104.000000, 0.000000, nan, 
net a: -0.000000, 73.978897, 1976568828142338927002241325456162816.000000, 0.000000, 74728602004422965110675341312.000000,  weights finished
Aggregating layer 8 ... inside SGX: biases finished...
net 0: -0.000000, -0.000000, -0.000000, 204.152069, 0.000000, 
net 1: 753518058210101834802734222498856960.000000, 4313569068360220376789390647472685056.000000, -0.000000, -0.000000, -0.000000, 
net a: 0.000000, -5442765848576.000000, 0.000000, -6678629056512.000000, -13542453522243154819663192391680.000000,  weights finished

13:14:42 INFO  [uk.ac.ic.do.fl.se.im.TaskService] (vert.x-worker-thread-1) outlier_fractions=[0.0, 0.0]
13:14:42 INFO  [uk.ac.ic.do.fl.se.im.TaskService] (vert.x-worker-thread-1) Number of participants: 2
load weights of p-1: ./results/mnist//proj12/mnist_lenet_c1.weights

tee--- net 0: -0.003227, 0.153579, -0.030382, -0.005345, -0.007417, 
tee--- net 1: -0.000002, 0.163246, -0.026584, 0.000549, -0.005983, 
tee--- net a: -0.001614, 0.158412, -0.028483, -0.002398, -0.006700, 
tee--- net 0: -0.098003, -0.095395, 0.091771, 0.103948, -0.048828, 
tee--- net 1: -0.097618, -0.092234, 0.092220, 0.113609, -0.047678, 
tee--- net a: -0.097810, -0.093814, 0.091995, 0.108779, -0.048253, 
tee--- net 0: -0.272459, 0.851745, -0.398147, -0.299364, -0.177093, 
tee--- net 1: -0.275313, 0.936032, -0.431791, -0.328059, -0.216140, 
tee--- net a: -0.273886, 0.893888, -0.414969, -0.313712, -0.196616, 
tee--- net 0: -0.039603, -0.182026, 0.108730, 0.070531, 0.093743, 
tee--- net 1: -0.048795, -0.184986, 0.111013, 0.053296, 0.112099, 
load weights of p-2: ./results/mnist//proj12/mnist_lenet_c0.weights
Aggregating layer 0 ... in OS: biases finished...
net 0: -0.084328, 0.217021, -0.053160, -0.014018, -0.069716, 
net 0: -0.084328, 0.217021, -0.053160, -0.014018, -0.069716, 
net 1: -0.087230, 0.213155, -0.056448, -0.016039, -0.070479, 
net a: -0.085779, 0.215088, -0.054804, -0.015028, -0.070097,  weights finished
Aggregating layer 2 ... in OS: biases finished...
net 0: -0.084970, -0.148751, 0.010050, -0.050264, -0.022200, 
net 0: -0.084970, -0.148751, 0.010050, -0.050264, -0.022200, 
net 1: -0.084943, -0.148529, 0.010475, -0.050121, -0.022435, 
net a: -0.084957, -0.148640, 0.010262, -0.050192, -0.022318,  weights finished
Aggregating layer 4 ... in OS: biases finished...
net 0: -0.055077, 0.035201, 0.071675, -0.049607, -0.043438, 
net 0: -0.055077, 0.035201, 0.071675, -0.049607, -0.043438, 
net 1: -0.055375, 0.033534, 0.068069, -0.053856, -0.045673, 
net a: -0.055226, 0.034367, 0.069872, -0.051731, -0.044556,  weights finished
Aggregating layer 6 ... inside SGX: biases finished...
net 0: 0.000003, -71509716189900177408.000000, -245965660901509963972608.000000, 1814313859905403857035207901184.000000, -0.000000, 
net 1: -0.000000, -0.000000, -0.000000, -1099226349568.000000, -1260986849994786113657075924992.000000, 
net a: 21576998912.000000, 0.000000, -0.000000, 0.000000, 0.000000,  weights finished
Aggregating layer 8 ... inside SGX: biases finished...
net 0: -0.000000, 1849921804624283566080.000000, -2557484384783477441034677387264.000000, -0.000000, 8221335129948160.000000, 
net 1: -147203711199401605248156598009856.000000, 300774031360.000000, -0.023028, 414544290323315187894271868928.000000, 54097.250000, 
net a: 0.000020, -24775082598646175323707427258368.000000, -0.260164, -2046155168940032.000000, -0.000000,  weights finished

13:20:45 INFO  [uk.ac.ic.do.fl.se.im.TaskService] (vert.x-worker-thread-1) outlier_fractions=[0.0, 0.0]
13:20:45 INFO  [uk.ac.ic.do.fl.se.im.TaskService] (vert.x-worker-thread-1) Number of participants: 2
load weights of p-1: ./results/mnist//proj12/mnist_lenet_c1.weights

tee--- net 0: -0.001763, 0.160377, -0.027041, -0.002403, -0.005784, 
tee--- net 1: -0.004792, 0.145377, -0.031587, -0.007102, -0.006620, 
tee--- net a: -0.003277, 0.152877, -0.029314, -0.004752, -0.006202, 
tee--- net 0: -0.098441, -0.093233, 0.092204, 0.112351, -0.047643, 
tee--- net 1: -0.098461, -0.096243, 0.092060, 0.104304, -0.048288, 
tee--- net a: -0.098451, -0.094738, 0.092132, 0.108328, -0.047966, 
tee--- net 0: -0.271225, 0.891632, -0.423058, -0.314356, -0.191446, 
tee--- net 1: -0.267250, 0.804712, -0.380796, -0.284039, -0.153406, 
tee--- net a: -0.269237, 0.848172, -0.401927, -0.299197, -0.172426, 
tee--- net 0: -0.042936, -0.184364, 0.100915, 0.054260, 0.100292, 
tee--- net 1: -0.036323, -0.179551, 0.104424, 0.073351, 0.093057, 
load weights of p-2: ./results/mnist//proj12/mnist_lenet_c0.weights
Aggregating layer 0 ... in OS: biases finished...
net 0: -0.087020, 0.213937, -0.054493, -0.013916, -0.069605, 
net 0: -0.087020, 0.213937, -0.054493, -0.013916, -0.069605, 
net 1: -0.083232, 0.218365, -0.052139, -0.013587, -0.069590, 
net a: -0.085126, 0.216151, -0.053316, -0.013751, -0.069598,  weights finished
Aggregating layer 2 ... in OS: biases finished...
net 0: -0.084892, -0.148252, 0.010014, -0.050452, -0.022562, 
net 0: -0.084892, -0.148252, 0.010014, -0.050452, -0.022562, 
net 1: -0.084852, -0.149014, 0.009794, -0.050348, -0.022270, 
net a: -0.084872, -0.148633, 0.009904, -0.050400, -0.022416,  weights finished
Aggregating layer 4 ... in OS: biases finished...
net 0: -0.055384, 0.034811, 0.071070, -0.050790, -0.044981, 
net 0: -0.055384, 0.034811, 0.071070, -0.050790, -0.044981, 
net 1: -0.055121, 0.035668, 0.073067, -0.048473, -0.042842, 
net a: -0.055252, 0.035239, 0.072068, -0.049632, -0.043911,  weights finished
Aggregating layer 6 ... inside SGX: biases finished...
net 0: 0.000000, -0.000000, -7519.979492, 257531255455744.000000, 1203148060891235958222961508352.000000, 
net 1: -0.000000, 0.000032, -696451074717908992.000000, 8.363663, 0.000000, 
net a: -0.000000, 335092973568.000000, -16053303557226496.000000, -28181848.000000, 989225024.000000,  weights finished
Aggregating layer 8 ... inside SGX: biases finished...
net 0: -568023.812500, 0.000000, -59116652493933036144588878589319970816.000000, -450794384371642199183777071104.000000, -0.000000, 
net 1: 0.000000, 40802648207014559878826905047205412864.000000, -0.000000, 13600264192.000000, -246653026041856.000000, 
net a: -0.000000, 0.000000, 0.000000, -0.000000, 30.258961,  weights finished

