15:06:38 INFO  [io.qu.sc.ru.SimpleScheduler] (Quarkus Main Thread) No scheduled business methods found - Simple scheduler will not be started
15:06:38 INFO  [io.sm.re.me.kafka] (Quarkus Main Thread) SRMSG18229: Configured topics for channel 'client-done-tasks': [client-done-tasks]
15:06:38 INFO  [io.sm.re.me.kafka] (Quarkus Main Thread) SRMSG18214: Key deserializer omitted, using String as default
15:06:38 INFO  [or.ap.ka.co.se.au.AbstractLogin] (smallrye-kafka-consumer-thread-0) Successfully logged in.
15:06:38 INFO  [io.sm.re.me.kafka] (Quarkus Main Thread) SRMSG18229: Configured topics for channel 'incoming-server-todo-tasks': [server-todo-tasks]
15:06:38 INFO  [io.sm.re.me.kafka] (Quarkus Main Thread) SRMSG18214: Key deserializer omitted, using String as default
15:06:38 WARN  [or.ap.ka.cl.co.ConsumerConfig] (smallrye-kafka-consumer-thread-1) These configurations '[max.request.size]' were supplied but are not used yet.
15:06:38 INFO  [io.sm.re.me.kafka] (smallrye-kafka-producer-thread-0) SRMSG18258: Kafka producer kafka-producer-client-todo-tasks, connected to Kafka brokers 'pkc-41mxj.uksouth.azure.confluent.cloud:9092', is configured to write records to 'client-todo-tasks'
15:06:38 INFO  [io.sm.re.me.kafka] (smallrye-kafka-producer-thread-1) SRMSG18258: Kafka producer kafka-producer-outgoing-server-todo-tasks, connected to Kafka brokers 'pkc-41mxj.uksouth.azure.confluent.cloud:9092', is configured to write records to 'server-todo-tasks'
15:06:39 INFO  [io.sm.re.me.kafka] (smallrye-kafka-consumer-thread-0) SRMSG18257: Kafka consumer kafka-consumer-client-done-tasks, connected to Kafka brokers 'pkc-41mxj.uksouth.azure.confluent.cloud:9092', belongs to the 'fleet-server' consumer group and is configured to poll records from [client-done-tasks]
15:06:39 INFO  [io.sm.re.me.kafka] (smallrye-kafka-consumer-thread-1) SRMSG18257: Kafka consumer kafka-consumer-incoming-server-todo-tasks, connected to Kafka brokers 'pkc-41mxj.uksouth.azure.confluent.cloud:9092', belongs to the 'fleet-server' consumer group and is configured to poll records from [server-todo-tasks]
15:06:39 INFO  [io.quarkus] (Quarkus Main Thread) fleet-server 1.0.0-SNAPSHOT on JVM (powered by Quarkus 3.0.3.Final) started in 9.452s. Listening on: http://0.0.0.0:8080 and https://0.0.0.0:8443
15:06:39 INFO  [io.quarkus] (Quarkus Main Thread) Profile dev activated. Live Coding activated.
15:06:39 INFO  [io.quarkus] (Quarkus Main Thread) Installed features: [agroal, cdi, hibernate-orm, hibernate-orm-panache, jdbc-h2, jdbc-mysql, kafka-client, micrometer, narayana-jta, rest-client-reactive, resteasy-reactive, resteasy-reactive-jackson, scheduler, security, security-jpa, smallrye-context-propagation, smallrye-reactive-messaging, smallrye-reactive-messaging-kafka, spring-data-jpa, spring-di, vertx]
15:12:01 INFO  [io.sm.re.me.kafka] (vert.x-eventloop-thread-1) SRMSG18256: Initialize record store for topic-partition 'client-done-tasks-0' at position 1402.
15:13:33 INFO  [io.sm.re.me.kafka] (vert.x-eventloop-thread-0) SRMSG18256: Initialize record store for topic-partition 'server-todo-tasks-0' at position 249.
15:13:33 INFO  [uk.ac.ic.do.fl.se.im.TaskService] (vert.x-worker-thread-1) outlier_fractions=[0.0, 0.0]
15:13:33 INFO  [uk.ac.ic.do.fl.se.im.TaskService] (vert.x-worker-thread-1) Number of participants: 2
load weights of p-1: ./results/mnist//proj5/mnist_lenet_c1.weights

tee--- net 0: -0.048005, 0.115995, -0.083131, -0.034275, 0.009775, 
tee--- net 1: -0.012150, -0.004746, -0.009525, 0.004201, -0.008607, 
tee--- net a: -0.030078, 0.055624, -0.046328, -0.015037, 0.000584, 
tee--- net 0: -0.117239, -0.097203, 0.019421, 0.050190, -0.041207, 
tee--- net 1: -0.104692, -0.098820, 0.082000, 0.075333, -0.039991, 
tee--- net a: -0.110966, -0.098011, 0.050711, 0.062762, -0.040599, 
tee--- net 0: -0.421875, 0.407724, -0.048690, -0.264123, -0.187640, 
tee--- net 1: -0.015282, 0.045625, -0.006815, -0.028472, 0.025141, 
tee--- net a: -0.218578, 0.226674, -0.027752, -0.146298, -0.081250, 
tee--- net 0: -0.099608, -0.145872, 0.154858, 0.134076, 0.080061, 
tee--- net 1: -0.068980, -0.117985, 0.083031, 0.105834, 0.037513, 
load weights of p-2: ./results/mnist//proj5/mnist_lenet_c0.weights
Aggregating layer 0 ... in OS: biases finished...
net 0: -0.110719, 0.191006, -0.078606, -0.027577, -0.077004, 
net 0: -0.110719, 0.191006, -0.078606, -0.027577, -0.077004, 
net 1: -0.083427, 0.231113, -0.039040, -0.004648, -0.071751, 
net a: -0.097073, 0.211060, -0.058823, -0.016113, -0.074378,  weights finished
Aggregating layer 2 ... in OS: biases finished...
net 0: -0.082661, -0.154520, 0.006447, -0.039343, -0.014183, 
net 0: -0.082661, -0.154520, 0.006447, -0.039343, -0.014183, 
net 1: -0.083745, -0.152101, 0.003584, -0.051215, -0.026401, 
net a: -0.083203, -0.153311, 0.005016, -0.045279, -0.020292,  weights finished
Aggregating layer 4 ... in OS: biases finished...
net 0: -0.054379, 0.041189, 0.078492, -0.040835, -0.038367, 
net 0: -0.054379, 0.041189, 0.078492, -0.040835, -0.038367, 
net 1: -0.057680, 0.034824, 0.080135, -0.034195, -0.033251, 
net a: -0.056030, 0.038006, 0.079314, -0.037515, -0.035809,  weights finished
Aggregating layer 6 ... inside SGX: biases finished...
net 0: -590887452672.000000, 8250251094308328421277564928.000000, 65658289654991513190914315891245056.000000, -12199046.000000, 19145755342500541392379823607775232.000000, 
net 1: -0.000000, 5263194587136.000000, 0.000000, 8973158796957512105984.000000, -0.000003, 
net a: -0.000000, 0.000407, 103842276173676544.000000, -75049342407091665088467869026484224.000000, -0.000000,  weights finished
Aggregating layer 8 ... inside SGX: biases finished...
net 0: 3232775010418996281344.000000, -0.000000, -0.000000, 45621257266629675514113032192.000000, 177375854620730982400.000000, 
net 1: -0.000000, 0.000000, 6761667489687984550977675833901056.000000, -102903741844299972608.000000, 0.000002, 
net a: 557393708849299456.000000, 152423291868308080341979154856097611776.000000, -0.000000, -525297080971099635712.000000, -0.000000,  weights finished

15:20:29 INFO  [uk.ac.ic.do.fl.se.im.TaskService] (vert.x-worker-thread-1) outlier_fractions=[0.0, 0.0]
15:20:29 INFO  [uk.ac.ic.do.fl.se.im.TaskService] (vert.x-worker-thread-1) Number of participants: 2
load weights of p-1: ./results/mnist//proj5/mnist_lenet_c1.weights

tee--- net 0: -0.029969, 0.055582, -0.046282, -0.014822, 0.000678, 
tee--- net 1: -0.009477, 0.005506, 0.003208, -0.005463, -0.006039, 
tee--- net a: -0.019723, 0.030544, -0.021537, -0.010142, -0.002681, 
tee--- net 0: -0.110968, -0.097992, 0.050706, 0.062760, -0.040592, 
tee--- net 1: -0.102124, -0.095271, 0.086265, 0.079314, -0.040214, 
tee--- net a: -0.106546, -0.096632, 0.068485, 0.071037, -0.040403, 
tee--- net 0: -0.218583, 0.226652, -0.027763, -0.146101, -0.081225, 
tee--- net 1: -0.021421, 0.055896, -0.021377, -0.025833, 0.028762, 
tee--- net a: -0.120002, 0.141274, -0.024570, -0.085967, -0.026231, 
tee--- net 0: -0.084389, -0.131905, 0.119272, 0.119918, 0.058881, 
tee--- net 1: -0.056067, -0.114178, 0.078811, 0.110259, 0.028203, 
load weights of p-2: ./results/mnist//proj5/mnist_lenet_c0.weights
Aggregating layer 0 ... in OS: biases finished...
net 0: -0.097155, 0.210987, -0.058825, -0.015989, -0.074252, 
net 0: -0.097155, 0.210987, -0.058825, -0.015989, -0.074252, 
net 1: -0.090081, 0.224018, -0.042180, -0.010240, -0.075761, 
net a: -0.093618, 0.217503, -0.050503, -0.013115, -0.075007,  weights finished
Aggregating layer 2 ... in OS: biases finished...
net 0: -0.083189, -0.153306, 0.005003, -0.045283, -0.020292, 
net 0: -0.083189, -0.153306, 0.005003, -0.045283, -0.020292, 
net 1: -0.085116, -0.145617, 0.012246, -0.047692, -0.025980, 
net a: -0.084153, -0.149462, 0.008625, -0.046487, -0.023136,  weights finished
Aggregating layer 4 ... in OS: biases finished...
net 0: -0.056011, 0.038038, 0.079328, -0.037496, -0.035802, 
net 0: -0.056011, 0.038038, 0.079328, -0.037496, -0.035802, 
net 1: -0.058395, 0.033487, 0.079238, -0.035013, -0.034378, 
net a: -0.057203, 0.035763, 0.079283, -0.036255, -0.035090,  weights finished
Aggregating layer 6 ... inside SGX: biases finished...
net 0: -9957035229077013181555124731904.000000, -108622751758113220591616.000000, -0.000000, -0.000000, -0.000000, 
net 1: 0.000000, 0.000000, -0.000000, -3377220087167557042176.000000, 50900237142401744896.000000, 
net a: 18603691583757337508062731173888.000000, 0.008462, 0.000000, -0.000000, -0.000000,  weights finished
Aggregating layer 8 ... inside SGX: biases finished...
net 0: 0.000000, 0.000000, -0.000000, -492276045332897375191040.000000, 86.361412, 
net 1: 0.000000, 0.000000, -809.898743, 0.000000, 1593570037334016.000000, 
net a: -111180827505316245824262373376.000000, -0.000000, 2031017040903264507661186414673920.000000, -0.000000, -24667474.000000,  weights finished

15:24:07 INFO  [uk.ac.ic.do.fl.se.im.TaskService] (vert.x-worker-thread-1) outlier_fractions=[0.0, 0.0]
15:24:07 INFO  [uk.ac.ic.do.fl.se.im.TaskService] (vert.x-worker-thread-1) Number of participants: 2
load weights of p-1: ./results/mnist//proj5/mnist_lenet_c1.weights

tee--- net 0: -0.029931, 0.055599, -0.046189, -0.014841, 0.000681, 
tee--- net 1: -0.033327, 0.049149, -0.049955, -0.006104, 0.009449, 
tee--- net a: -0.031629, 0.052374, -0.048072, -0.010473, 0.005065, 
tee--- net 0: -0.110957, -0.098005, 0.050574, 0.062680, -0.040636, 
tee--- net 1: -0.116866, -0.096871, 0.021556, 0.029352, -0.045024, 
tee--- net a: -0.113911, -0.097438, 0.036065, 0.046016, -0.042830, 
tee--- net 0: -0.218386, 0.226749, -0.028021, -0.146211, -0.080989, 
tee--- net 1: -0.258435, 0.271776, -0.094484, -0.210648, -0.220937, 
tee--- net a: -0.238410, 0.249262, -0.061252, -0.178429, -0.150963, 
tee--- net 0: -0.084369, -0.131934, 0.119157, 0.120183, 0.058830, 
tee--- net 1: -0.124425, -0.141360, 0.155692, 0.125034, 0.043839, 
load weights of p-2: ./results/mnist//proj5/mnist_lenet_c0.weights
Aggregating layer 0 ... in OS: biases finished...
net 0: -0.097147, 0.211011, -0.058777, -0.015984, -0.074278, 
net 0: -0.097147, 0.211011, -0.058777, -0.015984, -0.074278, 
net 1: -0.099260, 0.207855, -0.056427, -0.007124, -0.064875, 
net a: -0.098204, 0.209433, -0.057602, -0.011554, -0.069576,  weights finished
Aggregating layer 2 ... in OS: biases finished...
net 0: -0.083194, -0.153313, 0.005013, -0.045282, -0.020291, 
net 0: -0.083194, -0.153313, 0.005013, -0.045282, -0.020291, 
net 1: -0.082495, -0.155512, 0.001295, -0.045403, -0.020558, 
net a: -0.082844, -0.154413, 0.003154, -0.045342, -0.020425,  weights finished
Aggregating layer 4 ... in OS: biases finished...
net 0: -0.056012, 0.038026, 0.079319, -0.037502, -0.035815, 
net 0: -0.056012, 0.038026, 0.079319, -0.037502, -0.035815, 
net 1: -0.054313, 0.038384, 0.079636, -0.038399, -0.038032, 
net a: -0.055162, 0.038205, 0.079477, -0.037951, -0.036923,  weights finished
Aggregating layer 6 ... inside SGX: biases finished...
net 0: -0.000000, -107748795684311728104805495121903616.000000, 0.000000, -1029576988381168009216.000000, 462434800238592.000000, 
net 1: -0.000000, -128683560.000000, 52935897433619407172534272.000000, 0.000000, 0.000000, 
net a: -nan, -0.000000, -0.000000, -0.002114, 3664576512.000000,  weights finished
Aggregating layer 8 ... inside SGX: biases finished...
net 0: 0.000000, 1748.786499, 1214664135924231644297936527949824.000000, -56.683132, -1489470056680128512.000000, 
net 1: -0.000000, -1655777009867595911790592.000000, 937238631122172746271817728000.000000, 23543354.000000, -1674557380601701069750272.000000, 
net a: 0.000000, -713318.187500, -0.000000, 61255157649933530436730880.000000, 0.000000,  weights finished

15:30:06 INFO  [uk.ac.ic.do.fl.se.im.TaskService] (vert.x-worker-thread-1) outlier_fractions=[0.0, 0.0]
15:30:06 INFO  [uk.ac.ic.do.fl.se.im.TaskService] (vert.x-worker-thread-1) Number of participants: 2
load weights of p-1: ./results/mnist//proj5/mnist_lenet_c1.weights

tee--- net 0: -0.033923, 0.034775, -0.038087, -0.003500, 0.004134, 
tee--- net 1: -0.019562, 0.030421, -0.021398, -0.010061, -0.002586, 
tee--- net a: -0.026742, 0.032598, -0.029743, -0.006780, 0.000774, 
tee--- net 0: -0.107455, -0.097241, 0.031208, 0.059655, -0.048214, 
tee--- net 1: -0.106543, -0.096621, 0.068463, 0.071030, -0.040381, 
tee--- net a: -0.106999, -0.096931, 0.049836, 0.065343, -0.044298, 
tee--- net 0: -0.220418, 0.228316, -0.076300, -0.139643, -0.167609, 
tee--- net 1: -0.119916, 0.141340, -0.024829, -0.085982, -0.026007, 
tee--- net a: -0.170167, 0.184828, -0.050564, -0.112813, -0.096808, 
tee--- net 0: -0.097762, -0.121031, 0.122311, 0.119015, 0.042263, 
tee--- net 1: -0.070268, -0.122979, 0.099162, 0.115099, 0.043596, 
load weights of p-2: ./results/mnist//proj5/mnist_lenet_c0.weights
Aggregating layer 0 ... in OS: biases finished...
net 0: -0.105998, 0.207636, -0.049810, 0.002495, -0.060982, 
net 0: -0.105998, 0.207636, -0.049810, 0.002495, -0.060982, 
net 1: -0.093726, 0.217444, -0.050467, -0.013077, -0.075024, 
net a: -0.099862, 0.212540, -0.050138, -0.005291, -0.068003,  weights finished
Aggregating layer 2 ... in OS: biases finished...
net 0: -0.082440, -0.151300, 0.000391, -0.049108, -0.022555, 
net 0: -0.082440, -0.151300, 0.000391, -0.049108, -0.022555, 
net 1: -0.084155, -0.149463, 0.008613, -0.046500, -0.023131, 
net a: -0.083297, -0.150382, 0.004502, -0.047804, -0.022843,  weights finished
Aggregating layer 4 ... in OS: biases finished...
net 0: -0.054949, 0.038498, 0.079128, -0.036762, -0.035504, 
net 0: -0.054949, 0.038498, 0.079128, -0.036762, -0.035504, 
net 1: -0.057202, 0.035770, 0.079300, -0.036245, -0.035083, 
net a: -0.056076, 0.037134, 0.079214, -0.036504, -0.035294,  weights finished
Aggregating layer 6 ... inside SGX: biases finished...
net 0: 0.000000, 0.000000, -0.944903, -0.000000, 10267771474529722434221961729493958656.000000, 
net 1: -43101947166720.000000, -121646087420113846272.000000, -3205907.500000, -85262213511415855461796151296.000000, -0.000000, 
net a: -0.000000, 0.029155, -27466577392786162845644488704.000000, 0.000000, -0.000000,  weights finished
Aggregating layer 8 ... inside SGX: biases finished...
net 0: -6003800670208.000000, 0.000000, -0.000000, -13978713088.000000, 0.000000, 
net 1: 4799501824.000000, 33815356615104848199680.000000, 122337.476562, -79087974342853869305730170880.000000, -202008640173838638544790961751326720.000000, 
net a: 1354523431927808.000000, -0.000000, -396368510976.000000, -295711109669715968.000000, -0.000000,  weights finished

15:34:19 INFO  [uk.ac.ic.do.fl.se.im.TaskService] (vert.x-worker-thread-1) outlier_fractions=[0.0, 0.0]
15:34:19 INFO  [uk.ac.ic.do.fl.se.im.TaskService] (vert.x-worker-thread-1) Number of participants: 2
load weights of p-1: ./results/mnist//proj5/mnist_lenet_c1.weights

tee--- net 0: -0.031599, 0.052384, -0.047987, -0.010321, 0.005159, 
tee--- net 1: -0.019641, 0.030578, -0.021532, -0.010080, -0.002553, 
tee--- net a: -0.025620, 0.041481, -0.034760, -0.010201, 0.001303, 
tee--- net 0: -0.113917, -0.097442, 0.036080, 0.045990, -0.042838, 
tee--- net 1: -0.106554, -0.096615, 0.068451, 0.071033, -0.040396, 
tee--- net a: -0.110236, -0.097028, 0.052265, 0.058512, -0.041617, 
tee--- net 0: -0.238441, 0.249344, -0.061305, -0.178278, -0.151194, 
tee--- net 1: -0.119764, 0.141325, -0.024637, -0.086076, -0.025802, 
tee--- net a: -0.179103, 0.195335, -0.042971, -0.132177, -0.088498, 
tee--- net 0: -0.104510, -0.136759, 0.137777, 0.122632, 0.051176, 
tee--- net 1: -0.070242, -0.123012, 0.099107, 0.115104, 0.043520, 
load weights of p-2: ./results/mnist//proj5/mnist_lenet_c0.weights
Aggregating layer 0 ... in OS: biases finished...
net 0: -0.098246, 0.209390, -0.057583, -0.011502, -0.069520, 
net 0: -0.098246, 0.209390, -0.057583, -0.011502, -0.069520, 
net 1: -0.093675, 0.217464, -0.050445, -0.013016, -0.074948, 
net a: -0.095961, 0.213427, -0.054014, -0.012259, -0.072234,  weights finished
Aggregating layer 2 ... in OS: biases finished...
net 0: -0.082835, -0.154405, 0.003145, -0.045341, -0.020424, 
net 0: -0.082835, -0.154405, 0.003145, -0.045341, -0.020424, 
net 1: -0.084150, -0.149460, 0.008595, -0.046511, -0.023135, 
net a: -0.083492, -0.151933, 0.005870, -0.045926, -0.021779,  weights finished
Aggregating layer 4 ... in OS: biases finished...
net 0: -0.055157, 0.038208, 0.079482, -0.037949, -0.036917, 
net 0: -0.055157, 0.038208, 0.079482, -0.037949, -0.036917, 
net 1: -0.057199, 0.035768, 0.079293, -0.036246, -0.035096, 
net a: -0.056178, 0.036988, 0.079388, -0.037097, -0.036007,  weights finished
Aggregating layer 6 ... inside SGX: biases finished...
net 0: 0.000000, 0.000000, 0.000000, -0.000000, 8064773652480.000000, 
net 1: -0.000000, -0.000000, 0.000000, 12410.420898, 7549349447064894248872876965888.000000, 
net a: 28828735488.000000, 393993450232835756523520.000000, -0.000000, -7815373087267345663193513984.000000, 3893210906624.000000,  weights finished
Aggregating layer 8 ... inside SGX: biases finished...
net 0: 85589015348762678503326024774713344.000000, 7239281.000000, -4096973598621696.000000, 0.000051, -0.000000, 
net 1: -0.000000, 0.000000, 4135845404946172785871603980606373888.000000, -23859.142578, -4862448886595190784.000000, 
net a: -0.000000, 0.000000, -0.000000, 4331464303716756319872517821956096.000000, 0.000000,  weights finished

15:41:13 INFO  [uk.ac.ic.do.fl.se.im.TaskService] (vert.x-worker-thread-1) outlier_fractions=[0.0, 0.0]
15:41:13 INFO  [uk.ac.ic.do.fl.se.im.TaskService] (vert.x-worker-thread-1) Number of participants: 2
load weights of p-1: ./results/mnist//proj5/mnist_lenet_c1.weights

tee--- net 0: -0.026716, 0.032610, -0.029713, -0.006710, 0.000798, 
tee--- net 1: -0.031918, 0.049462, -0.044914, 0.007251, 0.000192, 
tee--- net a: -0.029317, 0.041036, -0.037313, 0.000271, 0.000495, 
tee--- net 0: -0.107004, -0.096928, 0.049808, 0.065329, -0.044297, 
tee--- net 1: -0.111037, -0.094522, 0.017785, 0.015269, -0.042845, 
tee--- net a: -0.109021, -0.095725, 0.033796, 0.040299, -0.043571, 
tee--- net 0: -0.170155, 0.184859, -0.050618, -0.112814, -0.096838, 
tee--- net 1: -0.222390, 0.243099, -0.105963, -0.224712, -0.247684, 
tee--- net a: -0.196273, 0.213979, -0.078291, -0.168763, -0.172261, 
tee--- net 0: -0.084057, -0.121985, 0.110826, 0.117145, 0.042904, 
tee--- net 1: -0.138503, -0.156675, 0.148322, 0.117441, 0.022152, 
load weights of p-2: ./results/mnist//proj5/mnist_lenet_c0.weights
Aggregating layer 0 ... in OS: biases finished...
net 0: -0.099870, 0.212534, -0.050124, -0.005257, -0.067966, 
net 0: -0.099870, 0.212534, -0.050124, -0.005257, -0.067966, 
net 1: -0.098001, 0.214815, -0.048166, 0.001889, -0.056740, 
net a: -0.098936, 0.213674, -0.049145, -0.001684, -0.062353,  weights finished
Aggregating layer 2 ... in OS: biases finished...
net 0: -0.083290, -0.150376, 0.004503, -0.047803, -0.022842, 
net 0: -0.083290, -0.150376, 0.004503, -0.047803, -0.022842, 
net 1: -0.082586, -0.156003, -0.001908, -0.046063, -0.019817, 
net a: -0.082938, -0.153189, 0.001297, -0.046933, -0.021330,  weights finished
Aggregating layer 4 ... in OS: biases finished...
net 0: -0.056070, 0.037138, 0.079215, -0.036501, -0.035295, 
net 0: -0.056070, 0.037138, 0.079215, -0.036501, -0.035295, 
net 1: -0.053817, 0.039159, 0.079561, -0.038713, -0.039433, 
net a: -0.054943, 0.038149, 0.079388, -0.037607, -0.037364,  weights finished
Aggregating layer 6 ... inside SGX: biases finished...
net 0: -16815571813873349558272.000000, 0.000000, 0.000000, -0.000000, -46649495552.000000, 
net 1: -7476621606912.000000, -0.000000, 84892583162348166980367878807030333440.000000, -0.000005, -337043773484388033045488180456849408.000000, 
net a: -0.000000, 0.000000, 0.000000, 0.000000, -0.000000,  weights finished
Aggregating layer 8 ... inside SGX: biases finished...
net 0: -2778427063113337261689390759936.000000, -30311551336448.000000, -490414485241673547776.000000, 2545733172614711988324348342692741120.000000, -0.000000, 
net 1: -0.000000, -0.000000, -30630862.000000, -0.000000, 94547.992188, 
net a: -61500841808884578222921696149504.000000, -26410676.000000, -0.000000, 0.000000, -0.000000,  weights finished

15:49:24 INFO  [uk.ac.ic.do.fl.se.im.TaskService] (vert.x-worker-thread-1) outlier_fractions=[0.0, 0.0]
15:49:24 INFO  [uk.ac.ic.do.fl.se.im.TaskService] (vert.x-worker-thread-1) Number of participants: 2
load weights of p-1: ./results/mnist//proj5/mnist_lenet_c1.weights

tee--- net 0: -0.031503, 0.035730, -0.037041, 0.008822, 0.004232, 
tee--- net 1: -0.025589, 0.041501, -0.034633, -0.010073, 0.001444, 
tee--- net a: -0.028546, 0.038615, -0.035837, -0.000626, 0.002838, 
tee--- net 0: -0.109854, -0.093601, 0.015595, 0.028256, -0.043798, 
tee--- net 1: -0.110258, -0.097027, 0.052176, 0.058499, -0.041620, 
tee--- net a: -0.110056, -0.095314, 0.033885, 0.043377, -0.042709, 
tee--- net 0: -0.195382, 0.217204, -0.108482, -0.188518, -0.217120, 
tee--- net 1: -0.179205, 0.195509, -0.042899, -0.131953, -0.088427, 
tee--- net a: -0.187294, 0.206356, -0.075691, -0.160235, -0.152774, 
tee--- net 0: -0.122637, -0.142581, 0.154800, 0.128419, 0.025793, 
tee--- net 1: -0.087502, -0.129914, 0.118775, 0.118873, 0.047294, 
load weights of p-2: ./results/mnist//proj5/mnist_lenet_c0.weights
Aggregating layer 0 ... in OS: biases finished...
net 0: -0.100396, 0.214778, -0.045855, 0.006379, -0.055224, 
net 0: -0.100396, 0.214778, -0.045855, 0.006379, -0.055224, 
net 1: -0.096027, 0.213402, -0.053964, -0.012171, -0.072171, 
net a: -0.098212, 0.214090, -0.049909, -0.002896, -0.063698,  weights finished
Aggregating layer 2 ... in OS: biases finished...
net 0: -0.083351, -0.154478, -0.001755, -0.047615, -0.021076, 
net 0: -0.083351, -0.154478, -0.001755, -0.047615, -0.021076, 
net 1: -0.083470, -0.151927, 0.005867, -0.045926, -0.021780, 
net a: -0.083411, -0.153202, 0.002056, -0.046771, -0.021428,  weights finished
Aggregating layer 4 ... in OS: biases finished...
net 0: -0.054234, 0.038556, 0.078994, -0.038210, -0.037826, 
net 0: -0.054234, 0.038556, 0.078994, -0.038210, -0.037826, 
net 1: -0.056166, 0.036999, 0.079396, -0.037087, -0.036010, 
net a: -0.055200, 0.037778, 0.079195, -0.037648, -0.036918,  weights finished
Aggregating layer 6 ... inside SGX: biases finished...
net 0: -4295486393763212558486994944.000000, -0.000000, 12631.469727, -11729413120.000000, 0.000000, 
net 1: -0.000000, -1191827109541690545282566619217788928.000000, 387187673680478503630130114344255488.000000, -8625559994665139240094396317696.000000, 0.000000, 
net a: 0.069725, -0.000000, 31334501472571723087872.000000, -21254134.000000, 0.000000,  weights finished
Aggregating layer 8 ... inside SGX: biases finished...
net 0: -135787253863200907226849140406281568256.000000, 2602034923285898626019773293032112128.000000, 187645300096106496.000000, 1276632896636725302633955328.000000, -24294014747246925936216598642688.000000, 
net 1: -0.000000, -8315977961293215179690570042834944.000000, -12639256386500196922495317405859840.000000, -256858476583769535840941298941952.000000, -6850579.000000, 
net a: 0.000000, 0.000000, -0.000034, 316437089121002848256.000000, 1061473212013312632422400.000000,  weights finished

15:57:48 INFO  [uk.ac.ic.do.fl.se.im.TaskService] (vert.x-worker-thread-1) outlier_fractions=[0.0, 0.0]
15:57:48 INFO  [uk.ac.ic.do.fl.se.im.TaskService] (vert.x-worker-thread-1) Number of participants: 2
load weights of p-1: ./results/mnist//proj5/mnist_lenet_c1.weights

tee--- net 0: -0.028978, 0.036847, -0.035006, 0.002073, 0.006023, 
tee--- net 1: -0.029296, 0.041053, -0.037279, 0.000301, 0.000539, 
tee--- net a: -0.029137, 0.038950, -0.036143, 0.001187, 0.003281, 
tee--- net 0: -0.109965, -0.095014, 0.023625, 0.039558, -0.042427, 
tee--- net 1: -0.109021, -0.095722, 0.033803, 0.040289, -0.043571, 
tee--- net a: -0.109493, -0.095368, 0.028714, 0.039923, -0.042999, 
tee--- net 0: -0.187115, 0.213572, -0.095926, -0.174577, -0.181887, 
tee--- net 1: -0.196252, 0.213991, -0.078344, -0.168763, -0.172326, 
tee--- net a: -0.191683, 0.213782, -0.087135, -0.171670, -0.177106, 
tee--- net 0: -0.116820, -0.138595, 0.164147, 0.124184, 0.027811, 
tee--- net 1: -0.111312, -0.139345, 0.129745, 0.117428, 0.032505, 
load weights of p-2: ./results/mnist//proj5/mnist_lenet_c0.weights
Aggregating layer 0 ... in OS: biases finished...
net 0: -0.099935, 0.212583, -0.049512, 0.000011, -0.061388, 
net 0: -0.099935, 0.212583, -0.049512, 0.000011, -0.061388, 
net 1: -0.098941, 0.213669, -0.049144, -0.001673, -0.062343, 
net a: -0.099438, 0.213126, -0.049328, -0.000831, -0.061866,  weights finished
Aggregating layer 2 ... in OS: biases finished...
net 0: -0.083319, -0.153827, 0.000467, -0.046837, -0.021421, 
net 0: -0.083319, -0.153827, 0.000467, -0.046837, -0.021421, 
net 1: -0.082934, -0.153190, 0.001295, -0.046933, -0.021329, 
net a: -0.083127, -0.153509, 0.000881, -0.046885, -0.021375,  weights finished
Aggregating layer 4 ... in OS: biases finished...
net 0: -0.054760, 0.038288, 0.079171, -0.037909, -0.037166, 
net 0: -0.054760, 0.038288, 0.079171, -0.037909, -0.037166, 
net 1: -0.054942, 0.038153, 0.079391, -0.037607, -0.037362, 
net a: -0.054851, 0.038220, 0.079281, -0.037758, -0.037264,  weights finished
Aggregating layer 6 ... inside SGX: biases finished...
net 0: 0.000052, -69624218853785078962359845781504.000000, -0.000019, 142493542778051871642833383325696.000000, 17881530074003981853518599290880.000000, 
net 1: -0.000000, 37.061218, 35246019506778144768.000000, 1503083584324572128902362274201600.000000, -5133510377472.000000, 
net a: -0.000000, -0.000000, -6022709413732336144862956664997806080.000000, 30920712.000000, 189591871013473957485476545822720.000000,  weights finished
Aggregating layer 8 ... inside SGX: biases finished...
net 0: 211100678076250030434361395850690691072.000000, 0.000000, 30267523593142272.000000, -0.000000, 0.000000, 
net 1: -2579467022823541551661056.000000, 731591081561501691975565312.000000, 272.502502, -0.000000, 0.000000, 
net a: -1634642165760.000000, 2896274706015453184.000000, 0.015580, 809607.437500, 23688.705078,  weights finished

16:06:12 INFO  [uk.ac.ic.do.fl.se.im.TaskService] (vert.x-worker-thread-1) outlier_fractions=[0.0, 0.0]
16:06:12 INFO  [uk.ac.ic.do.fl.se.im.TaskService] (vert.x-worker-thread-1) Number of participants: 2
load weights of p-1: ./results/mnist//proj5/mnist_lenet_c1.weights

tee--- net 0: -0.030217, 0.038948, -0.035775, 0.004181, 0.003958, 
tee--- net 1: -0.028532, 0.038626, -0.035833, -0.000621, 0.002856, 
tee--- net a: -0.029374, 0.038787, -0.035804, 0.001780, 0.003407, 
tee--- net 0: -0.110261, -0.095371, 0.022235, 0.036442, -0.042894, 
tee--- net 1: -0.110054, -0.095310, 0.033880, 0.043365, -0.042710, 
tee--- net a: -0.110158, -0.095341, 0.028057, 0.039904, -0.042802, 
tee--- net 0: -0.189200, 0.214374, -0.098682, -0.181002, -0.195032, 
tee--- net 1: -0.187265, 0.206351, -0.075685, -0.160245, -0.152811, 
tee--- net a: -0.188233, 0.210363, -0.087183, -0.170623, -0.173921, 
tee--- net 0: -0.120144, -0.141848, 0.155286, 0.118894, 0.026297, 
tee--- net 1: -0.105083, -0.136253, 0.136852, 0.123652, 0.036531, 
load weights of p-2: ./results/mnist//proj5/mnist_lenet_c0.weights
Aggregating layer 0 ... in OS: biases finished...
net 0: -0.099911, 0.213317, -0.048711, 0.001342, -0.058704, 
net 0: -0.099911, 0.213317, -0.048711, 0.001342, -0.058704, 
net 1: -0.098216, 0.214087, -0.049906, -0.002886, -0.063688, 
net a: -0.099064, 0.213702, -0.049309, -0.000772, -0.061196,  weights finished
Aggregating layer 2 ... in OS: biases finished...
net 0: -0.083050, -0.154214, -0.000306, -0.046976, -0.021252, 
net 0: -0.083050, -0.154214, -0.000306, -0.046976, -0.021252, 
net 1: -0.083409, -0.153202, 0.002053, -0.046770, -0.021427, 
net a: -0.083229, -0.153708, 0.000874, -0.046873, -0.021339,  weights finished
Aggregating layer 4 ... in OS: biases finished...
net 0: -0.054691, 0.038418, 0.079222, -0.037930, -0.037454, 
net 0: -0.054691, 0.038418, 0.079222, -0.037930, -0.037454, 
net 1: -0.055199, 0.037779, 0.079196, -0.037647, -0.036917, 
net a: -0.054945, 0.038099, 0.079209, -0.037789, -0.037186,  weights finished
Aggregating layer 6 ... inside SGX: biases finished...
net 0: 0.000000, -0.000000, 0.000000, -0.000000, -1.554189, 
net 1: -398.806549, 0.000000, 0.000000, 5067563729944576.000000, 0.000000, 
net a: -0.000000, 1479733245988722247204864.000000, -320433300003044277285289984.000000, -1028481344.000000, -0.000000,  weights finished
Aggregating layer 8 ... inside SGX: biases finished...
net 0: -115753506601290006282299482421032124416.000000, -0.000000, -0.000000, -14713593248991835848704.000000, -0.000000, 
net 1: 993837576348710220070912.000000, 0.000000, -57957228928597376368640.000000, -1023537344.000000, -0.000000, 
net a: 216014490959872.000000, 21958045504947827705708019712.000000, 0.407991, -0.000000, 0.000000,  weights finished

16:14:47 INFO  [uk.ac.ic.do.fl.se.im.TaskService] (vert.x-worker-thread-1) outlier_fractions=[0.0, 0.0]
16:14:47 INFO  [uk.ac.ic.do.fl.se.im.TaskService] (vert.x-worker-thread-1) Number of participants: 2
load weights of p-1: ./results/mnist//proj5/mnist_lenet_c1.weights

tee--- net 0: -0.029203, 0.038582, -0.035891, 0.003912, 0.005185, 
tee--- net 1: -0.029128, 0.038951, -0.036132, 0.001187, 0.003286, 
tee--- net a: -0.029166, 0.038766, -0.036012, 0.002549, 0.004236, 
tee--- net 0: -0.110325, -0.095007, 0.026520, 0.035986, -0.042887, 
tee--- net 1: -0.109492, -0.095368, 0.028709, 0.039919, -0.042999, 
tee--- net a: -0.109908, -0.095188, 0.027615, 0.037953, -0.042943, 
tee--- net 0: -0.185776, 0.211730, -0.095426, -0.178857, -0.186005, 
tee--- net 1: -0.191677, 0.213769, -0.087151, -0.171665, -0.177124, 
tee--- net a: -0.188727, 0.212749, -0.091288, -0.175261, -0.181564, 
tee--- net 0: -0.117504, -0.141539, 0.153834, 0.117858, 0.024674, 
tee--- net 1: -0.114071, -0.138964, 0.146976, 0.120810, 0.030159, 
load weights of p-2: ./results/mnist//proj5/mnist_lenet_c0.weights
Aggregating layer 0 ... in OS: biases finished...
net 0: -0.099295, 0.213891, -0.048318, 0.001227, -0.059551, 
net 0: -0.099295, 0.213891, -0.048318, 0.001227, -0.059551, 
net 1: -0.099438, 0.213127, -0.049325, -0.000825, -0.061860, 
net a: -0.099366, 0.213509, -0.048821, 0.000201, -0.060706,  weights finished
Aggregating layer 2 ... in OS: biases finished...
net 0: -0.083252, -0.154077, 0.000103, -0.047050, -0.021225, 
net 0: -0.083252, -0.154077, 0.000103, -0.047050, -0.021225, 
net 1: -0.083126, -0.153509, 0.000880, -0.046884, -0.021375, 
net a: -0.083189, -0.153793, 0.000491, -0.046967, -0.021300,  weights finished
Aggregating layer 4 ... in OS: biases finished...
net 0: -0.054774, 0.038344, 0.079221, -0.037895, -0.037344, 
net 0: -0.054774, 0.038344, 0.079221, -0.037895, -0.037344, 
net 1: -0.054851, 0.038221, 0.079281, -0.037757, -0.037264, 
net a: -0.054812, 0.038282, 0.079251, -0.037826, -0.037304,  weights finished
Aggregating layer 6 ... inside SGX: biases finished...
net 0: 0.000006, 0.000000, -0.000072, -2258097675551660572672.000000, 0.000000, 
net 1: -0.000000, -43399747015936830634721280.000000, -2964956928.000000, -0.000000, 0.013737, 
net a: 0.000000, -0.000000, -0.000000, 0.000000, -0.000000,  weights finished
Aggregating layer 8 ... inside SGX: biases finished...
net 0: -0.000000, 7588533955008285223419904.000000, -719671385836880938426957824.000000, -171845846400470114172403712.000000, -0.000000, 
net 1: 0.000000, 0.000000, -0.000000, -164.472137, 0.000000, 
net a: 2254963694377477347328084934656.000000, 17.670713, -0.000000, 1987.188354, -0.000029,  weights finished

