2023-06-02 00:50:33,361 INFO  [uk.ac.ic.doc.fle.ser.imp.TaskService] (vert.x-worker-thread-2) Number of participants: 3
load weights of p-1: ./results/mnist//proj5/mnist_lenet_c1.weights
load weights of p-2: ./results/mnist//proj5/mnist_lenet_c2.weights

tee--- net 0: -0.033916, 0.115443, -0.084707, 0.011094, 0.039249,
tee--- net 1: 0.000496, 0.009884, 0.004233, -0.016952, -0.007714,
tee--- net 1: -0.013089, 0.013865, -0.001809, -0.022398, -0.001949,
tee--- net a: -0.015503, 0.046397, -0.027428, -0.009419, 0.009862,
tee--- net 0: -0.082610, -0.119470, 0.067705, -0.019874, -0.045037,
tee--- net 1: -0.097720, -0.092322, 0.091848, 0.085073, -0.043037,
tee--- net 1: -0.098306, -0.099162, 0.080240, 0.086414, -0.041189,
tee--- net a: -0.092879, -0.103651, 0.079931, 0.050538, -0.043088,
tee--- net 0: -0.183447, 0.502192, -0.178206, -0.186248, -0.189494,
tee--- net 1: -0.019398, 0.055924, -0.017956, -0.018421, 0.019454,
tee--- net 1: -0.026636, 0.036873, -0.003131, -0.022414, -0.016820,
tee--- net a: -0.076494, 0.198330, -0.066431, -0.075694, -0.062287,
tee--- net 0: -0.120976, -0.205236, 0.129760, 0.081253, 0.017678,
tee--- net 1: -0.051642, -0.118489, 0.082073, 0.104435, 0.032282,
tee--- net 1: -0.041084, -0.120341, 0.079076, 0.099531, 0.031158,
load weights of p-3: ./results/mnist//proj5/mnist_lenet_c0.weights
Aggregating layer 0 ... in OS: biases finished...
net 0: -0.124255, 0.201891, -0.019475, 0.020712, -0.075250,
net 1: -0.081104, 0.225500, -0.045071, -0.007241, -0.072617,
net 2: -0.079399, 0.230737, -0.044281, -0.016373, -0.079442,
net a: -0.094919, 0.219376, -0.036276, -0.000967, -0.075770,  weights finished
Aggregating layer 2 ... in OS: biases finished...
net 0: -0.088859, -0.161204, -0.004885, -0.059266, -0.023008,
net 1: -0.085777, -0.157517, 0.002182, -0.052070, -0.015631,
net 2: -0.084345, -0.150985, 0.007949, -0.050263, -0.017344,
net a: -0.086327, -0.156569, 0.001749, -0.053866, -0.018661,  weights finished
Aggregating layer 4 ... in OS: biases finished...
net 0: -0.060464, 0.032901, 0.086889, -0.027511, -0.047221,
net 1: -0.057603, 0.034458, 0.079331, -0.039456, -0.036335,
net 2: -0.058161, 0.033766, 0.080187, -0.035802, -0.034677,
net a: -0.058743, 0.033708, 0.082136, -0.034256, -0.039411,  weights finished
Aggregating layer 6 ... inside SGX: biases finished...
net 0: 0.000000, -1763392256.000000, 0.000000, 0.000000, nan,
net 1: 0.000000, -431284192459135909888.000000, 150616.000000, -0.000018, -0.000000,
net 2: -32470.988281, -0.000000, -52571756.000000, 846307225319243776.000000, -0.000000,
net a: 136831804628885720530944.000000, 166199832870912.000000, -64041718464734951189448657909221163008.000000, -717763107055943832731385856.000000, -0.000000,  weights finished
Aggregating layer 8 ... inside SGX: biases finished...
net 0: -0.000000, 0.000000, 0.000000, -0.000000, 0.000000,
net 1: 0.000000, 3339724.750000, 0.000000, -133319450624.000000, 0.000000,
net 2: 66.743492, -0.000000, -0.000000, 0.000000, 0.000000,
net a: 0.000000, 22915340593790976.000000, 808426368.000000, -3454339906711515662525963173888.000000, 0.000000,  weights finished


2023-06-02 01:00:02,371 INFO  [uk.ac.ic.doc.fle.ser.imp.TaskService] (vert.x-worker-thread-2) Number of participants: 3
load weights of p-1: ./results/mnist//proj5/mnist_lenet_c1.weights
load weights of p-2: ./results/mnist//proj5/mnist_lenet_c2.weights

tee--- net 0: -0.007847, 0.076206, -0.040586, 0.007119, 0.031333,
tee--- net 1: -0.015406, 0.046687, -0.027376, -0.009242, 0.010098,
tee--- net 1: -0.015308, 0.046619, -0.027495, -0.009213, 0.010111,
tee--- net a: -0.012854, 0.056504, -0.031819, -0.003779, 0.017181,
tee--- net 0: -0.082264, -0.112492, 0.079316, 0.032340, -0.046001,
tee--- net 1: -0.092881, -0.103659, 0.079930, 0.050528, -0.043070,
tee--- net 1: -0.092874, -0.103655, 0.079940, 0.050524, -0.043077,
tee--- net a: -0.089340, -0.106602, 0.079729, 0.044464, -0.044049,
tee--- net 0: -0.095652, 0.313953, -0.141041, -0.152486, -0.206416,
tee--- net 1: -0.076606, 0.198221, -0.066358, -0.075712, -0.061974,
tee--- net 1: -0.076544, 0.198262, -0.066458, -0.075500, -0.061824,
tee--- net a: -0.082934, 0.236812, -0.091285, -0.101233, -0.110071,
tee--- net 0: -0.074113, -0.174317, 0.139621, 0.086727, 0.011715,
tee--- net 1: -0.071241, -0.148079, 0.097052, 0.095082, 0.027013,
tee--- net 1: -0.071205, -0.148122, 0.096993, 0.095018, 0.027045,
load weights of p-3: ./results/mnist//proj5/mnist_lenet_c0.weights
Aggregating layer 0 ... in OS: biases finished...
net 0: -0.110667, 0.215947, -0.017608, 0.026291, -0.066175,
net 1: -0.095075, 0.219314, -0.036197, -0.000888, -0.075775,
net 2: -0.095026, 0.219368, -0.036161, -0.000865, -0.075748,
net a: -0.100256, 0.218210, -0.029989, 0.008180, -0.072566,  weights finished
Aggregating layer 2 ... in OS: biases finished...
net 0: -0.085775, -0.163087, -0.010254, -0.057059, -0.019650,
net 1: -0.086325, -0.156592, 0.001712, -0.053888, -0.018654,
net 2: -0.086337, -0.156587, 0.001709, -0.053894, -0.018668,
net a: -0.086146, -0.158755, -0.002278, -0.054947, -0.018991,  weights finished
Aggregating layer 4 ... in OS: biases finished...
net 0: -0.059930, 0.033698, 0.083028, -0.032696, -0.041824,
net 1: -0.058738, 0.033721, 0.082169, -0.034194, -0.039357,
net 2: -0.058736, 0.033716, 0.082171, -0.034219, -0.039373,
net a: -0.059135, 0.033712, 0.082456, -0.033703, -0.040185,  weights finished
Aggregating layer 6 ... inside SGX: biases finished...
net 0: -0.000000, -905353877289084307636224.000000, 3.316903, 218608015898592793975385489408.000000, 0.000850,
net 1: 126147888211276928647168.000000, 1323596774906052020845008330466263040.000000, -0.000000, 0.000000, 18837663143969156462143852656036151296.000000,
net 2: -33766161544575266586624.000000, 0.000000, -27419084800.000000, 0.000000, 0.000000,
net a: -0.000000, -0.000000, 0.000000, -0.000000, -0.000000,  weights finished
Aggregating layer 8 ... inside SGX: biases finished...
net 0: 0.000000, -0.000665, -192798642376015872.000000, 0.000000, 0.000000,
net 1: 0.000000, 0.000000, 32190.775391, -0.754432, -520.547668,
net 2: 428879938761189752832.000000, 0.001243, 0.000000, 22590414171681062912.000000, -0.000000,
net a: 0.000002, -0.000000, 1272900747264.000000, -0.000000, -0.000000,  weights finished


2023-06-02 01:09:26,009 INFO  [uk.ac.ic.doc.fle.ser.imp.TaskService] (vert.x-worker-thread-2) Number of participants: 3
load weights of p-1: ./results/mnist//proj5/mnist_lenet_c1.weights
load weights of p-2: ./results/mnist//proj5/mnist_lenet_c2.weights

tee--- net 0: -0.006471, 0.072313, -0.035352, 0.006706, 0.033257,
tee--- net 1: -0.012795, 0.056586, -0.031788, -0.003741, 0.017272,
tee--- net 1: -0.012816, 0.056587, -0.031795, -0.003757, 0.017296,
tee--- net a: -0.010694, 0.061829, -0.032978, -0.000264, 0.022608,
tee--- net 0: -0.082455, -0.109388, 0.079403, 0.029040, -0.044409,
tee--- net 1: -0.089329, -0.106606, 0.079726, 0.044430, -0.044051,
tee--- net 1: -0.089343, -0.106611, 0.079731, 0.044453, -0.044049,
tee--- net a: -0.087042, -0.107535, 0.079620, 0.039307, -0.044170,
tee--- net 0: -0.081930, 0.274297, -0.126466, -0.132110, -0.181152,
tee--- net 1: -0.082905, 0.236904, -0.091335, -0.101267, -0.109979,
tee--- net 1: -0.082912, 0.236859, -0.091312, -0.101277, -0.109983,
tee--- net a: -0.082582, 0.249354, -0.103038, -0.111551, -0.133705,
tee--- net 0: -0.086223, -0.162788, 0.135288, 0.074258, 0.009740,
tee--- net 1: -0.072213, -0.156882, 0.111262, 0.092279, 0.021916,
tee--- net 1: -0.072199, -0.156877, 0.111255, 0.092248, 0.021891,
load weights of p-3: ./results/mnist//proj5/mnist_lenet_c0.weights
Aggregating layer 0 ... in OS: biases finished...
net 0: -0.104951, 0.217648, -0.019605, 0.025189, -0.061000,
net 1: -0.100265, 0.218238, -0.029917, 0.008253, -0.072546,
net 2: -0.100259, 0.218235, -0.029924, 0.008251, -0.072531,
net a: -0.101825, 0.218040, -0.026482, 0.013898, -0.068692,  weights finished
Aggregating layer 2 ... in OS: biases finished...
net 0: -0.083673, -0.161862, -0.012516, -0.057852, -0.017829,
net 1: -0.086146, -0.158761, -0.002285, -0.054948, -0.018988,
net 2: -0.086148, -0.158762, -0.002298, -0.054953, -0.018990,
net a: -0.085322, -0.159795, -0.005700, -0.055918, -0.018602,  weights finished
Aggregating layer 4 ... in OS: biases finished...
net 0: -0.058752, 0.033594, 0.082638, -0.034853, -0.041571,
net 1: -0.059132, 0.033718, 0.082478, -0.033667, -0.040145,
net 2: -0.059132, 0.033715, 0.082475, -0.033676, -0.040155,
net a: -0.059005, 0.033675, 0.082531, -0.034065, -0.040624,  weights finished
Aggregating layer 6 ... inside SGX: biases finished...
net 0: -0.000000, -201780222441202421156730621657088.000000, 146821.609375, 4294193979673682061559564661505916928.000000, 0.000000,
net 1: 906006272.000000, -382185372297840505651200.000000, 0.000000, 14.543832, 0.000000,
net 2: -339557648903274154164224.000000, -400884221919239000320487981056.000000, -0.000000, -15988225078886137856.000000, 0.000000,
net a: -0.000000, 0.000000, -0.000000, -33533557468649923679480257611563008.000000, 0.000000,  weights finished
Aggregating layer 8 ... inside SGX: biases finished...
net 0: 0.000000, 226391232.000000, -0.000000, -0.000000, -26266938163528494622686788452352.000000,
net 1: -619648529258948848073865953280.000000, -0.000000, -106192784362320681877859227109829902336.000000, 125939.656250, -0.000000,
net 2: -0.000000, 13257039221645212380261251257729024.000000, 142024576666802585600.000000, -7784822.000000, -46301332128610601926656.000000,
net a: 0.000000, -0.000000, -17775960130856406122131909840218357760.000000, 9061480233954940248675304946070978560.000000, 46090.636719,  weights finished


2023-06-02 01:18:51,966 INFO  [uk.ac.ic.doc.fle.ser.imp.TaskService] (vert.x-worker-thread-2) Number of participants: 3
load weights of p-1: ./results/mnist//proj5/mnist_lenet_c1.weights
load weights of p-2: ./results/mnist//proj5/mnist_lenet_c2.weights

tee--- net 0: -0.008103, 0.070304, -0.033394, 0.004553, 0.028333,
tee--- net 1: -0.010677, 0.061862, -0.032964, -0.000254, 0.022631,
tee--- net 1: -0.010686, 0.061859, -0.032961, -0.000249, 0.022622,
tee--- net a: -0.009822, 0.064675, -0.033106, 0.001350, 0.024529,
tee--- net 0: -0.084302, -0.109410, 0.079271, 0.032571, -0.044328,
tee--- net 1: -0.087034, -0.107538, 0.079619, 0.039294, -0.044166,
tee--- net 1: -0.087047, -0.107537, 0.079621, 0.039302, -0.044171,
tee--- net a: -0.086128, -0.108161, 0.079504, 0.037056, -0.044222,
tee--- net 0: -0.084283, 0.270538, -0.128365, -0.127246, -0.170519,
tee--- net 1: -0.082572, 0.249394, -0.103090, -0.111564, -0.133711,
tee--- net 1: -0.082573, 0.249388, -0.103077, -0.111607, -0.133739,
tee--- net a: -0.083143, 0.256440, -0.111510, -0.116806, -0.145990,
tee--- net 0: -0.081705, -0.162512, 0.138389, 0.083346, 0.005466,
tee--- net 1: -0.076896, -0.158855, 0.119307, 0.086252, 0.017849,
tee--- net 1: -0.076873, -0.158865, 0.119308, 0.086268, 0.017839,
load weights of p-3: ./results/mnist//proj5/mnist_lenet_c0.weights
Aggregating layer 0 ... in OS: biases finished...
net 0: -0.102468, 0.219348, -0.018775, 0.025446, -0.060330,
net 1: -0.101834, 0.218040, -0.026465, 0.013919, -0.068679,
net 2: -0.101831, 0.218047, -0.026459, 0.013929, -0.068670,
net a: -0.102044, 0.218478, -0.023900, 0.017765, -0.065893,  weights finished
Aggregating layer 2 ... in OS: biases finished...
net 0: -0.082970, -0.161347, -0.010423, -0.056663, -0.018077,
net 1: -0.085321, -0.159792, -0.005706, -0.055916, -0.018598,
net 2: -0.085325, -0.159796, -0.005710, -0.055918, -0.018601,
net a: -0.084539, -0.160312, -0.007280, -0.056166, -0.018425,  weights finished
Aggregating layer 4 ... in OS: biases finished...
net 0: -0.059099, 0.032996, 0.082823, -0.035302, -0.040972,
net 1: -0.059005, 0.033677, 0.082540, -0.034054, -0.040608,
net 2: -0.059005, 0.033676, 0.082533, -0.034059, -0.040614,
net a: -0.059036, 0.033450, 0.082632, -0.034472, -0.040731,  weights finished
Aggregating layer 6 ... inside SGX: biases finished...
net 0: 0.000000, -0.029433, 0.001894, -0.000000, -1976159340363843024977920.000000,
net 1: -0.000000, -0.000000, 0.000000, -19197002791965252422356721616960880640.000000, 961577.187500,
net 2: 0.000000, 0.000000, 0.000000, -0.000000, -0.000000,
net a: 0.000000, -0.000000, -0.000000, -1546.668945, 0.000000,  weights finished
Aggregating layer 8 ... inside SGX: biases finished...
net 0: -0.000000, 1800279587639450216622456832.000000, -10068298842505216.000000, 0.000000, -5856795703003350667624448.000000,
net 1: -0.001431, -1199086296810921981938919014400.000000, -36242462704090693942839869440.000000, -305207865882987945000960.000000, 351.767914,
net 2: 0.000000, 0.000000, -0.000000, -157370218527929734791168.000000, -0.003145,
net a: 3934771712.000000, 0.000000, 9345773064941624685975466832182640640.000000, -4107843743475274691049946196475904.000000, -6860.869141,  weights finished


2023-06-02 01:28:20,133 INFO  [uk.ac.ic.doc.fle.ser.imp.TaskService] (vert.x-worker-thread-1) Number of participants: 3
load weights of p-1: ./results/mnist//proj5/mnist_lenet_c1.weights
load weights of p-2: ./results/mnist//proj5/mnist_lenet_c2.weights

tee--- net 0: -0.007791, 0.068525, -0.032736, 0.003007, 0.028790,
tee--- net 1: -0.009817, 0.064684, -0.033106, 0.001355, 0.024537,
tee--- net 1: -0.009815, 0.064683, -0.033104, 0.001353, 0.024539,
tee--- net a: -0.009141, 0.065964, -0.032982, 0.001905, 0.025955,
tee--- net 0: -0.084909, -0.109484, 0.079333, 0.031751, -0.044112,
tee--- net 1: -0.086124, -0.108161, 0.079504, 0.037052, -0.044222,
tee--- net 1: -0.086129, -0.108163, 0.079503, 0.037042, -0.044222,
tee--- net a: -0.085721, -0.108603, 0.079446, 0.035282, -0.044185,
tee--- net 0: -0.082704, 0.272282, -0.125756, -0.126092, -0.170978,
tee--- net 1: -0.083154, 0.256480, -0.111537, -0.116840, -0.146007,
tee--- net 1: -0.083141, 0.256460, -0.111537, -0.116796, -0.145998,
tee--- net a: -0.083000, 0.261741, -0.116277, -0.119910, -0.154328,
tee--- net 0: -0.085408, -0.162045, 0.141328, 0.082692, 0.008790,
tee--- net 1: -0.078479, -0.160085, 0.125674, 0.085277, 0.013701,
tee--- net 1: -0.078478, -0.160084, 0.125682, 0.085287, 0.013721,
load weights of p-3: ./results/mnist//proj5/mnist_lenet_c0.weights
Aggregating layer 0 ... in OS: biases finished...
net 0: -0.103796, 0.219173, -0.019622, 0.023823, -0.061451,
net 1: -0.102043, 0.218488, -0.023879, 0.017785, -0.065879,
net 2: -0.102048, 0.218480, -0.023890, 0.017777, -0.065885,
net a: -0.102629, 0.218714, -0.022464, 0.019795, -0.064405,  weights finished
Aggregating layer 2 ... in OS: biases finished...
net 0: -0.083678, -0.161809, -0.010116, -0.056022, -0.018048,
net 1: -0.084538, -0.160314, -0.007285, -0.056168, -0.018425,
net 2: -0.084538, -0.160312, -0.007282, -0.056164, -0.018422,
net a: -0.084252, -0.160812, -0.008228, -0.056118, -0.018299,  weights finished
Aggregating layer 4 ... in OS: biases finished...
net 0: -0.059292, 0.033124, 0.082158, -0.035311, -0.041082,
net 1: -0.059036, 0.033450, 0.082636, -0.034469, -0.040725,
net 2: -0.059035, 0.033451, 0.082635, -0.034467, -0.040721,
net a: -0.059121, 0.033342, 0.082476, -0.034749, -0.040843,  weights finished
Aggregating layer 6 ... inside SGX: biases finished...
net 0: -1975573729848800002634348062834688.000000, -20586310825672704.000000, -0.000161, 0.000000, -0.000000,
net 1: 4781.533691, -447150882816.000000, -1430000234397696.000000, 0.000000, 0.000000,
net 2: -0.000000, -0.000000, -670077.937500, 32849669873347108200414985425256448.000000, 79037750121987231973376.000000,
net a: 0.000000, -0.000000, 0.000009, 0.000000, -0.000000,  weights finished
Aggregating layer 8 ... inside SGX: biases finished...
net 0: 731285184.000000, 138321963150055221960976385450180608.000000, 0.000000, -0.000000, -1008979085885440.000000,
net 1: -0.000000, 0.000000, -32448725978244950112191119360.000000, -0.000000, 1094502755795635925942272.000000,
net 2: -366767456.000000, -6580385966194688.000000, -518531999166895614031036416.000000, 41148704144370864223141490055241007104.000000, -0.000000,
net a: 0.000000, 253682221803219332128099532800.000000, -0.000000, 1735833871357753523072160235520.000000, 1565374764108112865081163776.000000,  weights finished


2023-06-02 01:37:45,029 INFO  [uk.ac.ic.doc.fle.ser.imp.TaskService] (vert.x-worker-thread-1) Number of participants: 3
load weights of p-1: ./results/mnist//proj5/mnist_lenet_c1.weights
load weights of p-2: ./results/mnist//proj5/mnist_lenet_c2.weights

tee--- net 0: -0.008193, 0.068388, -0.033873, 0.002915, 0.029109,
tee--- net 1: -0.009138, 0.065970, -0.032980, 0.001908, 0.025961,
tee--- net 1: -0.009134, 0.065970, -0.032980, 0.001904, 0.025962,
tee--- net a: -0.008822, 0.066776, -0.033278, 0.002243, 0.027011,
tee--- net 0: -0.083929, -0.109083, 0.079381, 0.030289, -0.044573,
tee--- net 1: -0.085716, -0.108604, 0.079446, 0.035276, -0.044186,
tee--- net 1: -0.085719, -0.108603, 0.079446, 0.035282, -0.044185,
tee--- net a: -0.085121, -0.108763, 0.079425, 0.033616, -0.044315,
tee--- net 0: -0.081978, 0.268783, -0.127448, -0.125129, -0.170147,
tee--- net 1: -0.083006, 0.261758, -0.116294, -0.119924, -0.154345,
tee--- net 1: -0.083007, 0.261742, -0.116283, -0.119913, -0.154342,
tee--- net a: -0.082664, 0.264095, -0.120008, -0.121655, -0.159611,
tee--- net 0: -0.079290, -0.162401, 0.137720, 0.078045, 0.012326,
tee--- net 1: -0.080790, -0.160742, 0.130905, 0.084423, 0.012057,
tee--- net 1: -0.080798, -0.160741, 0.130912, 0.084419, 0.012070,
load weights of p-3: ./results/mnist//proj5/mnist_lenet_c0.weights
Aggregating layer 0 ... in OS: biases finished...
net 0: -0.103840, 0.218768, -0.019622, 0.023960, -0.061631,
net 1: -0.102631, 0.218711, -0.022461, 0.019803, -0.064397,
net 2: -0.102628, 0.218717, -0.022458, 0.019800, -0.064404,
net a: -0.103033, 0.218732, -0.021514, 0.021188, -0.063477,  weights finished
Aggregating layer 2 ... in OS: biases finished...
net 0: -0.084000, -0.161640, -0.010425, -0.056475, -0.017962,
net 1: -0.084249, -0.160814, -0.008232, -0.056116, -0.018298,
net 2: -0.084251, -0.160812, -0.008231, -0.056119, -0.018297,
net a: -0.084167, -0.161089, -0.008962, -0.056237, -0.018186,  weights finished
Aggregating layer 4 ... in OS: biases finished...
net 0: -0.059239, 0.032791, 0.082025, -0.035083, -0.041001,
net 1: -0.059121, 0.033341, 0.082476, -0.034747, -0.040841,
net 2: -0.059121, 0.033342, 0.082477, -0.034748, -0.040840,
net a: -0.059160, 0.033158, 0.082326, -0.034859, -0.040894,  weights finished
Aggregating layer 6 ... inside SGX: biases finished...
net 0: 487613669679368066501181440.000000, -0.000000, -1440059008.000000, -0.000000, -3023078935994127276310528.000000,
net 1: 0.000000, 0.000000, -0.000000, -0.000000, 1205991227745378388298900176896.000000,
net 2: -0.000378, 0.000000, 0.000000, -0.000000, -1677919061018354384896.000000,
net a: -12118843719680.000000, -120287354028285378000739893248.000000, 0.000000, 138.852493, 10811368117007454991066071040.000000,  weights finished
Aggregating layer 8 ... inside SGX: biases finished...
net 0: 0.000000, -0.000000, -0.000000, -0.000000, 1040480977135217934336.000000,
net 1: -0.000000, 0.000000, -2184314263873519616.000000, 1778940800.000000, 0.060761,
net 2: 61851207799608119918592.000000, -0.000000, -4313406664343552.000000, -6044409481134080.000000, 40080547173577066611690438656.000000,
net a: -1915206125560134631424.000000, 781.712646, 24674102673408.000000, 10415076667955092509425664.000000, -15773522495564494117695916081152000.000000,  weights finished


2023-06-02 01:47:06,949 INFO  [uk.ac.ic.doc.fle.ser.imp.TaskService] (vert.x-worker-thread-1) Number of participants: 3
load weights of p-1: ./results/mnist//proj5/mnist_lenet_c1.weights
load weights of p-2: ./results/mnist//proj5/mnist_lenet_c2.weights

tee--- net 0: -0.008191, 0.069273, -0.032875, 0.002976, 0.028510,
tee--- net 1: -0.008820, 0.066781, -0.033276, 0.002243, 0.027011,
tee--- net 1: -0.008820, 0.066779, -0.033278, 0.002245, 0.027013,
tee--- net a: -0.008610, 0.067611, -0.033143, 0.002488, 0.027511,
tee--- net 0: -0.083851, -0.108835, 0.079397, 0.030987, -0.044838,
tee--- net 1: -0.085120, -0.108764, 0.079424, 0.033615, -0.044314,
tee--- net 1: -0.085121, -0.108764, 0.079425, 0.033610, -0.044315,
tee--- net a: -0.084697, -0.108788, 0.079415, 0.032737, -0.044489,
tee--- net 0: -0.081725, 0.270561, -0.127659, -0.126219, -0.170821,
tee--- net 1: -0.082665, 0.264102, -0.120014, -0.121658, -0.159619,
tee--- net 1: -0.082661, 0.264098, -0.120016, -0.121658, -0.159623,
tee--- net a: -0.082350, 0.266254, -0.122563, -0.123179, -0.163354,
tee--- net 0: -0.083099, -0.162390, 0.140723, 0.076535, 0.007630,
tee--- net 1: -0.080292, -0.161296, 0.133185, 0.082298, 0.012157,
tee--- net 1: -0.080283, -0.161294, 0.133186, 0.082292, 0.012150,
load weights of p-3: ./results/mnist//proj5/mnist_lenet_c0.weights
Aggregating layer 0 ... in OS: biases finished...
net 0: -0.104454, 0.218160, -0.020175, 0.023814, -0.061700,
net 1: -0.103035, 0.218733, -0.021509, 0.021192, -0.063475,
net 2: -0.103034, 0.218734, -0.021510, 0.021193, -0.063474,
net a: -0.103508, 0.218542, -0.021065, 0.022066, -0.062883,  weights finished
Aggregating layer 2 ... in OS: biases finished...
net 0: -0.083739, -0.162038, -0.010497, -0.056216, -0.018064,
net 1: -0.084165, -0.161089, -0.008964, -0.056236, -0.018184,
net 2: -0.084168, -0.161090, -0.008965, -0.056237, -0.018185,
net a: -0.084024, -0.161406, -0.009475, -0.056230, -0.018144,  weights finished
Aggregating layer 4 ... in OS: biases finished...
net 0: -0.059134, 0.033165, 0.082251, -0.034610, -0.040957,
net 1: -0.059160, 0.033158, 0.082327, -0.034859, -0.040893,
net 2: -0.059160, 0.033158, 0.082327, -0.034858, -0.040891,
net a: -0.059151, 0.033160, 0.082301, -0.034776, -0.040914,  weights finished
Aggregating layer 6 ... inside SGX: biases finished...
net 0: 0.000000, -0.000000, -0.000000, -0.000002, -3178193173418299628875119199256576.000000,
net 1: -0.000000, -0.000000, 0.000000, -2876289.250000, 2051257053216768.000000,
net 2: 0.000000, -0.000000, -7524737403262374783339200512.000000, 8637.120117, 67923.656250,
net a: -469752416.000000, -256534979310836478924318850300474556416.000000, -45292195304684151060383883807686656.000000, -0.000000, 1747899904.000000,  weights finished
Aggregating layer 8 ... inside SGX: biases finished...
net 0: -0.011751, 0.000000, 1130510038722863177874276352.000000, -3821094.250000, -30133.814453,
net 1: -304859871046533120.000000, -889.639526, 0.000056, -0.000000, -0.000001,
net 2: 0.000000, -1573.680420, -0.000000, 644136180072575088394253589544960.000000, -8058922598400.000000,
net a: -25488205245566841880838144.000000, 5858939905569068254239773425664.000000, -0.000000, 666393032785920.000000, 0.000000,  weights finished


2023-06-02 01:56:29,756 INFO  [uk.ac.ic.doc.fle.ser.imp.TaskService] (vert.x-worker-thread-1) Number of participants: 3
load weights of p-1: ./results/mnist//proj5/mnist_lenet_c1.weights
load weights of p-2: ./results/mnist//proj5/mnist_lenet_c2.weights

tee--- net 0: -0.007657, 0.069027, -0.033334, 0.003837, 0.029061,
tee--- net 1: -0.008611, 0.067613, -0.033142, 0.002489, 0.027512,
tee--- net 1: -0.008610, 0.067612, -0.033144, 0.002489, 0.027512,
tee--- net a: -0.008292, 0.068084, -0.033207, 0.002938, 0.028028,
tee--- net 0: -0.084892, -0.109169, 0.079380, 0.030824, -0.044711,
tee--- net 1: -0.084697, -0.108788, 0.079415, 0.032736, -0.044488,
tee--- net 1: -0.084698, -0.108788, 0.079415, 0.032736, -0.044489,
tee--- net a: -0.084763, -0.108915, 0.079404, 0.032099, -0.044563,
tee--- net 0: -0.080848, 0.269228, -0.127179, -0.127285, -0.173534,
tee--- net 1: -0.082350, 0.266259, -0.122568, -0.123182, -0.163369,
tee--- net 1: -0.082354, 0.266261, -0.122571, -0.123183, -0.163362,
tee--- net a: -0.081851, 0.267249, -0.124106, -0.124550, -0.166755,
tee--- net 0: -0.082651, -0.163043, 0.140433, 0.079190, 0.009286,
tee--- net 1: -0.081224, -0.161661, 0.135705, 0.080371, 0.010644,
tee--- net 1: -0.081227, -0.161658, 0.135711, 0.080374, 0.010642,
load weights of p-3: ./results/mnist//proj5/mnist_lenet_c0.weights
Aggregating layer 0 ... in OS: biases finished...
net 0: -0.104049, 0.218181, -0.020257, 0.023805, -0.061695,
net 1: -0.103508, 0.218543, -0.021063, 0.022069, -0.062882,
net 2: -0.103507, 0.218543, -0.021063, 0.022069, -0.062880,
net a: -0.103688, 0.218422, -0.020794, 0.022648, -0.062486,  weights finished
Aggregating layer 2 ... in OS: biases finished...
net 0: -0.083644, -0.161921, -0.010587, -0.056233, -0.018102,
net 1: -0.084024, -0.161407, -0.009476, -0.056229, -0.018143,
net 2: -0.084024, -0.161406, -0.009476, -0.056229, -0.018143,
net a: -0.083897, -0.161578, -0.009847, -0.056231, -0.018130,  weights finished
Aggregating layer 4 ... in OS: biases finished...
net 0: -0.059220, 0.032881, 0.082223, -0.035014, -0.041100,
net 1: -0.059151, 0.033160, 0.082302, -0.034774, -0.040913,
net 2: -0.059151, 0.033160, 0.082302, -0.034775, -0.040912,
net a: -0.059174, 0.033067, 0.082276, -0.034854, -0.040975,  weights finished
Aggregating layer 6 ... inside SGX: biases finished...
net 0: 0.000000, 0.000000, -0.003470, 20021080064.000000, 0.000000,
net 1: 0.000000, -0.000000, 77010013519872.000000, 68650.914062, -187472966109996617583853827358982144.000000,
net 2: 0.000000, 9821701143266553560684085974663168.000000, 1470908866595324274306188339084001280.000000, 0.001612, -8791.366211,
net a: -0.000000, 0.000000, 0.000000, -0.000000, 0.000000,  weights finished
Aggregating layer 8 ... inside SGX: biases finished...
net 0: -0.002374, -63307.558594, 0.000006, 0.000000, 0.000000,
net 1: -2106964857810059264.000000, 73889375846400.000000, -32622.501953, 0.000000, 0.000000,
net 2: 90317040.000000, 0.992177, 0.905867, -0.000001, -0.158014,
net a: 19.714907, -0.000000, 0.027542, -355191737198948201947616772096.000000, -48801587375636480.000000,  weights finished


2023-06-02 02:05:56,367 INFO  [uk.ac.ic.doc.fle.ser.imp.TaskService] (vert.x-worker-thread-1) Number of participants: 3
load weights of p-1: ./results/mnist//proj5/mnist_lenet_c1.weights
load weights of p-2: ./results/mnist//proj5/mnist_lenet_c2.weights

tee--- net 0: -0.007599, 0.068935, -0.033828, 0.003113, 0.028631,
tee--- net 1: -0.008291, 0.068085, -0.033207, 0.002940, 0.028031,
tee--- net 1: -0.008292, 0.068086, -0.033206, 0.002940, 0.028031,
tee--- net a: -0.008061, 0.068368, -0.033414, 0.002998, 0.028231,
tee--- net 0: -0.083878, -0.109261, 0.079378, 0.030355, -0.044669,
tee--- net 1: -0.084761, -0.108915, 0.079404, 0.032096, -0.044563,
tee--- net 1: -0.084761, -0.108915, 0.079404, 0.032096, -0.044563,
tee--- net a: -0.084467, -0.109030, 0.079395, 0.031515, -0.044598,
tee--- net 0: -0.081662, 0.270833, -0.127863, -0.127322, -0.174112,
tee--- net 1: -0.081850, 0.267248, -0.124107, -0.124552, -0.166759,
tee--- net 1: -0.081849, 0.267253, -0.124111, -0.124560, -0.166765,
tee--- net a: -0.081787, 0.268445, -0.125360, -0.125478, -0.169212,
tee--- net 0: -0.080762, -0.163312, 0.141581, 0.077617, 0.008740,
tee--- net 1: -0.081701, -0.162122, 0.137288, 0.079979, 0.010190,
tee--- net 1: -0.081700, -0.162121, 0.137288, 0.079981, 0.010189,
load weights of p-3: ./results/mnist//proj5/mnist_lenet_c0.weights
Aggregating layer 0 ... in OS: biases finished...
net 0: -0.103993, 0.218677, -0.019358, 0.024633, -0.061132,
net 1: -0.103689, 0.218423, -0.020792, 0.022649, -0.062484,
net 2: -0.103688, 0.218423, -0.020794, 0.022650, -0.062484,
net a: -0.103790, 0.218508, -0.020315, 0.023311, -0.062034,  weights finished
Aggregating layer 2 ... in OS: biases finished...
net 0: -0.083652, -0.162211, -0.010806, -0.056413, -0.018138,
net 1: -0.083897, -0.161579, -0.009847, -0.056231, -0.018130,
net 2: -0.083897, -0.161579, -0.009848, -0.056230, -0.018129,
net a: -0.083816, -0.161790, -0.010167, -0.056291, -0.018132,  weights finished
Aggregating layer 4 ... in OS: biases finished...
net 0: -0.059290, 0.032899, 0.082043, -0.035402, -0.041051,
net 1: -0.059174, 0.033067, 0.082276, -0.034854, -0.040974,
net 2: -0.059174, 0.033067, 0.082276, -0.034855, -0.040975,
net a: -0.059213, 0.033011, 0.082198, -0.035037, -0.041000,  weights finished
Aggregating layer 6 ... inside SGX: biases finished...
net 0: 133140600331097333563392.000000, -12764192964608.000000, -0.000000, 0.000000, 55651459066382473419622562398208.000000,
net 1: 0.000000, -0.000000, -0.000000, 1923018024599904806665977856.000000, -36284268.000000,
net 2: 2176154206208.000000, -0.000000, -0.000000, 0.000000, 0.000000,
net a: -0.000493, -0.000007, -0.000000, -44126077387276288.000000, 327370493919232.000000,  weights finished
Aggregating layer 8 ... inside SGX: biases finished...
net 0: 0.000000, -2465365170619575440415789649231872.000000, -22185.601562, 1916279.000000, nan,
net 1: -12046303852849564357855274860544.000000, -3656185088.000000, 13.036922, 0.000000, -395571.781250,
net 2: 4631835770636348804290834333696.000000, 0.000000, 0.000000, -13184872067629056.000000, -0.000000,
net a: -0.029277, -26206226432.000000, -3850978501768610054144.000000, -157817281855739549188096.000000, 251613088594551099859847348224.000000,  weights finished


2023-06-02 02:15:22,291 INFO  [uk.ac.ic.doc.fle.ser.imp.TaskService] (vert.x-worker-thread-1) Number of participants: 3
load weights of p-1: ./results/mnist//proj5/mnist_lenet_c1.weights
load weights of p-2: ./results/mnist//proj5/mnist_lenet_c2.weights

tee--- net 0: -0.007934, 0.069378, -0.033498, 0.003262, 0.028643,
tee--- net 1: -0.008059, 0.068369, -0.033414, 0.002998, 0.028232,
tee--- net 1: -0.008059, 0.068370, -0.033414, 0.002999, 0.028231,
tee--- net a: -0.008017, 0.068706, -0.033442, 0.003086, 0.028369,
tee--- net 0: -0.083767, -0.109183, 0.079386, 0.030592, -0.044708,
tee--- net 1: -0.084466, -0.109031, 0.079395, 0.031514, -0.044598,
tee--- net 1: -0.084465, -0.109031, 0.079395, 0.031515, -0.044598,
tee--- net a: -0.084233, -0.109082, 0.079392, 0.031207, -0.044635,
tee--- net 0: -0.081325, 0.270522, -0.128739, -0.127811, -0.174722,
tee--- net 1: -0.081786, 0.268446, -0.125367, -0.125480, -0.169212,
tee--- net 1: -0.081786, 0.268449, -0.125364, -0.125480, -0.169216,
tee--- net a: -0.081633, 0.269139, -0.126490, -0.126257, -0.171050,
tee--- net 0: -0.080920, -0.163397, 0.141605, 0.078099, 0.008719,
tee--- net 1: -0.081387, -0.162519, 0.138720, 0.079194, 0.009705,
tee--- net 1: -0.081389, -0.162520, 0.138722, 0.079192, 0.009704,
load weights of p-3: ./results/mnist//proj5/mnist_lenet_c0.weights
Aggregating layer 0 ... in OS: biases finished...
net 0: -0.104026, 0.218678, -0.019440, 0.024431, -0.061626,
net 1: -0.103790, 0.218508, -0.020313, 0.023313, -0.062032,
net 2: -0.103790, 0.218508, -0.020313, 0.023313, -0.062032,
net a: -0.103869, 0.218565, -0.020022, 0.023686, -0.061897,  weights finished
Aggregating layer 2 ... in OS: biases finished...
net 0: -0.083732, -0.162215, -0.010913, -0.056656, -0.018251,
net 1: -0.083815, -0.161790, -0.010168, -0.056292, -0.018133,
net 2: -0.083816, -0.161790, -0.010169, -0.056292, -0.018133,
net a: -0.083788, -0.161932, -0.010416, -0.056413, -0.018172,  weights finished
Aggregating layer 4 ... in OS: biases finished...
net 0: -0.059269, 0.032976, 0.082111, -0.035039, -0.040912,
net 1: -0.059213, 0.033010, 0.082197, -0.035038, -0.041000,
net 2: -0.059213, 0.033011, 0.082198, -0.035036, -0.041000,
net a: -0.059232, 0.032999, 0.082169, -0.035038, -0.040971,  weights finished
Aggregating layer 6 ... inside SGX: biases finished...
net 0: 0.000000, 0.000000, -0.000000, -9875692718318320613326848.000000, -96930344.000000,
net 1: 649143556140695552.000000, -0.000000, 0.000000, -0.000000, -0.000000,
net 2: -7213438942756995072.000000, -0.970883, 0.000000, -0.000000, -4054938647592871919616.000000,
net a: -709137501013200076800.000000, -16320064357328714511401955132178432.000000, 348684353964485693800305393664.000000, 14131588497408.000000, -0.000257,  weights finished
Aggregating layer 8 ... inside SGX: biases finished...
net 0: -0.000000, -0.000000, -0.000000, -17486866.000000, 0.000000,
net 1: 0.308428, 0.000000, -0.000000, 0.000000, -85.700157,
net 2: -0.000000, 0.000000, -7366830.500000, -0.000000, -0.000000,
net a: 0.000000, 0.000000, 0.000000, 113744.382812, 0.000003,  weights finished



