2023-06-01 23:26:52,931 INFO  [uk.ac.ic.doc.fle.ser.imp.TaskService] (vert.x-worker-thread-1) Number of participants: 2
load weights of p-1: ./results/mnist//proj4/mnist_lenet_c1.weights

tee--- net 0: -0.058902, 0.198907, -0.064081, -0.012737, -0.026717,
tee--- net 1: -0.004066, 0.003975, -0.006747, -0.005968, 0.000842,
tee--- net a: -0.031484, 0.101441, -0.035414, -0.009352, -0.012937,
tee--- net 0: -0.106774, -0.098799, 0.022346, 0.060947, -0.052281,
tee--- net 1: -0.101017, -0.097535, 0.082416, 0.080162, -0.040558,
tee--- net a: -0.103896, -0.098167, 0.052381, 0.070554, -0.046419,
tee--- net 0: -0.513887, 1.373610, -0.454321, -0.322402, -0.160642,
tee--- net 1: -0.029338, 0.035286, -0.010972, -0.021563, -0.018509,
tee--- net a: -0.271612, 0.704448, -0.232647, -0.171982, -0.089576,
tee--- net 0: -0.047884, -0.170497, 0.143436, 0.070566, 0.112454,
tee--- net 1: -0.068736, -0.116675, 0.077380, 0.100133, 0.015693,
load weights of p-2: ./results/mnist//proj4/mnist_lenet_c0.weights
Aggregating layer 0 ... in OS: biases finished...
net 0: -0.119504, 0.248805, 0.006419, 0.058310, 0.015562,
net 1: -0.062541, 0.249007, -0.033202, -0.014423, -0.083410,
net a: -0.091022, 0.248906, -0.013391, 0.021943, -0.033924,  weights finished
Aggregating layer 2 ... in OS: biases finished...
net 0: -0.098136, -0.139876, 0.001364, -0.059006, -0.012274,
net 1: -0.083525, -0.150113, 0.010700, -0.047728, -0.015373,
net a: -0.090831, -0.144995, 0.006032, -0.053367, -0.013823,  weights finished
Aggregating layer 4 ... in OS: biases finished...
net 0: -0.057726, 0.034821, 0.077223, -0.040872, -0.037539,
net 1: -0.057939, 0.033276, 0.076959, -0.040025, -0.035359,
net a: -0.057833, 0.034049, 0.077091, -0.040448, -0.036449,  weights finished
Aggregating layer 6 ... inside SGX: biases finished...
net 0: -188848700790827338805134370013184.000000, 0.000000, -0.006281, -2713303296.000000, 0.000000,
net 1: 0.000000, -58558789431727358761265790976.000000, 35042572.000000, 346634545888391183734896827826176.000000, 364900.718750,
net a: 0.000000, -nan, 105750.320312, 709.409851, 119424288079792498376471939774154801152.000000,  weights finished
Aggregating layer 8 ... inside SGX: biases finished...
net 0: -0.000000, -0.000000, -56568489940302155481088.000000, -852.201172, -69317383159808.000000,
net 1: -0.000000, 0.000000, -15515500.000000, -764087.687500, -0.000000,
net a: -7136773769103890607767552.000000, -7794504949779544700994191360.000000, 5821940891648.000000, -44.999443, 2078.225098,  weights finished


2023-06-01 23:33:46,926 INFO  [uk.ac.ic.doc.fle.ser.imp.TaskService] (vert.x-worker-thread-2) Number of participants: 2
load weights of p-1: ./results/mnist//proj4/mnist_lenet_c1.weights

tee--- net 0: -0.031146, 0.101530, -0.035095, -0.009227, -0.012612,
tee--- net 1: 0.015295, 0.000474, 0.003671, -0.003536, -0.006371,
tee--- net a: -0.007925, 0.051002, -0.015712, -0.006381, -0.009491,
tee--- net 0: -0.103899, -0.098180, 0.052363, 0.070608, -0.046379,
tee--- net 1: -0.097351, -0.097115, 0.081416, 0.086822, -0.039292,
tee--- net a: -0.100625, -0.097647, 0.066889, 0.078715, -0.042835,
tee--- net 0: -0.270858, 0.703067, -0.232301, -0.171883, -0.089026,
tee--- net 1: -0.016741, 0.047019, -0.035109, -0.004236, 0.014555,
tee--- net a: -0.143800, 0.375043, -0.133705, -0.088059, -0.037235,
tee--- net 0: -0.058350, -0.143577, 0.110676, 0.085199, 0.064965,
tee--- net 1: -0.056585, -0.119267, 0.081278, 0.100392, 0.010877,
load weights of p-2: ./results/mnist//proj4/mnist_lenet_c0.weights
Aggregating layer 0 ... in OS: biases finished...
net 0: -0.090410, 0.249757, -0.012286, 0.023103, -0.032884,
net 1: -0.073873, 0.233480, -0.039706, 0.000705, -0.065043,
net a: -0.082141, 0.241619, -0.025996, 0.011904, -0.048964,  weights finished
Aggregating layer 2 ... in OS: biases finished...
net 0: -0.090882, -0.144937, 0.006165, -0.053198, -0.013668,
net 1: -0.083683, -0.149101, 0.010865, -0.044166, -0.021913,
net a: -0.087282, -0.147019, 0.008515, -0.048682, -0.017791,  weights finished
Aggregating layer 4 ... in OS: biases finished...
net 0: -0.057833, 0.034049, 0.077096, -0.040423, -0.036427,
net 1: -0.057999, 0.033608, 0.079563, -0.035691, -0.035267,
net a: -0.057916, 0.033829, 0.078329, -0.038057, -0.035847,  weights finished
Aggregating layer 6 ... inside SGX: biases finished...
net 0: -0.000000, 0.000000, -48369821024256.000000, 38457332331697930240.000000, 9708.810547,
net 1: -573486016.000000, 1103366378104029184.000000, 3473.047119, 65937926241294086284670664704.000000, -0.007460,
net a: -0.000000, 0.000000, -760.300903, -0.000000, 0.000000,  weights finished
Aggregating layer 8 ... inside SGX: biases finished...
net 0: 201708560958379632611033088.000000, 0.000000, -0.000000, 1225422890413700216392777728.000000, -27796290659436880039642136576.000000,
net 1: 84965412777967498260115357696.000000, -17648544234268102462799872.000000, -0.000000, 88967505035403933707237588992.000000, -0.000000,
net a: 18591106369875366071782145379293724672.000000, -0.000000, 0.000000, 13851024376360745982467506176.000000, 0.000000,  weights finished


2023-06-01 23:37:40,137 INFO  [uk.ac.ic.doc.fle.ser.imp.TaskService] (vert.x-worker-thread-2) Number of participants: 2
load weights of p-1: ./results/mnist//proj4/mnist_lenet_c1.weights

tee--- net 0: -0.031212, 0.101658, -0.035022, -0.009157, -0.012624,
tee--- net 1: -0.020097, 0.178220, -0.036770, 0.000491, -0.008839,
tee--- net a: -0.025655, 0.139939, -0.035896, -0.004333, -0.010731,
tee--- net 0: -0.103902, -0.098178, 0.052295, 0.070615, -0.046418,
tee--- net 1: -0.104533, -0.104958, 0.014529, 0.083066, -0.046542,
tee--- net a: -0.104217, -0.101568, 0.033412, 0.076840, -0.046480,
tee--- net 0: -0.271016, 0.703071, -0.232266, -0.171838, -0.089211,
tee--- net 1: -0.340521, 1.084426, -0.347592, -0.279865, -0.211222,
tee--- net a: -0.305768, 0.893749, -0.289929, -0.225851, -0.150216,
tee--- net 0: -0.058222, -0.143589, 0.110813, 0.085286, 0.064541,
tee--- net 1: -0.060350, -0.157230, 0.115511, 0.040815, 0.117918,
load weights of p-2: ./results/mnist//proj4/mnist_lenet_c0.weights
Aggregating layer 0 ... in OS: biases finished...
net 0: -0.090391, 0.249818, -0.012237, 0.023187, -0.032794,
net 1: -0.056691, 0.291291, 0.035636, 0.066209, 0.012513,
net a: -0.073541, 0.270554, 0.011700, 0.044698, -0.010141,  weights finished
Aggregating layer 2 ... in OS: biases finished...
net 0: -0.090907, -0.144980, 0.006146, -0.053208, -0.013698,
net 1: -0.110492, -0.132431, 0.015201, -0.058862, -0.009475,
net a: -0.100699, -0.138705, 0.010673, -0.056035, -0.011586,  weights finished
Aggregating layer 4 ... in OS: biases finished...
net 0: -0.057833, 0.034051, 0.077101, -0.040420, -0.036423,
net 1: -0.057858, 0.033697, 0.077144, -0.040018, -0.036724,
net a: -0.057846, 0.033874, 0.077123, -0.040219, -0.036574,  weights finished
Aggregating layer 6 ... inside SGX: biases finished...
net 0: 156240304.000000, -0.000000, -0.000000, -0.000000, -0.000559,
net 1: -5758.180176, -0.000000, -1179306.000000, 97977120373866496.000000, -0.000000,
net a: 0.000000, 15443031138741780480.000000, 3367349975666211906425848616192049152.000000, 0.000000, -0.000000,  weights finished
Aggregating layer 8 ... inside SGX: biases finished...
net 0: 0.123737, 353911963781026415741239296.000000, -0.000000, -32.037300, -15509784.000000,
net 1: 2205921375682560.000000, -0.000000, -125815928.000000, 79542453473315389440.000000, -0.000000,
net a: -0.000000, 0.000005, 0.000000, -768395771904.000000, 0.000190,  weights finished


2023-06-01 23:41:56,594 INFO  [uk.ac.ic.doc.fle.ser.imp.TaskService] (vert.x-worker-thread-2) Number of participants: 2
load weights of p-1: ./results/mnist//proj4/mnist_lenet_c1.weights

tee--- net 0: -0.017759, 0.142196, -0.046814, 0.003052, -0.019865,
tee--- net 1: -0.007749, 0.051114, -0.015546, -0.006389, -0.009277,
tee--- net a: -0.012754, 0.096655, -0.031180, -0.001669, -0.014571,
tee--- net 0: -0.110411, -0.101871, 0.035500, 0.087074, -0.044570,
tee--- net 1: -0.100629, -0.097651, 0.066889, 0.078764, -0.042842,
tee--- net a: -0.105520, -0.099761, 0.051194, 0.082919, -0.043706,
tee--- net 0: -0.261463, 0.812502, -0.253199, -0.203299, -0.149644,
tee--- net 1: -0.143522, 0.373947, -0.133317, -0.088023, -0.036691,
tee--- net a: -0.202492, 0.593225, -0.193258, -0.145661, -0.093168,
tee--- net 0: -0.051314, -0.154632, 0.080882, 0.042289, 0.075127,
tee--- net 1: -0.057454, -0.131440, 0.096010, 0.092776, 0.038025,
load weights of p-2: ./results/mnist//proj4/mnist_lenet_c0.weights
Aggregating layer 0 ... in OS: biases finished...
net 0: -0.036277, 0.298476, 0.038389, 0.070525, 0.003580,
net 1: -0.081921, 0.241962, -0.025534, 0.012339, -0.048590,
net a: -0.059099, 0.270219, 0.006428, 0.041432, -0.022505,  weights finished
Aggregating layer 2 ... in OS: biases finished...
net 0: -0.099604, -0.150037, -0.004089, -0.050937, 0.003208,
net 1: -0.087287, -0.147018, 0.008486, -0.048701, -0.017772,
net a: -0.093445, -0.148527, 0.002199, -0.049819, -0.007282,  weights finished
Aggregating layer 4 ... in OS: biases finished...
net 0: -0.057839, 0.034341, 0.078344, -0.038645, -0.036162,
net 1: -0.057916, 0.033828, 0.078329, -0.038049, -0.035841,
net a: -0.057878, 0.034085, 0.078337, -0.038347, -0.036001,  weights finished
Aggregating layer 6 ... inside SGX: biases finished...
net 0: 3.330950, -0.000000, 0.000000, 0.000000, 0.000000,
net 1: -31542472767418500995088384.000000, 0.000000, -0.000000, 92631114450993152.000000, -2840686726295207974143000576.000000,
net a: -12697144320.000000, -22792510636032.000000, 0.000000, -437637994728390656.000000, 4262535626752.000000,  weights finished
Aggregating layer 8 ... inside SGX: biases finished...
net 0: -0.000000, -119993311232.000000, -107877801675194368.000000, 0.000000, 0.000000,
net 1: 175256219349201163949134839808.000000, 7759527.000000, -7867792535818819442476843008.000000, 0.000000, 336072832352775723588279299345481728.000000,
net a: 425033348663725444577624064.000000, 0.000000, -1602770198943714753707225780683014144.000000, 7094723496827342902826673664688128.000000, -0.459961,  weights finished


2023-06-01 23:47:35,573 INFO  [uk.ac.ic.doc.fle.ser.imp.TaskService] (vert.x-worker-thread-2) Number of participants: 2
load weights of p-1: ./results/mnist//proj4/mnist_lenet_c1.weights

tee--- net 0: -0.025491, 0.140070, -0.035843, -0.004156, -0.010609,
tee--- net 1: -0.007832, 0.051053, -0.015538, -0.006375, -0.009387,
tee--- net a: -0.016661, 0.095562, -0.025690, -0.005266, -0.009998,
tee--- net 0: -0.104245, -0.101560, 0.033326, 0.076938, -0.046491,
tee--- net 1: -0.100630, -0.097638, 0.066885, 0.078790, -0.042841,
tee--- net a: -0.102438, -0.099599, 0.050105, 0.077864, -0.044666,
tee--- net 0: -0.305607, 0.894082, -0.289989, -0.226274, -0.150400,
tee--- net 1: -0.143327, 0.373960, -0.133423, -0.088018, -0.036668,
tee--- net a: -0.224467, 0.634021, -0.211706, -0.157146, -0.093534,
tee--- net 0: -0.059266, -0.150445, 0.113372, 0.062771, 0.091485,
tee--- net 1: -0.057430, -0.131417, 0.096024, 0.092810, 0.038005,
load weights of p-2: ./results/mnist//proj4/mnist_lenet_c0.weights
Aggregating layer 0 ... in OS: biases finished...
net 0: -0.073045, 0.271167, 0.012371, 0.045356, -0.009564,
net 1: -0.081973, 0.241880, -0.025664, 0.012238, -0.048661,
net a: -0.077509, 0.256523, -0.006646, 0.028797, -0.029112,  weights finished
Aggregating layer 2 ... in OS: biases finished...
net 0: -0.100687, -0.138577, 0.010910, -0.055814, -0.011421,
net 1: -0.087303, -0.147035, 0.008496, -0.048684, -0.017790,
net a: -0.093995, -0.142806, 0.009703, -0.052249, -0.014606,  weights finished
Aggregating layer 4 ... in OS: biases finished...
net 0: -0.057846, 0.033874, 0.077123, -0.040212, -0.036563,
net 1: -0.057916, 0.033830, 0.078332, -0.038047, -0.035843,
net a: -0.057881, 0.033852, 0.077727, -0.039129, -0.036203,  weights finished
Aggregating layer 6 ... inside SGX: biases finished...
net 0: 0.000000, -0.000000, 0.000000, -0.000000, -51924292.000000,
net 1: -52258888744960.000000, 0.213103, 50.850224, 114505512.000000, 0.000000,
net a: 0.000000, 1422.123779, 0.000000, -0.000000, 0.000000,  weights finished
Aggregating layer 8 ... inside SGX: biases finished...
net 0: -0.000000, -1700544268873110334661959090176.000000, 8548803235426019902626988032.000000, 0.000000, -0.000000,
net 1: 0.000000, -2074761201270988472320.000000, 0.000000, 0.000846, -113.498131,
net a: -0.000000, -0.000000, -0.000000, 0.000000, 0.000000,  weights finished


2023-06-01 23:54:29,690 INFO  [uk.ac.ic.doc.fle.ser.imp.TaskService] (vert.x-worker-thread-2) Number of participants: 2
load weights of p-1: ./results/mnist//proj4/mnist_lenet_c1.weights

tee--- net 0: -0.012712, 0.096729, -0.031147, -0.001611, -0.014548,
tee--- net 1: -0.019579, 0.193730, -0.044084, 0.000643, -0.010939,
tee--- net a: -0.016145, 0.145230, -0.037615, -0.000484, -0.012744,
tee--- net 0: -0.105522, -0.099763, 0.051170, 0.082948, -0.043705,
tee--- net 1: -0.111561, -0.102168, 0.011686, 0.092766, -0.045785,
tee--- net a: -0.108542, -0.100966, 0.031428, 0.087857, -0.044745,
tee--- net 0: -0.202419, 0.593203, -0.193205, -0.145694, -0.093189,
tee--- net 1: -0.325904, 1.138235, -0.335099, -0.302378, -0.236100,
tee--- net a: -0.264161, 0.865719, -0.264152, -0.224036, -0.164645,
tee--- net 0: -0.054367, -0.143041, 0.088435, 0.067458, 0.056658,
tee--- net 1: -0.059668, -0.167257, 0.117419, 0.041065, 0.115758,
load weights of p-2: ./results/mnist//proj4/mnist_lenet_c0.weights
Aggregating layer 0 ... in OS: biases finished...
net 0: -0.058862, 0.270492, 0.006711, 0.041708, -0.022259,
net 1: -0.052283, 0.294442, 0.035365, 0.067237, 0.016203,
net a: -0.055572, 0.282467, 0.021038, 0.054472, -0.003028,  weights finished
Aggregating layer 2 ... in OS: biases finished...
net 0: -0.093446, -0.148498, 0.002259, -0.049734, -0.007206,
net 1: -0.107272, -0.124331, 0.025489, -0.065572, -0.019007,
net a: -0.100359, -0.136415, 0.013874, -0.057653, -0.013106,  weights finished
Aggregating layer 4 ... in OS: biases finished...
net 0: -0.057878, 0.034085, 0.078337, -0.038342, -0.035993,
net 1: -0.057838, 0.033613, 0.076600, -0.042040, -0.038015,
net a: -0.057858, 0.033849, 0.077468, -0.040191, -0.037004,  weights finished
Aggregating layer 6 ... inside SGX: biases finished...
net 0: 0.000000, -0.000000, -1817615925248.000000, -1.490765, 0.000003,
net 1: -315805255116824418571564089344.000000, 0.000000, 0.000000, 3498242350082275824662711631872.000000, 55235055650010188588029913506330443776.000000,
net a: -313410141589831554363675622361171755008.000000, 39843039658572116918272.000000, 24268085640822784.000000, 73803853987840.000000, 0.000000,  weights finished
Aggregating layer 8 ... inside SGX: biases finished...
net 0: 3358465242836139820187648.000000, 554972813716147248400105945956352.000000, 2328792399872.000000, 102799122432.000000, -72402736402570728701952.000000,
net 1: 0.005538, 246.735916, -0.000000, -896324060394064707584.000000, 0.000000,
net a: -0.000000, -0.000000, -0.000001, -3052699448105261831418643681718042624.000000, 0.000000,  weights finished


2023-06-02 00:01:23,276 INFO  [uk.ac.ic.doc.fle.ser.imp.TaskService] (vert.x-worker-thread-2) Number of participants: 2
load weights of p-1: ./results/mnist//proj4/mnist_lenet_c1.weights

tee--- net 0: -0.016492, 0.095767, -0.025488, -0.005182, -0.009839,
tee--- net 1: -0.016525, 0.095775, -0.025523, -0.005155, -0.009830,
tee--- net a: -0.016508, 0.095771, -0.025506, -0.005168, -0.009835,
tee--- net 0: -0.102451, -0.099601, 0.050038, 0.077926, -0.044676,
tee--- net 1: -0.102447, -0.099608, 0.050037, 0.077936, -0.044686,
tee--- net a: -0.102449, -0.099604, 0.050037, 0.077931, -0.044681,
tee--- net 0: -0.224066, 0.633480, -0.211775, -0.157234, -0.093112,
tee--- net 1: -0.224259, 0.633389, -0.211459, -0.157257, -0.093217,
tee--- net a: -0.224162, 0.633435, -0.211617, -0.157245, -0.093165,
tee--- net 0: -0.058345, -0.140936, 0.104757, 0.077653, 0.065249,
tee--- net 1: -0.058302, -0.140954, 0.104732, 0.077626, 0.065316,
load weights of p-2: ./results/mnist//proj4/mnist_lenet_c0.weights
Aggregating layer 0 ... in OS: biases finished...
net 0: -0.077008, 0.257232, -0.005864, 0.029542, -0.028434,
net 1: -0.076979, 0.257247, -0.005827, 0.029579, -0.028420,
net a: -0.076994, 0.257240, -0.005845, 0.029560, -0.028427,  weights finished
Aggregating layer 2 ... in OS: biases finished...
net 0: -0.094047, -0.142765, 0.009780, -0.052174, -0.014496,
net 1: -0.094055, -0.142747, 0.009848, -0.052030, -0.014441,
net a: -0.094051, -0.142756, 0.009814, -0.052102, -0.014468,  weights finished
Aggregating layer 4 ... in OS: biases finished...
net 0: -0.057881, 0.033852, 0.077727, -0.039118, -0.036198,
net 1: -0.057881, 0.033851, 0.077733, -0.039114, -0.036194,
net a: -0.057881, 0.033851, 0.077730, -0.039116, -0.036196,  weights finished
Aggregating layer 6 ... inside SGX: biases finished...
net 0: 7783577088.000000, -377934621841682738605446284705792.000000, -0.000000, -28675256655328313344.000000, 9408699392.000000,
net 1: 0.000000, -1575703.875000, -0.000000, -28109828096.000000, -41847803979294048256.000000,
net a: 124777914803199424965588887273472.000000, -856737408919385737210626048.000000, 26643163402946868503307333794791424.000000, -0.000000, -9403639763741859759799975018496.000000,  weights finished
Aggregating layer 8 ... inside SGX: biases finished...
net 0: -0.000000, 286949354259303970635776.000000, 0.000000, -0.000000, -0.000000,
net 1: 0.432937, 119925480778921228107776.000000, -17812254.000000, 2982476800.000000, 0.097109,
net a: -16747699184528951290911260672.000000, -0.000001, -586165242426927674279436068415602688.000000, -0.000000, -0.000000,  weights finished


2023-06-02 00:06:40,262 INFO  [uk.ac.ic.doc.fle.ser.imp.TaskService] (vert.x-worker-thread-2) Number of participants: 2
load weights of p-1: ./results/mnist//proj4/mnist_lenet_c1.weights

tee--- net 0: -0.016119, 0.145273, -0.037597, -0.000471, -0.012716,
tee--- net 1: -0.013325, 0.165242, -0.040322, 0.000015, -0.010893,
tee--- net a: -0.014722, 0.155258, -0.038960, -0.000228, -0.011804,
tee--- net 0: -0.108545, -0.100970, 0.031408, 0.087868, -0.044744,
tee--- net 1: -0.109964, -0.101299, 0.017865, 0.081284, -0.045221,
tee--- net a: -0.109255, -0.101134, 0.024637, 0.084576, -0.044983,
tee--- net 0: -0.264159, 0.865836, -0.264201, -0.224144, -0.164714,
tee--- net 1: -0.273924, 0.981639, -0.297574, -0.259975, -0.209697,
tee--- net a: -0.269041, 0.923738, -0.280887, -0.242059, -0.187206,
tee--- net 0: -0.056989, -0.155168, 0.102887, 0.054272, 0.086262,
tee--- net 1: -0.059275, -0.162486, 0.106085, 0.026654, 0.107627,
load weights of p-2: ./results/mnist//proj4/mnist_lenet_c0.weights
Aggregating layer 0 ... in OS: biases finished...
net 0: -0.055410, 0.282669, 0.021268, 0.054679, -0.002862,
net 1: -0.039800, 0.299577, 0.041196, 0.074166, 0.014340,
net a: -0.047605, 0.291123, 0.031232, 0.064423, 0.005739,  weights finished
Aggregating layer 2 ... in OS: biases finished...
net 0: -0.100349, -0.136364, 0.013940, -0.057591, -0.013047,
net 1: -0.106877, -0.134610, 0.013979, -0.063610, -0.016253,
net a: -0.103613, -0.135487, 0.013959, -0.060600, -0.014650,  weights finished
Aggregating layer 4 ... in OS: biases finished...
net 0: -0.057858, 0.033849, 0.077470, -0.040188, -0.037002,
net 1: -0.057886, 0.033727, 0.077864, -0.038787, -0.037044,
net a: -0.057872, 0.033788, 0.077667, -0.039487, -0.037023,  weights finished
Aggregating layer 6 ... inside SGX: biases finished...
net 0: 0.000000, -18842869160800485348049158144.000000, -101615249181280321175851892736.000000, 0.000000, 1141002841899894350186283008.000000,
net 1: 0.179790, 0.000000, 0.000000, -0.000000, -307244832498667297906888802304.000000,
net a: -14073832710572260148117504.000000, 30416.136719, -0.000000, 0.000000, -312007436629188938825728.000000,  weights finished
Aggregating layer 8 ... inside SGX: biases finished...
net 0: 1775241600.000000, -0.000000, 990721984.000000, 0.000000, 0.000000,
net 1: -0.000000, 0.000000, 0.000000, 43966510762295296.000000, -716197.687500,
net a: 5140284.000000, 0.000000, -238553006467315007015416678177570816.000000, 0.000009, -21949314366325382044821750146144403456.000000,  weights finished


2023-06-02 00:11:21,904 INFO  [uk.ac.ic.doc.fle.ser.imp.TaskService] (vert.x-worker-thread-2) Number of participants: 2
load weights of p-1: ./results/mnist//proj4/mnist_lenet_c1.weights

tee--- net 0: -0.023688, 0.156390, -0.028919, 0.000107, -0.007259,
tee--- net 1: -0.016108, 0.145273, -0.037584, -0.000457, -0.012716,
tee--- net a: -0.019898, 0.150832, -0.033251, -0.000175, -0.009987,
tee--- net 0: -0.104906, -0.103509, 0.021435, 0.078594, -0.047941,
tee--- net 1: -0.108542, -0.100970, 0.031406, 0.087894, -0.044755,
tee--- net a: -0.106724, -0.102240, 0.026421, 0.083244, -0.046348,
tee--- net 0: -0.274322, 0.926726, -0.290560, -0.245164, -0.197346,
tee--- net 1: -0.264164, 0.865841, -0.264160, -0.224103, -0.164733,
tee--- net a: -0.269243, 0.896283, -0.277360, -0.234633, -0.181039,
tee--- net 0: -0.043176, -0.155858, 0.105946, 0.025416, 0.102270,
tee--- net 1: -0.057039, -0.155158, 0.102951, 0.054211, 0.086325,
load weights of p-2: ./results/mnist//proj4/mnist_lenet_c0.weights
Aggregating layer 0 ... in OS: biases finished...
net 0: -0.042376, 0.298219, 0.040537, 0.074169, 0.018278,
net 1: -0.055435, 0.282625, 0.021212, 0.054645, -0.002874,
net a: -0.048906, 0.290422, 0.030874, 0.064407, 0.007702,  weights finished
Aggregating layer 2 ... in OS: biases finished...
net 0: -0.109854, -0.136665, 0.009422, -0.061826, -0.007495,
net 1: -0.100363, -0.136376, 0.013929, -0.057608, -0.013070,
net a: -0.105108, -0.136520, 0.011675, -0.059717, -0.010282,  weights finished
Aggregating layer 4 ... in OS: biases finished...
net 0: -0.057847, 0.033763, 0.079300, -0.038130, -0.036936,
net 1: -0.057858, 0.033849, 0.077468, -0.040190, -0.037003,
net a: -0.057853, 0.033806, 0.078384, -0.039160, -0.036970,  weights finished
Aggregating layer 6 ... inside SGX: biases finished...
net 0: -62817726479800591341915734016.000000, -0.000015, -0.000000, -496614429000562900992.000000, 37584654827520.000000,
net 1: 0.000000, -894098176.000000, -96656502504288323320676352.000000, -0.000000, -26191432.000000,
net a: 306782919632292413440.000000, -0.000000, 38955843000991744.000000, 0.000000, 315820009110634496.000000,  weights finished
Aggregating layer 8 ... inside SGX: biases finished...
net 0: 618895935157306878455449649152.000000, -52840734427938029568000.000000, 0.000000, 0.000000, 753842970347700224.000000,
net 1: 0.000000, -0.000000, 0.000000, 647157133353978691584.000000, 97663338653155328.000000,
net a: 0.000000, -30620480700416.000000, -8506489856.000000, -1.376893, 0.023323,  weights finished


2023-06-02 00:16:12,502 INFO  [uk.ac.ic.doc.fle.ser.imp.TaskService] (vert.x-worker-thread-2) Number of participants: 2
load weights of p-1: ./results/mnist//proj4/mnist_lenet_c1.weights

tee--- net 0: -0.016345, 0.096016, -0.025418, -0.005016, -0.009732,
tee--- net 1: -0.016375, 0.095906, -0.025301, -0.005077, -0.009721,
tee--- net a: -0.016360, 0.095961, -0.025360, -0.005047, -0.009726,
tee--- net 0: -0.102459, -0.099592, 0.050020, 0.078023, -0.044696,
tee--- net 1: -0.102454, -0.099590, 0.050015, 0.078007, -0.044684,
tee--- net a: -0.102456, -0.099591, 0.050017, 0.078015, -0.044690,
tee--- net 0: -0.223984, 0.632970, -0.211450, -0.157252, -0.092792,
tee--- net 1: -0.223904, 0.632879, -0.211593, -0.157424, -0.092826,
tee--- net a: -0.223944, 0.632924, -0.211521, -0.157338, -0.092809,
tee--- net 0: -0.058233, -0.140961, 0.104867, 0.077502, 0.065695,
tee--- net 1: -0.058249, -0.140959, 0.104878, 0.077574, 0.065822,
load weights of p-2: ./results/mnist//proj4/mnist_lenet_c0.weights
Aggregating layer 0 ... in OS: biases finished...
net 0: -0.076569, 0.257839, -0.005137, 0.030219, -0.027870,
net 1: -0.076579, 0.257804, -0.005181, 0.030204, -0.027865,
net a: -0.076574, 0.257821, -0.005159, 0.030211, -0.027867,  weights finished
Aggregating layer 2 ... in OS: biases finished...
net 0: -0.094112, -0.142752, 0.009850, -0.051994, -0.014348,
net 1: -0.094158, -0.142761, 0.009785, -0.052100, -0.014376,
net a: -0.094135, -0.142756, 0.009817, -0.052047, -0.014362,  weights finished
Aggregating layer 4 ... in OS: biases finished...
net 0: -0.057881, 0.033851, 0.077732, -0.039103, -0.036185,
net 1: -0.057881, 0.033851, 0.077731, -0.039092, -0.036171,
net a: -0.057881, 0.033851, 0.077732, -0.039097, -0.036178,  weights finished
Aggregating layer 6 ... inside SGX: biases finished...
net 0: -0.000000, 7408034640406465478656.000000, -472594.343750, -0.000580, 678.157043,
net 1: 0.000000, 3406686166522491306060101451776.000000, -0.013904, -0.000000, -0.000000,
net a: -0.000000, -24503722733685702656.000000, -2195256.750000, 0.000000, -178009.468750,  weights finished
Aggregating layer 8 ... inside SGX: biases finished...
net 0: 1763634048.000000, -0.000000, -0.004177, -0.000000, 0.066977,
net 1: -0.000000, -0.000000, 0.000000, 10446612888860521266414518114411610112.000000, -0.000000,
net a: -2026857037824.000000, -0.000000, 11.997104, 0.000000, -0.000000,  weights finished

