21:58:40 INFO  [io.qu.sc.ru.SimpleScheduler] (Quarkus Main Thread) No scheduled business methods found - Simple scheduler will not be started
21:58:40 INFO  [io.sm.re.me.kafka] (Quarkus Main Thread) SRMSG18229: Configured topics for channel 'client-done-tasks': [client-done-tasks]
21:58:40 INFO  [io.sm.re.me.kafka] (Quarkus Main Thread) SRMSG18214: Key deserializer omitted, using String as default
21:58:40 INFO  [or.ap.ka.co.se.au.AbstractLogin] (smallrye-kafka-consumer-thread-0) Successfully logged in.
21:58:40 INFO  [io.sm.re.me.kafka] (Quarkus Main Thread) SRMSG18229: Configured topics for channel 'incoming-server-todo-tasks': [server-todo-tasks]
21:58:40 INFO  [io.sm.re.me.kafka] (Quarkus Main Thread) SRMSG18214: Key deserializer omitted, using String as default
21:58:40 WARN  [or.ap.ka.cl.co.ConsumerConfig] (smallrye-kafka-consumer-thread-1) These configurations '[max.request.size]' were supplied but are not used yet.
21:58:40 INFO  [io.sm.re.me.kafka] (smallrye-kafka-producer-thread-0) SRMSG18258: Kafka producer kafka-producer-client-todo-tasks, connected to Kafka brokers 'pkc-41mxj.uksouth.azure.confluent.cloud:9092', is configured to write records to 'client-todo-tasks'
21:58:40 INFO  [io.sm.re.me.kafka] (smallrye-kafka-producer-thread-1) SRMSG18258: Kafka producer kafka-producer-outgoing-server-todo-tasks, connected to Kafka brokers 'pkc-41mxj.uksouth.azure.confluent.cloud:9092', is configured to write records to 'server-todo-tasks'
21:58:40 INFO  [io.sm.re.me.kafka] (smallrye-kafka-consumer-thread-1) SRMSG18257: Kafka consumer kafka-consumer-incoming-server-todo-tasks, connected to Kafka brokers 'pkc-41mxj.uksouth.azure.confluent.cloud:9092', belongs to the 'fleet-server' consumer group and is configured to poll records from [server-todo-tasks]
21:58:40 INFO  [io.sm.re.me.kafka] (smallrye-kafka-consumer-thread-0) SRMSG18257: Kafka consumer kafka-consumer-client-done-tasks, connected to Kafka brokers 'pkc-41mxj.uksouth.azure.confluent.cloud:9092', belongs to the 'fleet-server' consumer group and is configured to poll records from [client-done-tasks]
21:58:41 INFO  [io.quarkus] (Quarkus Main Thread) fleet-server 1.0.0-SNAPSHOT on JVM (powered by Quarkus 3.0.3.Final) started in 8.214s. Listening on: http://0.0.0.0:8080 and https://0.0.0.0:8443
21:58:41 INFO  [io.quarkus] (Quarkus Main Thread) Profile dev activated. Live Coding activated.
21:58:41 INFO  [io.quarkus] (Quarkus Main Thread) Installed features: [agroal, cdi, hibernate-orm, hibernate-orm-panache, jdbc-h2, jdbc-mysql, kafka-client, micrometer, narayana-jta, rest-client-reactive, resteasy-reactive, resteasy-reactive-jackson, scheduler, security, security-jpa, smallrye-context-propagation, smallrye-reactive-messaging, smallrye-reactive-messaging-kafka, spring-data-jpa, spring-di, vertx]
21:58:44 INFO  [io.sm.re.me.kafka] (smallrye-kafka-consumer-thread-0) SRMSG18224: Executing consumer revoked re-balance listener for group 'fleet-server'
22:06:36 INFO  [io.sm.re.me.kafka] (vert.x-eventloop-thread-1) SRMSG18256: Initialize record store for topic-partition 'client-done-tasks-0' at position 1487.
22:09:15 INFO  [io.sm.re.me.kafka] (vert.x-eventloop-thread-0) SRMSG18256: Initialize record store for topic-partition 'server-todo-tasks-0' at position 284.
22:09:15 INFO  [uk.ac.ic.do.fl.se.im.TaskService] (vert.x-worker-thread-1) outlier_fractions=[0.0, 0.0, 0.0]
22:09:15 INFO  [uk.ac.ic.do.fl.se.im.TaskService] (vert.x-worker-thread-1) Number of participants: 3
load weights of p-1: ./results/mnist//proj9/mnist_lenet_c1.weights
load weights of p-2: ./results/mnist//proj9/mnist_lenet_c2.weights

tee--- net 0: -0.034947, 0.141696, -0.090450, -0.023875, 0.010545, 
tee--- net 1: -0.016878, -0.000332, -0.000688, -0.005726, -0.005034, 
tee--- net 1: -0.012320, 0.003007, -0.007988, -0.017084, -0.003344, 
tee--- net a: -0.021382, 0.048124, -0.033042, -0.015562, 0.000722, 
tee--- net 0: -0.100416, -0.093553, 0.074508, 0.074434, -0.063310, 
tee--- net 1: -0.100472, -0.099842, 0.075672, 0.076060, -0.042083, 
tee--- net 1: -0.101301, -0.097687, 0.084830, 0.081044, -0.040419, 
tee--- net a: -0.100730, -0.097027, 0.078336, 0.077180, -0.048604, 
tee--- net 0: -0.548493, 0.946898, -0.289912, -0.364589, -0.087827, 
tee--- net 1: -0.015512, 0.067394, -0.021477, -0.019055, -0.001897, 
tee--- net 1: -0.014886, 0.048077, -0.004301, -0.030982, 0.019867, 
tee--- net a: -0.192964, 0.354123, -0.105230, -0.138209, -0.023285, 
tee--- net 0: -0.124320, -0.192726, 0.028882, 0.056538, 0.110629, 
tee--- net 1: -0.050331, -0.115012, 0.083849, 0.105347, 0.045449, 
tee--- net 1: -0.059791, -0.117318, 0.074254, 0.100205, 0.021548, 
load weights of p-3: ./results/mnist//proj9/mnist_lenet_c0.weights
Aggregating layer 0 ... in OS: biases finished...
net 0: -0.026490, 0.345696, 0.051283, 0.021891, -0.056409, 
net 0: -0.026490, 0.345696, 0.051283, 0.021891, -0.056409, 
net 1: -0.073049, 0.234551, -0.036237, -0.005521, -0.071607, 
net 2: -0.089789, 0.218167, -0.052055, -0.006189, -0.065437, 
net a: -0.063109, 0.266138, -0.012336, 0.003394, -0.064484,  weights finished
Aggregating layer 2 ... in OS: biases finished...
net 0: -0.091923, -0.150546, 0.006270, -0.034190, 0.004063, 
net 0: -0.091923, -0.150546, 0.006270, -0.034190, 0.004063, 
net 1: -0.081143, -0.152305, 0.008400, -0.047448, -0.015587, 
net 2: -0.083393, -0.150129, 0.013339, -0.043525, -0.015696, 
net a: -0.085486, -0.150994, 0.009336, -0.041721, -0.009073,  weights finished
Aggregating layer 4 ... in OS: biases finished...
net 0: -0.058027, 0.031628, 0.078536, -0.036020, -0.036521, 
net 0: -0.058027, 0.031628, 0.078536, -0.036020, -0.036521, 
net 1: -0.058075, 0.033077, 0.079097, -0.036545, -0.034358, 
net 2: -0.058536, 0.033791, 0.078275, -0.037452, -0.033884, 
net a: -0.058213, 0.032832, 0.078636, -0.036672, -0.034921,  weights finished
Aggregating layer 6 ... inside SGX: biases finished...
net 0: -0.000000, 0.000631, 0.000000, 0.000000, -6671995.000000, 
net 1: -0.002527, -630244877404666661661650714624.000000, -8044365360388177629250846720.000000, -1961943367680.000000, 0.042838, 
net 2: -0.000125, 126618.851562, 0.000000, -647390968690881069056.000000, -0.000000, 
net a: -12102349182992384.000000, 0.000000, 0.000000, 7382579544064.000000, 99902468836277765593422710411364401152.000000,  weights finished
Aggregating layer 8 ... inside SGX: biases finished...
net 0: 0.000000, -13838038016.000000, -0.000000, -0.000000, -0.000000, 
net 1: 9.261559, -38013376108182466681024544768.000000, -0.000000, 0.000000, -0.000414, 
net 2: -46215846237026355754724545789952.000000, -400660570340378839019510044819456.000000, -34435352221427908936054373240274944.000000, -71877041061888.000000, 0.000000, 
net a: 334133064847664935417560583997868736512.000000, 0.000000, 1670740628876558336.000000, 0.000000, 0.000000,  weights finished

22:18:41 INFO  [uk.ac.ic.do.fl.se.im.TaskService] (vert.x-worker-thread-1) outlier_fractions=[0.0, 0.0, 0.0]
22:18:41 INFO  [uk.ac.ic.do.fl.se.im.TaskService] (vert.x-worker-thread-1) Number of participants: 3
load weights of p-1: ./results/mnist//proj9/mnist_lenet_c1.weights
load weights of p-2: ./results/mnist//proj9/mnist_lenet_c2.weights

tee--- net 0: -0.012042, 0.088321, -0.061213, 0.006084, 0.023430, 
tee--- net 1: -0.021028, 0.048224, -0.032799, -0.015229, 0.001056, 
tee--- net 1: -0.021057, 0.048117, -0.032919, -0.015370, 0.000974, 
tee--- net a: -0.018042, 0.061554, -0.042310, -0.008172, 0.008487, 
tee--- net 0: -0.103408, -0.070447, 0.079145, 0.076854, -0.052053, 
tee--- net 1: -0.100728, -0.097011, 0.078351, 0.077182, -0.048610, 
tee--- net 1: -0.100732, -0.097022, 0.078350, 0.077179, -0.048606, 
tee--- net a: -0.101623, -0.088160, 0.078615, 0.077072, -0.049756, 
tee--- net 0: -0.274269, 0.539040, -0.186440, -0.228314, -0.186937, 
tee--- net 1: -0.193010, 0.352881, -0.104994, -0.137869, -0.022772, 
tee--- net 1: -0.192332, 0.353154, -0.105458, -0.137695, -0.022315, 
tee--- net a: -0.219870, 0.415025, -0.132298, -0.167959, -0.077341, 
tee--- net 0: -0.109476, -0.156408, 0.037821, 0.025079, 0.080252, 
tee--- net 1: -0.078219, -0.141757, 0.062340, 0.087349, 0.059225, 
tee--- net 1: -0.078166, -0.141713, 0.062376, 0.087361, 0.059263, 
load weights of p-3: ./results/mnist//proj9/mnist_lenet_c0.weights
Aggregating layer 0 ... in OS: biases finished...
net 0: 0.024904, 0.340368, 0.042975, 0.038745, -0.012434, 
net 0: 0.024904, 0.340368, 0.042975, 0.038745, -0.012434, 
net 1: -0.062314, 0.267144, -0.011303, 0.004318, -0.063693, 
net 2: -0.062200, 0.267306, -0.011158, 0.004432, -0.063596, 
net a: -0.033203, 0.291606, 0.006838, 0.015832, -0.046574,  weights finished
Aggregating layer 2 ... in OS: biases finished...
net 0: -0.095351, -0.136773, 0.030748, -0.026691, -0.008326, 
net 0: -0.095351, -0.136773, 0.030748, -0.026691, -0.008326, 
net 1: -0.085560, -0.151034, 0.009315, -0.041725, -0.009089, 
net 2: -0.085542, -0.151058, 0.009279, -0.041730, -0.009106, 
net a: -0.088817, -0.146288, 0.016447, -0.036715, -0.008840,  weights finished
Aggregating layer 4 ... in OS: biases finished...
net 0: -0.058208, 0.032881, 0.078474, -0.036648, -0.035201, 
net 0: -0.058208, 0.032881, 0.078474, -0.036648, -0.035201, 
net 1: -0.058214, 0.032830, 0.078641, -0.036672, -0.034916, 
net 2: -0.058213, 0.032834, 0.078639, -0.036665, -0.034908, 
net a: -0.058212, 0.032849, 0.078585, -0.036661, -0.035008,  weights finished
Aggregating layer 6 ... inside SGX: biases finished...
net 0: 0.000000, 94907560388005676021458068731659812864.000000, -104808288159005008318755015491584.000000, -4980.790527, 7451292444903079936.000000, 
net 1: 37365.726562, -24207438525816918636234801152.000000, -0.000000, -0.000000, -23631516144543191460702565957632.000000, 
net 2: -0.000005, -0.000000, -4654904145718704018030592.000000, -6644333.500000, -137375443147104867844096.000000, 
net a: -4725077242727857261318893561970688.000000, -0.000000, -0.000000, 0.000000, 0.000000,  weights finished
Aggregating layer 8 ... inside SGX: biases finished...
net 0: -385037123639485541646336.000000, 0.000000, 420216748113920.000000, -225095848535816221791512166400.000000, -12681980789391360.000000, 
net 1: -9934.296875, -0.000000, -0.000000, 0.000000, -0.000000, 
net 2: -105042771108746006889823731712.000000, -0.000000, 291747612417027366516330332160.000000, 0.000000, -186207073186757681872896.000000, 
net a: 0.000000, 685589568.000000, -141591872.000000, 542750867456.000000, 0.000000,  weights finished

22:28:05 INFO  [uk.ac.ic.do.fl.se.im.TaskService] (vert.x-worker-thread-1) outlier_fractions=[0.0, 0.0, 0.0]
22:28:05 INFO  [uk.ac.ic.do.fl.se.im.TaskService] (vert.x-worker-thread-1) Number of participants: 3
load weights of p-1: ./results/mnist//proj9/mnist_lenet_c1.weights
load weights of p-2: ./results/mnist//proj9/mnist_lenet_c2.weights

tee--- net 0: -0.014926, 0.078835, -0.053931, 0.001537, 0.016793, 
tee--- net 1: -0.017975, 0.061578, -0.042283, -0.008123, 0.008570, 
tee--- net 1: -0.017994, 0.061560, -0.042255, -0.008094, 0.008591, 
tee--- net a: -0.016965, 0.067325, -0.046156, -0.004893, 0.011318, 
tee--- net 0: -0.101924, -0.078838, 0.078692, 0.077029, -0.048783, 
tee--- net 1: -0.101622, -0.088165, 0.078620, 0.077070, -0.049759, 
tee--- net 1: -0.101621, -0.088159, 0.078621, 0.077072, -0.049765, 
tee--- net a: -0.101722, -0.085054, 0.078644, 0.077057, -0.049436, 
tee--- net 0: -0.251800, 0.495206, -0.168193, -0.211112, -0.147663, 
tee--- net 1: -0.219806, 0.414920, -0.132279, -0.167960, -0.077291, 
tee--- net 1: -0.219738, 0.415024, -0.132333, -0.167923, -0.077246, 
tee--- net a: -0.230448, 0.441716, -0.144268, -0.182332, -0.100733, 
tee--- net 0: -0.103111, -0.153261, 0.031745, 0.030110, 0.071538, 
tee--- net 1: -0.088642, -0.146628, 0.054177, 0.066533, 0.066339, 
tee--- net 1: -0.088623, -0.146605, 0.054184, 0.066579, 0.066295, 
load weights of p-3: ./results/mnist//proj9/mnist_lenet_c0.weights
Aggregating layer 0 ... in OS: biases finished...
net 0: 0.021040, 0.339032, 0.047361, 0.047371, -0.013240, 
net 0: 0.021040, 0.339032, 0.047361, 0.047371, -0.013240, 
net 1: -0.032765, 0.292067, 0.007303, 0.016233, -0.046192, 
net 2: -0.032756, 0.292072, 0.007284, 0.016215, -0.046229, 
net a: -0.014827, 0.307724, 0.020649, 0.026606, -0.035220,  weights finished
Aggregating layer 2 ... in OS: biases finished...
net 0: -0.087966, -0.139474, 0.025251, -0.030897, -0.007666, 
net 0: -0.087966, -0.139474, 0.025251, -0.030897, -0.007666, 
net 1: -0.088835, -0.146295, 0.016441, -0.036707, -0.008839, 
net 2: -0.088845, -0.146312, 0.016451, -0.036693, -0.008846, 
net a: -0.088549, -0.144027, 0.019381, -0.034765, -0.008450,  weights finished
Aggregating layer 4 ... in OS: biases finished...
net 0: -0.058192, 0.032883, 0.078698, -0.036444, -0.035253, 
net 0: -0.058192, 0.032883, 0.078698, -0.036444, -0.035253, 
net 1: -0.058211, 0.032849, 0.078585, -0.036660, -0.035007, 
net 2: -0.058212, 0.032848, 0.078585, -0.036663, -0.035010, 
net a: -0.058205, 0.032860, 0.078622, -0.036589, -0.035090,  weights finished
Aggregating layer 6 ... inside SGX: biases finished...
net 0: -553918398287685925750960616898560.000000, -436618355802112.000000, -0.000006, 1403721641763652802211436011232165888.000000, -0.000000, 
net 1: -4249660819865862144.000000, -30960654336.000000, 0.000000, -0.000004, 270848901195248350345179388968960.000000, 
net 2: 7.313004, 0.020018, 3348811008.000000, 0.000000, -761587171328.000000, 
net a: -488873.937500, -191420432931321174453630714508105220096.000000, -0.000000, 0.000001, -224022310469855962389909981888512.000000,  weights finished
Aggregating layer 8 ... inside SGX: biases finished...
net 0: -0.000000, -0.000000, -0.000000, 369.890686, 574149174241559314432.000000, 
net 1: 1291436820192057037823634571264.000000, 22280014449466491379648242384896.000000, 0.000000, -10555.282227, -0.000000, 
net 2: 70608094115135488.000000, 0.000000, -9892730651342981633808741171200.000000, -568162433105920.000000, 20403645866573824.000000, 
net a: 0.000000, -0.000000, 115979336.000000, 0.000000, -8362891346444288.000000,  weights finished

22:37:30 INFO  [uk.ac.ic.do.fl.se.im.TaskService] (vert.x-worker-thread-1) outlier_fractions=[0.0, 0.0, 0.0]
22:37:30 INFO  [uk.ac.ic.do.fl.se.im.TaskService] (vert.x-worker-thread-1) Number of participants: 3
load weights of p-1: ./results/mnist//proj9/mnist_lenet_c1.weights
load weights of p-2: ./results/mnist//proj9/mnist_lenet_c2.weights

tee--- net 0: -0.015458, 0.075348, -0.052482, 0.000068, 0.017907, 
tee--- net 1: -0.016941, 0.067343, -0.046145, -0.004868, 0.011355, 
tee--- net 1: -0.016933, 0.067337, -0.046145, -0.004860, 0.011359, 
tee--- net a: -0.016444, 0.070009, -0.048257, -0.003220, 0.013540, 
tee--- net 0: -0.102445, -0.079906, 0.078756, 0.077167, -0.051461, 
tee--- net 1: -0.101721, -0.085051, 0.078647, 0.077057, -0.049447, 
tee--- net 1: -0.101722, -0.085054, 0.078646, 0.077058, -0.049440, 
tee--- net a: -0.101963, -0.083337, 0.078683, 0.077094, -0.050116, 
tee--- net 0: -0.246608, 0.482082, -0.168318, -0.206555, -0.136885, 
tee--- net 1: -0.230442, 0.441708, -0.144318, -0.182358, -0.100741, 
tee--- net 1: -0.230432, 0.441694, -0.144265, -0.182401, -0.100779, 
tee--- net a: -0.235827, 0.455161, -0.152300, -0.190438, -0.112802, 
tee--- net 0: -0.101470, -0.152645, 0.042372, 0.031965, 0.070207, 
tee--- net 1: -0.093468, -0.148840, 0.046692, 0.054403, 0.068121, 
tee--- net 1: -0.093463, -0.148832, 0.046696, 0.054391, 0.068076, 
load weights of p-3: ./results/mnist//proj9/mnist_lenet_c0.weights
Aggregating layer 0 ... in OS: biases finished...
net 0: 0.019963, 0.338827, 0.046111, 0.044953, -0.015237, 
net 0: 0.019963, 0.338827, 0.046111, 0.044953, -0.015237, 
net 1: -0.014652, 0.307901, 0.020823, 0.026766, -0.035064, 
net 2: -0.014652, 0.307904, 0.020820, 0.026764, -0.035062, 
net a: -0.003114, 0.318211, 0.029251, 0.032828, -0.028454,  weights finished
Aggregating layer 2 ... in OS: biases finished...
net 0: -0.088431, -0.139889, 0.023738, -0.032332, -0.008419, 
net 0: -0.088431, -0.139889, 0.023738, -0.032332, -0.008419, 
net 1: -0.088560, -0.144026, 0.019389, -0.034761, -0.008447, 
net 2: -0.088568, -0.144039, 0.019376, -0.034765, -0.008451, 
net a: -0.088520, -0.142651, 0.020834, -0.033953, -0.008439,  weights finished
Aggregating layer 4 ... in OS: biases finished...
net 0: -0.058184, 0.032854, 0.078689, -0.036457, -0.035091, 
net 0: -0.058184, 0.032854, 0.078689, -0.036457, -0.035091, 
net 1: -0.058205, 0.032860, 0.078622, -0.036589, -0.035091, 
net 2: -0.058205, 0.032860, 0.078622, -0.036589, -0.035090, 
net a: -0.058198, 0.032858, 0.078645, -0.036545, -0.035091,  weights finished
Aggregating layer 6 ... inside SGX: biases finished...
net 0: 0.000000, -0.000000, 0.000000, 0.005337, -1875797888.000000, 
net 1: 382378161546264051712.000000, 46707963039685809484595200.000000, 48349220864.000000, -182965048174769435753133899776.000000, -0.000000, 
net 2: -590381641105408.000000, -0.000000, -0.000000, -4119605721273534910386831500509184.000000, -0.000000, 
net a: 6843320.500000, 0.000000, -0.000000, -13303709095660816445321964878903115776.000000, 0.000000,  weights finished
Aggregating layer 8 ... inside SGX: biases finished...
net 0: -10.695552, -0.000000, -0.000000, -369333274394230784.000000, 0.000000, 
net 1: -437638377824172655387869184.000000, 2994696389864194048.000000, -0.000000, 0.000160, 277968101935369719954538496.000000, 
net 2: -6635479552.000000, 0.000227, 0.000000, 0.000000, -140986563022261127251478183936.000000, 
net a: 324842623149335902738244456939520.000000, 171.421127, -13351277568.000000, 0.000000, 24.255405,  weights finished

22:46:54 INFO  [uk.ac.ic.do.fl.se.im.TaskService] (vert.x-worker-thread-1) outlier_fractions=[0.0, 0.0, 0.0]
22:46:54 INFO  [uk.ac.ic.do.fl.se.im.TaskService] (vert.x-worker-thread-1) Number of participants: 3
load weights of p-1: ./results/mnist//proj9/mnist_lenet_c1.weights
load weights of p-2: ./results/mnist//proj9/mnist_lenet_c2.weights

tee--- net 0: -0.013423, 0.076233, -0.051642, 0.001268, 0.014934, 
tee--- net 1: -0.016437, 0.070015, -0.048254, -0.003209, 0.013557, 
tee--- net 1: -0.016440, 0.070021, -0.048254, -0.003218, 0.013551, 
tee--- net a: -0.015433, 0.072090, -0.049383, -0.001720, 0.014014, 
tee--- net 0: -0.101605, -0.078999, 0.078804, 0.077095, -0.051988, 
tee--- net 1: -0.101962, -0.083331, 0.078684, 0.077094, -0.050116, 
tee--- net 1: -0.101963, -0.083336, 0.078682, 0.077094, -0.050119, 
tee--- net a: -0.101843, -0.081889, 0.078723, 0.077094, -0.050741, 
tee--- net 0: -0.244789, 0.479726, -0.167757, -0.201968, -0.138229, 
tee--- net 1: -0.235817, 0.455192, -0.152334, -0.190467, -0.112822, 
tee--- net 1: -0.235825, 0.455181, -0.152337, -0.190470, -0.112823, 
tee--- net a: -0.238810, 0.463366, -0.157476, -0.194302, -0.121291, 
tee--- net 0: -0.097260, -0.152730, 0.043904, 0.032528, 0.072205, 
tee--- net 1: -0.096143, -0.150106, 0.045247, 0.046918, 0.068821, 
tee--- net 1: -0.096128, -0.150107, 0.045252, 0.046909, 0.068789, 
load weights of p-3: ./results/mnist//proj9/mnist_lenet_c0.weights
Aggregating layer 0 ... in OS: biases finished...
net 0: 0.016902, 0.335404, 0.044545, 0.045029, -0.015398, 
net 0: 0.016902, 0.335404, 0.044545, 0.045029, -0.015398, 
net 1: -0.003048, 0.318275, 0.029312, 0.032881, -0.028396, 
net 2: -0.003029, 0.318293, 0.029322, 0.032888, -0.028396, 
net a: 0.003608, 0.323991, 0.034393, 0.036932, -0.024064,  weights finished
Aggregating layer 2 ... in OS: biases finished...
net 0: -0.089162, -0.140912, 0.022823, -0.032570, -0.008016, 
net 0: -0.089162, -0.140912, 0.022823, -0.032570, -0.008016, 
net 1: -0.088528, -0.142656, 0.020829, -0.033960, -0.008446, 
net 2: -0.088515, -0.142643, 0.020842, -0.033942, -0.008432, 
net a: -0.088735, -0.142071, 0.021498, -0.033491, -0.008298,  weights finished
Aggregating layer 4 ... in OS: biases finished...
net 0: -0.058181, 0.032854, 0.078669, -0.036479, -0.035059, 
net 0: -0.058181, 0.032854, 0.078669, -0.036479, -0.035059, 
net 1: -0.058198, 0.032858, 0.078645, -0.036545, -0.035090, 
net 2: -0.058198, 0.032858, 0.078645, -0.036545, -0.035090, 
net a: -0.058192, 0.032857, 0.078653, -0.036523, -0.035080,  weights finished
Aggregating layer 6 ... inside SGX: biases finished...
net 0: -97555912.000000, -31401355247616.000000, -171390773488313044555916115968.000000, 0.000004, 31.420372, 
net 1: 1616689093899998455730874089472.000000, 2040.916748, -3001909.500000, 37808921332875821842432.000000, 374383071723520.000000, 
net 2: 6727277740032.000000, -64185924845568.000000, 11.456522, -4360456707112166654467379298304.000000, -0.000000, 
net a: 0.000000, -0.000000, -0.000000, 35331779214721417216.000000, -0.000000,  weights finished
Aggregating layer 8 ... inside SGX: biases finished...
net 0: 12881016663141502446206976.000000, -0.000000, -0.000000, 0.000000, 1509711653430624256.000000, 
net 1: 769508193544962048.000000, -0.000000, -7918845.000000, 0.000000, -0.000000, 
net 2: -627305455347713894776832.000000, -407548759522672640.000000, 0.000000, -0.000000, 0.000000, 
net a: -0.000000, 7458208680905046753280.000000, -7314159960064.000000, -0.000000, -1229695360.000000,  weights finished

22:56:19 INFO  [uk.ac.ic.do.fl.se.im.TaskService] (vert.x-worker-thread-2) outlier_fractions=[0.0, 0.0, 0.0]
22:56:19 INFO  [uk.ac.ic.do.fl.se.im.TaskService] (vert.x-worker-thread-2) Number of participants: 3
load weights of p-1: ./results/mnist//proj9/mnist_lenet_c1.weights
load weights of p-2: ./results/mnist//proj9/mnist_lenet_c2.weights

tee--- net 0: -0.014637, 0.075691, -0.050832, 0.000026, 0.015963, 
tee--- net 1: -0.015430, 0.072094, -0.049383, -0.001712, 0.014019, 
tee--- net 1: -0.015431, 0.072087, -0.049384, -0.001713, 0.014016, 
tee--- net a: -0.015166, 0.073291, -0.049866, -0.001133, 0.014666, 
tee--- net 0: -0.101803, -0.079257, 0.078387, 0.077085, -0.051153, 
tee--- net 1: -0.101844, -0.081888, 0.078726, 0.077094, -0.050741, 
tee--- net 1: -0.101843, -0.081886, 0.078724, 0.077094, -0.050742, 
tee--- net a: -0.101830, -0.081010, 0.078612, 0.077091, -0.050879, 
tee--- net 0: -0.244138, 0.481090, -0.167668, -0.203709, -0.139265, 
tee--- net 1: -0.238818, 0.463375, -0.157481, -0.194308, -0.121301, 
tee--- net 1: -0.238818, 0.463384, -0.157490, -0.194304, -0.121313, 
tee--- net a: -0.240591, 0.469283, -0.160880, -0.197440, -0.127293, 
tee--- net 0: -0.099512, -0.152814, 0.043253, 0.034098, 0.066317, 
tee--- net 1: -0.096500, -0.150983, 0.044796, 0.042105, 0.069949, 
tee--- net 1: -0.096517, -0.150977, 0.044799, 0.042103, 0.069943, 
load weights of p-3: ./results/mnist//proj9/mnist_lenet_c0.weights
Aggregating layer 0 ... in OS: biases finished...
net 0: 0.015698, 0.334517, 0.043351, 0.043295, -0.016410, 
net 0: 0.015698, 0.334517, 0.043351, 0.043295, -0.016410, 
net 1: 0.003653, 0.324039, 0.034439, 0.036974, -0.024027, 
net 2: 0.003648, 0.324032, 0.034435, 0.036969, -0.024028, 
net a: 0.007666, 0.327530, 0.037408, 0.039079, -0.021489,  weights finished
Aggregating layer 2 ... in OS: biases finished...
net 0: -0.088234, -0.139857, 0.023483, -0.032271, -0.008627, 
net 0: -0.088234, -0.139857, 0.023483, -0.032271, -0.008627, 
net 1: -0.088739, -0.142068, 0.021503, -0.033488, -0.008298, 
net 2: -0.088736, -0.142068, 0.021502, -0.033488, -0.008296, 
net a: -0.088570, -0.141331, 0.022163, -0.033082, -0.008407,  weights finished
Aggregating layer 4 ... in OS: biases finished...
net 0: -0.058189, 0.032861, 0.078659, -0.036442, -0.035001, 
net 0: -0.058189, 0.032861, 0.078659, -0.036442, -0.035001, 
net 1: -0.058192, 0.032857, 0.078653, -0.036523, -0.035080, 
net 2: -0.058192, 0.032857, 0.078653, -0.036523, -0.035079, 
net a: -0.058191, 0.032858, 0.078655, -0.036496, -0.035053,  weights finished
Aggregating layer 6 ... inside SGX: biases finished...
net 0: -0.000000, -3539957400217845760.000000, 39387921005936640.000000, 14364044601327616.000000, -1016890989990504202252586804314112.000000, 
net 1: 4916936903836423352463584531578880.000000, 0.000245, -0.000000, 1870305562730692608.000000, -0.008203, 
net 2: 0.000000, -0.000033, -0.000000, -0.000000, -19365415190957581902349122666496.000000, 
net a: 8583943680.000000, -19032367399454860378112.000000, 0.000000, -32609074210313101901824.000000, 0.000000,  weights finished
Aggregating layer 8 ... inside SGX: biases finished...
net 0: 1358203392.000000, -321674242817124008497463394373206016.000000, 0.000000, 64523220.000000, -0.016187, 
net 1: 292680.750000, -8433219000669831168.000000, 371584092177592755865780224.000000, 0.000000, -0.000000, 
net 2: -0.111811, -8079234931986001977067515674624.000000, -13935317744615424.000000, 0.000000, -0.000000, 
net a: 10705382865440790826123788288.000000, 166212557044386365440.000000, -25425276928.000000, 0.000000, 0.000000,  weights finished

23:05:44 INFO  [uk.ac.ic.do.fl.se.im.TaskService] (vert.x-worker-thread-2) outlier_fractions=[0.0, 0.0, 0.0]
23:05:45 INFO  [uk.ac.ic.do.fl.se.im.TaskService] (vert.x-worker-thread-2) Number of participants: 3
load weights of p-1: ./results/mnist//proj9/mnist_lenet_c1.weights
load weights of p-2: ./results/mnist//proj9/mnist_lenet_c2.weights

tee--- net 0: -0.014399, 0.075694, -0.051387, 0.001515, 0.014892, 
tee--- net 1: -0.015162, 0.073295, -0.049865, -0.001133, 0.014669, 
tee--- net 1: -0.015162, 0.073294, -0.049867, -0.001130, 0.014670, 
tee--- net a: -0.014908, 0.074094, -0.050373, -0.000249, 0.014744, 
tee--- net 0: -0.102050, -0.080042, 0.078743, 0.077142, -0.051412, 
tee--- net 1: -0.101830, -0.081008, 0.078612, 0.077091, -0.050879, 
tee--- net 1: -0.101830, -0.081008, 0.078612, 0.077091, -0.050880, 
tee--- net a: -0.101903, -0.080686, 0.078656, 0.077108, -0.051057, 
tee--- net 0: -0.243511, 0.481519, -0.169967, -0.204225, -0.139605, 
tee--- net 1: -0.240597, 0.469292, -0.160889, -0.197448, -0.127304, 
tee--- net 1: -0.240594, 0.469288, -0.160889, -0.197444, -0.127306, 
tee--- net a: -0.241567, 0.473366, -0.163915, -0.199705, -0.131405, 
tee--- net 0: -0.100010, -0.152587, 0.041953, 0.034142, 0.066851, 
tee--- net 1: -0.097516, -0.151593, 0.044275, 0.039431, 0.068742, 
tee--- net 1: -0.097510, -0.151593, 0.044279, 0.039421, 0.068760, 
load weights of p-3: ./results/mnist//proj9/mnist_lenet_c0.weights
Aggregating layer 0 ... in OS: biases finished...
net 0: 0.015870, 0.334901, 0.043616, 0.043554, -0.016237, 
net 0: 0.015870, 0.334901, 0.043616, 0.043554, -0.016237, 
net 1: 0.007686, 0.327548, 0.037427, 0.039096, -0.021471, 
net 2: 0.007695, 0.327557, 0.037436, 0.039103, -0.021467, 
net a: 0.010417, 0.330002, 0.039493, 0.040584, -0.019725,  weights finished
Aggregating layer 2 ... in OS: biases finished...
net 0: -0.088550, -0.140051, 0.022623, -0.033515, -0.009559, 
net 0: -0.088550, -0.140051, 0.022623, -0.033515, -0.009559, 
net 1: -0.088571, -0.141332, 0.022162, -0.033083, -0.008407, 
net 2: -0.088567, -0.141328, 0.022166, -0.033080, -0.008407, 
net a: -0.088563, -0.140904, 0.022317, -0.033226, -0.008791,  weights finished
Aggregating layer 4 ... in OS: biases finished...
net 0: -0.058190, 0.032858, 0.078643, -0.036451, -0.035020, 
net 0: -0.058190, 0.032858, 0.078643, -0.036451, -0.035020, 
net 1: -0.058191, 0.032858, 0.078655, -0.036496, -0.035053, 
net 2: -0.058191, 0.032858, 0.078655, -0.036496, -0.035053, 
net a: -0.058191, 0.032858, 0.078651, -0.036481, -0.035042,  weights finished
Aggregating layer 6 ... inside SGX: biases finished...
net 0: -70133914882250113024.000000, 0.000000, -67841679428941774848.000000, -697820310291873792.000000, -0.000000, 
net 1: -0.219886, 0.000000, 6052.315918, -994.660828, -1336958921426732758437509891866230784.000000, 
net 2: 73642326151184213015003136.000000, 0.000000, -698603207131136.000000, -0.000000, 1423928229603912406494347264.000000, 
net a: 284358153896722432.000000, -0.000001, -0.000000, -0.000000, 347713740734464.000000,  weights finished
Aggregating layer 8 ... inside SGX: biases finished...
net 0: 0.000000, -0.000000, -0.000000, -4698284774990251457928757248.000000, -421272813568.000000, 
net 1: -3226166016.000000, -14430249779091984468387299328.000000, -5630090521713049600.000000, 1329888481639533641728.000000, -98.464958, 
net 2: 0.000000, 0.000000, 5372896504248143014902928641483603968.000000, -0.000000, 28162926018226552832.000000, 
net a: 108529294131932938499266841673728.000000, 19982914769947358374040906162503680.000000, -42.857960, 53914570260182204416.000000, -0.000000,  weights finished

23:15:11 INFO  [uk.ac.ic.do.fl.se.im.TaskService] (vert.x-worker-thread-2) outlier_fractions=[0.0, 0.0, 0.0]
23:15:11 INFO  [uk.ac.ic.do.fl.se.im.TaskService] (vert.x-worker-thread-2) Number of participants: 3
load weights of p-1: ./results/mnist//proj9/mnist_lenet_c1.weights
load weights of p-2: ./results/mnist//proj9/mnist_lenet_c2.weights

tee--- net 0: -0.014123, 0.075267, -0.051374, 0.001352, 0.015630, 
tee--- net 1: -0.014906, 0.074097, -0.050375, -0.000247, 0.014748, 
tee--- net 1: -0.014908, 0.074096, -0.050373, -0.000249, 0.014746, 
tee--- net a: -0.014646, 0.074487, -0.050707, 0.000286, 0.015041, 
tee--- net 0: -0.101799, -0.079294, 0.078521, 0.077157, -0.051106, 
tee--- net 1: -0.101903, -0.080684, 0.078657, 0.077108, -0.051056, 
tee--- net 1: -0.101903, -0.080685, 0.078656, 0.077108, -0.051057, 
tee--- net a: -0.101868, -0.080221, 0.078611, 0.077124, -0.051073, 
tee--- net 0: -0.243933, 0.482164, -0.170385, -0.204964, -0.140888, 
tee--- net 1: -0.241571, 0.473375, -0.163914, -0.199714, -0.131413, 
tee--- net 1: -0.241571, 0.473371, -0.163915, -0.199712, -0.131417, 
tee--- net a: -0.242358, 0.476303, -0.166071, -0.201463, -0.134573, 
tee--- net 0: -0.101086, -0.152983, 0.041898, 0.034692, 0.069312, 
tee--- net 1: -0.098346, -0.151929, 0.043496, 0.037663, 0.068124, 
tee--- net 1: -0.098347, -0.151927, 0.043501, 0.037665, 0.068114, 
load weights of p-3: ./results/mnist//proj9/mnist_lenet_c0.weights
Aggregating layer 0 ... in OS: biases finished...
net 0: 0.016675, 0.335651, 0.044135, 0.044015, -0.016271, 
net 0: 0.016675, 0.335651, 0.044135, 0.044015, -0.016271, 
net 1: 0.010429, 0.330013, 0.039503, 0.040593, -0.019716, 
net 2: 0.010428, 0.330014, 0.039505, 0.040595, -0.019716, 
net a: 0.012511, 0.331893, 0.041048, 0.041734, -0.018568,  weights finished
Aggregating layer 2 ... in OS: biases finished...
net 0: -0.088700, -0.140565, 0.022843, -0.032738, -0.008767, 
net 0: -0.088700, -0.140565, 0.022843, -0.032738, -0.008767, 
net 1: -0.088563, -0.140902, 0.022320, -0.033225, -0.008791, 
net 2: -0.088565, -0.140905, 0.022315, -0.033228, -0.008792, 
net a: -0.088609, -0.140790, 0.022493, -0.033064, -0.008783,  weights finished
Aggregating layer 4 ... in OS: biases finished...
net 0: -0.058188, 0.032859, 0.078662, -0.036482, -0.035026, 
net 0: -0.058188, 0.032859, 0.078662, -0.036482, -0.035026, 
net 1: -0.058191, 0.032858, 0.078651, -0.036481, -0.035042, 
net 2: -0.058191, 0.032858, 0.078651, -0.036481, -0.035042, 
net a: -0.058190, 0.032858, 0.078655, -0.036481, -0.035037,  weights finished
Aggregating layer 6 ... inside SGX: biases finished...
net 0: -650156572672.000000, -0.000000, -5358892490208213615933128704.000000, 0.006815, 13.788429, 
net 1: 0.000000, -0.000279, -283475771392.000000, 0.003314, -0.000000, 
net 2: -8375168207361586709464459318919168.000000, -0.000000, 0.000000, -0.000000, 69583876747727968306957032349499392.000000, 
net a: -77093510134054369886208.000000, -0.000000, -0.000000, -0.000000, -656347708260352.000000,  weights finished
Aggregating layer 8 ... inside SGX: biases finished...
net 0: 0.000000, 0.000000, -0.000000, -45997503184460648074289621723493957632.000000, -33034357806065779409420288.000000, 
net 1: 0.000000, 1949660567307619330025345993603547136.000000, -0.000000, -0.000000, 915.425781, 
net 2: -0.258997, 0.064586, -1.013394, -0.000000, -0.000000, 
net a: 81778963601168611718201344.000000, 253755670528.000000, 0.000000, 8921275339401073682519274029056.000000, -0.000000,  weights finished

23:24:36 INFO  [uk.ac.ic.do.fl.se.im.TaskService] (vert.x-worker-thread-2) outlier_fractions=[0.0, 0.0, 0.0]
23:24:36 INFO  [uk.ac.ic.do.fl.se.im.TaskService] (vert.x-worker-thread-2) Number of participants: 3
load weights of p-1: ./results/mnist//proj9/mnist_lenet_c1.weights
load weights of p-2: ./results/mnist//proj9/mnist_lenet_c2.weights

tee--- net 0: -0.014274, 0.075784, -0.051570, 0.001072, 0.015556, 
tee--- net 1: -0.014645, 0.074489, -0.050707, 0.000285, 0.015043, 
tee--- net 1: -0.014647, 0.074487, -0.050707, 0.000287, 0.015043, 
tee--- net a: -0.014522, 0.074920, -0.050995, 0.000548, 0.015214, 
tee--- net 0: -0.101870, -0.079699, 0.078632, 0.077120, -0.051159, 
tee--- net 1: -0.101868, -0.080221, 0.078611, 0.077124, -0.051073, 
tee--- net 1: -0.101869, -0.080221, 0.078611, 0.077124, -0.051073, 
tee--- net a: -0.101869, -0.080047, 0.078618, 0.077123, -0.051102, 
tee--- net 0: -0.243263, 0.482154, -0.169802, -0.205474, -0.142799, 
tee--- net 1: -0.242362, 0.476305, -0.166071, -0.201473, -0.134574, 
tee--- net 1: -0.242362, 0.476309, -0.166078, -0.201470, -0.134578, 
tee--- net a: -0.242662, 0.478256, -0.167317, -0.202805, -0.137317, 
tee--- net 0: -0.100329, -0.152608, 0.042568, 0.034940, 0.069798, 
tee--- net 1: -0.099262, -0.152279, 0.042963, 0.036667, 0.068512, 
tee--- net 1: -0.099261, -0.152281, 0.042962, 0.036670, 0.068507, 
load weights of p-3: ./results/mnist//proj9/mnist_lenet_c0.weights
Aggregating layer 0 ... in OS: biases finished...
net 0: 0.017952, 0.336007, 0.043976, 0.043527, -0.015852, 
net 0: 0.017952, 0.336007, 0.043976, 0.043527, -0.015852, 
net 1: 0.012516, 0.331898, 0.041053, 0.041738, -0.018563, 
net 2: 0.012520, 0.331902, 0.041057, 0.041744, -0.018557, 
net a: 0.014329, 0.333269, 0.042029, 0.042336, -0.017658,  weights finished
Aggregating layer 2 ... in OS: biases finished...
net 0: -0.088879, -0.140621, 0.022439, -0.033034, -0.008809, 
net 0: -0.088879, -0.140621, 0.022439, -0.033034, -0.008809, 
net 1: -0.088610, -0.140790, 0.022492, -0.033065, -0.008785, 
net 2: -0.088610, -0.140790, 0.022494, -0.033064, -0.008784, 
net a: -0.088700, -0.140734, 0.022475, -0.033054, -0.008793,  weights finished
Aggregating layer 4 ... in OS: biases finished...
net 0: -0.058191, 0.032858, 0.078649, -0.036460, -0.035043, 
net 0: -0.058191, 0.032858, 0.078649, -0.036460, -0.035043, 
net 1: -0.058190, 0.032858, 0.078655, -0.036481, -0.035037, 
net 2: -0.058190, 0.032858, 0.078655, -0.036481, -0.035037, 
net a: -0.058190, 0.032858, 0.078653, -0.036474, -0.035039,  weights finished
Aggregating layer 6 ... inside SGX: biases finished...
net 0: -0.000000, 0.000000, 0.000000, -0.000000, 0.000000, 
net 1: 0.000000, -0.000000, 0.000000, 3565400099284582400.000000, -0.000000, 
net 2: -0.000028, -267619406166446047232.000000, 0.000000, 197979257136902033376974656892720644096.000000, -0.000000, 
net a: 0.000000, -129422160.000000, -0.000000, -0.000000, 140412273431674880.000000,  weights finished
Aggregating layer 8 ... inside SGX: biases finished...
net 0: 0.000000, 0.006255, -0.000000, 20271011985073635328.000000, -38099456667306348888911797083439104.000000, 
net 1: 37360806432567414944169984.000000, 10933494.000000, -0.000000, 137836205382159953024148168297676800.000000, 1831688192.000000, 
net 2: 0.000000, -0.006725, -1689749886422049685562246884031987712.000000, -0.000000, -0.000000, 
net a: 333096473300811820602228736.000000, -563403700090968832212992.000000, 0.000000, -474791849978046185472.000000, -0.036256,  weights finished

23:34:01 INFO  [uk.ac.ic.do.fl.se.im.TaskService] (vert.x-worker-thread-2) outlier_fractions=[0.0, 0.0, 0.0]
23:34:01 INFO  [uk.ac.ic.do.fl.se.im.TaskService] (vert.x-worker-thread-2) Number of participants: 3
load weights of p-1: ./results/mnist//proj9/mnist_lenet_c1.weights
load weights of p-2: ./results/mnist//proj9/mnist_lenet_c2.weights

tee--- net 0: -0.014484, 0.076264, -0.051882, 0.001253, 0.015377, 
tee--- net 1: -0.014523, 0.074921, -0.050995, 0.000549, 0.015214, 
tee--- net 1: -0.014523, 0.074921, -0.050995, 0.000550, 0.015215, 
tee--- net a: -0.014510, 0.075369, -0.051291, 0.000784, 0.015269, 
tee--- net 0: -0.101867, -0.079219, 0.078565, 0.077107, -0.051425, 
tee--- net 1: -0.101869, -0.080046, 0.078618, 0.077123, -0.051102, 
tee--- net 1: -0.101869, -0.080046, 0.078618, 0.077123, -0.051102, 
tee--- net a: -0.101869, -0.079770, 0.078601, 0.077118, -0.051210, 
tee--- net 0: -0.244043, 0.482787, -0.170840, -0.207028, -0.144073, 
tee--- net 1: -0.242663, 0.478263, -0.167321, -0.202810, -0.137323, 
tee--- net 1: -0.242664, 0.478259, -0.167320, -0.202812, -0.137324, 
tee--- net a: -0.243123, 0.479770, -0.168494, -0.204217, -0.139573, 
tee--- net 0: -0.099983, -0.152879, 0.041682, 0.033447, 0.069570, 
tee--- net 1: -0.099617, -0.152389, 0.042835, 0.036091, 0.068934, 
tee--- net 1: -0.099617, -0.152391, 0.042827, 0.036091, 0.068946, 
load weights of p-3: ./results/mnist//proj9/mnist_lenet_c0.weights
Aggregating layer 0 ... in OS: biases finished...
net 0: 0.017961, 0.336030, 0.044365, 0.044054, -0.015186, 
net 0: 0.017961, 0.336030, 0.044365, 0.044054, -0.015186, 
net 1: 0.014333, 0.333272, 0.042031, 0.042338, -0.017656, 
net 2: 0.014338, 0.333279, 0.042037, 0.042344, -0.017650, 
net a: 0.015544, 0.334194, 0.042811, 0.042912, -0.016831,  weights finished
Aggregating layer 2 ... in OS: biases finished...
net 0: -0.088593, -0.140240, 0.022822, -0.032981, -0.008953, 
net 0: -0.088593, -0.140240, 0.022822, -0.032981, -0.008953, 
net 1: -0.088700, -0.140732, 0.022477, -0.033053, -0.008793, 
net 2: -0.088701, -0.140733, 0.022476, -0.033054, -0.008793, 
net a: -0.088665, -0.140569, 0.022592, -0.033030, -0.008846,  weights finished
Aggregating layer 4 ... in OS: biases finished...
net 0: -0.058188, 0.032860, 0.078656, -0.036439, -0.035003, 
net 0: -0.058188, 0.032860, 0.078656, -0.036439, -0.035003, 
net 1: -0.058190, 0.032858, 0.078653, -0.036474, -0.035039, 
net 2: -0.058190, 0.032858, 0.078653, -0.036474, -0.035039, 
net a: -0.058190, 0.032859, 0.078654, -0.036462, -0.035027,  weights finished
Aggregating layer 6 ... inside SGX: biases finished...
net 0: 33174239313920.000000, -166317961248768.000000, -0.000000, 0.000000, -41329000448.000000, 
net 1: 277910772330266624.000000, -0.000000, 0.000000, 0.489267, 0.000000, 
net 2: 86.128174, 0.001556, -1722820224.000000, 0.000000, 0.000000, 
net a: -0.000000, -0.000000, 12995336863744.000000, -1979752241708902893079735694262272.000000, 0.000000,  weights finished
Aggregating layer 8 ... inside SGX: biases finished...
net 0: 0.000000, 0.000000, 75148973196776477498015744.000000, -199501128251384057958208490881155072.000000, -31133882200786037664986955776.000000, 
net 1: 119051897953769987159223173120.000000, -13544292066301031304629118941790208.000000, -34092697600.000000, -0.000000, -1486990673298872006673742384070656.000000, 
net 2: -0.000000, -68503119235932749824.000000, -28899425420250819067904.000000, 0.000000, 0.000000, 
net a: 0.000000, -5153668834862825472.000000, 1185430634496.000000, 1413683949374521428549123414635315200.000000, -0.000000,  weights finished

