19:59:06 INFO  [io.qu.sc.ru.SimpleScheduler] (Quarkus Main Thread) No scheduled business methods found - Simple scheduler will not be started
19:59:06 INFO  [io.sm.re.me.kafka] (Quarkus Main Thread) SRMSG18229: Configured topics for channel 'client-done-tasks': [client-done-tasks]
19:59:06 INFO  [io.sm.re.me.kafka] (Quarkus Main Thread) SRMSG18214: Key deserializer omitted, using String as default
19:59:06 INFO  [or.ap.ka.co.se.au.AbstractLogin] (smallrye-kafka-consumer-thread-0) Successfully logged in.
19:59:06 INFO  [io.sm.re.me.kafka] (Quarkus Main Thread) SRMSG18229: Configured topics for channel 'incoming-server-todo-tasks': [server-todo-tasks]
19:59:06 INFO  [io.sm.re.me.kafka] (Quarkus Main Thread) SRMSG18214: Key deserializer omitted, using String as default
19:59:06 WARN  [or.ap.ka.cl.co.ConsumerConfig] (smallrye-kafka-consumer-thread-1) These configurations '[max.request.size]' were supplied but are not used yet.
19:59:06 INFO  [io.sm.re.me.kafka] (smallrye-kafka-producer-thread-0) SRMSG18258: Kafka producer kafka-producer-client-todo-tasks, connected to Kafka brokers 'pkc-41mxj.uksouth.azure.confluent.cloud:9092', is configured to write records to 'client-todo-tasks'
19:59:06 INFO  [io.sm.re.me.kafka] (smallrye-kafka-producer-thread-1) SRMSG18258: Kafka producer kafka-producer-outgoing-server-todo-tasks, connected to Kafka brokers 'pkc-41mxj.uksouth.azure.confluent.cloud:9092', is configured to write records to 'server-todo-tasks'
19:59:06 INFO  [io.sm.re.me.kafka] (smallrye-kafka-consumer-thread-0) SRMSG18257: Kafka consumer kafka-consumer-client-done-tasks, connected to Kafka brokers 'pkc-41mxj.uksouth.azure.confluent.cloud:9092', belongs to the 'fleet-server' consumer group and is configured to poll records from [client-done-tasks]
19:59:06 INFO  [io.sm.re.me.kafka] (smallrye-kafka-consumer-thread-1) SRMSG18257: Kafka consumer kafka-consumer-incoming-server-todo-tasks, connected to Kafka brokers 'pkc-41mxj.uksouth.azure.confluent.cloud:9092', belongs to the 'fleet-server' consumer group and is configured to poll records from [server-todo-tasks]
19:59:07 INFO  [io.quarkus] (Quarkus Main Thread) fleet-server 1.0.0-SNAPSHOT on JVM (powered by Quarkus 3.0.3.Final) started in 8.365s. Listening on: http://0.0.0.0:8080 and https://0.0.0.0:8443
19:59:07 INFO  [io.quarkus] (Quarkus Main Thread) Profile dev activated. Live Coding activated.
19:59:07 INFO  [io.quarkus] (Quarkus Main Thread) Installed features: [agroal, cdi, hibernate-orm, hibernate-orm-panache, jdbc-h2, jdbc-mysql, kafka-client, micrometer, narayana-jta, rest-client-reactive, resteasy-reactive, resteasy-reactive-jackson, scheduler, security, security-jpa, smallrye-context-propagation, smallrye-reactive-messaging, smallrye-reactive-messaging-kafka, spring-data-jpa, spring-di, vertx]
19:59:09 INFO  [io.sm.re.me.kafka] (smallrye-kafka-consumer-thread-1) SRMSG18224: Executing consumer revoked re-balance listener for group 'fleet-server'
20:06:37 INFO  [io.sm.re.me.kafka] (vert.x-eventloop-thread-1) SRMSG18256: Initialize record store for topic-partition 'client-done-tasks-0' at position 1462.
20:08:05 INFO  [io.sm.re.me.kafka] (vert.x-eventloop-thread-0) SRMSG18256: Initialize record store for topic-partition 'server-todo-tasks-0' at position 274.
20:08:05 INFO  [uk.ac.ic.do.fl.se.im.TaskService] (vert.x-worker-thread-2) outlier_fractions=[0.0, 0.0]
20:08:06 INFO  [uk.ac.ic.do.fl.se.im.TaskService] (vert.x-worker-thread-2) Number of participants: 2
load weights of p-1: ./results/mnist//proj8/mnist_lenet_c1.weights

tee--- net 0: -0.077872, 0.128074, -0.071901, -0.000053, -0.010906, 
tee--- net 1: -0.029556, 0.012163, -0.006842, -0.015142, -0.005553, 
tee--- net a: -0.053714, 0.070119, -0.039371, -0.007598, -0.008229, 
tee--- net 0: -0.098003, -0.092883, 0.079592, 0.041518, -0.062279, 
tee--- net 1: -0.102020, -0.098680, 0.072218, 0.080650, -0.040127, 
tee--- net a: -0.100011, -0.095781, 0.075905, 0.061084, -0.051203, 
tee--- net 0: -0.310744, 0.818060, -0.201226, -0.203772, -0.310145, 
tee--- net 1: -0.036464, 0.046823, 0.004551, -0.049782, 0.039548, 
tee--- net a: -0.173604, 0.432441, -0.098337, -0.126777, -0.135299, 
tee--- net 0: -0.129529, -0.150585, 0.079909, 0.127574, 0.138872, 
tee--- net 1: -0.056203, -0.117770, 0.079458, 0.104306, 0.020996, 
load weights of p-2: ./results/mnist//proj8/mnist_lenet_c0.weights
Aggregating layer 0 ... in OS: biases finished...
net 0: -0.053099, 0.300242, 0.051460, 0.114222, 0.033872, 
net 0: -0.053099, 0.300242, 0.051460, 0.114222, 0.033872, 
net 1: -0.090723, 0.226909, -0.041350, -0.000804, -0.068161, 
net a: -0.071911, 0.263576, 0.005055, 0.056709, -0.017144,  weights finished
Aggregating layer 2 ... in OS: biases finished...
net 0: -0.081547, -0.137121, 0.002240, -0.071073, -0.021668, 
net 0: -0.081547, -0.137121, 0.002240, -0.071073, -0.021668, 
net 1: -0.086079, -0.150971, 0.004097, -0.059610, -0.026330, 
net a: -0.083813, -0.144046, 0.003169, -0.065342, -0.023999,  weights finished
Aggregating layer 4 ... in OS: biases finished...
net 0: -0.057658, 0.033642, 0.077760, -0.038530, -0.035579, 
net 0: -0.057658, 0.033642, 0.077760, -0.038530, -0.035579, 
net 1: -0.058198, 0.033183, 0.078377, -0.038465, -0.035920, 
net a: -0.057928, 0.033412, 0.078069, -0.038497, -0.035749,  weights finished
Aggregating layer 6 ... inside SGX: biases finished...
net 0: 27058397284656083626776068096.000000, -0.000000, -0.118833, -461.086243, -0.000000, 
net 1: -18388906569089684801109383708672.000000, -0.000000, 23128922.000000, -18665286054453099600085975513956352.000000, 0.000000, 
net a: 9323391.000000, 0.000000, 0.000000, 2360139703357965334478848.000000, -86850062622078854775763881689088.000000,  weights finished
Aggregating layer 8 ... inside SGX: biases finished...
net 0: -0.000000, -162172749084166574833664.000000, -3369910871073124293541888.000000, -4981745164439319637859499913619963904.000000, 0.000000, 
net 1: -23998131831233453706861569761175666688.000000, -9207736646500352.000000, -8141332.500000, -10578051465216.000000, 845852.750000, 
net a: -0.000000, 11531746304.000000, 442842642152129846192159481397248.000000, -621532632895263329954870480338944.000000, -0.000000,  weights finished

20:15:01 INFO  [uk.ac.ic.do.fl.se.im.TaskService] (vert.x-worker-thread-2) outlier_fractions=[0.0, 0.0]
20:15:01 INFO  [uk.ac.ic.do.fl.se.im.TaskService] (vert.x-worker-thread-2) Number of participants: 2
load weights of p-1: ./results/mnist//proj8/mnist_lenet_c1.weights

tee--- net 0: -0.053446, 0.070366, -0.039189, -0.007309, -0.007970, 
tee--- net 1: -0.010394, 0.003097, -0.008251, -0.012627, 0.001518, 
tee--- net a: -0.031920, 0.036731, -0.023720, -0.009968, -0.003226, 
tee--- net 0: -0.100008, -0.095781, 0.075907, 0.061050, -0.051199, 
tee--- net 1: -0.096142, -0.093290, 0.078949, 0.082746, -0.041408, 
tee--- net a: -0.098075, -0.094536, 0.077428, 0.071898, -0.046304, 
tee--- net 0: -0.173139, 0.431628, -0.098199, -0.126916, -0.135143, 
tee--- net 1: -0.018339, 0.055675, -0.007848, -0.036488, 0.002504, 
tee--- net a: -0.095739, 0.243651, -0.053023, -0.081702, -0.066320, 
tee--- net 0: -0.092929, -0.134240, 0.079663, 0.116097, 0.080310, 
tee--- net 1: -0.053009, -0.118158, 0.079148, 0.098898, 0.023159, 
load weights of p-2: ./results/mnist//proj8/mnist_lenet_c0.weights
Aggregating layer 0 ... in OS: biases finished...
net 0: -0.070878, 0.265052, 0.006890, 0.058421, -0.015918, 
net 0: -0.070878, 0.265052, 0.006890, 0.058421, -0.015918, 
net 1: -0.085384, 0.223448, -0.041187, -0.000094, -0.075773, 
net a: -0.078131, 0.244250, -0.017149, 0.029164, -0.045846,  weights finished
Aggregating layer 2 ... in OS: biases finished...
net 0: -0.083963, -0.144154, 0.002992, -0.065591, -0.024167, 
net 0: -0.083963, -0.144154, 0.002992, -0.065591, -0.024167, 
net 1: -0.087175, -0.154640, 0.007122, -0.045700, -0.017335, 
net a: -0.085569, -0.149397, 0.005057, -0.055646, -0.020751,  weights finished
Aggregating layer 4 ... in OS: biases finished...
net 0: -0.057926, 0.033413, 0.078069, -0.038492, -0.035723, 
net 0: -0.057926, 0.033413, 0.078069, -0.038492, -0.035723, 
net 1: -0.057669, 0.035020, 0.081237, -0.036750, -0.035360, 
net a: -0.057798, 0.034217, 0.079653, -0.037621, -0.035541,  weights finished
Aggregating layer 6 ... inside SGX: biases finished...
net 0: -0.000000, 0.000000, -129059.593750, 8820284161649616147709952.000000, 0.012685, 
net 1: 7399406982121001599648657309696.000000, 0.000000, 27675635384057856.000000, 1582192376926315741184.000000, 479.255524, 
net a: -444603263451398144.000000, 1.858613, -0.000000, -0.000000, 1.785260,  weights finished
Aggregating layer 8 ... inside SGX: biases finished...
net 0: -0.000000, 0.000000, 0.000005, 2296747899694226687918080.000000, -1265870305843119408208301522944.000000, 
net 1: 0.000000, 492913216064843345489668452909056.000000, 270014980554752.000000, -520211456.000000, 59551598831557620892725650915328.000000, 
net a: -0.000003, -0.015849, -242785.468750, 0.000000, 0.000000,  weights finished

20:18:37 INFO  [uk.ac.ic.do.fl.se.im.TaskService] (vert.x-worker-thread-2) outlier_fractions=[0.0, 0.0]
20:18:38 INFO  [uk.ac.ic.do.fl.se.im.TaskService] (vert.x-worker-thread-2) Number of participants: 2
load weights of p-1: ./results/mnist//proj8/mnist_lenet_c1.weights

tee--- net 0: -0.053528, 0.070372, -0.039227, -0.007342, -0.007872, 
tee--- net 1: -0.041365, 0.090330, -0.044924, 0.037046, -0.011135, 
tee--- net a: -0.047446, 0.080351, -0.042076, 0.014852, -0.009504, 
tee--- net 0: -0.100016, -0.095781, 0.075906, 0.061073, -0.051207, 
tee--- net 1: -0.099789, -0.096146, 0.075600, 0.044630, -0.054750, 
tee--- net a: -0.099903, -0.095964, 0.075753, 0.052852, -0.052978, 
tee--- net 0: -0.173039, 0.431823, -0.098443, -0.126938, -0.134922, 
tee--- net 1: -0.214760, 0.552544, -0.170180, -0.129021, -0.346508, 
tee--- net a: -0.193899, 0.492184, -0.134311, -0.127979, -0.240715, 
tee--- net 0: -0.092954, -0.134278, 0.079766, 0.116300, 0.080354, 
tee--- net 1: -0.116928, -0.154444, 0.100277, 0.140147, 0.128870, 
load weights of p-2: ./results/mnist//proj8/mnist_lenet_c0.weights
Aggregating layer 0 ... in OS: biases finished...
net 0: -0.070689, 0.265330, 0.007106, 0.058490, -0.016009, 
net 0: -0.070689, 0.265330, 0.007106, 0.058490, -0.016009, 
net 1: -0.041260, 0.306761, 0.073598, 0.145307, 0.061569, 
net a: -0.055974, 0.286046, 0.040352, 0.101898, 0.022780,  weights finished
Aggregating layer 2 ... in OS: biases finished...
net 0: -0.083968, -0.144092, 0.003022, -0.065540, -0.024081, 
net 0: -0.083968, -0.144092, 0.003022, -0.065540, -0.024081, 
net 1: -0.072025, -0.114141, 0.001615, -0.078007, -0.031162, 
net a: -0.077997, -0.129116, 0.002318, -0.071774, -0.027622,  weights finished
Aggregating layer 4 ... in OS: biases finished...
net 0: -0.057926, 0.033414, 0.078076, -0.038480, -0.035738, 
net 0: -0.057926, 0.033414, 0.078076, -0.038480, -0.035738, 
net 1: -0.057940, 0.033323, 0.077683, -0.039985, -0.036754, 
net a: -0.057933, 0.033369, 0.077880, -0.039232, -0.036246,  weights finished
Aggregating layer 6 ... inside SGX: biases finished...
net 0: -0.000000, -0.000000, -0.000000, -0.000000, -0.000000, 
net 1: 692071771645036038735164658941952.000000, -11754191.000000, 145470846939549153450717668165774475264.000000, 155347678606131200.000000, 0.000000, 
net a: 703531076797577696378880.000000, -21709145402448385473810691147169792.000000, -3665418.750000, 139496209252352.000000, -0.000000,  weights finished
Aggregating layer 8 ... inside SGX: biases finished...
net 0: 0.000000, -4130634132316199430651904.000000, -0.000000, -7883483774976.000000, 0.000000, 
net 1: -18089411590775373824000.000000, 0.000000, -0.060166, 197.010803, 239.881363, 
net a: 2604532112794446708342784.000000, -374908279383392256.000000, -0.000000, 8346090341486547153478221824.000000, 74965575817744096146823954098041126912.000000,  weights finished

20:24:56 INFO  [uk.ac.ic.do.fl.se.im.TaskService] (vert.x-worker-thread-2) outlier_fractions=[0.0, 0.0]
20:24:56 INFO  [uk.ac.ic.do.fl.se.im.TaskService] (vert.x-worker-thread-2) Number of participants: 2
load weights of p-1: ./results/mnist//proj8/mnist_lenet_c1.weights

tee--- net 0: -0.026966, 0.066935, -0.036354, 0.026789, -0.008784, 
tee--- net 1: -0.031777, 0.036820, -0.023631, -0.009809, -0.003266, 
tee--- net a: -0.029371, 0.051878, -0.029993, 0.008490, -0.006025, 
tee--- net 0: -0.098735, -0.094930, 0.078598, 0.057655, -0.056225, 
tee--- net 1: -0.098077, -0.094536, 0.077430, 0.071919, -0.046314, 
tee--- net a: -0.098406, -0.094733, 0.078014, 0.064787, -0.051269, 
tee--- net 0: -0.172667, 0.448025, -0.131810, -0.129579, -0.258512, 
tee--- net 1: -0.095709, 0.243187, -0.052883, -0.081420, -0.065897, 
tee--- net a: -0.134188, 0.345606, -0.092346, -0.105500, -0.162204, 
tee--- net 0: -0.086281, -0.152076, 0.100860, 0.127116, 0.113773, 
tee--- net 1: -0.072981, -0.126228, 0.079419, 0.107550, 0.051787, 
load weights of p-2: ./results/mnist//proj8/mnist_lenet_c0.weights
Aggregating layer 0 ... in OS: biases finished...
net 0: -0.020631, 0.318600, 0.093439, 0.157540, 0.058587, 
net 0: -0.020631, 0.318600, 0.093439, 0.157540, 0.058587, 
net 1: -0.077747, 0.244847, -0.016434, 0.029792, -0.045427, 
net a: -0.049189, 0.281723, 0.038503, 0.093666, 0.006580,  weights finished
Aggregating layer 2 ... in OS: biases finished...
net 0: -0.068397, -0.138527, -0.011796, -0.073947, -0.021796, 
net 0: -0.068397, -0.138527, -0.011796, -0.073947, -0.021796, 
net 1: -0.085628, -0.149422, 0.005007, -0.055723, -0.020779, 
net a: -0.077012, -0.143975, -0.003394, -0.064835, -0.021287,  weights finished
Aggregating layer 4 ... in OS: biases finished...
net 0: -0.057619, 0.034285, 0.080611, -0.036975, -0.036118, 
net 0: -0.057619, 0.034285, 0.080611, -0.036975, -0.036118, 
net 1: -0.057796, 0.034220, 0.079663, -0.037614, -0.035531, 
net a: -0.057707, 0.034252, 0.080137, -0.037294, -0.035824,  weights finished
Aggregating layer 6 ... inside SGX: biases finished...
net 0: 6211822330000029473763569434624.000000, -0.000000, 0.000112, -0.000000, -0.000000, 
net 1: -0.000000, 866706.750000, 0.000333, -0.000000, -0.000000, 
net a: -0.000000, -0.000000, -88163.414062, 0.000000, 0.000000,  weights finished
Aggregating layer 8 ... inside SGX: biases finished...
net 0: -18991198.000000, 0.000000, 0.000000, -505.255371, -10111419287482169978367214878720.000000, 
net 1: 74892183443224307491808875407998976.000000, 114128611779507858183790584305129881600.000000, 4474378601037066867053315942776832.000000, -0.000000, -13634.612305, 
net a: -10292890198605824.000000, -0.000000, -117000943362651300069871045312512.000000, 0.000000, 135166899648330930377157481487925248.000000,  weights finished

20:28:49 INFO  [uk.ac.ic.do.fl.se.im.TaskService] (vert.x-worker-thread-2) outlier_fractions=[0.0, 0.0]
20:28:49 INFO  [uk.ac.ic.do.fl.se.im.TaskService] (vert.x-worker-thread-2) Number of participants: 2
load weights of p-1: ./results/mnist//proj8/mnist_lenet_c1.weights

tee--- net 0: -0.047236, 0.080396, -0.041993, 0.015056, -0.009415, 
tee--- net 1: -0.031967, 0.036811, -0.023757, -0.009865, -0.003139, 
tee--- net a: -0.039602, 0.058604, -0.032875, 0.002595, -0.006277, 
tee--- net 0: -0.099900, -0.095964, 0.075753, 0.052867, -0.052971, 
tee--- net 1: -0.098083, -0.094536, 0.077429, 0.071887, -0.046314, 
tee--- net a: -0.098991, -0.095250, 0.076591, 0.062377, -0.049642, 
tee--- net 0: -0.193776, 0.492343, -0.134407, -0.128220, -0.240970, 
tee--- net 1: -0.095510, 0.243530, -0.052762, -0.081782, -0.066003, 
tee--- net a: -0.144643, 0.367936, -0.093585, -0.105001, -0.153486, 
tee--- net 0: -0.105014, -0.144429, 0.090239, 0.128451, 0.105164, 
tee--- net 1: -0.072953, -0.126203, 0.079416, 0.107524, 0.051942, 
load weights of p-2: ./results/mnist//proj8/mnist_lenet_c0.weights
Aggregating layer 0 ... in OS: biases finished...
net 0: -0.055374, 0.286902, 0.041473, 0.102987, 0.023525, 
net 0: -0.055374, 0.286902, 0.041473, 0.102987, 0.023525, 
net 1: -0.077777, 0.244823, -0.016485, 0.029729, -0.045499, 
net a: -0.066575, 0.265862, 0.012494, 0.066358, -0.010987,  weights finished
Aggregating layer 2 ... in OS: biases finished...
net 0: -0.078118, -0.129105, 0.002259, -0.071862, -0.027659, 
net 0: -0.078118, -0.129105, 0.002259, -0.071862, -0.027659, 
net 1: -0.085587, -0.149420, 0.004970, -0.055755, -0.020762, 
net a: -0.081853, -0.139263, 0.003614, -0.063809, -0.024210,  weights finished
Aggregating layer 4 ... in OS: biases finished...
net 0: -0.057933, 0.033369, 0.077876, -0.039241, -0.036232, 
net 0: -0.057933, 0.033369, 0.077876, -0.039241, -0.036232, 
net 1: -0.057797, 0.034219, 0.079659, -0.037612, -0.035533, 
net a: -0.057865, 0.033794, 0.078767, -0.038426, -0.035882,  weights finished
Aggregating layer 6 ... inside SGX: biases finished...
net 0: 0.000000, -0.000000, 0.000000, 0.000000, -53094027535505263876374528.000000, 
net 1: 0.000000, 752848912515072.000000, 0.000000, 0.587007, -39839120909506838869785444352.000000, 
net a: 0.000000, -594804129758485631991808.000000, -2291725199465249968280829952.000000, -0.000000, 39189845102960332784176988160.000000,  weights finished
Aggregating layer 8 ... inside SGX: biases finished...
net 0: 1090353233920.000000, 0.000000, -177100416797557349276568256512.000000, 1722179054225206286543853977600.000000, 0.000002, 
net 1: -16471182336.000000, -0.000001, -0.000000, 0.000000, 0.000000, 
net a: 0.000000, 0.000000, 66662004406716223845302272.000000, -129182786630108230675674907726053376.000000, -0.000000,  weights finished

20:35:43 INFO  [uk.ac.ic.do.fl.se.im.TaskService] (vert.x-worker-thread-2) outlier_fractions=[0.0, 0.0]
20:35:44 INFO  [uk.ac.ic.do.fl.se.im.TaskService] (vert.x-worker-thread-2) Number of participants: 2
load weights of p-1: ./results/mnist//proj8/mnist_lenet_c1.weights

tee--- net 0: -0.029371, 0.051938, -0.029949, 0.008546, -0.005957, 
tee--- net 1: -0.039473, 0.081277, -0.039284, 0.045410, -0.000900, 
tee--- net a: -0.034422, 0.066608, -0.034617, 0.026978, -0.003429, 
tee--- net 0: -0.098404, -0.094735, 0.078015, 0.064759, -0.051277, 
tee--- net 1: -0.100044, -0.096045, 0.076242, 0.023496, -0.056673, 
tee--- net a: -0.099224, -0.095390, 0.077129, 0.044127, -0.053975, 
tee--- net 0: -0.134183, 0.345602, -0.092389, -0.105598, -0.162116, 
tee--- net 1: -0.181756, 0.531942, -0.189824, -0.129648, -0.397648, 
tee--- net a: -0.157970, 0.438772, -0.141106, -0.117623, -0.279882, 
tee--- net 0: -0.079630, -0.139182, 0.090148, 0.117433, 0.082899, 
tee--- net 1: -0.125187, -0.157637, 0.119276, 0.132521, 0.142992, 
load weights of p-2: ./results/mnist//proj8/mnist_lenet_c0.weights
Aggregating layer 0 ... in OS: biases finished...
net 0: -0.048928, 0.282081, 0.038940, 0.094108, 0.006894, 
net 0: -0.048928, 0.282081, 0.038940, 0.094108, 0.006894, 
net 1: -0.033299, 0.309005, 0.081485, 0.159260, 0.067046, 
net a: -0.041114, 0.295543, 0.060212, 0.126684, 0.036970,  weights finished
Aggregating layer 2 ... in OS: biases finished...
net 0: -0.077051, -0.143994, -0.003447, -0.064900, -0.021315, 
net 0: -0.077051, -0.143994, -0.003447, -0.064900, -0.021315, 
net 1: -0.068774, -0.108723, 0.000542, -0.084523, -0.038439, 
net a: -0.072912, -0.126358, -0.001452, -0.074712, -0.029877,  weights finished
Aggregating layer 4 ... in OS: biases finished...
net 0: -0.057707, 0.034252, 0.080140, -0.037289, -0.035821, 
net 0: -0.057707, 0.034252, 0.080140, -0.037289, -0.035821, 
net 1: -0.057904, 0.033333, 0.077835, -0.039664, -0.037857, 
net a: -0.057805, 0.033792, 0.078987, -0.038477, -0.036839,  weights finished
Aggregating layer 6 ... inside SGX: biases finished...
net 0: -0.000006, -0.000000, 406833463296.000000, -117207153079836670427136.000000, 0.000000, 
net 1: -0.000000, 0.000000, -0.116415, -0.000000, -3505.761719, 
net a: 0.000000, 0.000000, -0.000000, 224364360368128.000000, -0.000000,  weights finished
Aggregating layer 8 ... inside SGX: biases finished...
net 0: -0.000000, -563430359040.000000, 0.000000, 12221529320148229074674778112.000000, 1412857758095822680036697938321211392.000000, 
net 1: 0.000000, 29589511360648852338114560.000000, nan, 4319465472.000000, 0.000072, 
net a: -1068556800.000000, -73742760777459097975864164352.000000, 21110480268758185281970692423680.000000, 1022165575008256.000000, 229171114304626580160249856.000000,  weights finished

20:42:37 INFO  [uk.ac.ic.do.fl.se.im.TaskService] (vert.x-worker-thread-2) outlier_fractions=[0.0, 0.0]
20:42:37 INFO  [uk.ac.ic.do.fl.se.im.TaskService] (vert.x-worker-thread-2) Number of participants: 2
load weights of p-1: ./results/mnist//proj8/mnist_lenet_c1.weights

tee--- net 0: -0.039451, 0.058809, -0.032759, 0.002804, -0.006126, 
tee--- net 1: -0.039455, 0.058753, -0.032730, 0.002796, -0.006141, 
tee--- net a: -0.039453, 0.058781, -0.032744, 0.002800, -0.006133, 
tee--- net 0: -0.098988, -0.095250, 0.076592, 0.062331, -0.049648, 
tee--- net 1: -0.098990, -0.095249, 0.076590, 0.062349, -0.049671, 
tee--- net a: -0.098989, -0.095249, 0.076591, 0.062340, -0.049659, 
tee--- net 0: -0.144411, 0.367770, -0.093595, -0.105053, -0.153158, 
tee--- net 1: -0.144562, 0.367805, -0.093689, -0.105033, -0.153255, 
tee--- net a: -0.144486, 0.367788, -0.093642, -0.105043, -0.153206, 
tee--- net 0: -0.089042, -0.135373, 0.084907, 0.118364, 0.078827, 
tee--- net 1: -0.088999, -0.135366, 0.084879, 0.118016, 0.078925, 
load weights of p-2: ./results/mnist//proj8/mnist_lenet_c0.weights
Aggregating layer 0 ... in OS: biases finished...
net 0: -0.065749, 0.267052, 0.013972, 0.067769, -0.009985, 
net 0: -0.065749, 0.267052, 0.013972, 0.067769, -0.009985, 
net 1: -0.065762, 0.267029, 0.013885, 0.067620, -0.010121, 
net a: -0.065755, 0.267040, 0.013929, 0.067694, -0.010053,  weights finished
Aggregating layer 2 ... in OS: biases finished...
net 0: -0.081962, -0.139333, 0.003403, -0.064012, -0.024270, 
net 0: -0.081962, -0.139333, 0.003403, -0.064012, -0.024270, 
net 1: -0.082008, -0.139355, 0.003409, -0.064052, -0.024327, 
net a: -0.081985, -0.139344, 0.003406, -0.064032, -0.024299,  weights finished
Aggregating layer 4 ... in OS: biases finished...
net 0: -0.057865, 0.033793, 0.078769, -0.038419, -0.035872, 
net 0: -0.057865, 0.033793, 0.078769, -0.038419, -0.035872, 
net 1: -0.057865, 0.033793, 0.078773, -0.038418, -0.035876, 
net a: -0.057865, 0.033793, 0.078771, -0.038419, -0.035874,  weights finished
Aggregating layer 6 ... inside SGX: biases finished...
net 0: 496753199546368.000000, 0.000000, 529914105167872.000000, -430874944339968.000000, -0.659775, 
net 1: 2302162576226871699566963458048.000000, -31453411328.000000, 8.563479, -48457193993219391426134016.000000, 0.000000, 
net a: 575595127414718464.000000, 844053683896320.000000, -0.000000, -4172684197888.000000, -0.000000,  weights finished
Aggregating layer 8 ... inside SGX: biases finished...
net 0: 0.000000, 560618467131992840557559808.000000, 72443838478710079398426562411586650112.000000, -0.000000, 0.000000, 
net 1: 0.000000, -1928342787957245510997245952.000000, -0.000000, 15629621882376886876635136.000000, -6882240025853952.000000, 
net a: 0.000000, -0.000051, 2869520896.000000, -3.039988, 1281598916110030209024.000000,  weights finished

20:47:44 INFO  [uk.ac.ic.do.fl.se.im.TaskService] (vert.x-worker-thread-2) outlier_fractions=[0.0, 0.0]
20:47:44 INFO  [uk.ac.ic.do.fl.se.im.TaskService] (vert.x-worker-thread-2) Number of participants: 2
load weights of p-1: ./results/mnist//proj8/mnist_lenet_c1.weights

tee--- net 0: -0.034376, 0.066633, -0.034592, 0.027036, -0.003406, 
tee--- net 1: -0.029638, 0.067436, -0.033216, 0.042010, -0.002612, 
tee--- net a: -0.032007, 0.067034, -0.033904, 0.034523, -0.003009, 
tee--- net 0: -0.099224, -0.095390, 0.077130, 0.044120, -0.053978, 
tee--- net 1: -0.099156, -0.095432, 0.077127, 0.038112, -0.055454, 
tee--- net a: -0.099190, -0.095411, 0.077129, 0.041116, -0.054716, 
tee--- net 0: -0.157974, 0.438746, -0.141137, -0.117633, -0.279933, 
tee--- net 1: -0.157027, 0.462169, -0.175018, -0.126578, -0.351329, 
tee--- net a: -0.157501, 0.450458, -0.158078, -0.122106, -0.315631, 
tee--- net 0: -0.102445, -0.148423, 0.104730, 0.124983, 0.113001, 
tee--- net 1: -0.114039, -0.158018, 0.128047, 0.120111, 0.132620, 
load weights of p-2: ./results/mnist//proj8/mnist_lenet_c0.weights
Aggregating layer 0 ... in OS: biases finished...
net 0: -0.040977, 0.295716, 0.060426, 0.126898, 0.037148, 
net 0: -0.040977, 0.295716, 0.060426, 0.126898, 0.037148, 
net 1: -0.022556, 0.316329, 0.090435, 0.166974, 0.070082, 
net a: -0.031767, 0.306023, 0.075431, 0.146936, 0.053615,  weights finished
Aggregating layer 2 ... in OS: biases finished...
net 0: -0.072974, -0.126368, -0.001468, -0.074734, -0.029898, 
net 0: -0.072974, -0.126368, -0.001468, -0.074734, -0.029898, 
net 1: -0.076612, -0.123554, -0.007537, -0.083494, -0.032487, 
net a: -0.074793, -0.124961, -0.004502, -0.079114, -0.031193,  weights finished
Aggregating layer 4 ... in OS: biases finished...
net 0: -0.057805, 0.033793, 0.078989, -0.038472, -0.036835, 
net 0: -0.057805, 0.033793, 0.078989, -0.038472, -0.036835, 
net 1: -0.057802, 0.033800, 0.078915, -0.038693, -0.037026, 
net a: -0.057804, 0.033796, 0.078952, -0.038582, -0.036931,  weights finished
Aggregating layer 6 ... inside SGX: biases finished...
net 0: -67047795701564041781374353408.000000, 0.004899, 0.004012, 179443007488.000000, 97258652800983775210082320515072.000000, 
net 1: 0.000000, 6982861919566224200470246719488.000000, 0.000000, -203953422336.000000, -3976761758973952000.000000, 
net a: 0.000000, -0.000000, 0.000000, 0.000000, -0.000213,  weights finished
Aggregating layer 8 ... inside SGX: biases finished...
net 0: 125758412423168.000000, 0.000000, 0.000000, -0.000000, -6765.728027, 
net 1: -0.000000, 0.000000, 0.000011, -16388834528218550892494848.000000, -8414054.000000, 
net a: -0.000000, -0.000000, 869079.750000, -0.000000, -75360823324426974239208989786112.000000,  weights finished

20:54:39 INFO  [uk.ac.ic.do.fl.se.im.TaskService] (vert.x-worker-thread-2) outlier_fractions=[0.0, 0.0]
20:54:39 INFO  [uk.ac.ic.do.fl.se.im.TaskService] (vert.x-worker-thread-2) Number of participants: 2
load weights of p-1: ./results/mnist//proj8/mnist_lenet_c1.weights

tee--- net 0: -0.031992, 0.067044, -0.033895, 0.034562, -0.002998, 
tee--- net 1: -0.040061, 0.071156, -0.037364, 0.037167, -0.006768, 
tee--- net a: -0.036026, 0.069100, -0.035629, 0.035864, -0.004883, 
tee--- net 0: -0.099190, -0.095411, 0.077129, 0.041076, -0.054717, 
tee--- net 1: -0.098588, -0.095370, 0.076749, 0.039664, -0.056998, 
tee--- net a: -0.098889, -0.095390, 0.076939, 0.040370, -0.055857, 
tee--- net 0: -0.157487, 0.450493, -0.158100, -0.122184, -0.315720, 
tee--- net 1: -0.166660, 0.452780, -0.150123, -0.122963, -0.318569, 
tee--- net a: -0.162074, 0.451637, -0.154111, -0.122573, -0.317144, 
tee--- net 0: -0.108236, -0.153231, 0.116382, 0.122669, 0.122791, 
tee--- net 1: -0.110265, -0.147707, 0.115842, 0.134737, 0.130146, 
load weights of p-2: ./results/mnist//proj8/mnist_lenet_c0.weights
Aggregating layer 0 ... in OS: biases finished...
net 0: -0.031731, 0.306087, 0.075513, 0.147026, 0.053688, 
net 0: -0.031731, 0.306087, 0.075513, 0.147026, 0.053688, 
net 1: -0.031638, 0.313394, 0.087598, 0.158096, 0.059402, 
net a: -0.031685, 0.309741, 0.081555, 0.152561, 0.056545,  weights finished
Aggregating layer 2 ... in OS: biases finished...
net 0: -0.074767, -0.124927, -0.004498, -0.079116, -0.031191, 
net 0: -0.074767, -0.124927, -0.004498, -0.079116, -0.031191, 
net 1: -0.074779, -0.123450, -0.006609, -0.083631, -0.028914, 
net a: -0.074773, -0.124188, -0.005554, -0.081373, -0.030053,  weights finished
Aggregating layer 4 ... in OS: biases finished...
net 0: -0.057804, 0.033796, 0.078952, -0.038583, -0.036937, 
net 0: -0.057804, 0.033796, 0.078952, -0.038583, -0.036937, 
net 1: -0.057852, 0.033812, 0.079080, -0.038569, -0.038020, 
net a: -0.057828, 0.033804, 0.079016, -0.038576, -0.037478,  weights finished
Aggregating layer 6 ... inside SGX: biases finished...
net 0: -0.000000, 63751.113281, 10180504863113216.000000, 15.854424, -6740028520630483175140888624307896320.000000, 
net 1: -0.000000, 0.000000, -67764483289653512052408320.000000, 0.000012, -0.000000, 
net a: 8.729026, 0.000000, 0.000000, 0.000000, 12156.015625,  weights finished
Aggregating layer 8 ... inside SGX: biases finished...
net 0: -1261280101364944948903819116961333248.000000, 2947282343729783040729153536.000000, 0.000000, 0.000000, -0.000000, 
net 1: -0.000000, 0.000000, -0.011767, -27426448456408679529316352.000000, 10.258497, 
net a: -0.000000, 38762504.000000, -0.000010, -54788496908353536.000000, 0.005347,  weights finished

21:00:25 INFO  [uk.ac.ic.do.fl.se.im.TaskService] (vert.x-worker-thread-2) outlier_fractions=[0.0, 0.0]
21:00:25 INFO  [uk.ac.ic.do.fl.se.im.TaskService] (vert.x-worker-thread-2) Number of participants: 2
load weights of p-1: ./results/mnist//proj8/mnist_lenet_c1.weights

tee--- net 0: -0.027325, 0.068260, -0.033715, 0.044318, -0.001728, 
tee--- net 1: -0.039388, 0.058924, -0.032604, 0.002935, -0.006039, 
tee--- net a: -0.033357, 0.063592, -0.033159, 0.023626, -0.003884, 
tee--- net 0: -0.099201, -0.095435, 0.076977, 0.030700, -0.055553, 
tee--- net 1: -0.098986, -0.095250, 0.076598, 0.062335, -0.049669, 
tee--- net a: -0.099094, -0.095342, 0.076788, 0.046517, -0.052611, 
tee--- net 0: -0.146448, 0.466137, -0.180775, -0.128611, -0.381080, 
tee--- net 1: -0.144355, 0.367612, -0.093757, -0.105276, -0.153062, 
tee--- net a: -0.145402, 0.416874, -0.137266, -0.116943, -0.267071, 
tee--- net 0: -0.116911, -0.161576, 0.122632, 0.128065, 0.135678, 
tee--- net 1: -0.089044, -0.135409, 0.084938, 0.118114, 0.079227, 
load weights of p-2: ./results/mnist//proj8/mnist_lenet_c0.weights
Aggregating layer 0 ... in OS: biases finished...
net 0: -0.021176, 0.319261, 0.096314, 0.171320, 0.070901, 
net 0: -0.021176, 0.319261, 0.096314, 0.171320, 0.070901, 
net 1: -0.065097, 0.267989, 0.015118, 0.068803, -0.009268, 
net a: -0.043136, 0.293625, 0.055716, 0.120062, 0.030817,  weights finished
Aggregating layer 2 ... in OS: biases finished...
net 0: -0.081698, -0.124633, -0.013860, -0.089656, -0.035821, 
net 0: -0.081698, -0.124633, -0.013860, -0.089656, -0.035821, 
net 1: -0.082119, -0.139409, 0.003252, -0.064233, -0.024426, 
net a: -0.081909, -0.132021, -0.005304, -0.076944, -0.030123,  weights finished
Aggregating layer 4 ... in OS: biases finished...
net 0: -0.057795, 0.033789, 0.078938, -0.038728, -0.037611, 
net 0: -0.057795, 0.033789, 0.078938, -0.038728, -0.037611, 
net 1: -0.057864, 0.033795, 0.078781, -0.038408, -0.035874, 
net a: -0.057830, 0.033792, 0.078859, -0.038568, -0.036742,  weights finished
Aggregating layer 6 ... inside SGX: biases finished...
net 0: -0.000000, -0.000000, -6634299785168681655957716992.000000, 0.000000, -32591222.000000, 
net 1: -0.013520, 32328632121596887411113713525843820544.000000, 0.000000, 0.005614, 0.077391, 
net a: -0.000000, 0.000000, 2213137937640574767457107968.000000, 132.473267, -0.000000,  weights finished
Aggregating layer 8 ... inside SGX: biases finished...
net 0: 8828469574175188717697991439781199872.000000, 1025815824620289165655571148073598976.000000, -0.000000, -11081560148887520778730574092173312.000000, -1807987580403236835688448.000000, 
net 1: 0.000000, 119846595628892160.000000, 0.000000, -0.000000, 5922424350026412064768.000000, 
net a: -59951756.000000, 0.000000, 41144361173414482309211962350059388928.000000, nan, -0.000000,  weights finished

