19:17:53 INFO  [io.qu.sc.ru.SimpleScheduler] (Quarkus Main Thread) No scheduled business methods found - Simple scheduler will not be started
19:17:53 INFO  [io.sm.re.me.kafka] (Quarkus Main Thread) SRMSG18229: Configured topics for channel 'client-done-tasks': [client-done-tasks]
19:17:53 INFO  [io.sm.re.me.kafka] (Quarkus Main Thread) SRMSG18214: Key deserializer omitted, using String as default
19:17:53 INFO  [or.ap.ka.co.se.au.AbstractLogin] (smallrye-kafka-consumer-thread-0) Successfully logged in.
19:17:53 INFO  [io.sm.re.me.kafka] (Quarkus Main Thread) SRMSG18229: Configured topics for channel 'incoming-server-todo-tasks': [server-todo-tasks]
19:17:53 INFO  [io.sm.re.me.kafka] (Quarkus Main Thread) SRMSG18214: Key deserializer omitted, using String as default
19:17:53 WARN  [or.ap.ka.cl.co.ConsumerConfig] (smallrye-kafka-consumer-thread-1) These configurations '[max.request.size]' were supplied but are not used yet.
19:17:53 INFO  [io.sm.re.me.kafka] (smallrye-kafka-producer-thread-0) SRMSG18258: Kafka producer kafka-producer-client-todo-tasks, connected to Kafka brokers 'pkc-41mxj.uksouth.azure.confluent.cloud:9092', is configured to write records to 'client-todo-tasks'
19:17:53 INFO  [io.sm.re.me.kafka] (smallrye-kafka-producer-thread-1) SRMSG18258: Kafka producer kafka-producer-outgoing-server-todo-tasks, connected to Kafka brokers 'pkc-41mxj.uksouth.azure.confluent.cloud:9092', is configured to write records to 'server-todo-tasks'
19:17:53 INFO  [io.sm.re.me.kafka] (smallrye-kafka-consumer-thread-0) SRMSG18257: Kafka consumer kafka-consumer-client-done-tasks, connected to Kafka brokers 'pkc-41mxj.uksouth.azure.confluent.cloud:9092', belongs to the 'fleet-server' consumer group and is configured to poll records from [client-done-tasks]
19:17:53 INFO  [io.sm.re.me.kafka] (smallrye-kafka-consumer-thread-1) SRMSG18257: Kafka consumer kafka-consumer-incoming-server-todo-tasks, connected to Kafka brokers 'pkc-41mxj.uksouth.azure.confluent.cloud:9092', belongs to the 'fleet-server' consumer group and is configured to poll records from [server-todo-tasks]
19:17:54 INFO  [io.quarkus] (Quarkus Main Thread) fleet-server 1.0.0-SNAPSHOT on JVM (powered by Quarkus 3.0.3.Final) started in 8.545s. Listening on: http://0.0.0.0:8080 and https://0.0.0.0:8443
19:17:54 INFO  [io.quarkus] (Quarkus Main Thread) Profile dev activated. Live Coding activated.
19:17:54 INFO  [io.quarkus] (Quarkus Main Thread) Installed features: [agroal, cdi, hibernate-orm, hibernate-orm-panache, jdbc-h2, jdbc-mysql, kafka-client, micrometer, narayana-jta, rest-client-reactive, resteasy-reactive, resteasy-reactive-jackson, scheduler, security, security-jpa, smallrye-context-propagation, smallrye-reactive-messaging, smallrye-reactive-messaging-kafka, spring-data-jpa, spring-di, vertx]
19:17:56 INFO  [io.sm.re.me.kafka] (smallrye-kafka-consumer-thread-1) SRMSG18224: Executing consumer revoked re-balance listener for group 'fleet-server'
19:17:57 INFO  [io.sm.re.me.kafka] (vert.x-eventloop-thread-1) SRMSG18256: Initialize record store for topic-partition 'client-done-tasks-0' at position 1590.
19:26:24 INFO  [io.sm.re.me.kafka] (vert.x-eventloop-thread-0) SRMSG18256: Initialize record store for topic-partition 'server-todo-tasks-0' at position 324.
19:26:25 INFO  [uk.ac.ic.do.fl.se.im.TaskService] (vert.x-worker-thread-1) outlier_fractions=[0.0, 0.0]
19:26:25 INFO  [uk.ac.ic.do.fl.se.im.TaskService] (vert.x-worker-thread-1) Number of participants: 2
load weights of p-1: ./results/mnist//proj14/mnist_lenet_c1.weights

tee--- net 0: -0.033793, 0.090039, -0.099991, -0.019796, -0.051708, 
tee--- net 1: -0.015848, -0.002203, -0.004882, -0.011173, -0.001324, 
tee--- net a: -0.024820, 0.043918, -0.052437, -0.015485, -0.026516, 
tee--- net 0: -0.094151, -0.103953, 0.041494, 0.066961, -0.055407, 
tee--- net 1: -0.099141, -0.099938, 0.079555, 0.077672, -0.039569, 
tee--- net a: -0.096646, -0.101946, 0.060525, 0.072316, -0.047488, 
tee--- net 0: -0.332435, 0.696632, -0.268681, -0.330711, 0.172222, 
tee--- net 1: -0.006616, 0.013217, 0.009508, -0.020138, 0.018527, 
tee--- net a: -0.169525, 0.354924, -0.129587, -0.175425, 0.095375, 
tee--- net 0: -0.067618, -0.125463, 0.097089, 0.098622, 0.104556, 
tee--- net 1: -0.043302, -0.117030, 0.076472, 0.103029, 0.024067, 
load weights of p-2: ./results/mnist//proj14/mnist_lenet_c0.weights
Aggregating layer 0 ... in OS: biases finished...
net 0: 0.067043, 0.358425, 0.088560, 0.112197, 0.045936, 
net 0: 0.067043, 0.358425, 0.088560, 0.112197, 0.045936, 
net 1: -0.076277, 0.232674, -0.037339, 0.000440, -0.062317, 
net a: -0.004617, 0.295550, 0.025610, 0.056318, -0.008190,  weights finished
Aggregating layer 2 ... in OS: biases finished...
net 0: -0.138536, -0.221854, -0.067776, -0.088033, -0.031167, 
net 0: -0.138536, -0.221854, -0.067776, -0.088033, -0.031167, 
net 1: -0.080064, -0.147365, 0.009731, -0.043950, -0.012173, 
net a: -0.109300, -0.184609, -0.029022, -0.065992, -0.021670,  weights finished
Aggregating layer 4 ... in OS: biases finished...
net 0: -0.056624, 0.040771, 0.090386, -0.022645, -0.028025, 
net 0: -0.056624, 0.040771, 0.090386, -0.022645, -0.028025, 
net 1: -0.057659, 0.033675, 0.080317, -0.035491, -0.034917, 
net a: -0.057142, 0.037223, 0.085351, -0.029068, -0.031471,  weights finished
Aggregating layer 6 ... inside SGX: biases finished...
net 0: 18040305338220030578804129792.000000, 23414122517209216307953664.000000, 10839298085486592.000000, -9156808.000000, -67933761328744759296.000000, 
net 1: -0.000000, 0.000000, -2898162381819988784483633213181263872.000000, 0.000000, 0.000000, 
net a: -3603599360.000000, -3026903803814206693854674944.000000, 0.000001, -0.000000, 0.000002,  weights finished
Aggregating layer 8 ... inside SGX: biases finished...
net 0: 608852741745943610067541736629993472.000000, 0.000000, -0.622430, 0.000000, 0.000000, 
net 1: -0.000000, -0.000201, 29101548863039050423992320.000000, 0.000000, 0.000000, 
net a: -0.000000, -44003936436224.000000, -0.000007, -19127152655302918144.000000, 0.000000,  weights finished

19:33:19 INFO  [uk.ac.ic.do.fl.se.im.TaskService] (vert.x-worker-thread-1) outlier_fractions=[0.0, 0.0]
19:33:19 INFO  [uk.ac.ic.do.fl.se.im.TaskService] (vert.x-worker-thread-1) Number of participants: 2
load weights of p-1: ./results/mnist//proj14/mnist_lenet_c1.weights

tee--- net 0: -0.024819, 0.043918, -0.052436, -0.015484, -0.026515, 
tee--- net 1: -0.008664, 0.001310, -0.003375, -0.004936, -0.001690, 
tee--- net a: -0.016742, 0.022614, -0.027906, -0.010210, -0.014103, 
tee--- net 0: -0.096646, -0.101946, 0.060524, 0.072316, -0.047488, 
tee--- net 1: -0.099450, -0.097432, 0.080899, 0.081697, -0.040615, 
tee--- net a: -0.098048, -0.099689, 0.070711, 0.077007, -0.044052, 
tee--- net 0: -0.169522, 0.354923, -0.129588, -0.175423, 0.095374, 
tee--- net 1: -0.011032, 0.039860, -0.012217, -0.010992, -0.001109, 
tee--- net a: -0.090277, 0.197391, -0.070902, -0.093208, 0.047132, 
tee--- net 0: -0.055460, -0.121246, 0.086781, 0.100826, 0.064314, 
tee--- net 1: -0.061039, -0.115607, 0.080522, 0.102715, 0.034450, 
load weights of p-2: ./results/mnist//proj14/mnist_lenet_c0.weights
Aggregating layer 0 ... in OS: biases finished...
net 0: -0.004608, 0.295559, 0.025620, 0.056327, -0.008182, 
net 0: -0.004608, 0.295559, 0.025620, 0.056327, -0.008182, 
net 1: -0.079996, 0.226686, -0.044328, -0.007773, -0.072658, 
net a: -0.042302, 0.261123, -0.009354, 0.024277, -0.040420,  weights finished
Aggregating layer 2 ... in OS: biases finished...
net 0: -0.109301, -0.184611, -0.029025, -0.065994, -0.021671, 
net 0: -0.109301, -0.184611, -0.029025, -0.065994, -0.021671, 
net 1: -0.082747, -0.148110, 0.011173, -0.049067, -0.023503, 
net a: -0.096024, -0.166360, -0.008926, -0.057530, -0.022587,  weights finished
Aggregating layer 4 ... in OS: biases finished...
net 0: -0.057142, 0.037223, 0.085352, -0.029066, -0.031470, 
net 0: -0.057142, 0.037223, 0.085352, -0.029066, -0.031470, 
net 1: -0.058042, 0.034225, 0.079490, -0.036908, -0.035342, 
net a: -0.057592, 0.035724, 0.082421, -0.032987, -0.033406,  weights finished
Aggregating layer 6 ... inside SGX: biases finished...
net 0: -0.000000, 5237046098831640136131184427008.000000, 16319579.000000, -0.000000, -323532889398918066555563456005509480448.000000, 
net 1: -0.000000, -0.074839, -0.000000, -0.000000, 0.000000, 
net a: -0.000000, 11218765995201676616118743626416128.000000, -0.429470, -0.000000, -2394238309313661663424254774760964096.000000,  weights finished
Aggregating layer 8 ... inside SGX: biases finished...
net 0: -269668411985135545614336.000000, -0.000000, -0.000000, -0.000000, -0.000000, 
net 1: 855.747620, -7697522026629562368.000000, -0.000000, -0.000000, 16741293883392.000000, 
net a: 134.925156, -0.000000, -23184.539062, -0.000000, 1.374733,  weights finished

19:36:37 INFO  [uk.ac.ic.do.fl.se.im.TaskService] (vert.x-worker-thread-2) outlier_fractions=[0.0, 0.0]
19:36:37 INFO  [uk.ac.ic.do.fl.se.im.TaskService] (vert.x-worker-thread-2) Number of participants: 2
load weights of p-1: ./results/mnist//proj14/mnist_lenet_c1.weights

tee--- net 0: -0.024819, 0.043919, -0.052437, -0.015484, -0.026515, 
tee--- net 1: -0.022731, 0.055640, -0.061001, -0.013460, -0.029008, 
tee--- net a: -0.023775, 0.049779, -0.056719, -0.014472, -0.027762, 
tee--- net 0: -0.096646, -0.101946, 0.060525, 0.072316, -0.047488, 
tee--- net 1: -0.095866, -0.102883, 0.053077, 0.078500, -0.050648, 
tee--- net a: -0.096256, -0.102414, 0.056801, 0.075408, -0.049068, 
tee--- net 0: -0.169524, 0.354923, -0.129586, -0.175425, 0.095374, 
tee--- net 1: -0.191731, 0.423832, -0.155725, -0.204065, 0.087222, 
tee--- net a: -0.180628, 0.389377, -0.142656, -0.189745, 0.091298, 
tee--- net 0: -0.055460, -0.121246, 0.086781, 0.100826, 0.064313, 
tee--- net 1: -0.061643, -0.127380, 0.090863, 0.101171, 0.085580, 
load weights of p-2: ./results/mnist//proj14/mnist_lenet_c0.weights
Aggregating layer 0 ... in OS: biases finished...
net 0: -0.004609, 0.295559, 0.025619, 0.056327, -0.008182, 
net 0: -0.004609, 0.295559, 0.025619, 0.056327, -0.008182, 
net 1: 0.045736, 0.344407, 0.076136, 0.103534, 0.039461, 
net a: 0.020563, 0.319983, 0.050877, 0.079931, 0.015639,  weights finished
Aggregating layer 2 ... in OS: biases finished...
net 0: -0.109301, -0.184611, -0.029024, -0.065993, -0.021671, 
net 0: -0.109301, -0.184611, -0.029024, -0.065993, -0.021671, 
net 1: -0.117281, -0.197769, -0.045540, -0.075247, -0.026056, 
net a: -0.113291, -0.191190, -0.037282, -0.070620, -0.023864,  weights finished
Aggregating layer 4 ... in OS: biases finished...
net 0: -0.057142, 0.037223, 0.085352, -0.029067, -0.031470, 
net 0: -0.057142, 0.037223, 0.085352, -0.029067, -0.031470, 
net 1: -0.057137, 0.037548, 0.086474, -0.026603, -0.031509, 
net a: -0.057139, 0.037386, 0.085913, -0.027835, -0.031489,  weights finished
Aggregating layer 6 ... inside SGX: biases finished...
net 0: -0.000000, -0.000903, 0.000000, 0.953871, -102403779957096448.000000, 
net 1: 3016.290527, -296416789976317952.000000, 62553.953125, -0.000000, 841299431990572875776000.000000, 
net a: -9263236680983975669550493458235392.000000, -21727200786853658624.000000, 0.000030, -0.000000, 153766410648129310175300419584.000000,  weights finished
Aggregating layer 8 ... inside SGX: biases finished...
net 0: -0.391181, -0.000000, 0.000000, -0.000000, 0.000000, 
net 1: 0.000000, 0.000340, 8607879270796550706990683938357248.000000, 57587733934221356485618696192.000000, 0.000000, 
net a: 213277507985339863531520.000000, -4817015703138913761042095931392.000000, 33167677440.000000, 10503566.000000, -nan,  weights finished

19:42:59 INFO  [uk.ac.ic.do.fl.se.im.TaskService] (vert.x-worker-thread-2) outlier_fractions=[0.0, 0.0]
19:42:59 INFO  [uk.ac.ic.do.fl.se.im.TaskService] (vert.x-worker-thread-2) Number of participants: 2
load weights of p-1: ./results/mnist//proj14/mnist_lenet_c1.weights

tee--- net 0: -0.011542, 0.027655, -0.030672, -0.011308, -0.015052, 
tee--- net 1: -0.016741, 0.022614, -0.027906, -0.010210, -0.014102, 
tee--- net a: -0.014141, 0.025135, -0.029289, -0.010759, -0.014577, 
tee--- net 0: -0.097305, -0.099589, 0.069353, 0.079346, -0.046003, 
tee--- net 1: -0.098048, -0.099689, 0.070711, 0.077007, -0.044052, 
tee--- net a: -0.097676, -0.099639, 0.070032, 0.078176, -0.045027, 
tee--- net 0: -0.093504, 0.208194, -0.078139, -0.106699, 0.047383, 
tee--- net 1: -0.090277, 0.197390, -0.070902, -0.093207, 0.047134, 
tee--- net a: -0.091890, 0.202792, -0.074521, -0.099953, 0.047258, 
tee--- net 0: -0.060204, -0.120009, 0.087630, 0.101789, 0.059213, 
tee--- net 1: -0.058250, -0.118426, 0.083652, 0.101771, 0.049383, 
load weights of p-2: ./results/mnist//proj14/mnist_lenet_c0.weights
Aggregating layer 0 ... in OS: biases finished...
net 0: -0.005487, 0.297763, 0.026610, 0.057996, -0.009832, 
net 0: -0.005487, 0.297763, 0.026610, 0.057996, -0.009832, 
net 1: -0.042300, 0.261125, -0.009352, 0.024279, -0.040418, 
net a: -0.023893, 0.279444, 0.008629, 0.041138, -0.025125,  weights finished
Aggregating layer 2 ... in OS: biases finished...
net 0: -0.099478, -0.172192, -0.016041, -0.062178, -0.024508, 
net 0: -0.099478, -0.172192, -0.016041, -0.062178, -0.024508, 
net 1: -0.096024, -0.166361, -0.008926, -0.057531, -0.022587, 
net a: -0.097751, -0.169276, -0.012484, -0.059854, -0.023547,  weights finished
Aggregating layer 4 ... in OS: biases finished...
net 0: -0.057600, 0.036089, 0.084189, -0.029906, -0.030909, 
net 0: -0.057600, 0.036089, 0.084189, -0.029906, -0.030909, 
net 1: -0.057592, 0.035724, 0.082421, -0.032987, -0.033406, 
net a: -0.057596, 0.035906, 0.083305, -0.031447, -0.032157,  weights finished
Aggregating layer 6 ... inside SGX: biases finished...
net 0: -0.000000, 0.000000, 1569752.875000, 0.000000, 0.000000, 
net 1: -1554786929967550785873097383865221120.000000, -1198705938524925729234827083776.000000, -0.000000, 0.000000, -2173954818048.000000, 
net a: -0.000000, -0.000000, -0.000000, 0.000000, -0.000000,  weights finished
Aggregating layer 8 ... inside SGX: biases finished...
net 0: 1219961584647643411412397230789754880.000000, 0.000302, -0.000000, 12648984427918335672320.000000, 7911717888.000000, 
net 1: -0.000000, 970.994446, -5666.798340, -44388936881237841979975367917568.000000, -0.000000, 
net a: -0.172766, 0.000000, -0.000000, 77.491028, -32496457198031075278848.000000,  weights finished

19:47:09 INFO  [uk.ac.ic.do.fl.se.im.TaskService] (vert.x-worker-thread-2) outlier_fractions=[0.0, 0.0]
19:47:09 INFO  [uk.ac.ic.do.fl.se.im.TaskService] (vert.x-worker-thread-2) Number of participants: 2
load weights of p-1: ./results/mnist//proj14/mnist_lenet_c1.weights

tee--- net 0: -0.023774, 0.049780, -0.056719, -0.014471, -0.027762, 
tee--- net 1: -0.016741, 0.022614, -0.027905, -0.010210, -0.014102, 
tee--- net a: -0.020258, 0.036197, -0.042312, -0.012341, -0.020932, 
tee--- net 0: -0.096256, -0.102414, 0.056801, 0.075409, -0.049068, 
tee--- net 1: -0.098048, -0.099689, 0.070711, 0.077007, -0.044052, 
tee--- net a: -0.097152, -0.101052, 0.063756, 0.076208, -0.046560, 
tee--- net 0: -0.180627, 0.389378, -0.142657, -0.189746, 0.091298, 
tee--- net 1: -0.090278, 0.197391, -0.070901, -0.093208, 0.047133, 
tee--- net a: -0.135452, 0.293385, -0.106779, -0.141477, 0.069215, 
tee--- net 0: -0.058551, -0.124313, 0.088823, 0.100999, 0.074948, 
tee--- net 1: -0.058250, -0.118426, 0.083652, 0.101771, 0.049383, 
load weights of p-2: ./results/mnist//proj14/mnist_lenet_c0.weights
Aggregating layer 0 ... in OS: biases finished...
net 0: 0.020569, 0.319989, 0.050884, 0.079937, 0.015645, 
net 0: 0.020569, 0.319989, 0.050884, 0.079937, 0.015645, 
net 1: -0.042299, 0.261126, -0.009351, 0.024280, -0.040417, 
net a: -0.010865, 0.290557, 0.020766, 0.052108, -0.012386,  weights finished
Aggregating layer 2 ... in OS: biases finished...
net 0: -0.113291, -0.191190, -0.037283, -0.070621, -0.023864, 
net 0: -0.113291, -0.191190, -0.037283, -0.070621, -0.023864, 
net 1: -0.096024, -0.166361, -0.008926, -0.057531, -0.022587, 
net a: -0.104658, -0.178775, -0.023105, -0.064076, -0.023225,  weights finished
Aggregating layer 4 ... in OS: biases finished...
net 0: -0.057139, 0.037386, 0.085913, -0.027834, -0.031489, 
net 0: -0.057139, 0.037386, 0.085913, -0.027834, -0.031489, 
net 1: -0.057592, 0.035724, 0.082421, -0.032987, -0.033406, 
net a: -0.057366, 0.036555, 0.084167, -0.030411, -0.032447,  weights finished
Aggregating layer 6 ... inside SGX: biases finished...
net 0: -0.000002, -0.000000, 3033586432.000000, 555988924665302101807595520.000000, 641907032064.000000, 
net 1: 0.000019, 0.000000, -75.074799, 0.074402, -0.000000, 
net a: -0.000000, 30235894822059385246930851332096.000000, 35.987419, -85698642985851654281640129069056.000000, 496903980338780315844608.000000,  weights finished
Aggregating layer 8 ... inside SGX: biases finished...
net 0: -0.000003, 8987707082539008.000000, -0.000000, 0.000000, -0.000000, 
net 1: -515385572984931483648.000000, 7379438010368.000000, 396762502135808.000000, -629902152072740647652795506229248.000000, -0.000000, 
net a: -131814582128738304.000000, -0.006670, 5983880008196745250065711149113933824.000000, -0.000000, -0.000000,  weights finished

19:54:03 INFO  [uk.ac.ic.do.fl.se.im.TaskService] (vert.x-worker-thread-2) outlier_fractions=[0.0, 0.0]
19:54:03 INFO  [uk.ac.ic.do.fl.se.im.TaskService] (vert.x-worker-thread-2) Number of participants: 2
load weights of p-1: ./results/mnist//proj14/mnist_lenet_c1.weights

tee--- net 0: -0.014141, 0.025135, -0.029289, -0.010759, -0.014577, 
tee--- net 1: -0.024171, 0.059754, -0.063695, -0.012480, -0.032385, 
tee--- net a: -0.019156, 0.042445, -0.046492, -0.011620, -0.023481, 
tee--- net 0: -0.097676, -0.099639, 0.070032, 0.078176, -0.045027, 
tee--- net 1: -0.096924, -0.102082, 0.049791, 0.078178, -0.052970, 
tee--- net a: -0.097300, -0.100860, 0.059912, 0.078177, -0.048998, 
tee--- net 0: -0.091890, 0.202792, -0.074521, -0.099953, 0.047258, 
tee--- net 1: -0.201600, 0.461662, -0.168258, -0.211304, 0.080668, 
tee--- net a: -0.146745, 0.332227, -0.121389, -0.155629, 0.063963, 
tee--- net 0: -0.059227, -0.119218, 0.085641, 0.101780, 0.054298, 
tee--- net 1: -0.057432, -0.125632, 0.091227, 0.105792, 0.091393, 
load weights of p-2: ./results/mnist//proj14/mnist_lenet_c0.weights
Aggregating layer 0 ... in OS: biases finished...
net 0: -0.023893, 0.279444, 0.008630, 0.041138, -0.025125, 
net 0: -0.023893, 0.279444, 0.008630, 0.041138, -0.025125, 
net 1: 0.051339, 0.349950, 0.083540, 0.112060, 0.049658, 
net a: 0.013723, 0.314697, 0.046085, 0.076599, 0.012266,  weights finished
Aggregating layer 2 ... in OS: biases finished...
net 0: -0.097751, -0.169276, -0.012484, -0.059854, -0.023547, 
net 0: -0.097751, -0.169276, -0.012484, -0.059854, -0.023547, 
net 1: -0.120021, -0.201716, -0.047674, -0.075267, -0.023545, 
net a: -0.108886, -0.185496, -0.030079, -0.067561, -0.023546,  weights finished
Aggregating layer 4 ... in OS: biases finished...
net 0: -0.057596, 0.035906, 0.083305, -0.031447, -0.032157, 
net 0: -0.057596, 0.035906, 0.083305, -0.031447, -0.032157, 
net 1: -0.057093, 0.038433, 0.087954, -0.025403, -0.032171, 
net a: -0.057344, 0.037170, 0.085630, -0.028425, -0.032164,  weights finished
Aggregating layer 6 ... inside SGX: biases finished...
net 0: -0.000000, -0.000000, -0.000000, 0.000000, -0.000000, 
net 1: 0.000000, 95770795673911296.000000, -502449.593750, -12516163913252864.000000, -0.000000, 
net a: 0.000000, -48829914168194785869824.000000, 3502.254883, -0.000000, 0.000100,  weights finished
Aggregating layer 8 ... inside SGX: biases finished...
net 0: -507991687212159342012063023104.000000, -44977263426994259126676094976.000000, 0.000000, 0.000000, -163463967126130715000832.000000, 
net 1: 0.000000, 63913734749290496.000000, -6752509643304446938054656.000000, -0.000000, 0.867170, 
net a: 137848427064066048.000000, -0.000000, -10314228967552186699442713656916180992.000000, -0.000000, -26584624373075916500238336.000000,  weights finished

20:00:56 INFO  [uk.ac.ic.do.fl.se.im.TaskService] (vert.x-worker-thread-2) outlier_fractions=[0.0, 0.0]
20:00:56 INFO  [uk.ac.ic.do.fl.se.im.TaskService] (vert.x-worker-thread-2) Number of participants: 2
load weights of p-1: ./results/mnist//proj14/mnist_lenet_c1.weights

tee--- net 0: -0.020256, 0.036197, -0.042312, -0.012340, -0.020932, 
tee--- net 1: -0.020257, 0.036197, -0.042312, -0.012340, -0.020932, 
tee--- net a: -0.020257, 0.036197, -0.042312, -0.012340, -0.020932, 
tee--- net 0: -0.097152, -0.101052, 0.063756, 0.076208, -0.046560, 
tee--- net 1: -0.097152, -0.101052, 0.063756, 0.076208, -0.046560, 
tee--- net a: -0.097152, -0.101052, 0.063756, 0.076208, -0.046560, 
tee--- net 0: -0.135453, 0.293385, -0.106779, -0.141477, 0.069215, 
tee--- net 1: -0.135452, 0.293385, -0.106780, -0.141477, 0.069215, 
tee--- net a: -0.135452, 0.293385, -0.106780, -0.141477, 0.069215, 
tee--- net 0: -0.058400, -0.121370, 0.086238, 0.101385, 0.062166, 
tee--- net 1: -0.058401, -0.121370, 0.086237, 0.101385, 0.062166, 
load weights of p-2: ./results/mnist//proj14/mnist_lenet_c0.weights
Aggregating layer 0 ... in OS: biases finished...
net 0: -0.010861, 0.290561, 0.020770, 0.052112, -0.012383, 
net 0: -0.010861, 0.290561, 0.020770, 0.052112, -0.012383, 
net 1: -0.010862, 0.290561, 0.020770, 0.052112, -0.012383, 
net a: -0.010862, 0.290561, 0.020770, 0.052112, -0.012383,  weights finished
Aggregating layer 2 ... in OS: biases finished...
net 0: -0.104658, -0.178776, -0.023106, -0.064077, -0.023226, 
net 0: -0.104658, -0.178776, -0.023106, -0.064077, -0.023226, 
net 1: -0.104658, -0.178776, -0.023106, -0.064077, -0.023226, 
net a: -0.104658, -0.178776, -0.023106, -0.064077, -0.023226,  weights finished
Aggregating layer 4 ... in OS: biases finished...
net 0: -0.057366, 0.036555, 0.084167, -0.030410, -0.032447, 
net 0: -0.057366, 0.036555, 0.084167, -0.030410, -0.032447, 
net 1: -0.057366, 0.036555, 0.084167, -0.030410, -0.032447, 
net a: -0.057366, 0.036555, 0.084167, -0.030410, -0.032447,  weights finished
Aggregating layer 6 ... inside SGX: biases finished...
net 0: 7.981519, 1641460531200.000000, 0.021021, -0.000000, 56014.871094, 
net 1: 114607955968.000000, 28.505415, 0.000000, -746562453504.000000, -291962136925105853745301338890174464.000000, 
net a: -0.001218, -15139229254115529543203652609507328.000000, 0.000000, -0.000001, -2771903364676687233024.000000,  weights finished
Aggregating layer 8 ... inside SGX: biases finished...
net 0: 5987696048603136.000000, -7077.400391, 9335906856140125705137759297994752.000000, 0.000000, 15355848957425504256618659840.000000, 
net 1: 418027178452901167104.000000, 6037036632899584.000000, -1431286579200.000000, -0.000000, -18141125335425359405907968.000000, 
net a: -59819906938193488455392867033022464.000000, 0.000000, -21563031354571989057695383552.000000, 123702214656.000000, 680671655143474724864.000000,  weights finished

20:06:02 INFO  [uk.ac.ic.do.fl.se.im.TaskService] (vert.x-worker-thread-2) outlier_fractions=[0.0, 0.0]
20:06:02 INFO  [uk.ac.ic.do.fl.se.im.TaskService] (vert.x-worker-thread-2) Number of participants: 2
load weights of p-1: ./results/mnist//proj14/mnist_lenet_c1.weights

tee--- net 0: -0.019156, 0.042445, -0.046492, -0.011619, -0.023481, 
tee--- net 1: -0.018411, 0.044176, -0.047494, -0.011237, -0.023390, 
tee--- net a: -0.018784, 0.043310, -0.046993, -0.011428, -0.023435, 
tee--- net 0: -0.097300, -0.100860, 0.059912, 0.078177, -0.048998, 
tee--- net 1: -0.097248, -0.100943, 0.058643, 0.078791, -0.049507, 
tee--- net a: -0.097274, -0.100902, 0.059277, 0.078484, -0.049253, 
tee--- net 0: -0.146745, 0.332227, -0.121389, -0.155629, 0.063963, 
tee--- net 1: -0.148940, 0.340279, -0.125486, -0.160012, 0.062876, 
tee--- net a: -0.147842, 0.336253, -0.123437, -0.157820, 0.063420, 
tee--- net 0: -0.058329, -0.122425, 0.088434, 0.103786, 0.072845, 
tee--- net 1: -0.058791, -0.123130, 0.089664, 0.104836, 0.077977, 
load weights of p-2: ./results/mnist//proj14/mnist_lenet_c0.weights
Aggregating layer 0 ... in OS: biases finished...
net 0: 0.013723, 0.314697, 0.046085, 0.076599, 0.012267, 
net 0: 0.013723, 0.314697, 0.046085, 0.076599, 0.012267, 
net 1: 0.024368, 0.325628, 0.056900, 0.086713, 0.022308, 
net a: 0.019046, 0.320163, 0.051492, 0.081656, 0.017287,  weights finished
Aggregating layer 2 ... in OS: biases finished...
net 0: -0.108886, -0.185496, -0.030079, -0.067561, -0.023546, 
net 0: -0.108886, -0.185496, -0.030079, -0.067561, -0.023546, 
net 1: -0.110270, -0.187294, -0.031993, -0.068563, -0.023726, 
net a: -0.109578, -0.186395, -0.031036, -0.068062, -0.023636,  weights finished
Aggregating layer 4 ... in OS: biases finished...
net 0: -0.057344, 0.037170, 0.085630, -0.028425, -0.032164, 
net 0: -0.057344, 0.037170, 0.085630, -0.028425, -0.032164, 
net 1: -0.057356, 0.037264, 0.086319, -0.027450, -0.031728, 
net a: -0.057350, 0.037217, 0.085974, -0.027937, -0.031946,  weights finished
Aggregating layer 6 ... inside SGX: biases finished...
net 0: -0.000000, -3493331236429041386625227106025472.000000, -662491489862942720.000000, -0.000000, 0.000000, 
net 1: -139918959627456570617495552.000000, 0.000000, -5538487415243496488960.000000, -1169325952.000000, -0.000000, 
net a: -201208987477368318071943169293003259904.000000, 0.000025, 581993998512795428301642369746337792.000000, -0.000000, -0.000000,  weights finished
Aggregating layer 8 ... inside SGX: biases finished...
net 0: 0.000000, 13627.323242, -0.000000, -0.000000, -1908.433594, 
net 1: -0.000000, 304889543017076097024.000000, 8638459793461831828242432.000000, -43928.187500, 321828856576270595352277195392286720.000000, 
net a: -0.000000, -0.000000, -1149046550752657408.000000, 150272554522393087836160.000000, 221753108349406518843819501289472.000000,  weights finished

20:10:44 INFO  [uk.ac.ic.do.fl.se.im.TaskService] (vert.x-worker-thread-2) outlier_fractions=[0.0, 0.0]
20:10:44 INFO  [uk.ac.ic.do.fl.se.im.TaskService] (vert.x-worker-thread-2) Number of participants: 2
load weights of p-1: ./results/mnist//proj14/mnist_lenet_c1.weights

tee--- net 0: -0.018785, 0.041138, -0.047215, -0.011750, -0.020594, 
tee--- net 1: -0.019156, 0.042445, -0.046492, -0.011620, -0.023481, 
tee--- net a: -0.018970, 0.041791, -0.046853, -0.011685, -0.022037, 
tee--- net 0: -0.096890, -0.101540, 0.059879, 0.078397, -0.048836, 
tee--- net 1: -0.097300, -0.100860, 0.059912, 0.078177, -0.048998, 
tee--- net a: -0.097095, -0.101200, 0.059896, 0.078287, -0.048917, 
tee--- net 0: -0.144216, 0.323155, -0.118001, -0.158956, 0.065591, 
tee--- net 1: -0.146745, 0.332227, -0.121389, -0.155629, 0.063963, 
tee--- net a: -0.145480, 0.327691, -0.119695, -0.157292, 0.064777, 
tee--- net 0: -0.059829, -0.121885, 0.088341, 0.103240, 0.077188, 
tee--- net 1: -0.058329, -0.122425, 0.088434, 0.103786, 0.072845, 
load weights of p-2: ./results/mnist//proj14/mnist_lenet_c0.weights
Aggregating layer 0 ... in OS: biases finished...
net 0: 0.024594, 0.326407, 0.055827, 0.085289, 0.020979, 
net 0: 0.024594, 0.326407, 0.055827, 0.085289, 0.020979, 
net 1: 0.013723, 0.314697, 0.046085, 0.076599, 0.012267, 
net a: 0.019159, 0.320552, 0.050956, 0.080944, 0.016623,  weights finished
Aggregating layer 2 ... in OS: biases finished...
net 0: -0.108674, -0.186919, -0.033267, -0.070145, -0.024956, 
net 0: -0.108674, -0.186919, -0.033267, -0.070145, -0.024956, 
net 1: -0.108886, -0.185496, -0.030079, -0.067561, -0.023546, 
net a: -0.108780, -0.186208, -0.031673, -0.068853, -0.024251,  weights finished
Aggregating layer 4 ... in OS: biases finished...
net 0: -0.057360, 0.037161, 0.085898, -0.028147, -0.031701, 
net 0: -0.057360, 0.037161, 0.085898, -0.028147, -0.031701, 
net 1: -0.057344, 0.037170, 0.085630, -0.028425, -0.032164, 
net a: -0.057352, 0.037166, 0.085764, -0.028286, -0.031932,  weights finished
Aggregating layer 6 ... inside SGX: biases finished...
net 0: -0.000000, -0.000000, -26486859890688.000000, -0.000000, 18838916.000000, 
net 1: -0.000000, 0.000000, -0.000000, 0.000000, -0.000000, 
net a: 0.000000, 33688840568832.000000, 63508108125397236254286807040.000000, -0.000000, -0.000000,  weights finished
Aggregating layer 8 ... inside SGX: biases finished...
net 0: -1200911447184365322911088640.000000, 685615296.000000, -0.000000, -1583.024170, 0.000000, 
net 1: -964309568.000000, -2318191820800.000000, -417.477448, 0.000000, 40521490432.000000, 
net a: 0.000000, -0.000000, -1791883080316973225251182051590144.000000, 523464463643312128.000000, -2702690.500000,  weights finished

20:17:39 INFO  [uk.ac.ic.do.fl.se.im.TaskService] (vert.x-worker-thread-2) outlier_fractions=[0.0, 0.0]
20:17:39 INFO  [uk.ac.ic.do.fl.se.im.TaskService] (vert.x-worker-thread-2) Number of participants: 2
load weights of p-1: ./results/mnist//proj14/mnist_lenet_c1.weights

tee--- net 0: -0.018970, 0.041791, -0.046853, -0.011685, -0.022037, 
tee--- net 1: -0.020257, 0.036198, -0.042313, -0.012340, -0.020932, 
tee--- net a: -0.019613, 0.038994, -0.044583, -0.012013, -0.021485, 
tee--- net 0: -0.097095, -0.101200, 0.059896, 0.078287, -0.048917, 
tee--- net 1: -0.097152, -0.101052, 0.063756, 0.076208, -0.046560, 
tee--- net a: -0.097123, -0.101126, 0.061826, 0.077247, -0.047739, 
tee--- net 0: -0.145480, 0.327691, -0.119695, -0.157292, 0.064777, 
tee--- net 1: -0.135452, 0.293385, -0.106780, -0.141477, 0.069216, 
tee--- net a: -0.140466, 0.310538, -0.113237, -0.149384, 0.066996, 
tee--- net 0: -0.059079, -0.122155, 0.088387, 0.103513, 0.075017, 
tee--- net 1: -0.058400, -0.121370, 0.086238, 0.101385, 0.062167, 
load weights of p-2: ./results/mnist//proj14/mnist_lenet_c0.weights
Aggregating layer 0 ... in OS: biases finished...
net 0: 0.019159, 0.320552, 0.050956, 0.080944, 0.016623, 
net 0: 0.019159, 0.320552, 0.050956, 0.080944, 0.016623, 
net 1: -0.010859, 0.290564, 0.020773, 0.052115, -0.012380, 
net a: 0.004150, 0.305558, 0.035865, 0.066529, 0.002121,  weights finished
Aggregating layer 2 ... in OS: biases finished...
net 0: -0.108780, -0.186208, -0.031673, -0.068853, -0.024251, 
net 0: -0.108780, -0.186208, -0.031673, -0.068853, -0.024251, 
net 1: -0.104658, -0.178776, -0.023106, -0.064077, -0.023226, 
net a: -0.106719, -0.182492, -0.027390, -0.066465, -0.023739,  weights finished
Aggregating layer 4 ... in OS: biases finished...
net 0: -0.057352, 0.037166, 0.085764, -0.028286, -0.031932, 
net 0: -0.057352, 0.037166, 0.085764, -0.028286, -0.031932, 
net 1: -0.057366, 0.036555, 0.084168, -0.030410, -0.032446, 
net a: -0.057359, 0.036860, 0.084966, -0.029348, -0.032189,  weights finished
Aggregating layer 6 ... inside SGX: biases finished...
net 0: 0.000000, 33688840568832.000000, 63508108125397236254286807040.000000, -0.000000, 1501814.375000, 
net 1: -0.000000, -0.000000, 6748677272271215539150389248000.000000, -1407428114649347344962699657216.000000, 0.000000, 
net a: -3.640136, 396586.906250, -0.000000, 0.000000, -2164574.000000,  weights finished
Aggregating layer 8 ... inside SGX: biases finished...
net 0: -986810679296000.000000, 0.000000, 0.000000, -0.000000, -0.000000, 
net 1: -0.000000, -2417265522759353843580928.000000, -111446253568.000000, -0.000000, 0.000000, 
net a: -0.000000, 0.000000, 0.000000, -252223792703602688.000000, -2889004253071516282912768.000000,  weights finished

