20:55:16 INFO  [or.hi.to.sc.in.ex.GenerationTargetToDatabase] (JPA Startup Thread) HHH000476: Executing script 'file:/home/hh2119/workspace/java/fleet/target/classes/import.sql'
20:55:16 INFO  [io.qu.sc.ru.SimpleScheduler] (Quarkus Main Thread) No scheduled business methods found - Simple scheduler will not be started
20:55:16 INFO  [io.sm.re.me.kafka] (Quarkus Main Thread) SRMSG18229: Configured topics for channel 'client-done-tasks': [client-done-tasks]
20:55:16 INFO  [io.sm.re.me.kafka] (Quarkus Main Thread) SRMSG18214: Key deserializer omitted, using String as default
20:55:16 INFO  [or.ap.ka.co.se.au.AbstractLogin] (smallrye-kafka-consumer-thread-0) Successfully logged in.
20:55:17 INFO  [io.sm.re.me.kafka] (Quarkus Main Thread) SRMSG18229: Configured topics for channel 'incoming-server-todo-tasks': [server-todo-tasks]
20:55:17 INFO  [io.sm.re.me.kafka] (Quarkus Main Thread) SRMSG18214: Key deserializer omitted, using String as default
20:55:17 WARN  [or.ap.ka.cl.co.ConsumerConfig] (smallrye-kafka-consumer-thread-1) These configurations '[max.request.size]' were supplied but are not used yet.
20:55:17 INFO  [io.sm.re.me.kafka] (smallrye-kafka-producer-thread-0) SRMSG18258: Kafka producer kafka-producer-client-todo-tasks, connected to Kafka brokers 'pkc-41mxj.uksouth.azure.confluent.cloud:9092', is configured to write records to 'client-todo-tasks'
20:55:17 INFO  [io.sm.re.me.kafka] (smallrye-kafka-producer-thread-1) SRMSG18258: Kafka producer kafka-producer-outgoing-server-todo-tasks, connected to Kafka brokers 'pkc-41mxj.uksouth.azure.confluent.cloud:9092', is configured to write records to 'server-todo-tasks'
20:55:17 INFO  [io.sm.re.me.kafka] (smallrye-kafka-consumer-thread-0) SRMSG18257: Kafka consumer kafka-consumer-client-done-tasks, connected to Kafka brokers 'pkc-41mxj.uksouth.azure.confluent.cloud:9092', belongs to the 'fleet-server' consumer group and is configured to poll records from [client-done-tasks]
20:55:17 INFO  [io.sm.re.me.kafka] (smallrye-kafka-consumer-thread-1) SRMSG18257: Kafka consumer kafka-consumer-incoming-server-todo-tasks, connected to Kafka brokers 'pkc-41mxj.uksouth.azure.confluent.cloud:9092', belongs to the 'fleet-server' consumer group and is configured to poll records from [server-todo-tasks]
20:55:18 INFO  [io.quarkus] (Quarkus Main Thread) fleet-server 1.0.0-SNAPSHOT on JVM (powered by Quarkus 3.0.3.Final) started in 27.606s. Listening on: http://0.0.0.0:8080 and https://0.0.0.0:8443
20:55:18 INFO  [io.quarkus] (Quarkus Main Thread) Profile dev activated. Live Coding activated.
20:55:18 INFO  [io.quarkus] (Quarkus Main Thread) Installed features: [agroal, cdi, hibernate-orm, hibernate-orm-panache, jdbc-h2, jdbc-mysql, kafka-client, micrometer, narayana-jta, rest-client-reactive, resteasy-reactive, resteasy-reactive-jackson, scheduler, security, security-jpa, smallrye-context-propagation, smallrye-reactive-messaging, smallrye-reactive-messaging-kafka, spring-data-jpa, spring-di, vertx]
21:06:36 INFO  [io.sm.re.me.kafka] (vert.x-eventloop-thread-0) SRMSG18256: Initialize record store for topic-partition 'client-done-tasks-0' at position 1285.
21:09:41 INFO  [io.sm.re.me.kafka] (vert.x-eventloop-thread-1) SRMSG18256: Initialize record store for topic-partition 'server-todo-tasks-0' at position 209.
21:09:42 INFO  [uk.ac.ic.do.fl.se.im.TaskService] (vert.x-worker-thread-2) Number of participants: 3
load weights of p-1: ./results/mnist//proj1/mnist_lenet_c1.weights
load weights of p-2: ./results/mnist//proj1/mnist_lenet_c2.weights

tee--- net 0: -0.096203, 0.291638, -0.024131, -0.027714, 0.002043, 
tee--- net 1: 0.008280, 0.003675, -0.011055, -0.006770, -0.005244, 
tee--- net 1: -0.012053, 0.006598, -0.021591, -0.001281, -0.009241, 
tee--- net a: -0.033325, 0.100637, -0.018926, -0.011922, -0.004147, 
tee--- net 0: -0.111546, -0.100236, 0.076810, 0.062435, -0.060369, 
tee--- net 1: -0.098273, -0.098633, 0.089496, 0.082793, -0.040055, 
tee--- net 1: -0.103519, -0.096805, 0.082460, 0.076720, -0.036806, 
tee--- net a: -0.104446, -0.098558, 0.082922, 0.073982, -0.045743, 
tee--- net 0: -0.448636, 0.873681, -0.251408, -0.319871, 0.030482, 
tee--- net 1: -0.026311, 0.064114, -0.017986, -0.015555, -0.011821, 
tee--- net 1: -0.026988, 0.061753, -0.008614, -0.031424, 0.000495, 
tee--- net a: -0.167312, 0.333183, -0.092670, -0.122283, 0.006385, 
tee--- net 0: -0.080387, -0.213917, 0.104045, 0.058802, 0.053219, 
tee--- net 1: -0.052018, -0.116418, 0.080583, 0.098974, 0.031682, 
tee--- net 1: -0.052070, -0.115111, 0.075957, 0.102768, 0.017588, 
load weights of p-3: ./results/mnist//proj1/mnist_lenet_c0.weights
Aggregating layer 0 ... in OS: biases finished...
net 0: -0.111626, 0.204113, -0.047862, -0.009630, -0.065402, 
net 1: -0.092694, 0.214718, -0.058705, -0.020772, -0.087874, 
net 2: -0.085139, 0.225369, -0.031301, 0.006302, -0.062111, 
net a: -0.096486, 0.214733, -0.045956, -0.008034, -0.071796,  weights finished
Aggregating layer 2 ... in OS: biases finished...
net 0: -0.082047, -0.150098, -0.000696, -0.061939, -0.021634, 
net 1: -0.085048, -0.151883, 0.006057, -0.045234, -0.014453, 
net 2: -0.084331, -0.155228, -0.004536, -0.064113, -0.029134, 
net a: -0.083809, -0.152403, 0.000275, -0.057095, -0.021740,  weights finished
Aggregating layer 4 ... in OS: biases finished...
net 0: -0.046119, 0.053941, 0.067526, -0.036898, -0.027051, 
net 1: -0.057994, 0.033808, 0.079675, -0.037131, -0.036794, 
net 2: -0.057928, 0.033929, 0.079301, -0.039560, -0.036448, 
net a: -0.054014, 0.040559, 0.075501, -0.037863, -0.033431,  weights finished
Aggregating layer 6 ... inside SGX: biases finished...
net 0: -0.000000, -0.000000, -0.000000, -236376707687722710374285312.000000, 1002007058581617682049671364608.000000, 
net 1: 6936335258500974923554705215848448.000000, -0.000000, 335241438860757783992028102656.000000, -439419647557632.000000, 0.000000, 
net 2: 0.006846, 0.000000, -513004809528279040.000000, 83978277094286741670922678685401088.000000, 33708447951379310699347968.000000, 
net a: 100941108547375834095471116156928.000000, -0.000000, 0.000000, -0.001990, -0.000000,  weights finished
Aggregating layer 8 ... inside SGX: biases finished...
net 0: -2.944905, -0.000000, 0.000000, 8389131871179316618330112.000000, 3640326594037284864.000000, 
net 1: 0.000000, 5784314149103701327872.000000, 882679532464493728371596466902269952.000000, -0.000000, -668528724691972245837467090944.000000, 
net 2: 0.000000, 761507676160.000000, 2072799870976.000000, -877221108208073486833089256443871232.000000, 0.000000, 
net a: -22268120925300850688.000000, 0.000000, 2138810047469263175811072.000000, 2185058.500000, -37042839904968883402964992.000000,  weights finished

21:19:42 INFO  [uk.ac.ic.do.fl.se.im.TaskService] (vert.x-worker-thread-2) Number of participants: 3
load weights of p-1: ./results/mnist//proj1/mnist_lenet_c1.weights
load weights of p-2: ./results/mnist//proj1/mnist_lenet_c2.weights

tee--- net 0: -0.052629, 0.183158, -0.024536, -0.013055, 0.005350, 
tee--- net 1: -0.033268, 0.100679, -0.018724, -0.011828, -0.003894, 
tee--- net 1: -0.033195, 0.100906, -0.018561, -0.011782, -0.003857, 
tee--- net a: -0.039697, 0.128248, -0.020607, -0.012222, -0.000800, 
tee--- net 0: -0.109086, -0.098565, 0.082291, 0.057363, -0.049195, 
tee--- net 1: -0.104431, -0.098557, 0.082930, 0.074008, -0.045765, 
tee--- net 1: -0.104442, -0.098559, 0.082920, 0.073999, -0.045767, 
tee--- net a: -0.105986, -0.098560, 0.082714, 0.068456, -0.046909, 
tee--- net 0: -0.253009, 0.549629, -0.209886, -0.214279, -0.094197, 
tee--- net 1: -0.166896, 0.332214, -0.092296, -0.122245, 0.006457, 
tee--- net 1: -0.167172, 0.332237, -0.092594, -0.122089, 0.006593, 
tee--- net a: -0.195692, 0.404693, -0.131592, -0.152871, -0.027049, 
tee--- net 0: -0.091365, -0.171774, 0.133186, 0.024757, 0.028288, 
tee--- net 1: -0.061466, -0.148489, 0.086902, 0.086825, 0.034281, 
tee--- net 1: -0.061467, -0.148479, 0.086990, 0.086795, 0.034311, 
load weights of p-3: ./results/mnist//proj1/mnist_lenet_c0.weights
Aggregating layer 0 ... in OS: biases finished...
net 0: -0.087874, 0.230012, -0.020468, 0.013395, -0.059088, 
net 1: -0.096415, 0.214846, -0.045821, -0.007915, -0.071670, 
net 2: -0.096443, 0.214847, -0.045772, -0.007839, -0.071626, 
net a: -0.093577, 0.219902, -0.037354, -0.000787, -0.067461,  weights finished
Aggregating layer 2 ... in OS: biases finished...
net 0: -0.084804, -0.155848, -0.007346, -0.059257, -0.022266, 
net 1: -0.083820, -0.152420, 0.000251, -0.057097, -0.021740, 
net 2: -0.083811, -0.152397, 0.000264, -0.057105, -0.021748, 
net a: -0.084145, -0.153555, -0.002277, -0.057820, -0.021918,  weights finished
Aggregating layer 4 ... in OS: biases finished...
net 0: -0.051495, 0.045931, 0.068750, -0.043312, -0.028031, 
net 1: -0.054005, 0.040575, 0.075528, -0.037823, -0.033391, 
net 2: -0.054012, 0.040573, 0.075526, -0.037832, -0.033394, 
net a: -0.053171, 0.042360, 0.073268, -0.039656, -0.031605,  weights finished
Aggregating layer 6 ... inside SGX: biases finished...
net 0: -2087705378816.000000, -238566491456232488960.000000, 0.000000, -1222218764755073162115284992.000000, 0.000000, 
net 1: 0.000000, 1285316895905660063493311635421921280.000000, -0.000000, 0.000000, -0.000000, 
net 2: 13512127908200318554326689896202240.000000, -0.000000, -2375953558599644654008391140638720.000000, 0.000000, 0.000000, 
net a: -0.000000, -0.000000, 0.000000, -14279847565023500700227855875833856.000000, 992515391488.000000,  weights finished
Aggregating layer 8 ... inside SGX: biases finished...
net 0: -244.693146, 17191223332585529376727116572455337984.000000, 0.000000, 0.000003, -0.000000, 
net 1: -0.000000, 0.000000, -0.000000, 0.000000, -11205850875362803712.000000, 
net 2: 4096424068970752763756544.000000, -0.000000, -0.000000, 1948133.125000, 0.000000, 
net a: 0.000000, 989150662202107235401728.000000, 95.775719, -0.000000, 0.000000,  weights finished

21:29:22 INFO  [uk.ac.ic.do.fl.se.im.TaskService] (vert.x-worker-thread-2) Number of participants: 3
load weights of p-1: ./results/mnist//proj1/mnist_lenet_c1.weights
load weights of p-2: ./results/mnist//proj1/mnist_lenet_c2.weights

tee--- net 0: -0.041167, 0.165532, -0.024476, -0.009095, 0.006846, 
tee--- net 1: -0.039696, 0.128315, -0.020537, -0.012176, -0.000724, 
tee--- net 1: -0.039697, 0.128336, -0.020501, -0.012195, -0.000739, 
tee--- net a: -0.040186, 0.140728, -0.021838, -0.011155, 0.001794, 
tee--- net 0: -0.105056, -0.099867, 0.082935, 0.059553, -0.047328, 
tee--- net 1: -0.105981, -0.098561, 0.082714, 0.068450, -0.046914, 
tee--- net 1: -0.105986, -0.098562, 0.082712, 0.068417, -0.046910, 
tee--- net a: -0.105674, -0.098997, 0.082787, 0.065473, -0.047051, 
tee--- net 0: -0.217854, 0.485514, -0.187480, -0.203425, -0.075188, 
tee--- net 1: -0.195604, 0.404702, -0.131644, -0.152878, -0.027129, 
tee--- net 1: -0.195639, 0.404635, -0.131675, -0.152871, -0.027085, 
tee--- net a: -0.203032, 0.431617, -0.150266, -0.169725, -0.043134, 
tee--- net 0: -0.083786, -0.157408, 0.115039, 0.040307, 0.046591, 
tee--- net 1: -0.071456, -0.156255, 0.102402, 0.066037, 0.032342, 
tee--- net 1: -0.071424, -0.156244, 0.102391, 0.066042, 0.032342, 
load weights of p-3: ./results/mnist//proj1/mnist_lenet_c0.weights
Aggregating layer 0 ... in OS: biases finished...
net 0: -0.088084, 0.228089, -0.026647, 0.012794, -0.055953, 
net 1: -0.093545, 0.219964, -0.037280, -0.000722, -0.067406, 
net 2: -0.093527, 0.219980, -0.037264, -0.000706, -0.067401, 
net a: -0.091719, 0.222678, -0.033730, 0.003789, -0.063587,  weights finished
Aggregating layer 2 ... in OS: biases finished...
net 0: -0.083729, -0.155106, -0.005883, -0.059442, -0.023073, 
net 1: -0.084150, -0.153561, -0.002287, -0.057818, -0.021918, 
net 2: -0.084155, -0.153565, -0.002282, -0.057815, -0.021918, 
net a: -0.084011, -0.154077, -0.003484, -0.058358, -0.022303,  weights finished
Aggregating layer 4 ... in OS: biases finished...
net 0: -0.052334, 0.045091, 0.071928, -0.041466, -0.028700, 
net 1: -0.053167, 0.042370, 0.073278, -0.039645, -0.031591, 
net 2: -0.053165, 0.042368, 0.073268, -0.039651, -0.031596, 
net a: -0.052889, 0.043276, 0.072824, -0.040254, -0.030629,  weights finished
Aggregating layer 6 ... inside SGX: biases finished...
net 0: -0.000000, 0.000000, -621.656616, -0.000000, 8675998405754682720340934656.000000, 
net 1: -1740419478107279263360467599360.000000, 0.000000, -0.000000, 0.000027, -417090640215993521171555017203646464.000000, 
net 2: -0.000000, 2476626825432977637376.000000, -3.142292, -4963478016.000000, 54250478204895306448896.000000, 
net a: -5.336872, -32564558544520018204815261696.000000, 0.000000, 0.000000, 0.000000,  weights finished
Aggregating layer 8 ... inside SGX: biases finished...
net 0: -0.000000, -0.000000, 0.000000, -275685569611375575183598573122977005568.000000, 0.000000, 
net 1: 35378576648035203242985554497320779776.000000, -0.000000, -282505786041565184.000000, 0.000000, 523661669758912766144413696.000000, 
net 2: 0.000000, -0.000000, 0.000000, 160910236986227294208.000000, -0.000000, 
net a: 32973775708137564667904.000000, -80245304.000000, 24.495661, -6837247860683575394304.000000, -0.000143,  weights finished

21:38:53 INFO  [uk.ac.ic.do.fl.se.im.TaskService] (vert.x-worker-thread-2) Number of participants: 3
load weights of p-1: ./results/mnist//proj1/mnist_lenet_c1.weights
load weights of p-2: ./results/mnist//proj1/mnist_lenet_c2.weights

tee--- net 0: -0.042936, 0.158058, -0.020001, -0.010512, 0.003454, 
tee--- net 1: -0.040189, 0.140770, -0.021808, -0.011148, 0.001819, 
tee--- net 1: -0.040184, 0.140770, -0.021815, -0.011134, 0.001818, 
tee--- net a: -0.041103, 0.146533, -0.021208, -0.010931, 0.002363, 
tee--- net 0: -0.108025, -0.099457, 0.082892, 0.058395, -0.047789, 
tee--- net 1: -0.105676, -0.098997, 0.082787, 0.065463, -0.047054, 
tee--- net 1: -0.105676, -0.098997, 0.082786, 0.065466, -0.047051, 
tee--- net a: -0.106459, -0.099150, 0.082822, 0.063108, -0.047298, 
tee--- net 0: -0.216601, 0.478575, -0.185027, -0.195764, -0.072190, 
tee--- net 1: -0.203030, 0.431621, -0.150278, -0.169773, -0.043154, 
tee--- net 1: -0.203040, 0.431632, -0.150296, -0.169724, -0.043180, 
tee--- net a: -0.207557, 0.447276, -0.161867, -0.178420, -0.052841, 
tee--- net 0: -0.083666, -0.157656, 0.126833, 0.035363, 0.041194, 
tee--- net 1: -0.075539, -0.156638, 0.106680, 0.057428, 0.037119, 
tee--- net 1: -0.075579, -0.156643, 0.106632, 0.057402, 0.037160, 
load weights of p-3: ./results/mnist//proj1/mnist_lenet_c0.weights
Aggregating layer 0 ... in OS: biases finished...
net 0: -0.087906, 0.227924, -0.027336, 0.009344, -0.059521, 
net 1: -0.091702, 0.222703, -0.033700, 0.003815, -0.063566, 
net 2: -0.091693, 0.222715, -0.033686, 0.003830, -0.063545, 
net a: -0.090434, 0.224447, -0.031574, 0.005663, -0.062211,  weights finished
Aggregating layer 2 ... in OS: biases finished...
net 0: -0.084881, -0.155983, -0.006205, -0.059000, -0.022518, 
net 1: -0.084014, -0.154082, -0.003493, -0.058361, -0.022302, 
net 2: -0.084015, -0.154083, -0.003488, -0.058358, -0.022302, 
net a: -0.084303, -0.154716, -0.004396, -0.058573, -0.022374,  weights finished
Aggregating layer 4 ... in OS: biases finished...
net 0: -0.051792, 0.045332, 0.070693, -0.042929, -0.030456, 
net 1: -0.052887, 0.043281, 0.072828, -0.040258, -0.030625, 
net 2: -0.052887, 0.043280, 0.072824, -0.040259, -0.030625, 
net a: -0.052522, 0.043964, 0.072115, -0.041149, -0.030568,  weights finished
Aggregating layer 6 ... inside SGX: biases finished...
net 0: -922382856200087960589695782486016.000000, -210685.765625, 5090304000.000000, 0.000000, 0.000000, 
net 1: 776565589487653196664259215360.000000, 57.773087, -834707970087654075849871720448.000000, -1234459.250000, 1652822590612101248981947171307782144.000000, 
net 2: 8744472719756292575939526656.000000, -35692499435520.000000, -0.000000, 0.000000, 3614222580450465018715569806901248.000000, 
net a: -0.000000, -152424276611796303872.000000, -4212104801195917312.000000, 107121936189491257540608.000000, 84826947584.000000,  weights finished
Aggregating layer 8 ... inside SGX: biases finished...
net 0: -7499.918945, -0.000000, -0.000086, 25576314104730963494680917933293568.000000, -5.344988, 
net 1: 0.000000, 0.000000, 0.000000, -nan, -0.000000, 
net 2: -1759420199469056.000000, 6853718870323101696.000000, 0.018090, 0.002608, -78702293949831422511482404864.000000, 
net a: 0.000000, 32854.828125, -0.000000, -0.000000, -0.000000,  weights finished

21:48:24 INFO  [uk.ac.ic.do.fl.se.im.TaskService] (vert.x-worker-thread-2) Number of participants: 3
load weights of p-1: ./results/mnist//proj1/mnist_lenet_c1.weights
load weights of p-2: ./results/mnist//proj1/mnist_lenet_c2.weights

tee--- net 0: -0.042555, 0.157210, -0.019481, -0.010323, 0.004250, 
tee--- net 1: -0.041105, 0.146558, -0.021199, -0.010929, 0.002377, 
tee--- net 1: -0.041104, 0.146546, -0.021187, -0.010928, 0.002365, 
tee--- net a: -0.041588, 0.150105, -0.020622, -0.010727, 0.002997, 
tee--- net 0: -0.106616, -0.099266, 0.082765, 0.058564, -0.048005, 
tee--- net 1: -0.106459, -0.099151, 0.082822, 0.063102, -0.047297, 
tee--- net 1: -0.106461, -0.099150, 0.082822, 0.063101, -0.047299, 
tee--- net a: -0.106512, -0.099189, 0.082803, 0.061589, -0.047534, 
tee--- net 0: -0.215408, 0.474647, -0.186390, -0.192502, -0.072266, 
tee--- net 1: -0.207559, 0.447308, -0.161883, -0.178450, -0.052869, 
tee--- net 1: -0.207568, 0.447317, -0.161888, -0.178433, -0.052877, 
tee--- net a: -0.210178, 0.456424, -0.170054, -0.183128, -0.059337, 
tee--- net 0: -0.084227, -0.158435, 0.118842, 0.038968, 0.041304, 
tee--- net 1: -0.078277, -0.156983, 0.113386, 0.050045, 0.038497, 
tee--- net 1: -0.078260, -0.156983, 0.113394, 0.050055, 0.038509, 
load weights of p-3: ./results/mnist//proj1/mnist_lenet_c0.weights
Aggregating layer 0 ... in OS: biases finished...
net 0: -0.088059, 0.227925, -0.027112, 0.010519, -0.058285, 
net 1: -0.090421, 0.224463, -0.031556, 0.005681, -0.062199, 
net 2: -0.090424, 0.224465, -0.031554, 0.005679, -0.062197, 
net a: -0.089635, 0.225618, -0.030074, 0.007293, -0.060894,  weights finished
Aggregating layer 2 ... in OS: biases finished...
net 0: -0.084610, -0.155714, -0.006400, -0.059661, -0.022394, 
net 1: -0.084305, -0.154720, -0.004399, -0.058574, -0.022374, 
net 2: -0.084306, -0.154718, -0.004396, -0.058573, -0.022375, 
net a: -0.084407, -0.155051, -0.005065, -0.058936, -0.022381,  weights finished
Aggregating layer 4 ... in OS: biases finished...
net 0: -0.051849, 0.044866, 0.070682, -0.042904, -0.029705, 
net 1: -0.052521, 0.043966, 0.072114, -0.041151, -0.030567, 
net 2: -0.052520, 0.043966, 0.072116, -0.041152, -0.030569, 
net a: -0.052297, 0.044266, 0.071637, -0.041736, -0.030280,  weights finished
Aggregating layer 6 ... inside SGX: biases finished...
net 0: 0.000000, -0.000000, -144758827978845763790397815914496.000000, 0.000000, 0.000000, 
net 1: -0.000000, -75155624725195727568896.000000, 0.000000, -2357021038428911019368362691178528768.000000, -64957.738281, 
net 2: -0.000000, 0.000000, 44690300.000000, 335670003063811170034461442048.000000, 0.000000, 
net a: 0.000000, -19.252771, 0.000000, 0.000000, -0.000000,  weights finished
Aggregating layer 8 ... inside SGX: biases finished...
net 0: 0.000000, -0.000000, -0.000000, -0.000060, 636.915527, 
net 1: 210595423482544128.000000, -0.000000, 26671769600.000000, 0.000000, 155702558720.000000, 
net 2: -15753666263332683776.000000, 113.853798, 0.000000, 0.000000, -0.000000, 
net a: -0.000000, -0.000000, 0.000000, -852261701943296.000000, -0.000000,  weights finished

21:57:54 INFO  [uk.ac.ic.do.fl.se.im.TaskService] (vert.x-worker-thread-2) Number of participants: 3
load weights of p-1: ./results/mnist//proj1/mnist_lenet_c1.weights
load weights of p-2: ./results/mnist//proj1/mnist_lenet_c2.weights

tee--- net 0: -0.042158, 0.157348, -0.020929, -0.009845, 0.002467, 
tee--- net 1: -0.041585, 0.150117, -0.020618, -0.010727, 0.003000, 
tee--- net 1: -0.041588, 0.150115, -0.020619, -0.010727, 0.003002, 
tee--- net a: -0.041777, 0.152527, -0.020722, -0.010433, 0.002823, 
tee--- net 0: -0.106494, -0.099615, 0.082739, 0.060180, -0.047958, 
tee--- net 1: -0.106513, -0.099189, 0.082803, 0.061584, -0.047534, 
tee--- net 1: -0.106512, -0.099190, 0.082803, 0.061589, -0.047535, 
tee--- net a: -0.106507, -0.099331, 0.082782, 0.061118, -0.047675, 
tee--- net 0: -0.215042, 0.475026, -0.185513, -0.195339, -0.070603, 
tee--- net 1: -0.210186, 0.456439, -0.170070, -0.183143, -0.059372, 
tee--- net 1: -0.210190, 0.456435, -0.170064, -0.183147, -0.059354, 
tee--- net a: -0.211806, 0.462634, -0.175215, -0.187209, -0.063110, 
tee--- net 0: -0.084142, -0.158587, 0.116849, 0.038282, 0.042995, 
tee--- net 1: -0.080257, -0.157467, 0.115217, 0.046359, 0.039437, 
tee--- net 1: -0.080263, -0.157466, 0.115202, 0.046338, 0.039443, 
load weights of p-3: ./results/mnist//proj1/mnist_lenet_c0.weights
Aggregating layer 0 ... in OS: biases finished...
net 0: -0.089058, 0.227198, -0.028135, 0.009245, -0.059803, 
net 1: -0.089625, 0.225630, -0.030062, 0.007302, -0.060886, 
net 2: -0.089630, 0.225624, -0.030065, 0.007302, -0.060888, 
net a: -0.089437, 0.226151, -0.029421, 0.007950, -0.060526,  weights finished
Aggregating layer 2 ... in OS: biases finished...
net 0: -0.084662, -0.155565, -0.006323, -0.059445, -0.022391, 
net 1: -0.084407, -0.155051, -0.005067, -0.058936, -0.022381, 
net 2: -0.084409, -0.155051, -0.005067, -0.058937, -0.022381, 
net a: -0.084492, -0.155223, -0.005486, -0.059106, -0.022384,  weights finished
Aggregating layer 4 ... in OS: biases finished...
net 0: -0.051857, 0.045029, 0.070637, -0.042806, -0.029636, 
net 1: -0.052295, 0.044268, 0.071637, -0.041736, -0.030280, 
net 2: -0.052296, 0.044268, 0.071638, -0.041734, -0.030277, 
net a: -0.052150, 0.044522, 0.071304, -0.042092, -0.030064,  weights finished
Aggregating layer 6 ... inside SGX: biases finished...
net 0: -253233912253732150575104.000000, -9030771684528881664.000000, 61.916645, -249.352783, -0.003325, 
net 1: -8748410035253308030976.000000, 59216462161641472.000000, 0.000000, -0.000000, -0.000000, 
net 2: 0.000000, 346191210774760783872.000000, -0.000000, -62905298043858926042758512640.000000, 0.000000, 
net a: -0.000000, -0.000000, -0.927699, 0.000003, -0.000000,  weights finished
Aggregating layer 8 ... inside SGX: biases finished...
net 0: 0.000002, 2879493563864575164352120750080.000000, -0.000000, -0.000000, 581872283629162870070324150403072.000000, 
net 1: -0.000000, -376574744708527748373469596745728.000000, 0.000000, 0.000000, 8924587191683907959143381598208.000000, 
net 2: -4725.146973, 0.000000, 0.000000, -0.000000, 0.000000, 
net a: -10.025920, 0.000000, 2693368631202414592.000000, 27893559877173248.000000, 0.001425,  weights finished

22:07:22 INFO  [uk.ac.ic.do.fl.se.im.TaskService] (vert.x-worker-thread-2) Number of participants: 3
load weights of p-1: ./results/mnist//proj1/mnist_lenet_c1.weights
load weights of p-2: ./results/mnist//proj1/mnist_lenet_c2.weights

tee--- net 0: -0.042479, 0.158051, -0.020422, -0.009674, 0.003842, 
tee--- net 1: -0.041777, 0.152530, -0.020718, -0.010431, 0.002827, 
tee--- net 1: -0.041778, 0.152533, -0.020720, -0.010431, 0.002825, 
tee--- net a: -0.042011, 0.154371, -0.020620, -0.010179, 0.003165, 
tee--- net 0: -0.106307, -0.099561, 0.082706, 0.058304, -0.048124, 
tee--- net 1: -0.106508, -0.099332, 0.082782, 0.061113, -0.047676, 
tee--- net 1: -0.106507, -0.099331, 0.082782, 0.061115, -0.047676, 
tee--- net a: -0.106440, -0.099408, 0.082756, 0.060177, -0.047825, 
tee--- net 0: -0.214266, 0.474290, -0.186589, -0.195564, -0.070329, 
tee--- net 1: -0.211803, 0.462644, -0.175221, -0.187224, -0.063120, 
tee--- net 1: -0.211813, 0.462647, -0.175228, -0.187218, -0.063117, 
tee--- net a: -0.212628, 0.466527, -0.179012, -0.190002, -0.065522, 
tee--- net 0: -0.084653, -0.158870, 0.117152, 0.040489, 0.043881, 
tee--- net 1: -0.081551, -0.157838, 0.115767, 0.043654, 0.040627, 
tee--- net 1: -0.081557, -0.157843, 0.115749, 0.043651, 0.040631, 
load weights of p-3: ./results/mnist//proj1/mnist_lenet_c0.weights
Aggregating layer 0 ... in OS: biases finished...
net 0: -0.088242, 0.227512, -0.027802, 0.009647, -0.059113, 
net 1: -0.089436, 0.226153, -0.029417, 0.007954, -0.060522, 
net 2: -0.089432, 0.226158, -0.029414, 0.007956, -0.060519, 
net a: -0.089037, 0.226607, -0.028878, 0.008519, -0.060051,  weights finished
Aggregating layer 2 ... in OS: biases finished...
net 0: -0.084527, -0.155531, -0.006109, -0.059487, -0.022471, 
net 1: -0.084493, -0.155224, -0.005487, -0.059106, -0.022384, 
net 2: -0.084493, -0.155223, -0.005486, -0.059107, -0.022385, 
net a: -0.084504, -0.155326, -0.005694, -0.059233, -0.022413,  weights finished
Aggregating layer 4 ... in OS: biases finished...
net 0: -0.051748, 0.045051, 0.070496, -0.042953, -0.029645, 
net 1: -0.052150, 0.044523, 0.071303, -0.042093, -0.030064, 
net 2: -0.052150, 0.044523, 0.071304, -0.042094, -0.030065, 
net a: -0.052016, 0.044699, 0.071034, -0.042380, -0.029925,  weights finished
Aggregating layer 6 ... inside SGX: biases finished...
net 0: -30161694720.000000, 8469403726566291122826510336.000000, 0.000000, 15830109139238912.000000, 0.096290, 
net 1: -0.000000, 0.000000, -0.000000, -0.000000, 0.000000, 
net 2: -0.000045, -0.172218, 44229439488.000000, 0.000007, -0.000000, 
net a: -2390145457952517164152369063133184.000000, 65056.328125, 431035166752768.000000, -240.285492, -0.000000,  weights finished
Aggregating layer 8 ... inside SGX: biases finished...
net 0: 3804599644495869911404380160.000000, -0.000000, -0.000000, -0.000003, 0.000000, 
net 1: 11.248390, 4003145204813081275664126095661203456.000000, 6781321216.000000, -3096163783092659912966144.000000, 136196192321634995519004007718715392.000000, 
net 2: 0.000000, -1676569330849851641831509725366190080.000000, 0.000000, 4300524178374656.000000, -0.000000, 
net a: -88722671877803212800.000000, 33.358624, 0.000000, -0.000000, 52295296383323904398304723490308096.000000,  weights finished

22:16:53 INFO  [uk.ac.ic.do.fl.se.im.TaskService] (vert.x-worker-thread-2) Number of participants: 3
load weights of p-1: ./results/mnist//proj1/mnist_lenet_c1.weights
load weights of p-2: ./results/mnist//proj1/mnist_lenet_c2.weights

tee--- net 0: -0.042453, 0.158465, -0.019861, -0.010254, 0.003291, 
tee--- net 1: -0.042010, 0.154376, -0.020618, -0.010179, 0.003167, 
tee--- net 1: -0.042011, 0.154374, -0.020618, -0.010180, 0.003166, 
tee--- net a: -0.042158, 0.155738, -0.020366, -0.010204, 0.003208, 
tee--- net 0: -0.106530, -0.099855, 0.082755, 0.058896, -0.048406, 
tee--- net 1: -0.106440, -0.099408, 0.082756, 0.060176, -0.047825, 
tee--- net 1: -0.106440, -0.099409, 0.082756, 0.060175, -0.047825, 
tee--- net a: -0.106470, -0.099557, 0.082756, 0.059749, -0.048019, 
tee--- net 0: -0.215468, 0.475406, -0.188470, -0.195562, -0.071775, 
tee--- net 1: -0.212630, 0.466536, -0.179019, -0.190013, -0.065526, 
tee--- net 1: -0.212630, 0.466535, -0.179018, -0.190008, -0.065529, 
tee--- net a: -0.213576, 0.469492, -0.182169, -0.191861, -0.067610, 
tee--- net 0: -0.085547, -0.158495, 0.118166, 0.039364, 0.043616, 
tee--- net 1: -0.082590, -0.158185, 0.116225, 0.042590, 0.041714, 
tee--- net 1: -0.082582, -0.158185, 0.116232, 0.042591, 0.041713, 
load weights of p-3: ./results/mnist//proj1/mnist_lenet_c0.weights
Aggregating layer 0 ... in OS: biases finished...
net 0: -0.088122, 0.227689, -0.028010, 0.009299, -0.059585, 
net 1: -0.089037, 0.226608, -0.028875, 0.008522, -0.060049, 
net 2: -0.089035, 0.226611, -0.028874, 0.008523, -0.060049, 
net a: -0.088731, 0.226969, -0.028587, 0.008781, -0.059894,  weights finished
Aggregating layer 2 ... in OS: biases finished...
net 0: -0.084729, -0.155584, -0.005940, -0.059232, -0.022418, 
net 1: -0.084505, -0.155326, -0.005695, -0.059234, -0.022413, 
net 2: -0.084504, -0.155327, -0.005696, -0.059233, -0.022413, 
net a: -0.084579, -0.155412, -0.005777, -0.059233, -0.022415,  weights finished
Aggregating layer 4 ... in OS: biases finished...
net 0: -0.051617, 0.045481, 0.070689, -0.043030, -0.029726, 
net 1: -0.052015, 0.044699, 0.071034, -0.042380, -0.029924, 
net 2: -0.052016, 0.044698, 0.071033, -0.042381, -0.029925, 
net a: -0.051883, 0.044960, 0.070919, -0.042597, -0.029858,  weights finished
Aggregating layer 6 ... inside SGX: biases finished...
net 0: -202.304550, 21986847752192.000000, -0.000000, 0.000000, 17221774870669426688.000000, 
net 1: 0.000000, 216730492207104.000000, 13580023.000000, 0.000000, 1069938573312.000000, 
net 2: -116327612416.000000, 886422328311808.000000, 0.000000, 0.000000, -0.000000, 
net a: -1150.508911, -0.000000, 0.000001, nan, -0.000000,  weights finished
Aggregating layer 8 ... inside SGX: biases finished...
net 0: 1774.485107, 1552737467570847744.000000, 7565932494848.000000, 4389730.000000, 220495006754413822133745766841188352.000000, 
net 1: -0.000000, -0.000000, -3374438940672.000000, 34232078336.000000, 4341460233779091937138471485573169152.000000, 
net 2: 483.313293, 19408.687500, 219175032973164544.000000, -6084113408.000000, 0.000000, 
net a: 321867906394554300930461626147440427008.000000, -0.333216, -17155612491923917956380271186009915392.000000, 0.007940, 0.467292,  weights finished

22:26:19 INFO  [uk.ac.ic.do.fl.se.im.TaskService] (vert.x-worker-thread-2) Number of participants: 3
load weights of p-1: ./results/mnist//proj1/mnist_lenet_c1.weights
load weights of p-2: ./results/mnist//proj1/mnist_lenet_c2.weights

tee--- net 0: -0.042547, 0.158703, -0.020293, -0.009598, 0.002938, 
tee--- net 1: -0.042157, 0.155741, -0.020365, -0.010202, 0.003209, 
tee--- net 1: -0.042158, 0.155742, -0.020366, -0.010205, 0.003209, 
tee--- net a: -0.042287, 0.156729, -0.020341, -0.010001, 0.003119, 
tee--- net 0: -0.106685, -0.099752, 0.082754, 0.058343, -0.048154, 
tee--- net 1: -0.106470, -0.099558, 0.082756, 0.059748, -0.048019, 
tee--- net 1: -0.106470, -0.099557, 0.082756, 0.059747, -0.048019, 
tee--- net a: -0.106542, -0.099622, 0.082755, 0.059279, -0.048064, 
tee--- net 0: -0.215137, 0.477373, -0.189077, -0.196765, -0.073362, 
tee--- net 1: -0.213581, 0.469497, -0.182179, -0.191866, -0.067619, 
tee--- net 1: -0.213577, 0.469497, -0.182175, -0.191866, -0.067617, 
tee--- net a: -0.214098, 0.472123, -0.184477, -0.193499, -0.069532, 
tee--- net 0: -0.084947, -0.158648, 0.119447, 0.039963, 0.043083, 
tee--- net 1: -0.083577, -0.158289, 0.116876, 0.041512, 0.042347, 
tee--- net 1: -0.083575, -0.158288, 0.116875, 0.041511, 0.042345, 
load weights of p-3: ./results/mnist//proj1/mnist_lenet_c0.weights
Aggregating layer 0 ... in OS: biases finished...
net 0: -0.088328, 0.227602, -0.027650, 0.009927, -0.059087, 
net 1: -0.088731, 0.226970, -0.028587, 0.008782, -0.059894, 
net 2: -0.088731, 0.226970, -0.028585, 0.008784, -0.059893, 
net a: -0.088597, 0.227181, -0.028274, 0.009164, -0.059625,  weights finished
Aggregating layer 2 ... in OS: biases finished...
net 0: -0.084602, -0.155435, -0.006073, -0.059411, -0.022440, 
net 1: -0.084579, -0.155412, -0.005777, -0.059233, -0.022415, 
net 2: -0.084579, -0.155413, -0.005778, -0.059233, -0.022415, 
net a: -0.084587, -0.155420, -0.005876, -0.059292, -0.022423,  weights finished
Aggregating layer 4 ... in OS: biases finished...
net 0: -0.051676, 0.045468, 0.070578, -0.043204, -0.029542, 
net 1: -0.051883, 0.044961, 0.070919, -0.042598, -0.029858, 
net 2: -0.051883, 0.044960, 0.070917, -0.042598, -0.029859, 
net a: -0.051814, 0.045129, 0.070805, -0.042800, -0.029753,  weights finished
Aggregating layer 6 ... inside SGX: biases finished...
net 0: -0.000000, -33097083403917852672.000000, 0.000000, 2392210014208.000000, 409.230194, 
net 1: 264662896.000000, -327216594944.000000, 0.000000, -0.000000, -62.128937, 
net 2: -0.000000, -0.000000, 0.000000, -0.000000, -0.000000, 
net a: -2676354304.000000, -395.537445, 0.000000, -0.000000, 0.000000,  weights finished
Aggregating layer 8 ... inside SGX: biases finished...
net 0: 31020836294510030212701011226656768.000000, 16912117846697222625534385586176000.000000, -0.000000, 93219635200.000000, -0.000000, 
net 1: -76086671048704.000000, -454281.281250, 142735239410345836544.000000, -36324.511719, -0.000000, 
net 2: -2957641473618608128.000000, 0.000000, 0.934856, 14298594757895364966088704.000000, -455238055674158809415541587968.000000, 
net a: -557418125704017477632.000000, 31346570.000000, -0.000000, 0.000000, 0.000000,  weights finished

22:35:53 INFO  [uk.ac.ic.do.fl.se.im.TaskService] (vert.x-worker-thread-2) Number of participants: 3
load weights of p-1: ./results/mnist//proj1/mnist_lenet_c1.weights
load weights of p-2: ./results/mnist//proj1/mnist_lenet_c2.weights

tee--- net 0: -0.042886, 0.158759, -0.020271, -0.009593, 0.003458, 
tee--- net 1: -0.042288, 0.156732, -0.020341, -0.010002, 0.003119, 
tee--- net 1: -0.042288, 0.156729, -0.020341, -0.009999, 0.003119, 
tee--- net a: -0.042487, 0.157406, -0.020318, -0.009865, 0.003232, 
tee--- net 0: -0.106587, -0.099813, 0.082763, 0.057882, -0.048079, 
tee--- net 1: -0.106542, -0.099622, 0.082755, 0.059279, -0.048064, 
tee--- net 1: -0.106543, -0.099623, 0.082755, 0.059278, -0.048063, 
tee--- net a: -0.106557, -0.099686, 0.082758, 0.058813, -0.048069, 
tee--- net 0: -0.215507, 0.476779, -0.189234, -0.196688, -0.074017, 
tee--- net 1: -0.214100, 0.472126, -0.184481, -0.193500, -0.069539, 
tee--- net 1: -0.214100, 0.472127, -0.184483, -0.193499, -0.069538, 
tee--- net a: -0.214569, 0.473677, -0.186066, -0.194562, -0.071031, 
tee--- net 0: -0.085420, -0.158549, 0.117280, 0.038995, 0.043697, 
tee--- net 1: -0.084035, -0.158410, 0.117734, 0.040994, 0.042602, 
tee--- net 1: -0.084034, -0.158408, 0.117730, 0.040990, 0.042596, 
load weights of p-3: ./results/mnist//proj1/mnist_lenet_c0.weights
Aggregating layer 0 ... in OS: biases finished...
net 0: -0.088596, 0.227622, -0.027550, 0.010132, -0.058928, 
net 1: -0.088595, 0.227182, -0.028272, 0.009167, -0.059622, 
net 2: -0.088595, 0.227183, -0.028272, 0.009166, -0.059622, 
net a: -0.088596, 0.227329, -0.028031, 0.009488, -0.059391,  weights finished
Aggregating layer 2 ... in OS: biases finished...
net 0: -0.084599, -0.155465, -0.005960, -0.059369, -0.022478, 
net 1: -0.084587, -0.155420, -0.005876, -0.059293, -0.022423, 
net 2: -0.084587, -0.155420, -0.005876, -0.059292, -0.022424, 
net a: -0.084591, -0.155435, -0.005904, -0.059318, -0.022442,  weights finished
Aggregating layer 4 ... in OS: biases finished...
net 0: -0.051584, 0.045644, 0.070612, -0.043230, -0.029481, 
net 1: -0.051813, 0.045130, 0.070805, -0.042800, -0.029753, 
net 2: -0.051814, 0.045130, 0.070805, -0.042800, -0.029752, 
net a: -0.051737, 0.045301, 0.070740, -0.042943, -0.029662,  weights finished
Aggregating layer 6 ... inside SGX: biases finished...
net 0: -0.000000, 138.316284, 0.000000, -5215477.500000, 201.576172, 
net 1: 327694597251661824.000000, -106327040511054970880.000000, 217215753107948421200748982736781312.000000, 2997967363313927720208861474324480.000000, 3310008576.000000, 
net 2: -612005904943654371328.000000, -0.000000, 0.000000, 0.000000, -0.000000, 
net a: -798874675914430397052623856731160576.000000, -0.000000, 9154275977386262528.000000, -0.000000, -0.000000,  weights finished
Aggregating layer 8 ... inside SGX: biases finished...
net 0: -11632697730400256.000000, -44990793644245042331648.000000, -0.000000, -21445572745290607425874099699712.000000, -44629688.000000, 
net 1: -58396861352206401536.000000, 0.000000, 4.353389, 0.000000, 279159985764699209728.000000, 
net 2: -0.001104, -0.000000, 1877900839521787838464.000000, 0.000000, -0.000000, 
net a: 16177702228850915672064.000000, 37899.726562, -0.000000, -1578748800.000000, 1474846538072064.000000,  weights finished

